02:53:03 | INFO | GET http://localhost:7777/
02:53:03 | INFO | Params: 
02:53:03 | INFO | Headers:
02:53:03 | INFO | 	host: localhost:7777
02:53:03 | INFO | 	connection: close
02:53:03 | INFO | 	user-agent: Expanse, a Palo Alto Networks company, searches across the global IPv4 space multiple times per day to identify customers&#39; presences on the Internet. If you would like to be excluded from our scans, please send IP addresses/domains to: scaninfo@paloaltonetworks.com
02:53:03 | INFO | Request:
02:53:03 | INFO | 	type : http
02:53:03 | INFO | 	asgi : {'version': '3.0', 'spec_version': '2.3'}
02:53:03 | INFO | 	http_version : 1.0
02:53:03 | INFO | 	server : ('192.168.64.2', 7777)
02:53:03 | INFO | 	client : ('192.168.64.1', 47628)
02:53:03 | INFO | 	scheme : http
02:53:03 | INFO | 	method : GET
02:53:03 | INFO | 	root_path : 
02:53:03 | INFO | 	path : /
02:53:03 | INFO | 	raw_path : b'/'
02:53:03 | INFO | 	query_string : b''
02:53:03 | INFO | 	app : <fastapi.applications.FastAPI object at 0x7f2c46c6a2f0>
02:53:03 | INFO | Response Body=307
02:53:03 | INFO | GET http://localhost:7777/login
02:53:03 | INFO | Params: 
02:53:03 | INFO | Headers:
02:53:03 | INFO | 	host: localhost:7777
02:53:03 | INFO | 	connection: close
02:53:03 | INFO | 	user-agent: Expanse, a Palo Alto Networks company, searches across the global IPv4 space multiple times per day to identify customers&#39; presences on the Internet. If you would like to be excluded from our scans, please send IP addresses/domains to: scaninfo@paloaltonetworks.com
02:53:03 | INFO | Request:
02:53:03 | INFO | 	type : http
02:53:03 | INFO | 	asgi : {'version': '3.0', 'spec_version': '2.3'}
02:53:03 | INFO | 	http_version : 1.0
02:53:03 | INFO | 	server : ('192.168.64.2', 7777)
02:53:03 | INFO | 	client : ('192.168.64.1', 47640)
02:53:03 | INFO | 	scheme : http
02:53:03 | INFO | 	method : GET
02:53:03 | INFO | 	root_path : 
02:53:03 | INFO | 	path : /login
02:53:03 | INFO | 	raw_path : b'/login'
02:53:03 | INFO | 	query_string : b''
02:53:03 | INFO | 	app : <fastapi.applications.FastAPI object at 0x7f2c46c6a2f0>
02:53:03 | INFO | Response Body=200
03:30:11 | INFO | GET http://localhost:7777/
03:30:11 | INFO | Params: 
03:30:11 | INFO | Headers:
03:30:11 | INFO | 	host: localhost:7777
03:30:11 | INFO | 	connection: close
03:30:11 | INFO | 	user-agent: Mozilla/5.0 (Windows NT 10.0; Win64; x64; rv:79.0) Gecko/20100101 Firefox/79.0
03:30:11 | INFO | 	accept-language: zh-CN,zh;q=0.8,en-US;q=0.5,en;q=0.3
03:30:11 | INFO | 	accept-charset: GBK,utf-8;q=0.7,*;q=0.3
03:30:11 | INFO | 	accept: text/html,application/xhtml+xml,application/xml;q=0.9,image/avif,image/webp,image/apng,*/*;q=0.8,application/signed-exchange;v=b3;q=0.9
03:30:11 | INFO | Request:
03:30:11 | INFO | 	type : http
03:30:11 | INFO | 	asgi : {'version': '3.0', 'spec_version': '2.3'}
03:30:11 | INFO | 	http_version : 1.0
03:30:11 | INFO | 	server : ('192.168.64.2', 7777)
03:30:11 | INFO | 	client : ('192.168.64.1', 44720)
03:30:11 | INFO | 	scheme : http
03:30:11 | INFO | 	method : GET
03:30:11 | INFO | 	root_path : 
03:30:11 | INFO | 	path : /
03:30:11 | INFO | 	raw_path : b'/'
03:30:11 | INFO | 	query_string : b''
03:30:11 | INFO | 	app : <fastapi.applications.FastAPI object at 0x7f2c46c6a2f0>
03:30:11 | INFO | Response Body=307
03:30:18 | INFO | GET http://localhost:7777/login
03:30:18 | INFO | Params: 
03:30:18 | INFO | Headers:
03:30:18 | INFO | 	host: localhost:7777
03:30:18 | INFO | 	connection: close
03:30:18 | INFO | 	user-agent: Mozilla/5.0 (Windows NT 10.0; Win64; x64; rv:79.0) Gecko/20100101 Firefox/79.0
03:30:18 | INFO | 	accept-language: zh-CN,zh;q=0.8,en-US;q=0.5,en;q=0.3
03:30:18 | INFO | 	accept-charset: GBK,utf-8;q=0.7,*;q=0.3
03:30:18 | INFO | 	accept: text/html,application/xhtml+xml,application/xml;q=0.9,image/avif,image/webp,image/apng,*/*;q=0.8,application/signed-exchange;v=b3;q=0.9
03:30:18 | INFO | Request:
03:30:18 | INFO | 	type : http
03:30:18 | INFO | 	asgi : {'version': '3.0', 'spec_version': '2.3'}
03:30:18 | INFO | 	http_version : 1.0
03:30:18 | INFO | 	server : ('192.168.64.2', 7777)
03:30:18 | INFO | 	client : ('192.168.64.1', 44726)
03:30:18 | INFO | 	scheme : http
03:30:18 | INFO | 	method : GET
03:30:18 | INFO | 	root_path : 
03:30:18 | INFO | 	path : /login
03:30:18 | INFO | 	raw_path : b'/login'
03:30:18 | INFO | 	query_string : b''
03:30:18 | INFO | 	app : <fastapi.applications.FastAPI object at 0x7f2c46c6a2f0>
03:30:18 | INFO | Response Body=200
03:30:24 | INFO | GET http://localhost:7777/favicon.ico
03:30:24 | INFO | Params: 
03:30:24 | INFO | Headers:
03:30:24 | INFO | 	host: localhost:7777
03:30:24 | INFO | 	connection: close
03:30:24 | INFO | 	user-agent: Mozilla/5.0 (Windows NT 10.0; Win64; x64; rv:79.0) Gecko/20100101 Firefox/79.0
03:30:24 | INFO | 	accept-language: zh-CN,zh;q=0.8,en-US;q=0.5,en;q=0.3
03:30:24 | INFO | 	accept-charset: GBK,utf-8;q=0.7,*;q=0.3
03:30:24 | INFO | 	accept: text/html,application/xhtml+xml,application/xml;q=0.9,image/avif,image/webp,image/apng,*/*;q=0.8,application/signed-exchange;v=b3;q=0.9
03:30:24 | INFO | Request:
03:30:24 | INFO | 	type : http
03:30:24 | INFO | 	asgi : {'version': '3.0', 'spec_version': '2.3'}
03:30:24 | INFO | 	http_version : 1.0
03:30:24 | INFO | 	server : ('192.168.64.2', 7777)
03:30:24 | INFO | 	client : ('192.168.64.1', 36328)
03:30:24 | INFO | 	scheme : http
03:30:24 | INFO | 	method : GET
03:30:24 | INFO | 	root_path : 
03:30:24 | INFO | 	path : /favicon.ico
03:30:24 | INFO | 	raw_path : b'/favicon.ico'
03:30:24 | INFO | 	query_string : b''
03:30:24 | INFO | 	app : <fastapi.applications.FastAPI object at 0x7f2c46c6a2f0>
03:30:24 | INFO | Response Body=404
04:41:21 | INFO | GET http://46.229.212.89:7777/
04:41:21 | INFO | Params: 
04:41:21 | INFO | Headers:
04:41:21 | INFO | 	host: 46.229.212.89:7777
04:41:21 | INFO | 	user-agent: Mozilla/5.0 (Macintosh; Intel Mac OS X 10_15_7) AppleWebKit/537.36 (KHTML, like Gecko) Chrome/96.0.4664.110 Safari/537.36
04:41:21 | INFO | 	accept: text/html,application/xhtml+xml,application/xml;q=0.9,image/avif,image/webp,image/apng,*/*;q=0.8,application/signed-exchange;v=b3;q=0.9
04:41:21 | INFO | 	accept-language: en;q=0.9
04:41:21 | INFO | 	cache-control: max-age=0
04:41:21 | INFO | 	connection: keep-alive
04:41:21 | INFO | 	dnt: 1
04:41:21 | INFO | 	sec-gpc: 1
04:41:21 | INFO | 	upgrade-insecure-requests: 1
04:41:21 | INFO | 	accept-encoding: gzip
04:41:21 | INFO | Request:
04:41:21 | INFO | 	type : http
04:41:21 | INFO | 	asgi : {'version': '3.0', 'spec_version': '2.3'}
04:41:21 | INFO | 	http_version : 1.1
04:41:21 | INFO | 	server : ('192.168.64.2', 7777)
04:41:21 | INFO | 	client : ('209.141.33.65', 11682)
04:41:21 | INFO | 	scheme : http
04:41:21 | INFO | 	method : GET
04:41:21 | INFO | 	root_path : 
04:41:21 | INFO | 	path : /
04:41:21 | INFO | 	raw_path : b'/'
04:41:21 | INFO | 	query_string : b''
04:41:21 | INFO | 	app : <fastapi.applications.FastAPI object at 0x7f2c46c6a2f0>
04:41:21 | INFO | Response Body=307
04:41:21 | INFO | GET http://46.229.212.89:7777/login
04:41:21 | INFO | Params: 
04:41:21 | INFO | Headers:
04:41:21 | INFO | 	host: 46.229.212.89:7777
04:41:21 | INFO | 	user-agent: Mozilla/5.0 (Macintosh; Intel Mac OS X 10_15_7) AppleWebKit/537.36 (KHTML, like Gecko) Chrome/96.0.4664.110 Safari/537.36
04:41:21 | INFO | 	accept: text/html,application/xhtml+xml,application/xml;q=0.9,image/avif,image/webp,image/apng,*/*;q=0.8,application/signed-exchange;v=b3;q=0.9
04:41:21 | INFO | 	accept-language: en;q=0.9
04:41:21 | INFO | 	cache-control: max-age=0
04:41:21 | INFO | 	connection: keep-alive
04:41:21 | INFO | 	dnt: 1
04:41:21 | INFO | 	referer: http://46.229.212.89:7777
04:41:21 | INFO | 	sec-gpc: 1
04:41:21 | INFO | 	upgrade-insecure-requests: 1
04:41:21 | INFO | 	accept-encoding: gzip
04:41:21 | INFO | Request:
04:41:21 | INFO | 	type : http
04:41:21 | INFO | 	asgi : {'version': '3.0', 'spec_version': '2.3'}
04:41:21 | INFO | 	http_version : 1.1
04:41:21 | INFO | 	server : ('192.168.64.2', 7777)
04:41:21 | INFO | 	client : ('209.141.33.65', 11682)
04:41:21 | INFO | 	scheme : http
04:41:21 | INFO | 	method : GET
04:41:21 | INFO | 	root_path : 
04:41:21 | INFO | 	path : /login
04:41:21 | INFO | 	raw_path : b'/login'
04:41:21 | INFO | 	query_string : b''
04:41:21 | INFO | 	app : <fastapi.applications.FastAPI object at 0x7f2c46c6a2f0>
04:41:21 | INFO | Response Body=200
04:41:22 | INFO | GET http://46.229.212.89:7777/favicon.ico
04:41:22 | INFO | Params: 
04:41:22 | INFO | Headers:
04:41:22 | INFO | 	host: 46.229.212.89:7777
04:41:22 | INFO | 	user-agent: Mozilla/5.0 (Macintosh; Intel Mac OS X 10_15_7) AppleWebKit/537.36 (KHTML, like Gecko) Chrome/96.0.4664.110 Safari/537.36
04:41:22 | INFO | 	accept: text/html,application/xhtml+xml,application/xml;q=0.9,image/avif,image/webp,image/apng,*/*;q=0.8,application/signed-exchange;v=b3;q=0.9
04:41:22 | INFO | 	accept-language: en;q=0.9
04:41:22 | INFO | 	cache-control: max-age=0
04:41:22 | INFO | 	connection: keep-alive
04:41:22 | INFO | 	dnt: 1
04:41:22 | INFO | 	sec-gpc: 1
04:41:22 | INFO | 	upgrade-insecure-requests: 1
04:41:22 | INFO | 	accept-encoding: gzip
04:41:22 | INFO | Request:
04:41:22 | INFO | 	type : http
04:41:22 | INFO | 	asgi : {'version': '3.0', 'spec_version': '2.3'}
04:41:22 | INFO | 	http_version : 1.1
04:41:22 | INFO | 	server : ('192.168.64.2', 7777)
04:41:22 | INFO | 	client : ('209.141.33.65', 11682)
04:41:22 | INFO | 	scheme : http
04:41:22 | INFO | 	method : GET
04:41:22 | INFO | 	root_path : 
04:41:22 | INFO | 	path : /favicon.ico
04:41:22 | INFO | 	raw_path : b'/favicon.ico'
04:41:22 | INFO | 	query_string : b''
04:41:22 | INFO | 	app : <fastapi.applications.FastAPI object at 0x7f2c46c6a2f0>
04:41:22 | INFO | Response Body=404
04:41:30 | INFO | GET http://ads1.conta-segura.com:7777/
04:41:30 | INFO | Params: 
04:41:30 | INFO | Headers:
04:41:30 | INFO | 	host: ads1.conta-segura.com:7777
04:41:30 | INFO | 	user-agent: Mozilla/5.0 (Macintosh; Intel Mac OS X 10_15_7) AppleWebKit/537.36 (KHTML, like Gecko) Chrome/96.0.4664.110 Safari/537.36
04:41:30 | INFO | 	accept: text/html,application/xhtml+xml,application/xml;q=0.9,image/avif,image/webp,image/apng,*/*;q=0.8,application/signed-exchange;v=b3;q=0.9
04:41:30 | INFO | 	accept-language: en;q=0.9
04:41:30 | INFO | 	cache-control: max-age=0
04:41:30 | INFO | 	connection: keep-alive
04:41:30 | INFO | 	dnt: 1
04:41:30 | INFO | 	sec-gpc: 1
04:41:30 | INFO | 	upgrade-insecure-requests: 1
04:41:30 | INFO | 	accept-encoding: gzip
04:41:30 | INFO | Request:
04:41:30 | INFO | 	type : http
04:41:30 | INFO | 	asgi : {'version': '3.0', 'spec_version': '2.3'}
04:41:30 | INFO | 	http_version : 1.1
04:41:30 | INFO | 	server : ('192.168.64.2', 7777)
04:41:30 | INFO | 	client : ('205.185.116.89', 49428)
04:41:30 | INFO | 	scheme : http
04:41:30 | INFO | 	method : GET
04:41:30 | INFO | 	root_path : 
04:41:30 | INFO | 	path : /
04:41:30 | INFO | 	raw_path : b'/'
04:41:30 | INFO | 	query_string : b''
04:41:30 | INFO | 	app : <fastapi.applications.FastAPI object at 0x7f2c46c6a2f0>
04:41:30 | INFO | Response Body=307
04:41:30 | INFO | GET http://594625-cs87462.tmweb.ru:7777/
04:41:30 | INFO | Params: 
04:41:30 | INFO | Headers:
04:41:30 | INFO | 	host: 594625-cs87462.tmweb.ru:7777
04:41:30 | INFO | 	user-agent: Mozilla/5.0 (Macintosh; Intel Mac OS X 10_15_7) AppleWebKit/537.36 (KHTML, like Gecko) Chrome/96.0.4664.110 Safari/537.36
04:41:30 | INFO | 	accept: text/html,application/xhtml+xml,application/xml;q=0.9,image/avif,image/webp,image/apng,*/*;q=0.8,application/signed-exchange;v=b3;q=0.9
04:41:30 | INFO | 	accept-language: en;q=0.9
04:41:30 | INFO | 	cache-control: max-age=0
04:41:30 | INFO | 	connection: keep-alive
04:41:30 | INFO | 	dnt: 1
04:41:30 | INFO | 	sec-gpc: 1
04:41:30 | INFO | 	upgrade-insecure-requests: 1
04:41:30 | INFO | 	accept-encoding: gzip
04:41:30 | INFO | Request:
04:41:30 | INFO | 	type : http
04:41:30 | INFO | 	asgi : {'version': '3.0', 'spec_version': '2.3'}
04:41:30 | INFO | 	http_version : 1.1
04:41:30 | INFO | 	server : ('192.168.64.2', 7777)
04:41:30 | INFO | 	client : ('205.185.116.89', 49612)
04:41:30 | INFO | 	scheme : http
04:41:30 | INFO | 	method : GET
04:41:30 | INFO | 	root_path : 
04:41:30 | INFO | 	path : /
04:41:30 | INFO | 	raw_path : b'/'
04:41:30 | INFO | 	query_string : b''
04:41:30 | INFO | 	app : <fastapi.applications.FastAPI object at 0x7f2c46c6a2f0>
04:41:30 | INFO | Response Body=307
04:41:30 | INFO | GET http://ads1.conta-segura.com:7777/login
04:41:30 | INFO | Params: 
04:41:30 | INFO | Headers:
04:41:30 | INFO | 	host: ads1.conta-segura.com:7777
04:41:30 | INFO | 	user-agent: Mozilla/5.0 (Macintosh; Intel Mac OS X 10_15_7) AppleWebKit/537.36 (KHTML, like Gecko) Chrome/96.0.4664.110 Safari/537.36
04:41:30 | INFO | 	accept: text/html,application/xhtml+xml,application/xml;q=0.9,image/avif,image/webp,image/apng,*/*;q=0.8,application/signed-exchange;v=b3;q=0.9
04:41:30 | INFO | 	accept-language: en;q=0.9
04:41:30 | INFO | 	cache-control: max-age=0
04:41:30 | INFO | 	connection: keep-alive
04:41:30 | INFO | 	dnt: 1
04:41:30 | INFO | 	referer: http://ads1.conta-segura.com:7777
04:41:30 | INFO | 	sec-gpc: 1
04:41:30 | INFO | 	upgrade-insecure-requests: 1
04:41:30 | INFO | 	accept-encoding: gzip
04:41:30 | INFO | Request:
04:41:30 | INFO | 	type : http
04:41:30 | INFO | 	asgi : {'version': '3.0', 'spec_version': '2.3'}
04:41:30 | INFO | 	http_version : 1.1
04:41:30 | INFO | 	server : ('192.168.64.2', 7777)
04:41:30 | INFO | 	client : ('205.185.116.89', 49428)
04:41:30 | INFO | 	scheme : http
04:41:30 | INFO | 	method : GET
04:41:30 | INFO | 	root_path : 
04:41:30 | INFO | 	path : /login
04:41:30 | INFO | 	raw_path : b'/login'
04:41:30 | INFO | 	query_string : b''
04:41:30 | INFO | 	app : <fastapi.applications.FastAPI object at 0x7f2c46c6a2f0>
04:41:30 | INFO | Response Body=200
04:41:31 | INFO | GET http://594625-cs87462.tmweb.ru:7777/login
04:41:31 | INFO | Params: 
04:41:31 | INFO | Headers:
04:41:31 | INFO | 	host: 594625-cs87462.tmweb.ru:7777
04:41:31 | INFO | 	user-agent: Mozilla/5.0 (Macintosh; Intel Mac OS X 10_15_7) AppleWebKit/537.36 (KHTML, like Gecko) Chrome/96.0.4664.110 Safari/537.36
04:41:31 | INFO | 	accept: text/html,application/xhtml+xml,application/xml;q=0.9,image/avif,image/webp,image/apng,*/*;q=0.8,application/signed-exchange;v=b3;q=0.9
04:41:31 | INFO | 	accept-language: en;q=0.9
04:41:31 | INFO | 	cache-control: max-age=0
04:41:31 | INFO | 	connection: keep-alive
04:41:31 | INFO | 	dnt: 1
04:41:31 | INFO | 	referer: http://594625-cs87462.tmweb.ru:7777
04:41:31 | INFO | 	sec-gpc: 1
04:41:31 | INFO | 	upgrade-insecure-requests: 1
04:41:31 | INFO | 	accept-encoding: gzip
04:41:31 | INFO | Request:
04:41:31 | INFO | 	type : http
04:41:31 | INFO | 	asgi : {'version': '3.0', 'spec_version': '2.3'}
04:41:31 | INFO | 	http_version : 1.1
04:41:31 | INFO | 	server : ('192.168.64.2', 7777)
04:41:31 | INFO | 	client : ('205.185.116.89', 49612)
04:41:31 | INFO | 	scheme : http
04:41:31 | INFO | 	method : GET
04:41:31 | INFO | 	root_path : 
04:41:31 | INFO | 	path : /login
04:41:31 | INFO | 	raw_path : b'/login'
04:41:31 | INFO | 	query_string : b''
04:41:31 | INFO | 	app : <fastapi.applications.FastAPI object at 0x7f2c46c6a2f0>
04:41:31 | INFO | Response Body=200
04:41:32 | INFO | GET http://594625-cs87462.tmweb.ru:7777/favicon.ico
04:41:32 | INFO | Params: 
04:41:32 | INFO | Headers:
04:41:32 | INFO | 	host: 594625-cs87462.tmweb.ru:7777
04:41:32 | INFO | 	user-agent: Mozilla/5.0 (Macintosh; Intel Mac OS X 10_15_7) AppleWebKit/537.36 (KHTML, like Gecko) Chrome/96.0.4664.110 Safari/537.36
04:41:32 | INFO | 	accept: text/html,application/xhtml+xml,application/xml;q=0.9,image/avif,image/webp,image/apng,*/*;q=0.8,application/signed-exchange;v=b3;q=0.9
04:41:32 | INFO | 	accept-language: en;q=0.9
04:41:32 | INFO | 	cache-control: max-age=0
04:41:32 | INFO | 	connection: keep-alive
04:41:32 | INFO | 	dnt: 1
04:41:32 | INFO | 	sec-gpc: 1
04:41:32 | INFO | 	upgrade-insecure-requests: 1
04:41:32 | INFO | 	accept-encoding: gzip
04:41:32 | INFO | Request:
04:41:32 | INFO | 	type : http
04:41:32 | INFO | 	asgi : {'version': '3.0', 'spec_version': '2.3'}
04:41:32 | INFO | 	http_version : 1.1
04:41:32 | INFO | 	server : ('192.168.64.2', 7777)
04:41:32 | INFO | 	client : ('205.185.116.89', 49612)
04:41:32 | INFO | 	scheme : http
04:41:32 | INFO | 	method : GET
04:41:32 | INFO | 	root_path : 
04:41:32 | INFO | 	path : /favicon.ico
04:41:32 | INFO | 	raw_path : b'/favicon.ico'
04:41:32 | INFO | 	query_string : b''
04:41:32 | INFO | 	app : <fastapi.applications.FastAPI object at 0x7f2c46c6a2f0>
04:41:32 | INFO | Response Body=404
04:41:42 | INFO | GET http://ads1.conta-segura.com:7777/favicon.ico
04:41:42 | INFO | Params: 
04:41:42 | INFO | Headers:
04:41:42 | INFO | 	host: ads1.conta-segura.com:7777
04:41:42 | INFO | 	user-agent: Mozilla/5.0 (Macintosh; Intel Mac OS X 10_15_7) AppleWebKit/537.36 (KHTML, like Gecko) Chrome/96.0.4664.110 Safari/537.36
04:41:42 | INFO | 	accept: text/html,application/xhtml+xml,application/xml;q=0.9,image/avif,image/webp,image/apng,*/*;q=0.8,application/signed-exchange;v=b3;q=0.9
04:41:42 | INFO | 	accept-language: en;q=0.9
04:41:42 | INFO | 	cache-control: max-age=0
04:41:42 | INFO | 	connection: keep-alive
04:41:42 | INFO | 	dnt: 1
04:41:42 | INFO | 	sec-gpc: 1
04:41:42 | INFO | 	upgrade-insecure-requests: 1
04:41:42 | INFO | 	accept-encoding: gzip
04:41:42 | INFO | Request:
04:41:42 | INFO | 	type : http
04:41:42 | INFO | 	asgi : {'version': '3.0', 'spec_version': '2.3'}
04:41:42 | INFO | 	http_version : 1.1
04:41:42 | INFO | 	server : ('192.168.64.2', 7777)
04:41:42 | INFO | 	client : ('209.141.49.169', 26660)
04:41:42 | INFO | 	scheme : http
04:41:42 | INFO | 	method : GET
04:41:42 | INFO | 	root_path : 
04:41:42 | INFO | 	path : /favicon.ico
04:41:42 | INFO | 	raw_path : b'/favicon.ico'
04:41:42 | INFO | 	query_string : b''
04:41:42 | INFO | 	app : <fastapi.applications.FastAPI object at 0x7f2c46c6a2f0>
04:41:42 | INFO | Response Body=404
05:17:34 | INFO | GET http://localhost:7777/
05:17:34 | INFO | Params: 
05:17:34 | INFO | Headers:
05:17:34 | INFO | 	host: localhost:7777
05:17:34 | INFO | 	connection: close
05:17:34 | INFO | 	user-agent: Mozilla/5.0 (Windows NT 10.0; Win64; x64) AppleWebKit/537.36 (KHTML, like Gecko) Chrome/60.0.3112.113 Safari/537.36
05:17:34 | INFO | 	accept: */*
05:17:34 | INFO | 	accept-encoding: gzip
05:17:34 | INFO | Request:
05:17:34 | INFO | 	type : http
05:17:34 | INFO | 	asgi : {'version': '3.0', 'spec_version': '2.3'}
05:17:34 | INFO | 	http_version : 1.0
05:17:34 | INFO | 	server : ('192.168.64.2', 7777)
05:17:34 | INFO | 	client : ('192.168.64.1', 53636)
05:17:34 | INFO | 	scheme : http
05:17:34 | INFO | 	method : GET
05:17:34 | INFO | 	root_path : 
05:17:34 | INFO | 	path : /
05:17:34 | INFO | 	raw_path : b'/'
05:17:34 | INFO | 	query_string : b''
05:17:34 | INFO | 	app : <fastapi.applications.FastAPI object at 0x7f2c46c6a2f0>
05:17:34 | INFO | Response Body=307
05:17:34 | INFO | GET http://localhost:7777/login
05:17:34 | INFO | Params: 
05:17:34 | INFO | Headers:
05:17:34 | INFO | 	host: localhost:7777
05:17:34 | INFO | 	connection: close
05:17:34 | INFO | 	user-agent: Mozilla/5.0 (Windows NT 10.0; Win64; x64) AppleWebKit/537.36 (KHTML, like Gecko) Chrome/60.0.3112.113 Safari/537.36
05:17:34 | INFO | 	accept: */*
05:17:34 | INFO | 	referer: https://46.229.212.89/
05:17:34 | INFO | 	accept-encoding: gzip
05:17:34 | INFO | Request:
05:17:34 | INFO | 	type : http
05:17:34 | INFO | 	asgi : {'version': '3.0', 'spec_version': '2.3'}
05:17:34 | INFO | 	http_version : 1.0
05:17:34 | INFO | 	server : ('192.168.64.2', 7777)
05:17:34 | INFO | 	client : ('192.168.64.1', 53648)
05:17:34 | INFO | 	scheme : http
05:17:34 | INFO | 	method : GET
05:17:34 | INFO | 	root_path : 
05:17:34 | INFO | 	path : /login
05:17:34 | INFO | 	raw_path : b'/login'
05:17:34 | INFO | 	query_string : b''
05:17:34 | INFO | 	app : <fastapi.applications.FastAPI object at 0x7f2c46c6a2f0>
05:17:34 | INFO | Response Body=200
06:00:40 | INFO | GET http://localhost:7777/.env
06:00:40 | INFO | Params: 
06:00:40 | INFO | Headers:
06:00:40 | INFO | 	host: localhost:7777
06:00:40 | INFO | 	connection: close
06:00:40 | INFO | 	user-agent: Mozilla/5.0 (X11; Linux x86_64) AppleWebKit/537.36 (KHTML, like Gecko) Chrome/81.0.4044.129 Safari/537.36
06:00:40 | INFO | 	accept-encoding: gzip, deflate
06:00:40 | INFO | 	accept: */*
06:00:40 | INFO | Request:
06:00:40 | INFO | 	type : http
06:00:40 | INFO | 	asgi : {'version': '3.0', 'spec_version': '2.3'}
06:00:40 | INFO | 	http_version : 1.0
06:00:40 | INFO | 	server : ('192.168.64.2', 7777)
06:00:40 | INFO | 	client : ('192.168.64.1', 44160)
06:00:40 | INFO | 	scheme : http
06:00:40 | INFO | 	method : GET
06:00:40 | INFO | 	root_path : 
06:00:40 | INFO | 	path : /.env
06:00:40 | INFO | 	raw_path : b'/.env'
06:00:40 | INFO | 	query_string : b''
06:00:40 | INFO | 	app : <fastapi.applications.FastAPI object at 0x7f2c46c6a2f0>
06:00:40 | INFO | Response Body=404
06:46:40 | INFO | GET http://localhost:7777/
06:46:40 | INFO | Params: 
06:46:40 | INFO | Headers:
06:46:40 | INFO | 	host: localhost:7777
06:46:40 | INFO | 	connection: close
06:46:40 | INFO | 	user-agent: Mozilla/5.0 (X11; Linux x86_64; rv:91.0) Gecko/20100101 Firefox/91.0
06:46:40 | INFO | 	accept: */*
06:46:40 | INFO | 	accept-encoding: gzip
06:46:40 | INFO | Request:
06:46:40 | INFO | 	type : http
06:46:40 | INFO | 	asgi : {'version': '3.0', 'spec_version': '2.3'}
06:46:40 | INFO | 	http_version : 1.0
06:46:40 | INFO | 	server : ('192.168.64.2', 7777)
06:46:40 | INFO | 	client : ('192.168.64.1', 35730)
06:46:40 | INFO | 	scheme : http
06:46:40 | INFO | 	method : GET
06:46:40 | INFO | 	root_path : 
06:46:40 | INFO | 	path : /
06:46:40 | INFO | 	raw_path : b'/'
06:46:40 | INFO | 	query_string : b''
06:46:40 | INFO | 	app : <fastapi.applications.FastAPI object at 0x7f2c46c6a2f0>
06:46:40 | INFO | Response Body=307
06:55:28 | INFO | GET http://localhost:7777/favicon.ico
06:55:28 | INFO | Params: 
06:55:28 | INFO | Headers:
06:55:28 | INFO | 	host: localhost:7777
06:55:28 | INFO | 	connection: close
06:55:28 | INFO | 	user-agent: Mozilla/5.0 (Windows NT 6.1; Win64; x64) AppleWebKit/537.36 (KHTML, like Gecko) Chrome/106.0.0.0 Safari/537.36
06:55:28 | INFO | 	accept: */*
06:55:28 | INFO | 	accept-encoding: gzip
06:55:28 | INFO | Request:
06:55:28 | INFO | 	type : http
06:55:28 | INFO | 	asgi : {'version': '3.0', 'spec_version': '2.3'}
06:55:28 | INFO | 	http_version : 1.0
06:55:28 | INFO | 	server : ('192.168.64.2', 7777)
06:55:28 | INFO | 	client : ('192.168.64.1', 34954)
06:55:28 | INFO | 	scheme : http
06:55:28 | INFO | 	method : GET
06:55:28 | INFO | 	root_path : 
06:55:28 | INFO | 	path : /favicon.ico
06:55:28 | INFO | 	raw_path : b'/favicon.ico'
06:55:28 | INFO | 	query_string : b''
06:55:28 | INFO | 	app : <fastapi.applications.FastAPI object at 0x7f2c46c6a2f0>
06:55:28 | INFO | Response Body=404
06:59:28 | INFO | GET http://localhost:7777/
06:59:28 | INFO | Params: 
06:59:28 | INFO | Headers:
06:59:28 | INFO | 	host: localhost:7777
06:59:28 | INFO | 	connection: close
06:59:28 | INFO | 	user-agent: Mozilla/5.0 (X11; Linux x86_64; rv:91.0) Gecko/20100101 Firefox/91.0
06:59:28 | INFO | 	accept: */*
06:59:28 | INFO | 	accept-encoding: gzip
06:59:28 | INFO | Request:
06:59:28 | INFO | 	type : http
06:59:28 | INFO | 	asgi : {'version': '3.0', 'spec_version': '2.3'}
06:59:28 | INFO | 	http_version : 1.0
06:59:28 | INFO | 	server : ('192.168.64.2', 7777)
06:59:28 | INFO | 	client : ('192.168.64.1', 53662)
06:59:28 | INFO | 	scheme : http
06:59:28 | INFO | 	method : GET
06:59:28 | INFO | 	root_path : 
06:59:28 | INFO | 	path : /
06:59:28 | INFO | 	raw_path : b'/'
06:59:28 | INFO | 	query_string : b''
06:59:28 | INFO | 	app : <fastapi.applications.FastAPI object at 0x7f2c46c6a2f0>
06:59:28 | INFO | Response Body=307
07:00:11 | INFO | GET http://localhost:7777/
07:00:11 | INFO | Params: 
07:00:11 | INFO | Headers:
07:00:11 | INFO | 	host: localhost:7777
07:00:11 | INFO | 	connection: close
07:00:11 | INFO | 	user-agent: Mozilla/5.0 (Windows NT 10.0; Win64; x64) AppleWebKit/537.36 (KHTML, like Gecko) Chrome/104.0.5112.102 Safari/537.36 OPR/90.0.4480.100
07:00:11 | INFO | 	accept: */*
07:00:11 | INFO | 	accept-encoding: gzip
07:00:11 | INFO | Request:
07:00:11 | INFO | 	type : http
07:00:11 | INFO | 	asgi : {'version': '3.0', 'spec_version': '2.3'}
07:00:11 | INFO | 	http_version : 1.0
07:00:11 | INFO | 	server : ('192.168.64.2', 7777)
07:00:11 | INFO | 	client : ('192.168.64.1', 60366)
07:00:11 | INFO | 	scheme : http
07:00:11 | INFO | 	method : GET
07:00:11 | INFO | 	root_path : 
07:00:11 | INFO | 	path : /
07:00:11 | INFO | 	raw_path : b'/'
07:00:11 | INFO | 	query_string : b''
07:00:11 | INFO | 	app : <fastapi.applications.FastAPI object at 0x7f2c46c6a2f0>
07:00:11 | INFO | Response Body=307
07:00:11 | INFO | GET http://localhost:7777/login
07:00:11 | INFO | Params: 
07:00:11 | INFO | Headers:
07:00:11 | INFO | 	host: localhost:7777
07:00:11 | INFO | 	connection: close
07:00:11 | INFO | 	user-agent: Mozilla/5.0 (Windows NT 10.0; Win64; x64) AppleWebKit/537.36 (KHTML, like Gecko) Chrome/104.0.5112.102 Safari/537.36 OPR/90.0.4480.100
07:00:11 | INFO | 	accept: */*
07:00:11 | INFO | 	referer: https://46.229.212.89/
07:00:11 | INFO | 	accept-encoding: gzip
07:00:11 | INFO | Request:
07:00:11 | INFO | 	type : http
07:00:11 | INFO | 	asgi : {'version': '3.0', 'spec_version': '2.3'}
07:00:11 | INFO | 	http_version : 1.0
07:00:11 | INFO | 	server : ('192.168.64.2', 7777)
07:00:11 | INFO | 	client : ('192.168.64.1', 60374)
07:00:11 | INFO | 	scheme : http
07:00:11 | INFO | 	method : GET
07:00:11 | INFO | 	root_path : 
07:00:11 | INFO | 	path : /login
07:00:11 | INFO | 	raw_path : b'/login'
07:00:11 | INFO | 	query_string : b''
07:00:11 | INFO | 	app : <fastapi.applications.FastAPI object at 0x7f2c46c6a2f0>
07:00:11 | INFO | Response Body=200
07:02:01 | INFO | GET http://localhost:7777/.git/config
07:02:01 | INFO | Params: 
07:02:01 | INFO | Headers:
07:02:01 | INFO | 	host: localhost:7777
07:02:01 | INFO | 	connection: close
07:02:01 | INFO | 	user-agent: Mozilla/5.0 (Windows NT 10.0; Win64; x64) AppleWebKit/537.36 (KHTML, like Gecko) Chrome/105.0.0.0 Safari/537.36 Edg/105.0.1343.53
07:02:01 | INFO | 	accept: */*
07:02:01 | INFO | 	accept-encoding: gzip
07:02:01 | INFO | Request:
07:02:01 | INFO | 	type : http
07:02:01 | INFO | 	asgi : {'version': '3.0', 'spec_version': '2.3'}
07:02:01 | INFO | 	http_version : 1.0
07:02:01 | INFO | 	server : ('192.168.64.2', 7777)
07:02:01 | INFO | 	client : ('192.168.64.1', 46980)
07:02:01 | INFO | 	scheme : http
07:02:01 | INFO | 	method : GET
07:02:01 | INFO | 	root_path : 
07:02:01 | INFO | 	path : /.git/config
07:02:01 | INFO | 	raw_path : b'/.git/config'
07:02:01 | INFO | 	query_string : b''
07:02:01 | INFO | 	app : <fastapi.applications.FastAPI object at 0x7f2c46c6a2f0>
07:02:01 | INFO | Response Body=404
07:27:53 | INFO | GET http://localhost:7777/
07:27:53 | INFO | Params: 
07:27:53 | INFO | Headers:
07:27:53 | INFO | 	host: localhost:7777
07:27:53 | INFO | 	connection: close
07:27:53 | INFO | 	user-agent: Mozilla/5.0 zgrab/0.x
07:27:53 | INFO | 	accept: */*
07:27:53 | INFO | 	accept-encoding: gzip
07:27:53 | INFO | Request:
07:27:53 | INFO | 	type : http
07:27:53 | INFO | 	asgi : {'version': '3.0', 'spec_version': '2.3'}
07:27:53 | INFO | 	http_version : 1.0
07:27:53 | INFO | 	server : ('192.168.64.2', 7777)
07:27:53 | INFO | 	client : ('192.168.64.1', 34068)
07:27:53 | INFO | 	scheme : http
07:27:53 | INFO | 	method : GET
07:27:53 | INFO | 	root_path : 
07:27:53 | INFO | 	path : /
07:27:53 | INFO | 	raw_path : b'/'
07:27:53 | INFO | 	query_string : b''
07:27:53 | INFO | 	app : <fastapi.applications.FastAPI object at 0x7f2c46c6a2f0>
07:27:53 | INFO | Response Body=307
09:02:47 | INFO | GET http://localhost:7777/cwa/api/v1/apitoken
09:02:47 | INFO | Params: 
09:02:47 | INFO | Headers:
09:02:47 | INFO | 	host: localhost:7777
09:02:47 | INFO | 	connection: close
09:02:47 | INFO | 	user-agent: python-requests/2.25.1
09:02:47 | INFO | 	accept-encoding: gzip, deflate
09:02:47 | INFO | 	accept: */*
09:02:47 | INFO | Request:
09:02:47 | INFO | 	type : http
09:02:47 | INFO | 	asgi : {'version': '3.0', 'spec_version': '2.3'}
09:02:47 | INFO | 	http_version : 1.0
09:02:47 | INFO | 	server : ('192.168.64.2', 7777)
09:02:47 | INFO | 	client : ('192.168.64.1', 52944)
09:02:47 | INFO | 	scheme : http
09:02:47 | INFO | 	method : GET
09:02:47 | INFO | 	root_path : 
09:02:47 | INFO | 	path : /cwa/api/v1/apitoken
09:02:47 | INFO | 	raw_path : b'/cwa/api/v1/apitoken'
09:02:47 | INFO | 	query_string : b''
09:02:47 | INFO | 	app : <fastapi.applications.FastAPI object at 0x7f2c46c6a2f0>
09:02:47 | INFO | Response Body=404
10:20:27 | INFO | GET http://46.229.212.89:7777/aaa9
10:20:27 | INFO | Params: 
10:20:27 | INFO | Headers:
10:20:27 | INFO | 	host: 46.229.212.89:7777
10:20:27 | INFO | 	user-agent: Mozilla/5.0 zgrab/0.x
10:20:27 | INFO | 	accept: */*
10:20:27 | INFO | 	accept-encoding: gzip
10:20:27 | INFO | Request:
10:20:27 | INFO | 	type : http
10:20:27 | INFO | 	asgi : {'version': '3.0', 'spec_version': '2.3'}
10:20:27 | INFO | 	http_version : 1.1
10:20:27 | INFO | 	server : ('192.168.64.2', 7777)
10:20:27 | INFO | 	client : ('161.35.190.246', 40076)
10:20:27 | INFO | 	scheme : http
10:20:27 | INFO | 	method : GET
10:20:27 | INFO | 	root_path : 
10:20:27 | INFO | 	path : /aaa9
10:20:27 | INFO | 	raw_path : b'/aaa9'
10:20:27 | INFO | 	query_string : b''
10:20:27 | INFO | 	app : <fastapi.applications.FastAPI object at 0x7f2c46c6a2f0>
10:20:27 | INFO | Response Body=404
10:20:27 | INFO | GET http://46.229.212.89:7777/aab8
10:20:27 | INFO | Params: 
10:20:27 | INFO | Headers:
10:20:27 | INFO | 	host: 46.229.212.89:7777
10:20:27 | INFO | 	user-agent: Mozilla/5.0 zgrab/0.x
10:20:27 | INFO | 	accept: */*
10:20:27 | INFO | 	accept-encoding: gzip
10:20:27 | INFO | Request:
10:20:27 | INFO | 	type : http
10:20:27 | INFO | 	asgi : {'version': '3.0', 'spec_version': '2.3'}
10:20:27 | INFO | 	http_version : 1.1
10:20:27 | INFO | 	server : ('192.168.64.2', 7777)
10:20:27 | INFO | 	client : ('161.35.190.246', 40078)
10:20:27 | INFO | 	scheme : http
10:20:27 | INFO | 	method : GET
10:20:27 | INFO | 	root_path : 
10:20:27 | INFO | 	path : /aab8
10:20:27 | INFO | 	raw_path : b'/aab8'
10:20:27 | INFO | 	query_string : b''
10:20:27 | INFO | 	app : <fastapi.applications.FastAPI object at 0x7f2c46c6a2f0>
10:20:27 | INFO | Response Body=404
11:11:05 | INFO | GET http://46.229.212.89:7777/
11:11:05 | INFO | Params: 
11:11:05 | INFO | Headers:
11:11:05 | INFO | 	host: 46.229.212.89:7777
11:11:05 | INFO | 	user-agent: HTTP Banner Detection (https://security.ipip.net)
11:11:05 | INFO | 	connection: close
11:11:05 | INFO | Request:
11:11:05 | INFO | 	type : http
11:11:05 | INFO | 	asgi : {'version': '3.0', 'spec_version': '2.3'}
11:11:05 | INFO | 	http_version : 1.1
11:11:05 | INFO | 	server : ('192.168.64.2', 7777)
11:11:05 | INFO | 	client : ('103.203.57.3', 41220)
11:11:05 | INFO | 	scheme : http
11:11:05 | INFO | 	method : GET
11:11:05 | INFO | 	root_path : 
11:11:05 | INFO | 	path : /
11:11:05 | INFO | 	raw_path : b'/'
11:11:05 | INFO | 	query_string : b''
11:11:05 | INFO | 	app : <fastapi.applications.FastAPI object at 0x7f2c46c6a2f0>
11:11:05 | INFO | Response Body=307
12:02:09 | INFO | GET http://localhost:7777/
12:02:09 | INFO | Params: 
12:02:09 | INFO | Headers:
12:02:09 | INFO | 	host: localhost:7777
12:02:09 | INFO | 	connection: close
12:02:09 | INFO | 	user-agent: Mozilla/5.0 (X11; Linux x86_64; rv:73.0) Gecko/20100101 Firefox/73.0
12:02:09 | INFO | 	accept: */*
12:02:09 | INFO | 	accept-encoding: gzip
12:02:09 | INFO | Request:
12:02:09 | INFO | 	type : http
12:02:09 | INFO | 	asgi : {'version': '3.0', 'spec_version': '2.3'}
12:02:09 | INFO | 	http_version : 1.0
12:02:09 | INFO | 	server : ('192.168.64.2', 7777)
12:02:09 | INFO | 	client : ('192.168.64.1', 44720)
12:02:09 | INFO | 	scheme : http
12:02:09 | INFO | 	method : GET
12:02:09 | INFO | 	root_path : 
12:02:09 | INFO | 	path : /
12:02:09 | INFO | 	raw_path : b'/'
12:02:09 | INFO | 	query_string : b''
12:02:09 | INFO | 	app : <fastapi.applications.FastAPI object at 0x7f2c46c6a2f0>
12:02:09 | INFO | Response Body=307
12:02:09 | INFO | GET http://localhost:7777/login
12:02:09 | INFO | Params: 
12:02:09 | INFO | Headers:
12:02:09 | INFO | 	host: localhost:7777
12:02:09 | INFO | 	connection: close
12:02:09 | INFO | 	user-agent: Mozilla/5.0 (X11; Linux x86_64; rv:73.0) Gecko/20100101 Firefox/73.0
12:02:09 | INFO | 	accept: */*
12:02:09 | INFO | 	referer: https://46.229.212.89/
12:02:09 | INFO | 	accept-encoding: gzip
12:02:09 | INFO | Request:
12:02:09 | INFO | 	type : http
12:02:09 | INFO | 	asgi : {'version': '3.0', 'spec_version': '2.3'}
12:02:09 | INFO | 	http_version : 1.0
12:02:09 | INFO | 	server : ('192.168.64.2', 7777)
12:02:09 | INFO | 	client : ('192.168.64.1', 44728)
12:02:09 | INFO | 	scheme : http
12:02:09 | INFO | 	method : GET
12:02:09 | INFO | 	root_path : 
12:02:09 | INFO | 	path : /login
12:02:09 | INFO | 	raw_path : b'/login'
12:02:09 | INFO | 	query_string : b''
12:02:09 | INFO | 	app : <fastapi.applications.FastAPI object at 0x7f2c46c6a2f0>
12:02:09 | INFO | Response Body=200
12:02:09 | INFO | GET http://localhost:7777/favicon.ico
12:02:09 | INFO | Params: 
12:02:09 | INFO | Headers:
12:02:09 | INFO | 	host: localhost:7777
12:02:09 | INFO | 	connection: close
12:02:09 | INFO | 	user-agent: Mozilla/5.0 (X11; Linux x86_64; rv:73.0) Gecko/20100101 Firefox/73.0
12:02:09 | INFO | 	accept: */*
12:02:09 | INFO | 	referer: https://46.229.212.89/login
12:02:09 | INFO | 	sec-fetch-dest: image
12:02:09 | INFO | 	sec-fetch-mode: no-cors
12:02:09 | INFO | 	sec-fetch-site: same-origin
12:02:09 | INFO | 	accept-encoding: gzip
12:02:09 | INFO | Request:
12:02:09 | INFO | 	type : http
12:02:09 | INFO | 	asgi : {'version': '3.0', 'spec_version': '2.3'}
12:02:09 | INFO | 	http_version : 1.0
12:02:09 | INFO | 	server : ('192.168.64.2', 7777)
12:02:09 | INFO | 	client : ('192.168.64.1', 44738)
12:02:09 | INFO | 	scheme : http
12:02:09 | INFO | 	method : GET
12:02:09 | INFO | 	root_path : 
12:02:09 | INFO | 	path : /favicon.ico
12:02:09 | INFO | 	raw_path : b'/favicon.ico'
12:02:09 | INFO | 	query_string : b''
12:02:09 | INFO | 	app : <fastapi.applications.FastAPI object at 0x7f2c46c6a2f0>
12:02:09 | INFO | Response Body=404
12:30:50 | INFO | GET http://localhost:7777/
12:30:50 | INFO | Params: 
12:30:50 | INFO | Headers:
12:30:50 | INFO | 	host: localhost:7777
12:30:50 | INFO | 	connection: close
12:30:50 | INFO | 	accept-encoding: identity
12:30:50 | INFO | Request:
12:30:50 | INFO | 	type : http
12:30:50 | INFO | 	asgi : {'version': '3.0', 'spec_version': '2.3'}
12:30:50 | INFO | 	http_version : 1.0
12:30:50 | INFO | 	server : ('192.168.64.2', 7777)
12:30:50 | INFO | 	client : ('192.168.64.1', 48394)
12:30:50 | INFO | 	scheme : http
12:30:50 | INFO | 	method : GET
12:30:50 | INFO | 	root_path : 
12:30:50 | INFO | 	path : /
12:30:50 | INFO | 	raw_path : b'/'
12:30:50 | INFO | 	query_string : b''
12:30:50 | INFO | 	app : <fastapi.applications.FastAPI object at 0x7f2c46c6a2f0>
12:30:51 | INFO | Response Body=307
15:01:15 | INFO | GET http://localhost:7777/
15:01:15 | INFO | Params: 
15:01:15 | INFO | Headers:
15:01:15 | INFO | 	host: localhost:7777
15:01:15 | INFO | 	connection: close
15:01:15 | INFO | 	user-agent: Mozilla/5.0 (Windows NT 10.0; Win64; x64) AppleWebKit/537.36 (KHTML, like Gecko) Chrome/60.0.3112.113 Safari/537.36
15:01:15 | INFO | 	accept: */*
15:01:15 | INFO | 	accept-encoding: gzip
15:01:15 | INFO | Request:
15:01:15 | INFO | 	type : http
15:01:15 | INFO | 	asgi : {'version': '3.0', 'spec_version': '2.3'}
15:01:15 | INFO | 	http_version : 1.0
15:01:15 | INFO | 	server : ('192.168.64.2', 7777)
15:01:15 | INFO | 	client : ('192.168.64.1', 57680)
15:01:15 | INFO | 	scheme : http
15:01:15 | INFO | 	method : GET
15:01:15 | INFO | 	root_path : 
15:01:15 | INFO | 	path : /
15:01:15 | INFO | 	raw_path : b'/'
15:01:15 | INFO | 	query_string : b''
15:01:15 | INFO | 	app : <fastapi.applications.FastAPI object at 0x7f2c46c6a2f0>
15:01:15 | INFO | Response Body=307
15:01:15 | INFO | GET http://localhost:7777/login
15:01:15 | INFO | Params: 
15:01:15 | INFO | Headers:
15:01:15 | INFO | 	host: localhost:7777
15:01:15 | INFO | 	connection: close
15:01:15 | INFO | 	user-agent: Mozilla/5.0 (Windows NT 10.0; Win64; x64) AppleWebKit/537.36 (KHTML, like Gecko) Chrome/60.0.3112.113 Safari/537.36
15:01:15 | INFO | 	accept: */*
15:01:15 | INFO | 	referer: https://46.229.212.89/
15:01:15 | INFO | 	accept-encoding: gzip
15:01:15 | INFO | Request:
15:01:15 | INFO | 	type : http
15:01:15 | INFO | 	asgi : {'version': '3.0', 'spec_version': '2.3'}
15:01:15 | INFO | 	http_version : 1.0
15:01:15 | INFO | 	server : ('192.168.64.2', 7777)
15:01:15 | INFO | 	client : ('192.168.64.1', 57688)
15:01:15 | INFO | 	scheme : http
15:01:15 | INFO | 	method : GET
15:01:15 | INFO | 	root_path : 
15:01:15 | INFO | 	path : /login
15:01:15 | INFO | 	raw_path : b'/login'
15:01:15 | INFO | 	query_string : b''
15:01:15 | INFO | 	app : <fastapi.applications.FastAPI object at 0x7f2c46c6a2f0>
15:01:15 | INFO | Response Body=200
15:53:28 | INFO | GET http://localhost:7777/promoters/
15:53:28 | INFO | Params: 
15:53:28 | INFO | Headers:
15:53:28 | INFO | 	host: localhost:7777
15:53:28 | INFO | 	connection: close
15:53:28 | INFO | 	sec-ch-ua: "Not?A_Brand";v="8", "Chromium";v="108", "Yandex";v="23"
15:53:28 | INFO | 	sec-ch-ua-mobile: ?0
15:53:28 | INFO | 	sec-ch-ua-platform: "Windows"
15:53:28 | INFO | 	upgrade-insecure-requests: 1
15:53:28 | INFO | 	user-agent: Mozilla/5.0 (Windows NT 10.0; Win64; x64) AppleWebKit/537.36 (KHTML, like Gecko) Chrome/108.0.0.0 YaBrowser/23.1.2.987 Yowser/2.5 Safari/537.36
15:53:28 | INFO | 	accept: text/html,application/xhtml+xml,application/xml;q=0.9,image/avif,image/webp,image/apng,*/*;q=0.8,application/signed-exchange;v=b3;q=0.9
15:53:28 | INFO | 	sec-fetch-site: same-origin
15:53:28 | INFO | 	sec-fetch-mode: navigate
15:53:28 | INFO | 	sec-fetch-user: ?1
15:53:28 | INFO | 	sec-fetch-dest: document
15:53:28 | INFO | 	referer: https://admin.noboringdate.ru/
15:53:28 | INFO | 	accept-encoding: gzip, deflate, br
15:53:28 | INFO | 	accept-language: ru,en;q=0.9
15:53:28 | INFO | Request:
15:53:28 | INFO | 	type : http
15:53:28 | INFO | 	asgi : {'version': '3.0', 'spec_version': '2.3'}
15:53:28 | INFO | 	http_version : 1.0
15:53:28 | INFO | 	server : ('192.168.64.2', 7777)
15:53:28 | INFO | 	client : ('192.168.64.1', 40474)
15:53:28 | INFO | 	scheme : http
15:53:28 | INFO | 	method : GET
15:53:28 | INFO | 	root_path : 
15:53:28 | INFO | 	path : /promoters/
15:53:28 | INFO | 	raw_path : b'/promoters/'
15:53:28 | INFO | 	query_string : b''
15:53:28 | INFO | 	app : <fastapi.applications.FastAPI object at 0x7f2c46c6a2f0>
15:53:28 | INFO | Response Body=307
15:53:28 | INFO | GET http://localhost:7777/login
15:53:28 | INFO | Params: 
15:53:28 | INFO | Headers:
15:53:28 | INFO | 	host: localhost:7777
15:53:28 | INFO | 	connection: close
15:53:28 | INFO | 	upgrade-insecure-requests: 1
15:53:28 | INFO | 	user-agent: Mozilla/5.0 (Windows NT 10.0; Win64; x64) AppleWebKit/537.36 (KHTML, like Gecko) Chrome/108.0.0.0 YaBrowser/23.1.2.987 Yowser/2.5 Safari/537.36
15:53:28 | INFO | 	accept: text/html,application/xhtml+xml,application/xml;q=0.9,image/avif,image/webp,image/apng,*/*;q=0.8,application/signed-exchange;v=b3;q=0.9
15:53:28 | INFO | 	sec-fetch-site: same-origin
15:53:28 | INFO | 	sec-fetch-mode: navigate
15:53:28 | INFO | 	sec-fetch-user: ?1
15:53:28 | INFO | 	sec-fetch-dest: document
15:53:28 | INFO | 	sec-ch-ua: "Not?A_Brand";v="8", "Chromium";v="108", "Yandex";v="23"
15:53:28 | INFO | 	sec-ch-ua-mobile: ?0
15:53:28 | INFO | 	sec-ch-ua-platform: "Windows"
15:53:28 | INFO | 	referer: https://admin.noboringdate.ru/
15:53:28 | INFO | 	accept-encoding: gzip, deflate, br
15:53:28 | INFO | 	accept-language: ru,en;q=0.9
15:53:28 | INFO | Request:
15:53:28 | INFO | 	type : http
15:53:28 | INFO | 	asgi : {'version': '3.0', 'spec_version': '2.3'}
15:53:28 | INFO | 	http_version : 1.0
15:53:28 | INFO | 	server : ('192.168.64.2', 7777)
15:53:28 | INFO | 	client : ('192.168.64.1', 40480)
15:53:28 | INFO | 	scheme : http
15:53:28 | INFO | 	method : GET
15:53:28 | INFO | 	root_path : 
15:53:28 | INFO | 	path : /login
15:53:28 | INFO | 	raw_path : b'/login'
15:53:28 | INFO | 	query_string : b''
15:53:28 | INFO | 	app : <fastapi.applications.FastAPI object at 0x7f2c46c6a2f0>
15:53:28 | INFO | Response Body=200
15:53:28 | INFO | GET http://localhost:7777/static/css/bootstrap.css
15:53:28 | INFO | Params: 
15:53:28 | INFO | Headers:
15:53:28 | INFO | 	host: localhost:7777
15:53:28 | INFO | 	connection: close
15:53:28 | INFO | 	sec-ch-ua: "Not?A_Brand";v="8", "Chromium";v="108", "Yandex";v="23"
15:53:28 | INFO | 	sec-ch-ua-mobile: ?0
15:53:28 | INFO | 	user-agent: Mozilla/5.0 (Windows NT 10.0; Win64; x64) AppleWebKit/537.36 (KHTML, like Gecko) Chrome/108.0.0.0 YaBrowser/23.1.2.987 Yowser/2.5 Safari/537.36
15:53:28 | INFO | 	sec-ch-ua-platform: "Windows"
15:53:28 | INFO | 	accept: text/css,*/*;q=0.1
15:53:28 | INFO | 	sec-fetch-site: same-origin
15:53:28 | INFO | 	sec-fetch-mode: no-cors
15:53:28 | INFO | 	sec-fetch-dest: style
15:53:28 | INFO | 	referer: https://admin.noboringdate.ru/login
15:53:28 | INFO | 	accept-encoding: gzip, deflate, br
15:53:28 | INFO | 	accept-language: ru,en;q=0.9
15:53:28 | INFO | 	if-none-match: cef3f7c6e74df4621f277771b58048f8
15:53:28 | INFO | 	if-modified-since: Fri, 10 Feb 2023 09:37:06 GMT
15:53:28 | INFO | Request:
15:53:28 | INFO | 	type : http
15:53:28 | INFO | 	asgi : {'version': '3.0', 'spec_version': '2.3'}
15:53:28 | INFO | 	http_version : 1.0
15:53:28 | INFO | 	server : ('192.168.64.2', 7777)
15:53:28 | INFO | 	client : ('192.168.64.1', 40490)
15:53:28 | INFO | 	scheme : http
15:53:28 | INFO | 	method : GET
15:53:28 | INFO | 	root_path : 
15:53:28 | INFO | 	path : /static/css/bootstrap.css
15:53:28 | INFO | 	raw_path : b'/static/css/bootstrap.css'
15:53:28 | INFO | 	query_string : b''
15:53:28 | INFO | 	app : <fastapi.applications.FastAPI object at 0x7f2c46c6a2f0>
15:53:28 | INFO | Response Body=304
15:53:28 | INFO | GET http://localhost:7777/static/mystyle.css
15:53:28 | INFO | Params: 
15:53:28 | INFO | Headers:
15:53:28 | INFO | 	host: localhost:7777
15:53:28 | INFO | 	connection: close
15:53:28 | INFO | 	sec-ch-ua: "Not?A_Brand";v="8", "Chromium";v="108", "Yandex";v="23"
15:53:28 | INFO | 	sec-ch-ua-mobile: ?0
15:53:28 | INFO | 	user-agent: Mozilla/5.0 (Windows NT 10.0; Win64; x64) AppleWebKit/537.36 (KHTML, like Gecko) Chrome/108.0.0.0 YaBrowser/23.1.2.987 Yowser/2.5 Safari/537.36
15:53:28 | INFO | 	sec-ch-ua-platform: "Windows"
15:53:28 | INFO | 	accept: text/css,*/*;q=0.1
15:53:28 | INFO | 	sec-fetch-site: same-origin
15:53:28 | INFO | 	sec-fetch-mode: no-cors
15:53:28 | INFO | 	sec-fetch-dest: style
15:53:28 | INFO | 	referer: https://admin.noboringdate.ru/login
15:53:28 | INFO | 	accept-encoding: gzip, deflate, br
15:53:28 | INFO | 	accept-language: ru,en;q=0.9
15:53:28 | INFO | 	if-none-match: 7bf4ca1274103441df939d8bb58e1b8f
15:53:28 | INFO | 	if-modified-since: Fri, 10 Feb 2023 09:37:06 GMT
15:53:28 | INFO | Request:
15:53:28 | INFO | 	type : http
15:53:28 | INFO | 	asgi : {'version': '3.0', 'spec_version': '2.3'}
15:53:28 | INFO | 	http_version : 1.0
15:53:28 | INFO | 	server : ('192.168.64.2', 7777)
15:53:28 | INFO | 	client : ('192.168.64.1', 40502)
15:53:28 | INFO | 	scheme : http
15:53:28 | INFO | 	method : GET
15:53:28 | INFO | 	root_path : 
15:53:28 | INFO | 	path : /static/mystyle.css
15:53:28 | INFO | 	raw_path : b'/static/mystyle.css'
15:53:28 | INFO | 	query_string : b''
15:53:28 | INFO | 	app : <fastapi.applications.FastAPI object at 0x7f2c46c6a2f0>
15:53:28 | INFO | Response Body=304
15:53:28 | INFO | GET http://localhost:7777/static/js/jquery-3.6.1.min.js
15:53:28 | INFO | Params: 
15:53:28 | INFO | Headers:
15:53:28 | INFO | 	host: localhost:7777
15:53:28 | INFO | 	connection: close
15:53:28 | INFO | 	sec-ch-ua: "Not?A_Brand";v="8", "Chromium";v="108", "Yandex";v="23"
15:53:28 | INFO | 	sec-ch-ua-mobile: ?0
15:53:28 | INFO | 	user-agent: Mozilla/5.0 (Windows NT 10.0; Win64; x64) AppleWebKit/537.36 (KHTML, like Gecko) Chrome/108.0.0.0 YaBrowser/23.1.2.987 Yowser/2.5 Safari/537.36
15:53:28 | INFO | 	sec-ch-ua-platform: "Windows"
15:53:28 | INFO | 	accept: */*
15:53:28 | INFO | 	sec-fetch-site: same-origin
15:53:28 | INFO | 	sec-fetch-mode: no-cors
15:53:28 | INFO | 	sec-fetch-dest: script
15:53:28 | INFO | 	referer: https://admin.noboringdate.ru/login
15:53:28 | INFO | 	accept-encoding: gzip, deflate, br
15:53:28 | INFO | 	accept-language: ru,en;q=0.9
15:53:28 | INFO | 	if-none-match: 1adc76dcd09bfa45453fea3f7c67dcce
15:53:28 | INFO | 	if-modified-since: Fri, 10 Feb 2023 09:37:06 GMT
15:53:28 | INFO | Request:
15:53:28 | INFO | 	type : http
15:53:28 | INFO | 	asgi : {'version': '3.0', 'spec_version': '2.3'}
15:53:28 | INFO | 	http_version : 1.0
15:53:28 | INFO | 	server : ('192.168.64.2', 7777)
15:53:28 | INFO | 	client : ('192.168.64.1', 40514)
15:53:28 | INFO | 	scheme : http
15:53:28 | INFO | 	method : GET
15:53:28 | INFO | 	root_path : 
15:53:28 | INFO | 	path : /static/js/jquery-3.6.1.min.js
15:53:28 | INFO | 	raw_path : b'/static/js/jquery-3.6.1.min.js'
15:53:28 | INFO | 	query_string : b''
15:53:28 | INFO | 	app : <fastapi.applications.FastAPI object at 0x7f2c46c6a2f0>
15:53:28 | INFO | Response Body=304
15:53:28 | INFO | GET http://localhost:7777/static/js/bootstrap.min.js
15:53:28 | INFO | Params: 
15:53:28 | INFO | Headers:
15:53:28 | INFO | 	host: localhost:7777
15:53:28 | INFO | 	connection: close
15:53:28 | INFO | 	sec-ch-ua: "Not?A_Brand";v="8", "Chromium";v="108", "Yandex";v="23"
15:53:28 | INFO | 	sec-ch-ua-mobile: ?0
15:53:28 | INFO | 	user-agent: Mozilla/5.0 (Windows NT 10.0; Win64; x64) AppleWebKit/537.36 (KHTML, like Gecko) Chrome/108.0.0.0 YaBrowser/23.1.2.987 Yowser/2.5 Safari/537.36
15:53:28 | INFO | 	sec-ch-ua-platform: "Windows"
15:53:28 | INFO | 	accept: */*
15:53:28 | INFO | 	sec-fetch-site: same-origin
15:53:28 | INFO | 	sec-fetch-mode: no-cors
15:53:28 | INFO | 	sec-fetch-dest: script
15:53:28 | INFO | 	referer: https://admin.noboringdate.ru/login
15:53:28 | INFO | 	accept-encoding: gzip, deflate, br
15:53:28 | INFO | 	accept-language: ru,en;q=0.9
15:53:28 | INFO | 	if-none-match: 57c99eadbb83aaf60e924f89b47b135e
15:53:28 | INFO | 	if-modified-since: Fri, 10 Feb 2023 09:37:06 GMT
15:53:28 | INFO | Request:
15:53:28 | INFO | 	type : http
15:53:28 | INFO | 	asgi : {'version': '3.0', 'spec_version': '2.3'}
15:53:28 | INFO | 	http_version : 1.0
15:53:28 | INFO | 	server : ('192.168.64.2', 7777)
15:53:28 | INFO | 	client : ('192.168.64.1', 40526)
15:53:28 | INFO | 	scheme : http
15:53:28 | INFO | 	method : GET
15:53:28 | INFO | 	root_path : 
15:53:28 | INFO | 	path : /static/js/bootstrap.min.js
15:53:28 | INFO | 	raw_path : b'/static/js/bootstrap.min.js'
15:53:28 | INFO | 	query_string : b''
15:53:28 | INFO | 	app : <fastapi.applications.FastAPI object at 0x7f2c46c6a2f0>
15:53:28 | INFO | Response Body=304
15:53:28 | INFO | GET http://localhost:7777/static/js/bootstrap.bundle.min.js
15:53:28 | INFO | Params: 
15:53:28 | INFO | Headers:
15:53:28 | INFO | 	host: localhost:7777
15:53:28 | INFO | 	connection: close
15:53:28 | INFO | 	sec-ch-ua: "Not?A_Brand";v="8", "Chromium";v="108", "Yandex";v="23"
15:53:28 | INFO | 	sec-ch-ua-mobile: ?0
15:53:28 | INFO | 	user-agent: Mozilla/5.0 (Windows NT 10.0; Win64; x64) AppleWebKit/537.36 (KHTML, like Gecko) Chrome/108.0.0.0 YaBrowser/23.1.2.987 Yowser/2.5 Safari/537.36
15:53:28 | INFO | 	sec-ch-ua-platform: "Windows"
15:53:28 | INFO | 	accept: */*
15:53:28 | INFO | 	sec-fetch-site: same-origin
15:53:28 | INFO | 	sec-fetch-mode: no-cors
15:53:28 | INFO | 	sec-fetch-dest: script
15:53:28 | INFO | 	referer: https://admin.noboringdate.ru/login
15:53:28 | INFO | 	accept-encoding: gzip, deflate, br
15:53:28 | INFO | 	accept-language: ru,en;q=0.9
15:53:28 | INFO | 	if-none-match: e0ba2c9cb7bb7e8bbd0518b44289622d
15:53:28 | INFO | 	if-modified-since: Fri, 10 Feb 2023 09:37:06 GMT
15:53:28 | INFO | Request:
15:53:28 | INFO | 	type : http
15:53:28 | INFO | 	asgi : {'version': '3.0', 'spec_version': '2.3'}
15:53:28 | INFO | 	http_version : 1.0
15:53:28 | INFO | 	server : ('192.168.64.2', 7777)
15:53:28 | INFO | 	client : ('192.168.64.1', 40530)
15:53:28 | INFO | 	scheme : http
15:53:28 | INFO | 	method : GET
15:53:28 | INFO | 	root_path : 
15:53:28 | INFO | 	path : /static/js/bootstrap.bundle.min.js
15:53:28 | INFO | 	raw_path : b'/static/js/bootstrap.bundle.min.js'
15:53:28 | INFO | 	query_string : b''
15:53:28 | INFO | 	app : <fastapi.applications.FastAPI object at 0x7f2c46c6a2f0>
15:53:28 | INFO | Response Body=304
15:53:28 | INFO | GET http://localhost:7777/static/img/logo.png
15:53:28 | INFO | Params: 
15:53:28 | INFO | Headers:
15:53:28 | INFO | 	host: localhost:7777
15:53:28 | INFO | 	connection: close
15:53:28 | INFO | 	sec-ch-ua: "Not?A_Brand";v="8", "Chromium";v="108", "Yandex";v="23"
15:53:28 | INFO | 	sec-ch-ua-mobile: ?0
15:53:28 | INFO | 	user-agent: Mozilla/5.0 (Windows NT 10.0; Win64; x64) AppleWebKit/537.36 (KHTML, like Gecko) Chrome/108.0.0.0 YaBrowser/23.1.2.987 Yowser/2.5 Safari/537.36
15:53:28 | INFO | 	sec-ch-ua-platform: "Windows"
15:53:28 | INFO | 	accept: image/avif,image/webp,image/apng,image/svg+xml,image/*,*/*;q=0.8
15:53:28 | INFO | 	sec-fetch-site: same-origin
15:53:28 | INFO | 	sec-fetch-mode: no-cors
15:53:28 | INFO | 	sec-fetch-dest: image
15:53:28 | INFO | 	referer: https://admin.noboringdate.ru/login
15:53:28 | INFO | 	accept-encoding: gzip, deflate, br
15:53:28 | INFO | 	accept-language: ru,en;q=0.9
15:53:28 | INFO | 	if-none-match: 14499c0a2ef082dc215e82cacf986a71
15:53:28 | INFO | 	if-modified-since: Fri, 10 Feb 2023 09:37:06 GMT
15:53:28 | INFO | Request:
15:53:28 | INFO | 	type : http
15:53:28 | INFO | 	asgi : {'version': '3.0', 'spec_version': '2.3'}
15:53:28 | INFO | 	http_version : 1.0
15:53:28 | INFO | 	server : ('192.168.64.2', 7777)
15:53:28 | INFO | 	client : ('192.168.64.1', 40532)
15:53:28 | INFO | 	scheme : http
15:53:28 | INFO | 	method : GET
15:53:28 | INFO | 	root_path : 
15:53:28 | INFO | 	path : /static/img/logo.png
15:53:28 | INFO | 	raw_path : b'/static/img/logo.png'
15:53:28 | INFO | 	query_string : b''
15:53:28 | INFO | 	app : <fastapi.applications.FastAPI object at 0x7f2c46c6a2f0>
15:53:28 | INFO | Response Body=304
15:53:28 | INFO | GET http://localhost:7777/static/img/avatar.png
15:53:28 | INFO | Params: 
15:53:28 | INFO | Headers:
15:53:28 | INFO | 	host: localhost:7777
15:53:28 | INFO | 	connection: close
15:53:28 | INFO | 	sec-ch-ua: "Not?A_Brand";v="8", "Chromium";v="108", "Yandex";v="23"
15:53:28 | INFO | 	sec-ch-ua-mobile: ?0
15:53:28 | INFO | 	user-agent: Mozilla/5.0 (Windows NT 10.0; Win64; x64) AppleWebKit/537.36 (KHTML, like Gecko) Chrome/108.0.0.0 YaBrowser/23.1.2.987 Yowser/2.5 Safari/537.36
15:53:28 | INFO | 	sec-ch-ua-platform: "Windows"
15:53:28 | INFO | 	accept: image/avif,image/webp,image/apng,image/svg+xml,image/*,*/*;q=0.8
15:53:28 | INFO | 	sec-fetch-site: same-origin
15:53:28 | INFO | 	sec-fetch-mode: no-cors
15:53:28 | INFO | 	sec-fetch-dest: image
15:53:28 | INFO | 	referer: https://admin.noboringdate.ru/login
15:53:28 | INFO | 	accept-encoding: gzip, deflate, br
15:53:28 | INFO | 	accept-language: ru,en;q=0.9
15:53:28 | INFO | 	if-none-match: fb235adc33268942b470e01fccd8fdf6
15:53:28 | INFO | 	if-modified-since: Fri, 10 Feb 2023 09:37:06 GMT
15:53:28 | INFO | Request:
15:53:28 | INFO | 	type : http
15:53:28 | INFO | 	asgi : {'version': '3.0', 'spec_version': '2.3'}
15:53:28 | INFO | 	http_version : 1.0
15:53:28 | INFO | 	server : ('192.168.64.2', 7777)
15:53:28 | INFO | 	client : ('192.168.64.1', 40548)
15:53:28 | INFO | 	scheme : http
15:53:28 | INFO | 	method : GET
15:53:28 | INFO | 	root_path : 
15:53:28 | INFO | 	path : /static/img/avatar.png
15:53:28 | INFO | 	raw_path : b'/static/img/avatar.png'
15:53:28 | INFO | 	query_string : b''
15:53:28 | INFO | 	app : <fastapi.applications.FastAPI object at 0x7f2c46c6a2f0>
15:53:28 | INFO | Response Body=304
15:53:28 | INFO | GET http://localhost:7777/static/img/logout.png
15:53:28 | INFO | Params: 
15:53:28 | INFO | Headers:
15:53:28 | INFO | 	host: localhost:7777
15:53:28 | INFO | 	connection: close
15:53:28 | INFO | 	sec-ch-ua: "Not?A_Brand";v="8", "Chromium";v="108", "Yandex";v="23"
15:53:28 | INFO | 	sec-ch-ua-mobile: ?0
15:53:28 | INFO | 	user-agent: Mozilla/5.0 (Windows NT 10.0; Win64; x64) AppleWebKit/537.36 (KHTML, like Gecko) Chrome/108.0.0.0 YaBrowser/23.1.2.987 Yowser/2.5 Safari/537.36
15:53:28 | INFO | 	sec-ch-ua-platform: "Windows"
15:53:28 | INFO | 	accept: image/avif,image/webp,image/apng,image/svg+xml,image/*,*/*;q=0.8
15:53:28 | INFO | 	sec-fetch-site: same-origin
15:53:28 | INFO | 	sec-fetch-mode: no-cors
15:53:28 | INFO | 	sec-fetch-dest: image
15:53:28 | INFO | 	referer: https://admin.noboringdate.ru/login
15:53:28 | INFO | 	accept-encoding: gzip, deflate, br
15:53:28 | INFO | 	accept-language: ru,en;q=0.9
15:53:28 | INFO | 	if-none-match: 64c50da1920a6d93c08fc773d49a68ba
15:53:28 | INFO | 	if-modified-since: Fri, 10 Feb 2023 09:37:06 GMT
15:53:28 | INFO | Request:
15:53:28 | INFO | 	type : http
15:53:28 | INFO | 	asgi : {'version': '3.0', 'spec_version': '2.3'}
15:53:28 | INFO | 	http_version : 1.0
15:53:28 | INFO | 	server : ('192.168.64.2', 7777)
15:53:28 | INFO | 	client : ('192.168.64.1', 40550)
15:53:28 | INFO | 	scheme : http
15:53:28 | INFO | 	method : GET
15:53:28 | INFO | 	root_path : 
15:53:28 | INFO | 	path : /static/img/logout.png
15:53:28 | INFO | 	raw_path : b'/static/img/logout.png'
15:53:28 | INFO | 	query_string : b''
15:53:28 | INFO | 	app : <fastapi.applications.FastAPI object at 0x7f2c46c6a2f0>
15:53:28 | INFO | Response Body=304
15:53:30 | INFO | POST http://localhost:7777/login
15:53:30 | INFO | Params: 
15:53:30 | INFO | Headers:
15:53:30 | INFO | 	host: localhost:7777
15:53:30 | INFO | 	connection: close
15:53:30 | INFO | 	content-length: 249
15:53:30 | INFO | 	cache-control: max-age=0
15:53:30 | INFO | 	sec-ch-ua: "Not?A_Brand";v="8", "Chromium";v="108", "Yandex";v="23"
15:53:30 | INFO | 	sec-ch-ua-mobile: ?0
15:53:30 | INFO | 	sec-ch-ua-platform: "Windows"
15:53:30 | INFO | 	upgrade-insecure-requests: 1
15:53:30 | INFO | 	origin: https://admin.noboringdate.ru
15:53:30 | INFO | 	content-type: multipart/form-data; boundary=----WebKitFormBoundaryzQNAHfbvNL0SX0Fo
15:53:30 | INFO | 	user-agent: Mozilla/5.0 (Windows NT 10.0; Win64; x64) AppleWebKit/537.36 (KHTML, like Gecko) Chrome/108.0.0.0 YaBrowser/23.1.2.987 Yowser/2.5 Safari/537.36
15:53:30 | INFO | 	accept: text/html,application/xhtml+xml,application/xml;q=0.9,image/avif,image/webp,image/apng,*/*;q=0.8,application/signed-exchange;v=b3;q=0.9
15:53:30 | INFO | 	sec-fetch-site: same-origin
15:53:30 | INFO | 	sec-fetch-mode: navigate
15:53:30 | INFO | 	sec-fetch-user: ?1
15:53:30 | INFO | 	sec-fetch-dest: document
15:53:30 | INFO | 	referer: https://admin.noboringdate.ru/login
15:53:30 | INFO | 	accept-encoding: gzip, deflate, br
15:53:30 | INFO | 	accept-language: ru,en;q=0.9
15:53:30 | INFO | Request:
15:53:30 | INFO | 	type : http
15:53:30 | INFO | 	asgi : {'version': '3.0', 'spec_version': '2.3'}
15:53:30 | INFO | 	http_version : 1.0
15:53:30 | INFO | 	server : ('192.168.64.2', 7777)
15:53:30 | INFO | 	client : ('192.168.64.1', 40556)
15:53:30 | INFO | 	scheme : http
15:53:30 | INFO | 	method : POST
15:53:30 | INFO | 	root_path : 
15:53:30 | INFO | 	path : /login
15:53:30 | INFO | 	raw_path : b'/login'
15:53:30 | INFO | 	query_string : b''
15:53:30 | INFO | 	app : <fastapi.applications.FastAPI object at 0x7f2c46c6a2f0>
15:53:31 | INFO | Response Body=302
15:53:31 | INFO | GET http://localhost:7777/
15:53:31 | INFO | Params: 
15:53:31 | INFO | Headers:
15:53:31 | INFO | 	host: localhost:7777
15:53:31 | INFO | 	connection: close
15:53:31 | INFO | 	cache-control: max-age=0
15:53:31 | INFO | 	upgrade-insecure-requests: 1
15:53:31 | INFO | 	user-agent: Mozilla/5.0 (Windows NT 10.0; Win64; x64) AppleWebKit/537.36 (KHTML, like Gecko) Chrome/108.0.0.0 YaBrowser/23.1.2.987 Yowser/2.5 Safari/537.36
15:53:31 | INFO | 	accept: text/html,application/xhtml+xml,application/xml;q=0.9,image/avif,image/webp,image/apng,*/*;q=0.8,application/signed-exchange;v=b3;q=0.9
15:53:31 | INFO | 	sec-fetch-site: same-origin
15:53:31 | INFO | 	sec-fetch-mode: navigate
15:53:31 | INFO | 	sec-fetch-user: ?1
15:53:31 | INFO | 	sec-fetch-dest: document
15:53:31 | INFO | 	sec-ch-ua: "Not?A_Brand";v="8", "Chromium";v="108", "Yandex";v="23"
15:53:31 | INFO | 	sec-ch-ua-mobile: ?0
15:53:31 | INFO | 	sec-ch-ua-platform: "Windows"
15:53:31 | INFO | 	referer: https://admin.noboringdate.ru/login
15:53:31 | INFO | 	accept-encoding: gzip, deflate, br
15:53:31 | INFO | 	accept-language: ru,en;q=0.9
15:53:31 | INFO | 	cookie: token=d219996ea1ca4d168c2aba83bea446a6; username=eugen
15:53:31 | INFO | Request:
15:53:31 | INFO | 	type : http
15:53:31 | INFO | 	asgi : {'version': '3.0', 'spec_version': '2.3'}
15:53:31 | INFO | 	http_version : 1.0
15:53:31 | INFO | 	server : ('192.168.64.2', 7777)
15:53:31 | INFO | 	client : ('192.168.64.1', 40564)
15:53:31 | INFO | 	scheme : http
15:53:31 | INFO | 	method : GET
15:53:31 | INFO | 	root_path : 
15:53:31 | INFO | 	path : /
15:53:31 | INFO | 	raw_path : b'/'
15:53:31 | INFO | 	query_string : b''
15:53:31 | INFO | 	app : <fastapi.applications.FastAPI object at 0x7f2c46c6a2f0>
15:53:31 | INFO | Response Body=200
15:53:33 | INFO | GET http://localhost:7777/promoters/
15:53:33 | INFO | Params: 
15:53:33 | INFO | Headers:
15:53:33 | INFO | 	host: localhost:7777
15:53:33 | INFO | 	connection: close
15:53:33 | INFO | 	sec-ch-ua: "Not?A_Brand";v="8", "Chromium";v="108", "Yandex";v="23"
15:53:33 | INFO | 	sec-ch-ua-mobile: ?0
15:53:33 | INFO | 	sec-ch-ua-platform: "Windows"
15:53:33 | INFO | 	upgrade-insecure-requests: 1
15:53:33 | INFO | 	user-agent: Mozilla/5.0 (Windows NT 10.0; Win64; x64) AppleWebKit/537.36 (KHTML, like Gecko) Chrome/108.0.0.0 YaBrowser/23.1.2.987 Yowser/2.5 Safari/537.36
15:53:33 | INFO | 	accept: text/html,application/xhtml+xml,application/xml;q=0.9,image/avif,image/webp,image/apng,*/*;q=0.8,application/signed-exchange;v=b3;q=0.9
15:53:33 | INFO | 	sec-fetch-site: same-origin
15:53:33 | INFO | 	sec-fetch-mode: navigate
15:53:33 | INFO | 	sec-fetch-user: ?1
15:53:33 | INFO | 	sec-fetch-dest: document
15:53:33 | INFO | 	referer: https://admin.noboringdate.ru/
15:53:33 | INFO | 	accept-encoding: gzip, deflate, br
15:53:33 | INFO | 	accept-language: ru,en;q=0.9
15:53:33 | INFO | 	cookie: token=d219996ea1ca4d168c2aba83bea446a6; username=eugen
15:53:33 | INFO | Request:
15:53:33 | INFO | 	type : http
15:53:33 | INFO | 	asgi : {'version': '3.0', 'spec_version': '2.3'}
15:53:33 | INFO | 	http_version : 1.0
15:53:33 | INFO | 	server : ('192.168.64.2', 7777)
15:53:33 | INFO | 	client : ('192.168.64.1', 40580)
15:53:33 | INFO | 	scheme : http
15:53:33 | INFO | 	method : GET
15:53:33 | INFO | 	root_path : 
15:53:33 | INFO | 	path : /promoters/
15:53:33 | INFO | 	raw_path : b'/promoters/'
15:53:33 | INFO | 	query_string : b''
15:53:33 | INFO | 	app : <fastapi.applications.FastAPI object at 0x7f2c46c6a2f0>
15:53:33 | INFO | Response Body=200
15:53:33 | INFO | GET http://localhost:7777/static/img/copy.png
15:53:33 | INFO | Params: 
15:53:33 | INFO | Headers:
15:53:33 | INFO | 	host: localhost:7777
15:53:33 | INFO | 	connection: close
15:53:33 | INFO | 	sec-ch-ua: "Not?A_Brand";v="8", "Chromium";v="108", "Yandex";v="23"
15:53:33 | INFO | 	sec-ch-ua-mobile: ?0
15:53:33 | INFO | 	user-agent: Mozilla/5.0 (Windows NT 10.0; Win64; x64) AppleWebKit/537.36 (KHTML, like Gecko) Chrome/108.0.0.0 YaBrowser/23.1.2.987 Yowser/2.5 Safari/537.36
15:53:33 | INFO | 	sec-ch-ua-platform: "Windows"
15:53:33 | INFO | 	accept: image/avif,image/webp,image/apng,image/svg+xml,image/*,*/*;q=0.8
15:53:33 | INFO | 	sec-fetch-site: same-origin
15:53:33 | INFO | 	sec-fetch-mode: no-cors
15:53:33 | INFO | 	sec-fetch-dest: image
15:53:33 | INFO | 	referer: https://admin.noboringdate.ru/promoters/
15:53:33 | INFO | 	accept-encoding: gzip, deflate, br
15:53:33 | INFO | 	accept-language: ru,en;q=0.9
15:53:33 | INFO | 	cookie: token=d219996ea1ca4d168c2aba83bea446a6; username=eugen
15:53:33 | INFO | 	if-none-match: 79455e5539feea108e3f7a89e665dc5b
15:53:33 | INFO | 	if-modified-since: Fri, 10 Feb 2023 09:37:06 GMT
15:53:33 | INFO | Request:
15:53:33 | INFO | 	type : http
15:53:33 | INFO | 	asgi : {'version': '3.0', 'spec_version': '2.3'}
15:53:33 | INFO | 	http_version : 1.0
15:53:33 | INFO | 	server : ('192.168.64.2', 7777)
15:53:33 | INFO | 	client : ('192.168.64.1', 40594)
15:53:33 | INFO | 	scheme : http
15:53:33 | INFO | 	method : GET
15:53:33 | INFO | 	root_path : 
15:53:33 | INFO | 	path : /static/img/copy.png
15:53:33 | INFO | 	raw_path : b'/static/img/copy.png'
15:53:33 | INFO | 	query_string : b''
15:53:33 | INFO | 	app : <fastapi.applications.FastAPI object at 0x7f2c46c6a2f0>
15:53:33 | INFO | Response Body=304
15:53:33 | INFO | GET http://localhost:7777/static/img/delete_btn.png
15:53:33 | INFO | Params: 
15:53:33 | INFO | Headers:
15:53:33 | INFO | 	host: localhost:7777
15:53:33 | INFO | 	connection: close
15:53:33 | INFO | 	sec-ch-ua: "Not?A_Brand";v="8", "Chromium";v="108", "Yandex";v="23"
15:53:33 | INFO | 	sec-ch-ua-mobile: ?0
15:53:33 | INFO | 	user-agent: Mozilla/5.0 (Windows NT 10.0; Win64; x64) AppleWebKit/537.36 (KHTML, like Gecko) Chrome/108.0.0.0 YaBrowser/23.1.2.987 Yowser/2.5 Safari/537.36
15:53:33 | INFO | 	sec-ch-ua-platform: "Windows"
15:53:33 | INFO | 	accept: image/avif,image/webp,image/apng,image/svg+xml,image/*,*/*;q=0.8
15:53:33 | INFO | 	sec-fetch-site: same-origin
15:53:33 | INFO | 	sec-fetch-mode: no-cors
15:53:33 | INFO | 	sec-fetch-dest: image
15:53:33 | INFO | 	referer: https://admin.noboringdate.ru/promoters/
15:53:33 | INFO | 	accept-encoding: gzip, deflate, br
15:53:33 | INFO | 	accept-language: ru,en;q=0.9
15:53:33 | INFO | 	cookie: token=d219996ea1ca4d168c2aba83bea446a6; username=eugen
15:53:33 | INFO | 	if-none-match: 8923b926d9408aec55096886ce162729
15:53:33 | INFO | 	if-modified-since: Fri, 10 Feb 2023 09:37:06 GMT
15:53:33 | INFO | Request:
15:53:33 | INFO | 	type : http
15:53:33 | INFO | 	asgi : {'version': '3.0', 'spec_version': '2.3'}
15:53:33 | INFO | 	http_version : 1.0
15:53:33 | INFO | 	server : ('192.168.64.2', 7777)
15:53:33 | INFO | 	client : ('192.168.64.1', 40606)
15:53:33 | INFO | 	scheme : http
15:53:33 | INFO | 	method : GET
15:53:33 | INFO | 	root_path : 
15:53:33 | INFO | 	path : /static/img/delete_btn.png
15:53:33 | INFO | 	raw_path : b'/static/img/delete_btn.png'
15:53:33 | INFO | 	query_string : b''
15:53:33 | INFO | 	app : <fastapi.applications.FastAPI object at 0x7f2c46c6a2f0>
15:53:33 | INFO | GET http://localhost:7777/static/img/12.jpg
15:53:33 | INFO | Params: 
15:53:33 | INFO | Headers:
15:53:33 | INFO | 	host: localhost:7777
15:53:33 | INFO | 	connection: close
15:53:33 | INFO | 	sec-ch-ua: "Not?A_Brand";v="8", "Chromium";v="108", "Yandex";v="23"
15:53:33 | INFO | 	sec-ch-ua-mobile: ?0
15:53:33 | INFO | 	user-agent: Mozilla/5.0 (Windows NT 10.0; Win64; x64) AppleWebKit/537.36 (KHTML, like Gecko) Chrome/108.0.0.0 YaBrowser/23.1.2.987 Yowser/2.5 Safari/537.36
15:53:33 | INFO | 	sec-ch-ua-platform: "Windows"
15:53:33 | INFO | 	accept: image/avif,image/webp,image/apng,image/svg+xml,image/*,*/*;q=0.8
15:53:33 | INFO | 	sec-fetch-site: same-origin
15:53:33 | INFO | 	sec-fetch-mode: no-cors
15:53:33 | INFO | 	sec-fetch-dest: image
15:53:33 | INFO | 	referer: https://admin.noboringdate.ru/promoters/
15:53:33 | INFO | 	accept-encoding: gzip, deflate, br
15:53:33 | INFO | 	accept-language: ru,en;q=0.9
15:53:33 | INFO | 	cookie: token=d219996ea1ca4d168c2aba83bea446a6; username=eugen
15:53:33 | INFO | 	if-none-match: 409b3553b4138aaa2335086c13e50368
15:53:33 | INFO | 	if-modified-since: Fri, 10 Feb 2023 09:37:06 GMT
15:53:33 | INFO | Request:
15:53:33 | INFO | 	type : http
15:53:33 | INFO | 	asgi : {'version': '3.0', 'spec_version': '2.3'}
15:53:33 | INFO | 	http_version : 1.0
15:53:33 | INFO | 	server : ('192.168.64.2', 7777)
15:53:33 | INFO | 	client : ('192.168.64.1', 40608)
15:53:33 | INFO | 	scheme : http
15:53:33 | INFO | 	method : GET
15:53:33 | INFO | 	root_path : 
15:53:33 | INFO | 	path : /static/img/12.jpg
15:53:33 | INFO | 	raw_path : b'/static/img/12.jpg'
15:53:33 | INFO | 	query_string : b''
15:53:33 | INFO | 	app : <fastapi.applications.FastAPI object at 0x7f2c46c6a2f0>
15:53:33 | INFO | Response Body=304
15:53:33 | INFO | Response Body=304
16:23:40 | INFO | GET http://46.229.212.89:7777/
16:23:40 | INFO | Params: 
16:23:40 | INFO | Headers:
16:23:40 | INFO | 	host: 46.229.212.89:7777
16:23:40 | INFO | 	user-agent: Mozilla/5.0 (compatible; CensysInspect/1.1; +https://about.censys.io/)
16:23:40 | INFO | 	accept: */*
16:23:40 | INFO | 	accept-encoding: gzip
16:23:40 | INFO | Request:
16:23:40 | INFO | 	type : http
16:23:40 | INFO | 	asgi : {'version': '3.0', 'spec_version': '2.3'}
16:23:40 | INFO | 	http_version : 1.1
16:23:40 | INFO | 	server : ('192.168.64.2', 7777)
16:23:40 | INFO | 	client : ('167.94.138.61', 58042)
16:23:40 | INFO | 	scheme : http
16:23:40 | INFO | 	method : GET
16:23:40 | INFO | 	root_path : 
16:23:40 | INFO | 	path : /
16:23:40 | INFO | 	raw_path : b'/'
16:23:40 | INFO | 	query_string : b''
16:23:40 | INFO | 	app : <fastapi.applications.FastAPI object at 0x7f2c46c6a2f0>
16:23:40 | INFO | Response Body=307
16:23:40 | INFO | PRI http://192.168.64.2:7777*
16:23:40 | INFO | Params: 
16:23:40 | INFO | Headers:
16:23:40 | INFO | Request:
16:23:40 | INFO | 	type : http
16:23:40 | INFO | 	asgi : {'version': '3.0', 'spec_version': '2.3'}
16:23:40 | INFO | 	http_version : 2.0
16:23:40 | INFO | 	server : ('192.168.64.2', 7777)
16:23:40 | INFO | 	client : ('167.94.138.61', 43614)
16:23:40 | INFO | 	scheme : http
16:23:40 | INFO | 	method : PRI
16:23:40 | INFO | 	root_path : 
16:23:40 | INFO | 	path : *
16:23:40 | INFO | 	raw_path : b'*'
16:23:40 | INFO | 	query_string : b''
16:23:40 | INFO | 	app : <fastapi.applications.FastAPI object at 0x7f2c46c6a2f0>
16:23:40 | INFO | Response Body=404
16:23:40 | INFO | GET http://46.229.212.89:7777/login
16:23:40 | INFO | Params: 
16:23:40 | INFO | Headers:
16:23:40 | INFO | 	host: 46.229.212.89:7777
16:23:40 | INFO | 	user-agent: Mozilla/5.0 (compatible; CensysInspect/1.1; +https://about.censys.io/)
16:23:40 | INFO | 	accept: */*
16:23:40 | INFO | 	accept-encoding: gzip
16:23:40 | INFO | Request:
16:23:40 | INFO | 	type : http
16:23:40 | INFO | 	asgi : {'version': '3.0', 'spec_version': '2.3'}
16:23:40 | INFO | 	http_version : 1.1
16:23:40 | INFO | 	server : ('192.168.64.2', 7777)
16:23:40 | INFO | 	client : ('167.94.138.61', 49920)
16:23:40 | INFO | 	scheme : http
16:23:40 | INFO | 	method : GET
16:23:40 | INFO | 	root_path : 
16:23:40 | INFO | 	path : /login
16:23:40 | INFO | 	raw_path : b'/login'
16:23:40 | INFO | 	query_string : b''
16:23:40 | INFO | 	app : <fastapi.applications.FastAPI object at 0x7f2c46c6a2f0>
16:23:40 | INFO | Response Body=200
16:23:41 | INFO | PRI http://192.168.64.2:7777*
16:23:41 | INFO | Params: 
16:23:41 | INFO | Headers:
16:23:41 | INFO | Request:
16:23:41 | INFO | 	type : http
16:23:41 | INFO | 	asgi : {'version': '3.0', 'spec_version': '2.3'}
16:23:41 | INFO | 	http_version : 2.0
16:23:41 | INFO | 	server : ('192.168.64.2', 7777)
16:23:41 | INFO | 	client : ('167.94.138.61', 59464)
16:23:41 | INFO | 	scheme : http
16:23:41 | INFO | 	method : PRI
16:23:41 | INFO | 	root_path : 
16:23:41 | INFO | 	path : *
16:23:41 | INFO | 	raw_path : b'*'
16:23:41 | INFO | 	query_string : b''
16:23:41 | INFO | 	app : <fastapi.applications.FastAPI object at 0x7f2c46c6a2f0>
16:23:41 | INFO | Response Body=404
16:23:41 | INFO | GET http://46.229.212.89:7777/favicon.ico
16:23:41 | INFO | Params: 
16:23:41 | INFO | Headers:
16:23:41 | INFO | 	host: 46.229.212.89:7777
16:23:41 | INFO | 	user-agent: Mozilla/5.0 (compatible; CensysInspect/1.1; +https://about.censys.io/)
16:23:41 | INFO | 	accept-encoding: gzip
16:23:41 | INFO | 	connection: close
16:23:41 | INFO | Request:
16:23:41 | INFO | 	type : http
16:23:41 | INFO | 	asgi : {'version': '3.0', 'spec_version': '2.3'}
16:23:41 | INFO | 	http_version : 1.1
16:23:41 | INFO | 	server : ('192.168.64.2', 7777)
16:23:41 | INFO | 	client : ('167.94.138.61', 38248)
16:23:41 | INFO | 	scheme : http
16:23:41 | INFO | 	method : GET
16:23:41 | INFO | 	root_path : 
16:23:41 | INFO | 	path : /favicon.ico
16:23:41 | INFO | 	raw_path : b'/favicon.ico'
16:23:41 | INFO | 	query_string : b''
16:23:41 | INFO | 	app : <fastapi.applications.FastAPI object at 0x7f2c46c6a2f0>
16:23:41 | INFO | Response Body=404
17:10:48 | INFO | GET http://localhost:7777/cgi-bin/luci
17:10:48 | INFO | Params: 
17:10:48 | INFO | Headers:
17:10:48 | INFO | 	host: localhost:7777
17:10:48 | INFO | 	connection: close
17:10:48 | INFO | 	user-agent: Mozilla/5.0 (Windows; U; Windows NT 5.1; rv:1.7.3) Gecko/20041001 Firefox/0.10.1
17:10:48 | INFO | 	accept: */*
17:10:48 | INFO | Request:
17:10:48 | INFO | 	type : http
17:10:48 | INFO | 	asgi : {'version': '3.0', 'spec_version': '2.3'}
17:10:48 | INFO | 	http_version : 1.0
17:10:48 | INFO | 	server : ('192.168.64.2', 7777)
17:10:48 | INFO | 	client : ('192.168.64.1', 52524)
17:10:48 | INFO | 	scheme : http
17:10:48 | INFO | 	method : GET
17:10:48 | INFO | 	root_path : 
17:10:48 | INFO | 	path : /cgi-bin/luci
17:10:48 | INFO | 	raw_path : b'/cgi-bin/luci'
17:10:48 | INFO | 	query_string : b''
17:10:48 | INFO | 	app : <fastapi.applications.FastAPI object at 0x7f2c46c6a2f0>
17:10:48 | INFO | Response Body=404
17:25:35 | INFO | GET http://localhost:7777/
17:25:35 | INFO | Params: 
17:25:35 | INFO | Headers:
17:25:35 | INFO | 	host: localhost:7777
17:25:35 | INFO | 	connection: close
17:25:35 | INFO | Request:
17:25:35 | INFO | 	type : http
17:25:35 | INFO | 	asgi : {'version': '3.0', 'spec_version': '2.3'}
17:25:35 | INFO | 	http_version : 1.0
17:25:35 | INFO | 	server : ('192.168.64.2', 7777)
17:25:35 | INFO | 	client : ('192.168.64.1', 59708)
17:25:35 | INFO | 	scheme : http
17:25:35 | INFO | 	method : GET
17:25:35 | INFO | 	root_path : 
17:25:35 | INFO | 	path : /
17:25:35 | INFO | 	raw_path : b'/'
17:25:35 | INFO | 	query_string : b''
17:25:35 | INFO | 	app : <fastapi.applications.FastAPI object at 0x7f2c46c6a2f0>
17:25:35 | INFO | Response Body=307
17:25:36 | INFO | GET http://localhost:7777/
17:25:36 | INFO | Params: 
17:25:36 | INFO | Headers:
17:25:36 | INFO | 	host: localhost:7777
17:25:36 | INFO | 	connection: close
17:25:36 | INFO | 	user-agent: Mozilla/5.0 (compatible; CensysInspect/1.1; +https://about.censys.io/)
17:25:36 | INFO | 	accept: */*
17:25:36 | INFO | 	accept-encoding: gzip
17:25:36 | INFO | Request:
17:25:36 | INFO | 	type : http
17:25:36 | INFO | 	asgi : {'version': '3.0', 'spec_version': '2.3'}
17:25:36 | INFO | 	http_version : 1.0
17:25:36 | INFO | 	server : ('192.168.64.2', 7777)
17:25:36 | INFO | 	client : ('192.168.64.1', 59724)
17:25:36 | INFO | 	scheme : http
17:25:36 | INFO | 	method : GET
17:25:36 | INFO | 	root_path : 
17:25:36 | INFO | 	path : /
17:25:36 | INFO | 	raw_path : b'/'
17:25:36 | INFO | 	query_string : b''
17:25:36 | INFO | 	app : <fastapi.applications.FastAPI object at 0x7f2c46c6a2f0>
17:25:36 | INFO | Response Body=307
17:25:36 | INFO | GET http://localhost:7777/login
17:25:36 | INFO | Params: 
17:25:36 | INFO | Headers:
17:25:36 | INFO | 	host: localhost:7777
17:25:36 | INFO | 	connection: close
17:25:36 | INFO | 	user-agent: Mozilla/5.0 (compatible; CensysInspect/1.1; +https://about.censys.io/)
17:25:36 | INFO | 	accept: */*
17:25:36 | INFO | 	accept-encoding: gzip
17:25:36 | INFO | Request:
17:25:36 | INFO | 	type : http
17:25:36 | INFO | 	asgi : {'version': '3.0', 'spec_version': '2.3'}
17:25:36 | INFO | 	http_version : 1.0
17:25:36 | INFO | 	server : ('192.168.64.2', 7777)
17:25:36 | INFO | 	client : ('192.168.64.1', 59738)
17:25:36 | INFO | 	scheme : http
17:25:36 | INFO | 	method : GET
17:25:36 | INFO | 	root_path : 
17:25:36 | INFO | 	path : /login
17:25:36 | INFO | 	raw_path : b'/login'
17:25:36 | INFO | 	query_string : b''
17:25:36 | INFO | 	app : <fastapi.applications.FastAPI object at 0x7f2c46c6a2f0>
17:25:36 | INFO | Response Body=200
17:25:37 | INFO | GET http://localhost:7777/favicon.ico
17:25:37 | INFO | Params: 
17:25:37 | INFO | Headers:
17:25:37 | INFO | 	host: localhost:7777
17:25:37 | INFO | 	connection: close
17:25:37 | INFO | 	user-agent: Mozilla/5.0 (compatible; CensysInspect/1.1; +https://about.censys.io/)
17:25:37 | INFO | 	accept-encoding: gzip
17:25:37 | INFO | Request:
17:25:37 | INFO | 	type : http
17:25:37 | INFO | 	asgi : {'version': '3.0', 'spec_version': '2.3'}
17:25:37 | INFO | 	http_version : 1.0
17:25:37 | INFO | 	server : ('192.168.64.2', 7777)
17:25:37 | INFO | 	client : ('192.168.64.1', 59742)
17:25:37 | INFO | 	scheme : http
17:25:37 | INFO | 	method : GET
17:25:37 | INFO | 	root_path : 
17:25:37 | INFO | 	path : /favicon.ico
17:25:37 | INFO | 	raw_path : b'/favicon.ico'
17:25:37 | INFO | 	query_string : b''
17:25:37 | INFO | 	app : <fastapi.applications.FastAPI object at 0x7f2c46c6a2f0>
17:25:37 | INFO | Response Body=404
17:54:14 | INFO | GET http://localhost:7777/autodiscover/autodiscover.json?@zdi/Powershell
17:54:14 | INFO | Params: %40zdi%2FPowershell=
17:54:14 | INFO | Headers:
17:54:14 | INFO | 	host: localhost:7777
17:54:14 | INFO | 	connection: close
17:54:14 | INFO | 	user-agent: Mozilla/5.0 zgrab/0.x
17:54:14 | INFO | 	accept: */*
17:54:14 | INFO | 	accept-encoding: gzip
17:54:14 | INFO | Request:
17:54:14 | INFO | 	type : http
17:54:14 | INFO | 	asgi : {'version': '3.0', 'spec_version': '2.3'}
17:54:14 | INFO | 	http_version : 1.0
17:54:14 | INFO | 	server : ('192.168.64.2', 7777)
17:54:14 | INFO | 	client : ('192.168.64.1', 36554)
17:54:14 | INFO | 	scheme : http
17:54:14 | INFO | 	method : GET
17:54:14 | INFO | 	root_path : 
17:54:14 | INFO | 	path : /autodiscover/autodiscover.json
17:54:14 | INFO | 	raw_path : b'/autodiscover/autodiscover.json'
17:54:14 | INFO | 	query_string : b'@zdi/Powershell'
17:54:14 | INFO | 	app : <fastapi.applications.FastAPI object at 0x7f2c46c6a2f0>
17:54:14 | INFO | Response Body=404
18:00:46 | INFO | GET http://localhost:7777/favicon.ico
18:00:46 | INFO | Params: 
18:00:46 | INFO | Headers:
18:00:46 | INFO | 	host: localhost:7777
18:00:46 | INFO | 	connection: close
18:00:46 | INFO | 	sec-fetch-site: none
18:00:46 | INFO | 	sec-fetch-mode: no-cors
18:00:46 | INFO | 	sec-fetch-dest: empty
18:00:46 | INFO | 	user-agent: Mozilla/5.0 (Windows NT 10.0; Win64; x64) AppleWebKit/537.36 (KHTML, like Gecko) Chrome/108.0.0.0 YaBrowser/23.1.2.987 Yowser/2.5 Safari/537.36
18:00:46 | INFO | 	accept-encoding: gzip, deflate, br
18:00:46 | INFO | 	accept-language: ru,en;q=0.9
18:00:46 | INFO | Request:
18:00:46 | INFO | 	type : http
18:00:46 | INFO | 	asgi : {'version': '3.0', 'spec_version': '2.3'}
18:00:46 | INFO | 	http_version : 1.0
18:00:46 | INFO | 	server : ('192.168.64.2', 7777)
18:00:46 | INFO | 	client : ('192.168.64.1', 45290)
18:00:46 | INFO | 	scheme : http
18:00:46 | INFO | 	method : GET
18:00:46 | INFO | 	root_path : 
18:00:46 | INFO | 	path : /favicon.ico
18:00:46 | INFO | 	raw_path : b'/favicon.ico'
18:00:46 | INFO | 	query_string : b''
18:00:46 | INFO | 	app : <fastapi.applications.FastAPI object at 0x7f2c46c6a2f0>
18:00:46 | INFO | Response Body=404
18:01:55 | INFO | GET http://localhost:7777/
18:01:55 | INFO | Params: 
18:01:55 | INFO | Headers:
18:01:55 | INFO | 	host: localhost:7777
18:01:55 | INFO | 	connection: close
18:01:55 | INFO | 	accept: text/html,application/xhtml+xml,application/xml;q=0.9,*/*;q=0.8
18:01:55 | INFO | 	accept-encoding: deflate, gzip, identity
18:01:55 | INFO | 	accept-language: en-US;q=0.6,en;q=0.4
18:01:55 | INFO | 	user-agent: Mozilla/5.0 (Windows NT 5.1; rv:9.0.1) Gecko/20100101 Firefox/9.0.1
18:01:55 | INFO | Request:
18:01:55 | INFO | 	type : http
18:01:55 | INFO | 	asgi : {'version': '3.0', 'spec_version': '2.3'}
18:01:55 | INFO | 	http_version : 1.0
18:01:55 | INFO | 	server : ('192.168.64.2', 7777)
18:01:55 | INFO | 	client : ('192.168.64.1', 42660)
18:01:55 | INFO | 	scheme : http
18:01:55 | INFO | 	method : GET
18:01:55 | INFO | 	root_path : 
18:01:55 | INFO | 	path : /
18:01:55 | INFO | 	raw_path : b'/'
18:01:55 | INFO | 	query_string : b''
18:01:55 | INFO | 	app : <fastapi.applications.FastAPI object at 0x7f2c46c6a2f0>
18:01:55 | INFO | Response Body=307
18:01:55 | INFO | GET http://localhost:7777/login
18:01:55 | INFO | Params: 
18:01:55 | INFO | Headers:
18:01:55 | INFO | 	host: localhost:7777
18:01:55 | INFO | 	connection: close
18:01:55 | INFO | 	accept: text/html,application/xhtml+xml,application/xml;q=0.9,*/*;q=0.8
18:01:55 | INFO | 	accept-encoding: deflate, gzip, identity
18:01:55 | INFO | 	accept-language: en-US;q=0.6,en;q=0.4
18:01:55 | INFO | 	user-agent: Mozilla/5.0 (Windows NT 5.1; rv:9.0.1) Gecko/20100101 Firefox/9.0.1
18:01:55 | INFO | Request:
18:01:55 | INFO | 	type : http
18:01:55 | INFO | 	asgi : {'version': '3.0', 'spec_version': '2.3'}
18:01:55 | INFO | 	http_version : 1.0
18:01:55 | INFO | 	server : ('192.168.64.2', 7777)
18:01:55 | INFO | 	client : ('192.168.64.1', 42670)
18:01:55 | INFO | 	scheme : http
18:01:55 | INFO | 	method : GET
18:01:55 | INFO | 	root_path : 
18:01:55 | INFO | 	path : /login
18:01:55 | INFO | 	raw_path : b'/login'
18:01:55 | INFO | 	query_string : b''
18:01:55 | INFO | 	app : <fastapi.applications.FastAPI object at 0x7f2c46c6a2f0>
18:01:55 | INFO | Response Body=200
18:48:21 | INFO | GET http://localhost:7777/owa/auth/logon.aspx?url=https%3a%2f%2f1%2fecp%2f
18:48:21 | INFO | Params: url=https%3A%2F%2F1%2Fecp%2F
18:48:21 | INFO | Headers:
18:48:21 | INFO | 	host: localhost:7777
18:48:21 | INFO | 	connection: close
18:48:21 | INFO | 	user-agent: Mozilla/5.0 zgrab/0.x
18:48:21 | INFO | 	accept: */*
18:48:21 | INFO | 	accept-encoding: gzip
18:48:21 | INFO | Request:
18:48:21 | INFO | 	type : http
18:48:21 | INFO | 	asgi : {'version': '3.0', 'spec_version': '2.3'}
18:48:21 | INFO | 	http_version : 1.0
18:48:21 | INFO | 	server : ('192.168.64.2', 7777)
18:48:21 | INFO | 	client : ('192.168.64.1', 49562)
18:48:21 | INFO | 	scheme : http
18:48:21 | INFO | 	method : GET
18:48:21 | INFO | 	root_path : 
18:48:21 | INFO | 	path : /owa/auth/logon.aspx
18:48:21 | INFO | 	raw_path : b'/owa/auth/logon.aspx'
18:48:21 | INFO | 	query_string : b'url=https%3a%2f%2f1%2fecp%2f'
18:48:21 | INFO | 	app : <fastapi.applications.FastAPI object at 0x7f2c46c6a2f0>
18:48:21 | INFO | Response Body=404
18:58:01 | INFO | GET http://localhost:7777/
18:58:01 | INFO | Params: 
18:58:01 | INFO | Headers:
18:58:01 | INFO | 	host: localhost:7777
18:58:01 | INFO | 	connection: close
18:58:01 | INFO | 	user-agent: Mozilla/5.0 (Macintosh; Intel Mac OS X 10.11; rv:47.0) Gecko/20100101 Firefox/47.0
18:58:01 | INFO | 	accept: */*
18:58:01 | INFO | Request:
18:58:01 | INFO | 	type : http
18:58:01 | INFO | 	asgi : {'version': '3.0', 'spec_version': '2.3'}
18:58:01 | INFO | 	http_version : 1.0
18:58:01 | INFO | 	server : ('192.168.64.2', 7777)
18:58:01 | INFO | 	client : ('192.168.64.1', 39008)
18:58:01 | INFO | 	scheme : http
18:58:01 | INFO | 	method : GET
18:58:01 | INFO | 	root_path : 
18:58:01 | INFO | 	path : /
18:58:01 | INFO | 	raw_path : b'/'
18:58:01 | INFO | 	query_string : b''
18:58:01 | INFO | 	app : <fastapi.applications.FastAPI object at 0x7f2c46c6a2f0>
18:58:01 | INFO | Response Body=307
18:58:14 | INFO | GET http://localhost:7777/login
18:58:14 | INFO | Params: 
18:58:14 | INFO | Headers:
18:58:14 | INFO | 	host: localhost:7777
18:58:14 | INFO | 	connection: close
18:58:14 | INFO | 	user-agent: Mozilla/5.0 (Macintosh; Intel Mac OS X 10.11; rv:47.0) Gecko/20100101 Firefox/47.0
18:58:14 | INFO | 	accept: */*
18:58:14 | INFO | Request:
18:58:14 | INFO | 	type : http
18:58:14 | INFO | 	asgi : {'version': '3.0', 'spec_version': '2.3'}
18:58:14 | INFO | 	http_version : 1.0
18:58:14 | INFO | 	server : ('192.168.64.2', 7777)
18:58:14 | INFO | 	client : ('192.168.64.1', 36246)
18:58:14 | INFO | 	scheme : http
18:58:14 | INFO | 	method : GET
18:58:14 | INFO | 	root_path : 
18:58:14 | INFO | 	path : /login
18:58:14 | INFO | 	raw_path : b'/login'
18:58:14 | INFO | 	query_string : b''
18:58:14 | INFO | 	app : <fastapi.applications.FastAPI object at 0x7f2c46c6a2f0>
18:58:14 | INFO | Response Body=200
19:03:50 | INFO | GET http://localhost:7777/
19:03:50 | INFO | Params: 
19:03:50 | INFO | Headers:
19:03:50 | INFO | 	host: localhost:7777
19:03:50 | INFO | 	connection: close
19:03:50 | INFO | 	user-agent: Mozilla/5.0 (Windows NT 6.1; WOW64) AppleWebKit/537.36 (KHTML, like Gecko) Chrome/63.0.3239.132 Safari/537.36 QIHU 360SE
19:03:50 | INFO | 	accept: */*
19:03:50 | INFO | 	accept-encoding: gzip
19:03:50 | INFO | Request:
19:03:50 | INFO | 	type : http
19:03:50 | INFO | 	asgi : {'version': '3.0', 'spec_version': '2.3'}
19:03:50 | INFO | 	http_version : 1.0
19:03:50 | INFO | 	server : ('192.168.64.2', 7777)
19:03:50 | INFO | 	client : ('192.168.64.1', 37586)
19:03:50 | INFO | 	scheme : http
19:03:50 | INFO | 	method : GET
19:03:50 | INFO | 	root_path : 
19:03:50 | INFO | 	path : /
19:03:50 | INFO | 	raw_path : b'/'
19:03:50 | INFO | 	query_string : b''
19:03:50 | INFO | 	app : <fastapi.applications.FastAPI object at 0x7f2c46c6a2f0>
19:03:50 | INFO | Response Body=307
19:03:52 | INFO | GET http://localhost:7777/login
19:03:52 | INFO | Params: 
19:03:52 | INFO | Headers:
19:03:52 | INFO | 	host: localhost:7777
19:03:52 | INFO | 	connection: close
19:03:52 | INFO | 	user-agent: Mozilla/5.0 (Windows NT 6.1; WOW64) AppleWebKit/537.36 (KHTML, like Gecko) Chrome/63.0.3239.132 Safari/537.36 QIHU 360SE
19:03:52 | INFO | 	accept: */*
19:03:52 | INFO | 	referer: https://46.229.212.89:443
19:03:52 | INFO | 	accept-encoding: gzip
19:03:52 | INFO | Request:
19:03:52 | INFO | 	type : http
19:03:52 | INFO | 	asgi : {'version': '3.0', 'spec_version': '2.3'}
19:03:52 | INFO | 	http_version : 1.0
19:03:52 | INFO | 	server : ('192.168.64.2', 7777)
19:03:52 | INFO | 	client : ('192.168.64.1', 43208)
19:03:52 | INFO | 	scheme : http
19:03:52 | INFO | 	method : GET
19:03:52 | INFO | 	root_path : 
19:03:52 | INFO | 	path : /login
19:03:52 | INFO | 	raw_path : b'/login'
19:03:52 | INFO | 	query_string : b''
19:03:52 | INFO | 	app : <fastapi.applications.FastAPI object at 0x7f2c46c6a2f0>
19:03:52 | INFO | Response Body=200
19:03:55 | INFO | GET http://localhost:7777/favicon.ico
19:03:55 | INFO | Params: 
19:03:55 | INFO | Headers:
19:03:55 | INFO | 	host: localhost:7777
19:03:55 | INFO | 	connection: close
19:03:55 | INFO | 	user-agent: Mozilla/5.0 (Windows NT 6.1; WOW64) AppleWebKit/537.36 (KHTML, like Gecko) Chrome/63.0.3239.132 Safari/537.36 QIHU 360SE
19:03:55 | INFO | 	accept: */*
19:03:55 | INFO | 	accept-encoding: gzip
19:03:55 | INFO | Request:
19:03:55 | INFO | 	type : http
19:03:55 | INFO | 	asgi : {'version': '3.0', 'spec_version': '2.3'}
19:03:55 | INFO | 	http_version : 1.0
19:03:55 | INFO | 	server : ('192.168.64.2', 7777)
19:03:55 | INFO | 	client : ('192.168.64.1', 43220)
19:03:55 | INFO | 	scheme : http
19:03:55 | INFO | 	method : GET
19:03:55 | INFO | 	root_path : 
19:03:55 | INFO | 	path : /favicon.ico
19:03:55 | INFO | 	raw_path : b'/favicon.ico'
19:03:55 | INFO | 	query_string : b''
19:03:55 | INFO | 	app : <fastapi.applications.FastAPI object at 0x7f2c46c6a2f0>
19:03:55 | INFO | Response Body=404
19:03:57 | INFO | GET http://localhost:7777/robots.txt
19:03:57 | INFO | Params: 
19:03:57 | INFO | Headers:
19:03:57 | INFO | 	host: localhost:7777
19:03:57 | INFO | 	connection: close
19:03:57 | INFO | 	user-agent: Mozilla/5.0 (Windows NT 6.1; WOW64) AppleWebKit/537.36 (KHTML, like Gecko) Chrome/63.0.3239.132 Safari/537.36 QIHU 360SE
19:03:57 | INFO | 	accept: */*
19:03:57 | INFO | 	accept-encoding: gzip
19:03:57 | INFO | Request:
19:03:57 | INFO | 	type : http
19:03:57 | INFO | 	asgi : {'version': '3.0', 'spec_version': '2.3'}
19:03:57 | INFO | 	http_version : 1.0
19:03:57 | INFO | 	server : ('192.168.64.2', 7777)
19:03:57 | INFO | 	client : ('192.168.64.1', 43228)
19:03:57 | INFO | 	scheme : http
19:03:57 | INFO | 	method : GET
19:03:57 | INFO | 	root_path : 
19:03:57 | INFO | 	path : /robots.txt
19:03:57 | INFO | 	raw_path : b'/robots.txt'
19:03:57 | INFO | 	query_string : b''
19:03:57 | INFO | 	app : <fastapi.applications.FastAPI object at 0x7f2c46c6a2f0>
19:03:57 | INFO | Response Body=404
19:04:01 | INFO | GET http://localhost:7777/static/js/jquery-3.6.1.min.js
19:04:01 | INFO | Params: 
19:04:01 | INFO | Headers:
19:04:01 | INFO | 	host: localhost:7777
19:04:01 | INFO | 	connection: close
19:04:01 | INFO | 	user-agent: Mozilla/5.0 (Windows NT 6.1; WOW64) AppleWebKit/537.36 (KHTML, like Gecko) Chrome/63.0.3239.132 Safari/537.36 QIHU 360SE
19:04:01 | INFO | 	accept: */*
19:04:01 | INFO | 	accept-encoding: gzip
19:04:01 | INFO | Request:
19:04:01 | INFO | 	type : http
19:04:01 | INFO | 	asgi : {'version': '3.0', 'spec_version': '2.3'}
19:04:01 | INFO | 	http_version : 1.0
19:04:01 | INFO | 	server : ('192.168.64.2', 7777)
19:04:01 | INFO | 	client : ('192.168.64.1', 41878)
19:04:01 | INFO | 	scheme : http
19:04:01 | INFO | 	method : GET
19:04:01 | INFO | 	root_path : 
19:04:01 | INFO | 	path : /static/js/jquery-3.6.1.min.js
19:04:01 | INFO | 	raw_path : b'/static/js/jquery-3.6.1.min.js'
19:04:01 | INFO | 	query_string : b''
19:04:01 | INFO | 	app : <fastapi.applications.FastAPI object at 0x7f2c46c6a2f0>
19:04:01 | INFO | Response Body=200
19:04:23 | INFO | GET http://localhost:7777/static/js/bootstrap.min.js
19:04:23 | INFO | Params: 
19:04:23 | INFO | Headers:
19:04:23 | INFO | 	host: localhost:7777
19:04:23 | INFO | 	connection: close
19:04:23 | INFO | 	user-agent: Mozilla/5.0 (Windows NT 6.1; WOW64) AppleWebKit/537.36 (KHTML, like Gecko) Chrome/63.0.3239.132 Safari/537.36 QIHU 360SE
19:04:23 | INFO | 	accept: */*
19:04:23 | INFO | 	accept-encoding: gzip
19:04:23 | INFO | Request:
19:04:23 | INFO | 	type : http
19:04:23 | INFO | 	asgi : {'version': '3.0', 'spec_version': '2.3'}
19:04:23 | INFO | 	http_version : 1.0
19:04:23 | INFO | 	server : ('192.168.64.2', 7777)
19:04:23 | INFO | 	client : ('192.168.64.1', 49880)
19:04:23 | INFO | 	scheme : http
19:04:23 | INFO | 	method : GET
19:04:23 | INFO | 	root_path : 
19:04:23 | INFO | 	path : /static/js/bootstrap.min.js
19:04:23 | INFO | 	raw_path : b'/static/js/bootstrap.min.js'
19:04:23 | INFO | 	query_string : b''
19:04:23 | INFO | 	app : <fastapi.applications.FastAPI object at 0x7f2c46c6a2f0>
19:04:23 | INFO | Response Body=200
19:04:41 | INFO | GET http://localhost:7777/static/js/bootstrap.bundle.min.js
19:04:41 | INFO | Params: 
19:04:41 | INFO | Headers:
19:04:41 | INFO | 	host: localhost:7777
19:04:41 | INFO | 	connection: close
19:04:41 | INFO | 	user-agent: Mozilla/5.0 (Windows NT 6.1; WOW64) AppleWebKit/537.36 (KHTML, like Gecko) Chrome/63.0.3239.132 Safari/537.36 QIHU 360SE
19:04:41 | INFO | 	accept: */*
19:04:41 | INFO | 	accept-encoding: gzip
19:04:41 | INFO | Request:
19:04:41 | INFO | 	type : http
19:04:41 | INFO | 	asgi : {'version': '3.0', 'spec_version': '2.3'}
19:04:41 | INFO | 	http_version : 1.0
19:04:41 | INFO | 	server : ('192.168.64.2', 7777)
19:04:41 | INFO | 	client : ('192.168.64.1', 41220)
19:04:41 | INFO | 	scheme : http
19:04:41 | INFO | 	method : GET
19:04:41 | INFO | 	root_path : 
19:04:41 | INFO | 	path : /static/js/bootstrap.bundle.min.js
19:04:41 | INFO | 	raw_path : b'/static/js/bootstrap.bundle.min.js'
19:04:41 | INFO | 	query_string : b''
19:04:41 | INFO | 	app : <fastapi.applications.FastAPI object at 0x7f2c46c6a2f0>
19:04:41 | INFO | Response Body=200
20:40:33 | INFO | GET http://localhost:7777/
20:40:33 | INFO | Params: 
20:40:33 | INFO | Headers:
20:40:33 | INFO | 	host: localhost:7777
20:40:33 | INFO | 	connection: close
20:40:33 | INFO | 	user-agent: python-requests/2.28.2
20:40:33 | INFO | 	accept-encoding: gzip, deflate
20:40:33 | INFO | 	accept: */*
20:40:33 | INFO | 	x-datadog-trace-id: 6265365592294344714
20:40:33 | INFO | 	x-datadog-parent-id: 5321486441389680699
20:40:33 | INFO | 	x-datadog-sampling-priority: 0
20:40:33 | INFO | Request:
20:40:33 | INFO | 	type : http
20:40:33 | INFO | 	asgi : {'version': '3.0', 'spec_version': '2.3'}
20:40:33 | INFO | 	http_version : 1.0
20:40:33 | INFO | 	server : ('192.168.64.2', 7777)
20:40:33 | INFO | 	client : ('192.168.64.1', 37790)
20:40:33 | INFO | 	scheme : http
20:40:33 | INFO | 	method : GET
20:40:33 | INFO | 	root_path : 
20:40:33 | INFO | 	path : /
20:40:33 | INFO | 	raw_path : b'/'
20:40:33 | INFO | 	query_string : b''
20:40:33 | INFO | 	app : <fastapi.applications.FastAPI object at 0x7f2c46c6a2f0>
20:40:33 | INFO | Response Body=307
21:59:07 | INFO | GET http://localhost:7777///remote/fgt_lang?lang=/../../../..//////////dev/
21:59:07 | INFO | Params: lang=%2F..%2F..%2F..%2F..%2F%2F%2F%2F%2F%2F%2F%2F%2F%2Fdev%2F
21:59:07 | INFO | Headers:
21:59:07 | INFO | 	host: localhost:7777
21:59:07 | INFO | 	connection: close
21:59:07 | INFO | 	accept-encoding: gzip, deflate
21:59:07 | INFO | 	accept: */*
21:59:07 | INFO | 	user-agent: python-requests/2.6.0 CPython/2.7.5 Linux/3.10.0-1160.el7.x86_64
21:59:07 | INFO | Request:
21:59:07 | INFO | 	type : http
21:59:07 | INFO | 	asgi : {'version': '3.0', 'spec_version': '2.3'}
21:59:07 | INFO | 	http_version : 1.0
21:59:07 | INFO | 	server : ('192.168.64.2', 7777)
21:59:07 | INFO | 	client : ('192.168.64.1', 60918)
21:59:07 | INFO | 	scheme : http
21:59:07 | INFO | 	method : GET
21:59:07 | INFO | 	root_path : 
21:59:07 | INFO | 	path : ///remote/fgt_lang
21:59:07 | INFO | 	raw_path : b'///remote/fgt_lang'
21:59:07 | INFO | 	query_string : b'lang=/../../../..//////////dev/'
21:59:07 | INFO | 	app : <fastapi.applications.FastAPI object at 0x7f2c46c6a2f0>
21:59:07 | INFO | Response Body=404
23:17:51 | INFO | GET http://localhost:7777/?XDEBUG_SESSION_START=phpstorm
23:17:51 | INFO | Params: XDEBUG_SESSION_START=phpstorm
23:17:51 | INFO | Headers:
23:17:51 | INFO | 	host: localhost:7777
23:17:51 | INFO | 	connection: close
23:17:51 | INFO | 	user-agent: Mozilla/5.0 (Windows NT 10.0; Win64; x64) AppleWebKit/537.36 (KHTML, like Gecko) Chrome/78.0.3904.108 Safari/537.36
23:17:51 | INFO | 	accept-encoding: gzip
23:17:51 | INFO | Request:
23:17:51 | INFO | 	type : http
23:17:51 | INFO | 	asgi : {'version': '3.0', 'spec_version': '2.3'}
23:17:51 | INFO | 	http_version : 1.0
23:17:51 | INFO | 	server : ('192.168.64.2', 7777)
23:17:51 | INFO | 	client : ('192.168.64.1', 37332)
23:17:51 | INFO | 	scheme : http
23:17:51 | INFO | 	method : GET
23:17:51 | INFO | 	root_path : 
23:17:51 | INFO | 	path : /
23:17:51 | INFO | 	raw_path : b'/'
23:17:51 | INFO | 	query_string : b'XDEBUG_SESSION_START=phpstorm'
23:17:51 | INFO | 	app : <fastapi.applications.FastAPI object at 0x7f2c46c6a2f0>
23:17:51 | INFO | Response Body=307
