03:17:55 | INFO | GET http://localhost:5656/
03:17:55 | INFO | Request Body: 
03:17:55 | INFO | Headers:
03:17:55 | INFO | 	host: localhost:5656
03:17:55 | INFO | 	connection: close
03:17:55 | INFO | 	cache-control: no-cache
03:17:55 | INFO | 	pragma: no-cache
03:17:55 | INFO | 	accept: */*
03:17:55 | INFO | 	accept-encoding: gzip, deflate
03:17:55 | INFO | 	from: bingbot(at)microsoft.com
03:17:55 | INFO | 	user-agent: Mozilla/5.0 AppleWebKit/537.36 (KHTML, like Gecko; compatible; bingbot/2.0; +http://www.bing.com/bingbot.htm) Chrome/103.0.5060.134 Safari/537.36
08:37:36 | INFO | GET http://localhost:5656/?ref=7Xk8ldk4g0wIH2wSKQ7jfQ&id=566050035&session=8349
08:37:36 | INFO | Request Body: ref=7Xk8ldk4g0wIH2wSKQ7jfQ&id=566050035&session=8349
08:37:36 | INFO | Headers:
08:37:36 | INFO | 	host: localhost:5656
08:37:36 | INFO | 	connection: close
08:37:36 | INFO | 	upgrade-insecure-requests: 1
08:37:36 | INFO | 	accept: text/html,application/xhtml+xml,application/xml;q=0.9,*/*;q=0.8
08:37:36 | INFO | 	user-agent: Mozilla/5.0 (iPhone; CPU iPhone OS 16_0_2 like Mac OS X) AppleWebKit/605.1.15 (KHTML, like Gecko) Version/16.0 Mobile/15E148 Safari/604.1
08:37:36 | INFO | 	accept-language: ru
08:37:36 | INFO | 	accept-encoding: gzip, deflate
08:38:03 | INFO | GET http://localhost:5656/?ref=7Xk8ldk4g0wIH2wSKQ7jfQ&id=566050035&session=8349
08:38:03 | INFO | Request Body: ref=7Xk8ldk4g0wIH2wSKQ7jfQ&id=566050035&session=8349
08:38:03 | INFO | Headers:
08:38:03 | INFO | 	host: localhost:5656
08:38:03 | INFO | 	connection: close
08:38:03 | INFO | 	user-agent: TelegramBot (like TwitterBot)
08:38:03 | INFO | 	accept-encoding: deflate, gzip, br
08:38:03 | INFO | 	cookie: euConsent=true; BCPermissionLevel=PERSONAL; BC_GDPR=11111; fhCookieConsent=true; gdpr-source=GB; gdpr_consent=YES; beget=begetok
08:38:03 | INFO | 	accept-language: en-US,en;q=0.5
08:38:03 | INFO | 	accept: text/html,application/xhtml+xml,application/xml;q=0.9,*/*;q=0.8
08:44:38 | INFO | GET http://localhost:5656/?ref=KlUnrD6pMRl6cF8CKGcmJw&id=566050035&session=8351
08:44:38 | INFO | Request Body: ref=KlUnrD6pMRl6cF8CKGcmJw&id=566050035&session=8351
08:44:38 | INFO | Headers:
08:44:38 | INFO | 	host: localhost:5656
08:44:38 | INFO | 	connection: close
08:44:38 | INFO | 	upgrade-insecure-requests: 1
08:44:38 | INFO | 	accept: text/html,application/xhtml+xml,application/xml;q=0.9,*/*;q=0.8
08:44:38 | INFO | 	user-agent: Mozilla/5.0 (iPhone; CPU iPhone OS 16_0_2 like Mac OS X) AppleWebKit/605.1.15 (KHTML, like Gecko) Version/16.0 Mobile/15E148 Safari/604.1
08:44:38 | INFO | 	accept-language: ru
08:44:38 | INFO | 	accept-encoding: gzip, deflate
08:46:40 | INFO | GET http://localhost:5656/?ref=F6FBs4VxYNW0um9IsZTC9A&id=336409235&session=8347
08:46:40 | INFO | Request Body: ref=F6FBs4VxYNW0um9IsZTC9A&id=336409235&session=8347
08:46:40 | INFO | Headers:
08:46:40 | INFO | 	host: localhost:5656
08:46:40 | INFO | 	connection: close
08:46:40 | INFO | 	upgrade-insecure-requests: 1
08:46:40 | INFO | 	user-agent: Mozilla/5.0 (Linux; Android 10; PPA-LX1; HMSCore 6.9.6.301) AppleWebKit/537.36 (KHTML, like Gecko) Chrome/92.0.4515.105 HuaweiBrowser/12.1.3.304 Mobile Safari/537.36
08:46:40 | INFO | 	accept: text/html,application/xhtml+xml,application/xml;q=0.9,image/webp,image/apng,*/*;q=0.8,application/signed-exchange;v=b3;q=0.9
08:46:40 | INFO | 	sec-fetch-site: none
08:46:40 | INFO | 	sec-fetch-mode: navigate
08:46:40 | INFO | 	sec-fetch-user: ?1
08:46:40 | INFO | 	sec-fetch-dest: document
08:46:40 | INFO | 	sec-ch-ua: "Chromium";v="92", " Not A;Brand";v="99", "HuaweiBrowser";v="92"
08:46:40 | INFO | 	sec-ch-ua-mobile: ?1
08:46:40 | INFO | 	accept-encoding: gzip, deflate, br
08:46:40 | INFO | 	accept-language: ru-RU,ru;q=0.9,en-US;q=0.8,en;q=0.7
09:02:11 | INFO | GET http://localhost:5656/?ref=xIfBgAVYuDA-x81kU8kaow&id=766047269&session=8355
09:02:11 | INFO | Request Body: ref=xIfBgAVYuDA-x81kU8kaow&id=766047269&session=8355
09:02:11 | INFO | Headers:
09:02:11 | INFO | 	host: localhost:5656
09:02:11 | INFO | 	connection: close
09:02:11 | INFO | 	upgrade-insecure-requests: 1
09:02:11 | INFO | 	user-agent: Mozilla/5.0 (Linux; Android 11; 220333QNY) AppleWebKit/537.36 (KHTML, like Gecko) Chrome/108.0.0.0 Mobile Safari/537.36
09:02:11 | INFO | 	accept: text/html,application/xhtml+xml,application/xml;q=0.9,image/avif,image/webp,image/apng,*/*;q=0.8,application/signed-exchange;v=b3;q=0.9
09:02:11 | INFO | 	sec-fetch-site: none
09:02:11 | INFO | 	sec-fetch-mode: navigate
09:02:11 | INFO | 	sec-fetch-dest: document
09:02:11 | INFO | 	sec-ch-ua: "Not?A_Brand";v="8", "Chromium";v="108", "Google Chrome";v="108"
09:02:11 | INFO | 	sec-ch-ua-mobile: ?1
09:02:11 | INFO | 	sec-ch-ua-platform: "Android"
09:02:11 | INFO | 	accept-encoding: gzip, deflate, br
09:02:11 | INFO | 	accept-language: ru-RU,ru;q=0.9,en-US;q=0.8,en;q=0.7
09:02:53 | INFO | GET http://localhost:5656/
09:02:53 | INFO | Request Body: 
09:02:53 | INFO | Headers:
09:02:53 | INFO | 	host: localhost:5656
09:02:53 | INFO | 	connection: close
09:02:53 | INFO | 	referer: NOBORINGDATE.RU
09:02:53 | INFO | 	cache-control: no-cache, must-revalidate
09:02:53 | INFO | 	pragma: no-cache
09:02:53 | INFO | 	user-agent: Mozilla/5.0 (compatible; BackupLand/1.0; https://go.backupland.com/; Domain check for viruses;)
09:02:53 | INFO | 	accept: */*
09:02:53 | INFO | 	accept-encoding: gzip
09:54:08 | INFO | GET http://localhost:5656/?ref=Es-LjItJ66Pha8847tXIIw&id=704274508&session=6370
09:54:08 | INFO | Request Body: ref=Es-LjItJ66Pha8847tXIIw&id=704274508&session=6370
09:54:08 | INFO | Headers:
09:54:08 | INFO | 	host: localhost:5656
09:54:08 | INFO | 	connection: close
09:54:08 | INFO | 	upgrade-insecure-requests: 1
09:54:08 | INFO | 	user-agent: Mozilla/5.0 (Linux; U; Android 11; ru-ru; Redmi Note 9 Build/RP1A.200720.011) AppleWebKit/537.36 (KHTML, like Gecko) Version/4.0 Chrome/100.0.4896.127 Mobile Safari/537.36 XiaoMi/MiuiBrowser/13.23.0-gn
09:54:08 | INFO | 	accept: text/html,application/xhtml+xml,application/xml;q=0.9,image/avif,image/webp,image/apng,*/*;q=0.8,application/signed-exchange;v=b3;q=0.9
09:54:08 | INFO | 	x-miorigin: app
09:54:08 | INFO | 	sec-fetch-site: none
09:54:08 | INFO | 	sec-fetch-mode: navigate
09:54:08 | INFO | 	sec-fetch-user: ?1
09:54:08 | INFO | 	sec-fetch-dest: document
09:54:08 | INFO | 	accept-encoding: gzip, deflate, br
09:54:08 | INFO | 	accept-language: ru-RU,ru;q=0.9,en-US;q=0.8,en;q=0.7
09:58:01 | INFO | GET http://localhost:5656/?ref=yZbUVO95v2Zrg8fwfGN5pA&id=314786366&session=8364
09:58:01 | INFO | Request Body: ref=yZbUVO95v2Zrg8fwfGN5pA&id=314786366&session=8364
09:58:01 | INFO | Headers:
09:58:01 | INFO | 	host: localhost:5656
09:58:01 | INFO | 	connection: close
09:58:01 | INFO | 	sec-ch-ua: "Chromium";v="108", "Opera GX";v="94", "Not)A;Brand";v="99"
09:58:01 | INFO | 	sec-ch-ua-mobile: ?0
09:58:01 | INFO | 	sec-ch-ua-platform: "Windows"
09:58:01 | INFO | 	upgrade-insecure-requests: 1
09:58:01 | INFO | 	user-agent: Mozilla/5.0 (Windows NT 10.0; Win64; x64) AppleWebKit/537.36 (KHTML, like Gecko) Chrome/108.0.0.0 Safari/537.36 OPR/94.0.0.0 (Edition Yx GX)
09:58:01 | INFO | 	accept: text/html,application/xhtml+xml,application/xml;q=0.9,image/avif,image/webp,image/apng,*/*;q=0.8,application/signed-exchange;v=b3;q=0.9
09:58:01 | INFO | 	sec-fetch-site: none
09:58:01 | INFO | 	sec-fetch-mode: navigate
09:58:01 | INFO | 	sec-fetch-user: ?1
09:58:01 | INFO | 	sec-fetch-dest: document
09:58:01 | INFO | 	accept-encoding: gzip, deflate, br
09:58:01 | INFO | 	accept-language: ru-RU,ru;q=0.9,en-US;q=0.8,en;q=0.7
09:59:31 | INFO | GET http://localhost:5656/?ref=QKHR_uYHLov9gscYokefuA&id=158628518&session=8365
09:59:31 | INFO | Request Body: ref=QKHR_uYHLov9gscYokefuA&id=158628518&session=8365
09:59:31 | INFO | Headers:
09:59:31 | INFO | 	host: localhost:5656
09:59:31 | INFO | 	connection: close
09:59:31 | INFO | 	user-agent: Mozilla/5.0 (Windows NT 10.0; Win64; x64; rv:109.0) Gecko/20100101 Firefox/110.0
09:59:31 | INFO | 	accept: text/html,application/xhtml+xml,application/xml;q=0.9,image/avif,image/webp,*/*;q=0.8
09:59:31 | INFO | 	accept-language: ru-RU,ru;q=0.8,en-US;q=0.5,en;q=0.3
09:59:31 | INFO | 	accept-encoding: gzip, deflate, br
09:59:31 | INFO | 	dnt: 1
09:59:31 | INFO | 	upgrade-insecure-requests: 1
09:59:31 | INFO | 	sec-fetch-dest: document
09:59:31 | INFO | 	sec-fetch-mode: navigate
09:59:31 | INFO | 	sec-fetch-site: none
09:59:31 | INFO | 	sec-fetch-user: ?1
10:00:19 | INFO | GET http://localhost:5656/?ref=wdpi6pglU5PPOCVui2ghFQ&id=314786366&session=8364
10:00:19 | INFO | Request Body: ref=wdpi6pglU5PPOCVui2ghFQ&id=314786366&session=8364
10:00:19 | INFO | Headers:
10:00:19 | INFO | 	host: localhost:5656
10:00:19 | INFO | 	connection: close
10:00:19 | INFO | 	sec-ch-ua: "Not_A Brand";v="99", "Google Chrome";v="109", "Chromium";v="109"
10:00:19 | INFO | 	sec-ch-ua-mobile: ?0
10:00:19 | INFO | 	sec-ch-ua-platform: "Windows"
10:00:19 | INFO | 	upgrade-insecure-requests: 1
10:00:19 | INFO | 	user-agent: Mozilla/5.0 (Windows NT 10.0; Win64; x64) AppleWebKit/537.36 (KHTML, like Gecko) Chrome/109.0.0.0 Safari/537.36
10:00:19 | INFO | 	accept: text/html,application/xhtml+xml,application/xml;q=0.9,image/avif,image/webp,image/apng,*/*;q=0.8,application/signed-exchange;v=b3;q=0.9
10:00:19 | INFO | 	sec-fetch-site: none
10:00:19 | INFO | 	sec-fetch-mode: navigate
10:00:19 | INFO | 	sec-fetch-user: ?1
10:00:19 | INFO | 	sec-fetch-dest: document
10:00:19 | INFO | 	accept-encoding: gzip, deflate, br
10:00:19 | INFO | 	accept-language: ru-RU,ru;q=0.9,en-US;q=0.8,en;q=0.7
10:08:37 | INFO | GET http://localhost:5656/?ref=RhnCe8FHYca3LAfUBivBzg&id=360753622&session=8375
10:08:37 | INFO | Request Body: ref=RhnCe8FHYca3LAfUBivBzg&id=360753622&session=8375
10:08:37 | INFO | Headers:
10:08:37 | INFO | 	host: localhost:5656
10:08:37 | INFO | 	connection: close
10:08:37 | INFO | 	accept: text/html,application/xhtml+xml,application/xml;q=0.9,*/*;q=0.8
10:08:37 | INFO | 	accept-language: ru
10:08:37 | INFO | 	accept-encoding: gzip, deflate, br
10:08:37 | INFO | 	user-agent: Mozilla/5.0 (iPhone; CPU iPhone OS 15_2_1 like Mac OS X) AppleWebKit/605.1.15 (KHTML, like Gecko) Version/15.2 Mobile/15E148 Safari/604.1
10:09:55 | INFO | GET http://localhost:5656/?ref=VMTk182FFulT1Mjg33OCbQ&id=211849361&session=8426
10:09:55 | INFO | Request Body: ref=VMTk182FFulT1Mjg33OCbQ&id=211849361&session=8426
10:09:55 | INFO | Headers:
10:09:55 | INFO | 	host: localhost:5656
10:09:55 | INFO | 	connection: close
10:09:55 | INFO | 	accept: text/html,application/xhtml+xml,application/xml;q=0.9,*/*;q=0.8
10:09:55 | INFO | 	accept-language: ru
10:09:55 | INFO | 	accept-encoding: gzip, deflate, br
10:09:55 | INFO | 	user-agent: Mozilla/5.0 (iPhone; CPU iPhone OS 16_2 like Mac OS X) AppleWebKit/605.1.15 (KHTML, like Gecko) Version/16.2 Mobile/15E148 Safari/604.1
10:10:09 | INFO | GET http://localhost:5656/?ref=RhnCe8FHYca3LAfUBivBzg&id=5390660254&session=8408
10:10:09 | INFO | Request Body: ref=RhnCe8FHYca3LAfUBivBzg&id=5390660254&session=8408
10:10:09 | INFO | Headers:
10:10:09 | INFO | 	host: localhost:5656
10:10:09 | INFO | 	connection: close
10:10:09 | INFO | 	upgrade-insecure-requests: 1
10:10:09 | INFO | 	user-agent: Mozilla/5.0 (Linux; U; Android 10; ru-ru; Redmi Note 8T Build/QKQ1.200114.002) AppleWebKit/537.36 (KHTML, like Gecko) Version/4.0 Chrome/100.0.4896.127 Mobile Safari/537.36 XiaoMi/MiuiBrowser/13.22.1-gn
10:10:09 | INFO | 	accept: text/html,application/xhtml+xml,application/xml;q=0.9,image/avif,image/webp,image/apng,*/*;q=0.8,application/signed-exchange;v=b3;q=0.9
10:10:09 | INFO | 	x-miorigin: app
10:10:09 | INFO | 	sec-fetch-site: none
10:10:09 | INFO | 	sec-fetch-mode: navigate
10:10:09 | INFO | 	sec-fetch-user: ?1
10:10:09 | INFO | 	sec-fetch-dest: document
10:10:09 | INFO | 	accept-encoding: gzip, deflate, br
10:10:09 | INFO | 	accept-language: ru-RU,ru;q=0.9,en-US;q=0.8,en;q=0.7
10:11:29 | INFO | GET http://localhost:5656/?ref=RhnCe8FHYca3LAfUBivBzg&id=5390660254&session=8408
10:11:29 | INFO | Request Body: ref=RhnCe8FHYca3LAfUBivBzg&id=5390660254&session=8408
10:11:29 | INFO | Headers:
10:11:29 | INFO | 	host: localhost:5656
10:11:29 | INFO | 	connection: close
10:11:29 | INFO | 	upgrade-insecure-requests: 1
10:11:29 | INFO | 	user-agent: Mozilla/5.0 (Linux; U; Android 10; ru-ru; Redmi Note 8T Build/QKQ1.200114.002) AppleWebKit/537.36 (KHTML, like Gecko) Version/4.0 Chrome/100.0.4896.127 Mobile Safari/537.36 XiaoMi/MiuiBrowser/13.22.1-gn
10:11:29 | INFO | 	accept: text/html,application/xhtml+xml,application/xml;q=0.9,image/avif,image/webp,image/apng,*/*;q=0.8,application/signed-exchange;v=b3;q=0.9
10:11:29 | INFO | 	x-miorigin: app
10:11:29 | INFO | 	sec-fetch-site: none
10:11:29 | INFO | 	sec-fetch-mode: navigate
10:11:29 | INFO | 	sec-fetch-user: ?1
10:11:29 | INFO | 	sec-fetch-dest: document
10:11:29 | INFO | 	accept-encoding: gzip, deflate, br
10:11:29 | INFO | 	accept-language: ru-RU,ru;q=0.9,en-US;q=0.8,en;q=0.7
10:12:00 | INFO | GET http://localhost:5656/?ref=RhnCe8FHYca3LAfUBivBzg&id=871553263&session=8436
10:12:00 | INFO | Request Body: ref=RhnCe8FHYca3LAfUBivBzg&id=871553263&session=8436
10:12:00 | INFO | Headers:
10:12:00 | INFO | 	host: localhost:5656
10:12:00 | INFO | 	connection: close
10:12:00 | INFO | 	accept: text/html,application/xhtml+xml,application/xml;q=0.9,*/*;q=0.8
10:12:00 | INFO | 	accept-language: ru
10:12:00 | INFO | 	accept-encoding: gzip, deflate, br
10:12:00 | INFO | 	user-agent: Mozilla/5.0 (iPhone; CPU iPhone OS 15_5 like Mac OS X) AppleWebKit/605.1.15 (KHTML, like Gecko) Version/15.5 Mobile/15E148 Safari/604.1
10:13:48 | INFO | GET http://localhost:5656/?ref=QKHR_uYHLov9gscYokefuA&id=741089959&session=8498
10:13:48 | INFO | Request Body: ref=QKHR_uYHLov9gscYokefuA&id=741089959&session=8498
10:13:48 | INFO | Headers:
10:13:48 | INFO | 	host: localhost:5656
10:13:48 | INFO | 	connection: close
10:13:48 | INFO | 	accept: text/html,application/xhtml+xml,application/xml;q=0.9,*/*;q=0.8
10:13:48 | INFO | 	accept-language: ru
10:13:48 | INFO | 	accept-encoding: gzip, deflate, br
10:13:48 | INFO | 	user-agent: Mozilla/5.0 (iPhone; CPU iPhone OS 16_1_2 like Mac OS X) AppleWebKit/605.1.15 (KHTML, like Gecko) Version/16.1 Mobile/15E148 Safari/604.1
10:13:55 | INFO | GET http://localhost:5656/?ref=VMTk182FFulT1Mjg33OCbQ&id=954071837&session=8503
10:13:55 | INFO | Request Body: ref=VMTk182FFulT1Mjg33OCbQ&id=954071837&session=8503
10:13:55 | INFO | Headers:
10:13:55 | INFO | 	host: localhost:5656
10:13:55 | INFO | 	connection: close
10:13:55 | INFO | 	sec-ch-ua: "Not_A Brand";v="99", "Google Chrome";v="109", "Chromium";v="109"
10:13:55 | INFO | 	sec-ch-ua-mobile: ?1
10:13:55 | INFO | 	sec-ch-ua-platform: "Android"
10:13:55 | INFO | 	upgrade-insecure-requests: 1
10:13:55 | INFO | 	user-agent: Mozilla/5.0 (Linux; Android 11; RMX1921) AppleWebKit/537.36 (KHTML, like Gecko) Chrome/109.0.0.0 Mobile Safari/537.36
10:13:55 | INFO | 	accept: text/html,application/xhtml+xml,application/xml;q=0.9,image/avif,image/webp,image/apng,*/*;q=0.8,application/signed-exchange;v=b3;q=0.9
10:13:55 | INFO | 	sec-fetch-site: cross-site
10:13:55 | INFO | 	sec-fetch-mode: navigate
10:13:55 | INFO | 	sec-fetch-dest: document
10:13:55 | INFO | 	accept-encoding: gzip, deflate, br
10:13:55 | INFO | 	accept-language: ru-RU,ru;q=0.9,en-US;q=0.8,en;q=0.7
10:14:01 | INFO | GET http://localhost:5656/?ref=QKHR_uYHLov9gscYokefuA&id=741089959&session=8498
10:14:01 | INFO | Request Body: ref=QKHR_uYHLov9gscYokefuA&id=741089959&session=8498
10:14:01 | INFO | Headers:
10:14:01 | INFO | 	host: localhost:5656
10:14:01 | INFO | 	connection: close
10:14:01 | INFO | 	accept: text/html,application/xhtml+xml,application/xml;q=0.9,*/*;q=0.8
10:14:01 | INFO | 	accept-language: ru
10:14:01 | INFO | 	accept-encoding: gzip, deflate, br
10:14:01 | INFO | 	user-agent: Mozilla/5.0 (iPhone; CPU iPhone OS 16_1_2 like Mac OS X) AppleWebKit/605.1.15 (KHTML, like Gecko) Version/16.1 Mobile/15E148 Safari/604.1
10:15:31 | INFO | GET http://localhost:5656/?ref=QKHR_uYHLov9gscYokefuA&id=997036227&session=8485
10:15:31 | INFO | Request Body: ref=QKHR_uYHLov9gscYokefuA&id=997036227&session=8485
10:15:31 | INFO | Headers:
10:15:31 | INFO | 	host: localhost:5656
10:15:31 | INFO | 	connection: close
10:15:31 | INFO | 	accept: text/html,application/xhtml+xml,application/xml;q=0.9,*/*;q=0.8
10:15:31 | INFO | 	accept-language: ru
10:15:31 | INFO | 	accept-encoding: gzip, deflate, br
10:15:31 | INFO | 	user-agent: Mozilla/5.0 (iPhone; CPU iPhone OS 16_2 like Mac OS X) AppleWebKit/605.1.15 (KHTML, like Gecko) Version/16.2 Mobile/15E148 Safari/604.1
10:16:13 | INFO | GET http://localhost:5656/?ref=VMTk182FFulT1Mjg33OCbQ&id=1212828668&session=8518
10:16:13 | INFO | Request Body: ref=VMTk182FFulT1Mjg33OCbQ&id=1212828668&session=8518
10:16:13 | INFO | Headers:
10:16:13 | INFO | 	host: localhost:5656
10:16:13 | INFO | 	connection: close
10:16:13 | INFO | 	sec-ch-ua: "Not?A_Brand";v="8", "Chromium";v="108", "Yandex";v="23"
10:16:13 | INFO | 	sec-ch-ua-mobile: ?0
10:16:13 | INFO | 	sec-ch-ua-platform: "Windows"
10:16:13 | INFO | 	upgrade-insecure-requests: 1
10:16:13 | INFO | 	user-agent: Mozilla/5.0 (Windows NT 10.0; Win64; x64) AppleWebKit/537.36 (KHTML, like Gecko) Chrome/108.0.0.0 YaBrowser/23.1.2.928 Yowser/2.5 Safari/537.36
10:16:13 | INFO | 	accept: text/html,application/xhtml+xml,application/xml;q=0.9,image/avif,image/webp,image/apng,*/*;q=0.8,application/signed-exchange;v=b3;q=0.9
10:16:13 | INFO | 	sec-fetch-site: none
10:16:13 | INFO | 	sec-fetch-mode: navigate
10:16:13 | INFO | 	sec-fetch-user: ?1
10:16:13 | INFO | 	sec-fetch-dest: document
10:16:13 | INFO | 	accept-encoding: gzip, deflate, br
10:16:13 | INFO | 	accept-language: ru,en;q=0.9
10:16:31 | INFO | GET http://localhost:5656/?ref=20JXLmMgEIvqKjRHIVGUGA&id=945344582&session=8539
10:16:31 | INFO | Request Body: ref=20JXLmMgEIvqKjRHIVGUGA&id=945344582&session=8539
10:16:31 | INFO | Headers:
10:16:31 | INFO | 	host: localhost:5656
10:16:31 | INFO | 	connection: close
10:16:31 | INFO | 	sec-ch-ua: "Not_A Brand";v="99", "Google Chrome";v="109", "Chromium";v="109"
10:16:31 | INFO | 	sec-ch-ua-mobile: ?0
10:16:31 | INFO | 	sec-ch-ua-platform: "Windows"
10:16:31 | INFO | 	upgrade-insecure-requests: 1
10:16:31 | INFO | 	user-agent: Mozilla/5.0 (Windows NT 10.0; Win64; x64) AppleWebKit/537.36 (KHTML, like Gecko) Chrome/109.0.0.0 Safari/537.36
10:16:31 | INFO | 	accept: text/html,application/xhtml+xml,application/xml;q=0.9,image/avif,image/webp,image/apng,*/*;q=0.8,application/signed-exchange;v=b3;q=0.9
10:16:31 | INFO | 	sec-fetch-site: none
10:16:31 | INFO | 	sec-fetch-mode: navigate
10:16:31 | INFO | 	sec-fetch-user: ?1
10:16:31 | INFO | 	sec-fetch-dest: document
10:16:31 | INFO | 	accept-encoding: gzip, deflate, br
10:16:31 | INFO | 	accept-language: en-RU,en;q=0.9,ru-RU;q=0.8,ru;q=0.7,en-US;q=0.6
10:16:43 | INFO | GET http://localhost:5656/?ref=20JXLmMgEIvqKjRHIVGUGA&id=805970821&session=8531
10:16:43 | INFO | Request Body: ref=20JXLmMgEIvqKjRHIVGUGA&id=805970821&session=8531
10:16:43 | INFO | Headers:
10:16:43 | INFO | 	host: localhost:5656
10:16:43 | INFO | 	connection: close
10:16:43 | INFO | 	accept: text/html,application/xhtml+xml,application/xml;q=0.9,*/*;q=0.8
10:16:43 | INFO | 	accept-language: ru
10:16:43 | INFO | 	accept-encoding: gzip, deflate, br
10:16:43 | INFO | 	user-agent: Mozilla/5.0 (iPhone; CPU iPhone OS 16_1 like Mac OS X) AppleWebKit/605.1.15 (KHTML, like Gecko) Version/16.1 Mobile/15E148 Safari/604.1
10:16:48 | INFO | GET http://localhost:5656/?ref=7Xk8ldk4g0wIH2wSKQ7jfQ&id=381419087&session=8560
10:16:48 | INFO | Request Body: ref=7Xk8ldk4g0wIH2wSKQ7jfQ&id=381419087&session=8560
10:16:48 | INFO | Headers:
10:16:48 | INFO | 	host: localhost:5656
10:16:48 | INFO | 	connection: close
10:16:48 | INFO | 	accept: text/html,application/xhtml+xml,application/xml;q=0.9,*/*;q=0.8
10:16:48 | INFO | 	accept-language: ru
10:16:48 | INFO | 	accept-encoding: gzip, deflate, br
10:16:48 | INFO | 	user-agent: Mozilla/5.0 (iPhone; CPU iPhone OS 14_8 like Mac OS X) AppleWebKit/605.1.15 (KHTML, like Gecko) Version/14.1.2 Mobile/15E148 Safari/604.1
10:16:59 | INFO | GET http://localhost:5656/?ref=DNTTwPOQQZIAk-6YNC1xng&id=381419087&session=8560
10:16:59 | INFO | Request Body: ref=DNTTwPOQQZIAk-6YNC1xng&id=381419087&session=8560
10:16:59 | INFO | Headers:
10:16:59 | INFO | 	host: localhost:5656
10:16:59 | INFO | 	connection: close
10:16:59 | INFO | 	accept: text/html,application/xhtml+xml,application/xml;q=0.9,*/*;q=0.8
10:16:59 | INFO | 	accept-language: ru
10:16:59 | INFO | 	accept-encoding: gzip, deflate, br
10:16:59 | INFO | 	user-agent: Mozilla/5.0 (iPhone; CPU iPhone OS 14_8 like Mac OS X) AppleWebKit/605.1.15 (KHTML, like Gecko) Version/14.1.2 Mobile/15E148 Safari/604.1
10:18:10 | INFO | GET http://localhost:5656/?ref=yZbUVO95v2Zrg8fwfGN5pA&id=479643512&session=8567
10:18:10 | INFO | Request Body: ref=yZbUVO95v2Zrg8fwfGN5pA&id=479643512&session=8567
10:18:10 | INFO | Headers:
10:18:10 | INFO | 	host: localhost:5656
10:18:10 | INFO | 	connection: close
10:18:10 | INFO | 	upgrade-insecure-requests: 1
10:18:10 | INFO | 	user-agent: Mozilla/5.0 (X11; Linux x86_64) AppleWebKit/534.24 (KHTML, like Gecko) Chrome/71.0.3578.141 Safari/534.24 XiaoMi/MiuiBrowser/12.4.1-g
10:18:10 | INFO | 	accept: text/html,application/xhtml+xml,application/xml;q=0.9,image/webp,image/apng,*/*;q=0.8
10:18:10 | INFO | 	x-miorigin: app
10:18:10 | INFO | 	accept-encoding: gzip, deflate
10:18:10 | INFO | 	accept-language: ru-RU,en-US;q=0.9
10:18:15 | INFO | GET http://localhost:5656/?ref=eJaJXhvuguAZ3mPoqz0Q7A&id=1040212145
10:18:15 | INFO | Request Body: ref=eJaJXhvuguAZ3mPoqz0Q7A&id=1040212145
10:18:15 | INFO | Headers:
10:18:15 | INFO | 	host: localhost:5656
10:18:15 | INFO | 	connection: close
10:18:15 | INFO | 	upgrade-insecure-requests: 1
10:18:15 | INFO | 	accept: text/html,application/xhtml+xml,application/xml;q=0.9,*/*;q=0.8
10:18:15 | INFO | 	user-agent: Mozilla/5.0 (iPhone; CPU iPhone OS 16_1_1 like Mac OS X) AppleWebKit/605.1.15 (KHTML, like Gecko) Version/16.1 Mobile/15E148 Safari/604.1
10:18:15 | INFO | 	accept-language: ru
10:18:15 | INFO | 	accept-encoding: gzip, deflate
10:18:45 | INFO | GET http://localhost:5656/?ref=yZbUVO95v2Zrg8fwfGN5pA&id=479643512&session=8567
10:18:45 | INFO | Request Body: ref=yZbUVO95v2Zrg8fwfGN5pA&id=479643512&session=8567
10:18:45 | INFO | Headers:
10:18:45 | INFO | 	host: localhost:5656
10:18:45 | INFO | 	connection: close
10:18:45 | INFO | 	upgrade-insecure-requests: 1
10:18:45 | INFO | 	user-agent: Mozilla/5.0 (X11; Linux x86_64) AppleWebKit/534.24 (KHTML, like Gecko) Chrome/71.0.3578.141 Safari/534.24 XiaoMi/MiuiBrowser/12.4.1-g
10:18:45 | INFO | 	accept: text/html,application/xhtml+xml,application/xml;q=0.9,image/webp,image/apng,*/*;q=0.8
10:18:45 | INFO | 	x-miorigin: app
10:18:45 | INFO | 	accept-encoding: gzip, deflate
10:18:45 | INFO | 	accept-language: ru-RU,en-US;q=0.9
10:18:52 | INFO | GET http://localhost:5656/?ref=r8JXdunBR-nfbAAFSgmc6A&id=2102697693&session=8606
10:18:52 | INFO | Request Body: ref=r8JXdunBR-nfbAAFSgmc6A&id=2102697693&session=8606
10:18:52 | INFO | Headers:
10:18:52 | INFO | 	host: localhost:5656
10:18:52 | INFO | 	connection: close
10:18:52 | INFO | 	accept: text/html,application/xhtml+xml,application/xml;q=0.9,*/*;q=0.8
10:18:52 | INFO | 	accept-language: ru
10:18:52 | INFO | 	accept-encoding: gzip, deflate, br
10:18:52 | INFO | 	user-agent: Mozilla/5.0 (iPhone; CPU iPhone OS 16_2 like Mac OS X) AppleWebKit/605.1.15 (KHTML, like Gecko) Version/16.2 Mobile/15E148 Safari/604.1
10:19:13 | INFO | GET http://localhost:5656/?ref=bZKsdO1wYOBznEuHXdXZpw&id=741089959&session=8565
10:19:13 | INFO | Request Body: ref=bZKsdO1wYOBznEuHXdXZpw&id=741089959&session=8565
10:19:13 | INFO | Headers:
10:19:13 | INFO | 	host: localhost:5656
10:19:13 | INFO | 	connection: close
10:19:13 | INFO | 	accept: text/html,application/xhtml+xml,application/xml;q=0.9,*/*;q=0.8
10:19:13 | INFO | 	accept-language: ru
10:19:13 | INFO | 	accept-encoding: gzip, deflate, br
10:19:13 | INFO | 	user-agent: Mozilla/5.0 (iPhone; CPU iPhone OS 16_1_2 like Mac OS X) AppleWebKit/605.1.15 (KHTML, like Gecko) Version/16.1 Mobile/15E148 Safari/604.1
10:20:12 | INFO | GET http://localhost:5656/?ref=WzXlC_0CA4izkVpbDDaLdw&id=741089959&session=8565
10:20:12 | INFO | Request Body: ref=WzXlC_0CA4izkVpbDDaLdw&id=741089959&session=8565
10:20:12 | INFO | Headers:
10:20:12 | INFO | 	host: localhost:5656
10:20:12 | INFO | 	connection: close
10:20:12 | INFO | 	accept: text/html,application/xhtml+xml,application/xml;q=0.9,*/*;q=0.8
10:20:12 | INFO | 	accept-language: ru
10:20:12 | INFO | 	accept-encoding: gzip, deflate, br
10:20:12 | INFO | 	user-agent: Mozilla/5.0 (iPhone; CPU iPhone OS 16_1_2 like Mac OS X) AppleWebKit/605.1.15 (KHTML, like Gecko) Version/16.1 Mobile/15E148 Safari/604.1
10:20:35 | INFO | GET http://localhost:5656/?ref=WzXlC_0CA4izkVpbDDaLdw&id=741089959&session=8565
10:20:35 | INFO | Request Body: ref=WzXlC_0CA4izkVpbDDaLdw&id=741089959&session=8565
10:20:35 | INFO | Headers:
10:20:35 | INFO | 	host: localhost:5656
10:20:35 | INFO | 	connection: close
10:20:35 | INFO | 	accept: text/html,application/xhtml+xml,application/xml;q=0.9,*/*;q=0.8
10:20:35 | INFO | 	accept-language: ru
10:20:35 | INFO | 	accept-encoding: gzip, deflate, br
10:20:35 | INFO | 	user-agent: Mozilla/5.0 (iPhone; CPU iPhone OS 16_1_2 like Mac OS X) AppleWebKit/605.1.15 (KHTML, like Gecko) Version/16.1 Mobile/15E148 Safari/604.1
10:22:10 | INFO | GET http://localhost:5656/?ref=wdpi6pglU5PPOCVui2ghFQ&id=364243791&session=8585
10:22:10 | INFO | Request Body: ref=wdpi6pglU5PPOCVui2ghFQ&id=364243791&session=8585
10:22:10 | INFO | Headers:
10:22:10 | INFO | 	host: localhost:5656
10:22:10 | INFO | 	connection: close
10:22:10 | INFO | 	sec-ch-ua: "Not_A Brand";v="99", "Google Chrome";v="109", "Chromium";v="109"
10:22:10 | INFO | 	sec-ch-ua-mobile: ?1
10:22:10 | INFO | 	sec-ch-ua-platform: "Android"
10:22:10 | INFO | 	upgrade-insecure-requests: 1
10:22:10 | INFO | 	user-agent: Mozilla/5.0 (Linux; Android 12; M2012K11AG) AppleWebKit/537.36 (KHTML, like Gecko) Chrome/109.0.0.0 Mobile Safari/537.36
10:22:10 | INFO | 	accept: text/html,application/xhtml+xml,application/xml;q=0.9,image/avif,image/webp,image/apng,*/*;q=0.8,application/signed-exchange;v=b3;q=0.9
10:22:10 | INFO | 	sec-fetch-site: cross-site
10:22:10 | INFO | 	sec-fetch-mode: navigate
10:22:10 | INFO | 	sec-fetch-dest: document
10:22:10 | INFO | 	accept-encoding: gzip, deflate, br
10:22:10 | INFO | 	accept-language: ru-RU,ru;q=0.9,en-US;q=0.8,en;q=0.7,fr;q=0.6
10:23:30 | INFO | GET http://localhost:5656/?ref=RhnCe8FHYca3LAfUBivBzg&id=710499449&session=8642
10:23:30 | INFO | Request Body: ref=RhnCe8FHYca3LAfUBivBzg&id=710499449&session=8642
10:23:30 | INFO | Headers:
10:23:30 | INFO | 	host: localhost:5656
10:23:30 | INFO | 	connection: close
10:23:30 | INFO | 	accept: text/html,application/xhtml+xml,application/xml;q=0.9,*/*;q=0.8
10:23:30 | INFO | 	accept-language: ru
10:23:30 | INFO | 	accept-encoding: gzip, deflate, br
10:23:30 | INFO | 	user-agent: Mozilla/5.0 (iPhone; CPU iPhone OS 16_3 like Mac OS X) AppleWebKit/605.1.15 (KHTML, like Gecko) Version/16.3 Mobile/15E148 Safari/604.1
10:24:34 | INFO | GET http://localhost:5656/?ref=yZbUVO95v2Zrg8fwfGN5pA&id=724717763&session=8658
10:24:34 | INFO | Request Body: ref=yZbUVO95v2Zrg8fwfGN5pA&id=724717763&session=8658
10:24:34 | INFO | Headers:
10:24:34 | INFO | 	host: localhost:5656
10:24:34 | INFO | 	connection: close
10:24:34 | INFO | 	accept: text/html,application/xhtml+xml,application/xml;q=0.9,*/*;q=0.8
10:24:34 | INFO | 	accept-language: ru
10:24:34 | INFO | 	accept-encoding: gzip, deflate, br
10:24:34 | INFO | 	user-agent: Mozilla/5.0 (iPhone; CPU iPhone OS 15_1_1 like Mac OS X) AppleWebKit/605.1.15 (KHTML, like Gecko) Version/15.1 Mobile/15E148 Safari/604.1
10:24:53 | INFO | GET http://localhost:5656/?ref=r8JXdunBR-nfbAAFSgmc6A&id=708516690&session=8675
10:24:53 | INFO | Request Body: ref=r8JXdunBR-nfbAAFSgmc6A&id=708516690&session=8675
10:24:53 | INFO | Headers:
10:24:53 | INFO | 	host: localhost:5656
10:24:53 | INFO | 	connection: close
10:24:53 | INFO | 	sec-ch-ua: "Not_A Brand";v="99", "Google Chrome";v="109", "Chromium";v="109"
10:24:53 | INFO | 	sec-ch-ua-mobile: ?1
10:24:53 | INFO | 	sec-ch-ua-platform: "Android"
10:24:53 | INFO | 	upgrade-insecure-requests: 1
10:24:53 | INFO | 	user-agent: Mozilla/5.0 (Linux; Android 11; M2004J19C) AppleWebKit/537.36 (KHTML, like Gecko) Chrome/109.0.0.0 Mobile Safari/537.36
10:24:53 | INFO | 	accept: text/html,application/xhtml+xml,application/xml;q=0.9,image/avif,image/webp,image/apng,*/*;q=0.8,application/signed-exchange;v=b3;q=0.9
10:24:53 | INFO | 	sec-fetch-site: cross-site
10:24:53 | INFO | 	sec-fetch-mode: navigate
10:24:53 | INFO | 	sec-fetch-dest: document
10:24:53 | INFO | 	accept-encoding: gzip, deflate, br
10:24:53 | INFO | 	accept-language: ru-RU,ru;q=0.9,en-US;q=0.8,en;q=0.7
10:25:23 | INFO | GET http://localhost:5656/?ref=WzXlC_0CA4izkVpbDDaLdw&id=623468480&session=8586
10:25:23 | INFO | Request Body: ref=WzXlC_0CA4izkVpbDDaLdw&id=623468480&session=8586
10:25:23 | INFO | Headers:
10:25:23 | INFO | 	host: localhost:5656
10:25:23 | INFO | 	connection: close
10:25:23 | INFO | 	sec-ch-ua: "Not?A_Brand";v="8", "Chromium";v="108", "Google Chrome";v="108"
10:25:23 | INFO | 	sec-ch-ua-mobile: ?0
10:25:23 | INFO | 	sec-ch-ua-platform: "macOS"
10:25:23 | INFO | 	upgrade-insecure-requests: 1
10:25:23 | INFO | 	user-agent: Mozilla/5.0 (Macintosh; Intel Mac OS X 10_15_7) AppleWebKit/537.36 (KHTML, like Gecko) Chrome/108.0.0.0 Safari/537.36
10:25:23 | INFO | 	accept: text/html,application/xhtml+xml,application/xml;q=0.9,image/avif,image/webp,image/apng,*/*;q=0.8,application/signed-exchange;v=b3;q=0.9
10:25:23 | INFO | 	sec-fetch-site: none
10:25:23 | INFO | 	sec-fetch-mode: navigate
10:25:23 | INFO | 	sec-fetch-user: ?1
10:25:23 | INFO | 	sec-fetch-dest: document
10:25:23 | INFO | 	accept-encoding: gzip, deflate, br
10:25:23 | INFO | 	accept-language: ru-RU,ru;q=0.9,en-US;q=0.8,en;q=0.7
10:26:34 | INFO | GET http://localhost:5656/?ref=VHbZAE5B0285xozL14UWZw&id=1230110750&session=8682
10:26:34 | INFO | Request Body: ref=VHbZAE5B0285xozL14UWZw&id=1230110750&session=8682
10:26:34 | INFO | Headers:
10:26:34 | INFO | 	host: localhost:5656
10:26:34 | INFO | 	connection: close
10:26:34 | INFO | 	accept: text/html,application/xhtml+xml,application/xml;q=0.9,*/*;q=0.8
10:26:34 | INFO | 	accept-language: ru
10:26:34 | INFO | 	accept-encoding: gzip, deflate, br
10:26:34 | INFO | 	user-agent: Mozilla/5.0 (iPhone; CPU iPhone OS 15_6_1 like Mac OS X) AppleWebKit/605.1.15 (KHTML, like Gecko) Version/15.6.1 Mobile/15E148 Safari/604.1
10:26:44 | INFO | GET http://localhost:5656/?ref=VHbZAE5B0285xozL14UWZw&id=1230110750&session=8682
10:26:44 | INFO | Request Body: ref=VHbZAE5B0285xozL14UWZw&id=1230110750&session=8682
10:26:44 | INFO | Headers:
10:26:44 | INFO | 	host: localhost:5656
10:26:44 | INFO | 	connection: close
10:26:44 | INFO | 	accept: text/html,application/xhtml+xml,application/xml;q=0.9,*/*;q=0.8
10:26:44 | INFO | 	accept-language: ru
10:26:44 | INFO | 	accept-encoding: gzip, deflate, br
10:26:44 | INFO | 	user-agent: Mozilla/5.0 (iPhone; CPU iPhone OS 15_6_1 like Mac OS X) AppleWebKit/605.1.15 (KHTML, like Gecko) Version/15.6.1 Mobile/15E148 Safari/604.1
10:27:05 | INFO | GET http://localhost:5656/?ref=5sMOs5ipVtFGxZ5fqK8xzg&id=1119778191&session=8684
10:27:05 | INFO | Request Body: ref=5sMOs5ipVtFGxZ5fqK8xzg&id=1119778191&session=8684
10:27:05 | INFO | Headers:
10:27:05 | INFO | 	host: localhost:5656
10:27:05 | INFO | 	connection: close
10:27:05 | INFO | 	sec-ch-ua: "Not?A_Brand";v="8", "Chromium";v="108", "Yandex";v="23"
10:27:05 | INFO | 	sec-ch-ua-mobile: ?1
10:27:05 | INFO | 	sec-ch-ua-platform: "Android"
10:27:05 | INFO | 	upgrade-insecure-requests: 1
10:27:05 | INFO | 	user-agent: Mozilla/5.0 (Linux; arm_64; Android 10; HRY-LX1T) AppleWebKit/537.36 (KHTML, like Gecko) Chrome/108.0.0.0 YaBrowser/23.1.1.81.00 SA/3 Mobile Safari/537.36
10:27:05 | INFO | 	accept: text/html,application/xhtml+xml,application/xml;q=0.9,image/avif,image/webp,image/apng,*/*;q=0.8,application/signed-exchange;v=b3;q=0.9
10:27:05 | INFO | 	sec-fetch-site: none
10:27:05 | INFO | 	sec-fetch-mode: navigate
10:27:05 | INFO | 	sec-fetch-user: ?1
10:27:05 | INFO | 	sec-fetch-dest: document
10:27:05 | INFO | 	accept-encoding: gzip, deflate, br, sdch
10:27:05 | INFO | 	accept-language: ru-RU,ru;q=0.9,en-US;q=0.8,en;q=0.7
10:27:22 | INFO | GET http://localhost:5656/?ref=z6zLUQLM5cKbDaH_-1GKRQ&id=1230110750&session=8682
10:27:22 | INFO | Request Body: ref=z6zLUQLM5cKbDaH_-1GKRQ&id=1230110750&session=8682
10:27:22 | INFO | Headers:
10:27:22 | INFO | 	host: localhost:5656
10:27:22 | INFO | 	connection: close
10:27:22 | INFO | 	accept: text/html,application/xhtml+xml,application/xml;q=0.9,*/*;q=0.8
10:27:22 | INFO | 	accept-language: ru
10:27:22 | INFO | 	accept-encoding: gzip, deflate, br
10:27:22 | INFO | 	user-agent: Mozilla/5.0 (iPhone; CPU iPhone OS 15_6_1 like Mac OS X) AppleWebKit/605.1.15 (KHTML, like Gecko) Version/15.6.1 Mobile/15E148 Safari/604.1
10:31:16 | INFO | GET http://localhost:5656/?ref=raung1VmOe0f7xzNqJQ8Cw&id=1230110750&session=8682
10:31:16 | INFO | Request Body: ref=raung1VmOe0f7xzNqJQ8Cw&id=1230110750&session=8682
10:31:16 | INFO | Headers:
10:31:16 | INFO | 	host: localhost:5656
10:31:16 | INFO | 	connection: close
10:31:16 | INFO | 	accept: text/html,application/xhtml+xml,application/xml;q=0.9,*/*;q=0.8
10:31:16 | INFO | 	accept-language: ru
10:31:16 | INFO | 	accept-encoding: gzip, deflate, br
10:31:16 | INFO | 	user-agent: Mozilla/5.0 (iPhone; CPU iPhone OS 15_6_1 like Mac OS X) AppleWebKit/605.1.15 (KHTML, like Gecko) Version/15.6.1 Mobile/15E148 Safari/604.1
10:34:01 | INFO | GET http://localhost:5656/?ref=r8JXdunBR-nfbAAFSgmc6A&id=664602376&session=8721
10:34:01 | INFO | Request Body: ref=r8JXdunBR-nfbAAFSgmc6A&id=664602376&session=8721
10:34:01 | INFO | Headers:
10:34:01 | INFO | 	host: localhost:5656
10:34:01 | INFO | 	connection: close
10:34:01 | INFO | 	accept: text/html,application/xhtml+xml,application/xml;q=0.9,*/*;q=0.8
10:34:01 | INFO | 	accept-language: ru
10:34:01 | INFO | 	accept-encoding: gzip, deflate, br
10:34:01 | INFO | 	user-agent: Mozilla/5.0 (iPhone; CPU iPhone OS 16_0 like Mac OS X) AppleWebKit/605.1.15 (KHTML, like Gecko) Version/16.0 Mobile/15E148 Safari/604.1
10:37:22 | INFO | GET http://localhost:5656/?ref=r8JXdunBR-nfbAAFSgmc6A&id=183703284&session=8735
10:37:22 | INFO | Request Body: ref=r8JXdunBR-nfbAAFSgmc6A&id=183703284&session=8735
10:37:22 | INFO | Headers:
10:37:22 | INFO | 	host: localhost:5656
10:37:22 | INFO | 	connection: close
10:37:22 | INFO | 	sec-ch-ua: "Not?A_Brand";v="8", "Chromium";v="108", "Yandex";v="23"
10:37:22 | INFO | 	sec-ch-ua-mobile: ?0
10:37:22 | INFO | 	sec-ch-ua-platform: "Windows"
10:37:22 | INFO | 	upgrade-insecure-requests: 1
10:37:22 | INFO | 	user-agent: Mozilla/5.0 (Windows NT 10.0; Win64; x64) AppleWebKit/537.36 (KHTML, like Gecko) Chrome/108.0.0.0 YaBrowser/23.1.2.931 Yowser/2.5 Safari/537.36
10:37:22 | INFO | 	accept: text/html,application/xhtml+xml,application/xml;q=0.9,image/avif,image/webp,image/apng,*/*;q=0.8,application/signed-exchange;v=b3;q=0.9
10:37:22 | INFO | 	sec-fetch-site: none
10:37:22 | INFO | 	sec-fetch-mode: navigate
10:37:22 | INFO | 	sec-fetch-user: ?1
10:37:22 | INFO | 	sec-fetch-dest: document
10:37:22 | INFO | 	accept-encoding: gzip, deflate, br
10:37:22 | INFO | 	accept-language: ru,en;q=0.9
10:38:04 | INFO | GET http://localhost:5656/?ref=QKHR_uYHLov9gscYokefuA&id=183703284&session=8735
10:38:04 | INFO | Request Body: ref=QKHR_uYHLov9gscYokefuA&id=183703284&session=8735
10:38:04 | INFO | Headers:
10:38:04 | INFO | 	host: localhost:5656
10:38:04 | INFO | 	connection: close
10:38:04 | INFO | 	sec-ch-ua: "Not?A_Brand";v="8", "Chromium";v="108", "Yandex";v="23"
10:38:04 | INFO | 	sec-ch-ua-mobile: ?0
10:38:04 | INFO | 	sec-ch-ua-platform: "Windows"
10:38:04 | INFO | 	upgrade-insecure-requests: 1
10:38:04 | INFO | 	user-agent: Mozilla/5.0 (Windows NT 10.0; Win64; x64) AppleWebKit/537.36 (KHTML, like Gecko) Chrome/108.0.0.0 YaBrowser/23.1.2.931 Yowser/2.5 Safari/537.36
10:38:04 | INFO | 	accept: text/html,application/xhtml+xml,application/xml;q=0.9,image/avif,image/webp,image/apng,*/*;q=0.8,application/signed-exchange;v=b3;q=0.9
10:38:04 | INFO | 	sec-fetch-site: none
10:38:04 | INFO | 	sec-fetch-mode: navigate
10:38:04 | INFO | 	sec-fetch-user: ?1
10:38:04 | INFO | 	sec-fetch-dest: document
10:38:04 | INFO | 	accept-encoding: gzip, deflate, br
10:38:04 | INFO | 	accept-language: ru,en;q=0.9
10:39:47 | INFO | GET http://localhost:5656/
10:39:47 | INFO | Request Body: 
10:39:47 | INFO | Headers:
10:39:47 | INFO | 	host: localhost:5656
10:39:47 | INFO | 	connection: close
10:39:47 | INFO | 	user-agent: Mozilla/5.0 (compatible; AhrefsBot/7.0; +http://ahrefs.com/robot/)
10:39:47 | INFO | 	accept: */*
10:39:47 | INFO | 	accept-encoding: deflate, gzip, br
10:42:17 | INFO | GET http://localhost:5656/?ref=wdpi6pglU5PPOCVui2ghFQ&id=711376325&session=8753
10:42:17 | INFO | Request Body: ref=wdpi6pglU5PPOCVui2ghFQ&id=711376325&session=8753
10:42:17 | INFO | Headers:
10:42:17 | INFO | 	host: localhost:5656
10:42:17 | INFO | 	connection: close
10:42:17 | INFO | 	sec-ch-ua: "Not_A Brand";v="99", "Google Chrome";v="109", "Chromium";v="109"
10:42:17 | INFO | 	sec-ch-ua-mobile: ?1
10:42:17 | INFO | 	sec-ch-ua-platform: "Android"
10:42:17 | INFO | 	upgrade-insecure-requests: 1
10:42:17 | INFO | 	user-agent: Mozilla/5.0 (Linux; Android 12; M2010J19SY) AppleWebKit/537.36 (KHTML, like Gecko) Chrome/109.0.0.0 Mobile Safari/537.36
10:42:17 | INFO | 	accept: text/html,application/xhtml+xml,application/xml;q=0.9,image/avif,image/webp,image/apng,*/*;q=0.8,application/signed-exchange;v=b3;q=0.9
10:42:17 | INFO | 	sec-fetch-site: cross-site
10:42:17 | INFO | 	sec-fetch-mode: navigate
10:42:17 | INFO | 	sec-fetch-dest: document
10:42:17 | INFO | 	accept-encoding: gzip, deflate, br
10:42:17 | INFO | 	accept-language: ru-RU,ru;q=0.9,en-US;q=0.8,en;q=0.7
10:47:01 | INFO | GET http://localhost:5656/?ref=CzE6XxYp0ebYUKQGk7z6sw&id=514093036&session=8770
10:47:01 | INFO | Request Body: ref=CzE6XxYp0ebYUKQGk7z6sw&id=514093036&session=8770
10:47:01 | INFO | Headers:
10:47:01 | INFO | 	host: localhost:5656
10:47:01 | INFO | 	connection: close
10:47:01 | INFO | 	accept: text/html,application/xhtml+xml,application/xml;q=0.9,*/*;q=0.8
10:47:01 | INFO | 	accept-language: ru
10:47:01 | INFO | 	accept-encoding: gzip, deflate, br
10:47:01 | INFO | 	user-agent: Mozilla/5.0 (iPhone; CPU iPhone OS 16_3 like Mac OS X) AppleWebKit/605.1.15 (KHTML, like Gecko) Version/16.3 Mobile/15E148 Safari/604.1
10:49:11 | INFO | GET http://localhost:5656/?ref=yZbUVO95v2Zrg8fwfGN5pA&id=625766350&session=8771
10:49:11 | INFO | Request Body: ref=yZbUVO95v2Zrg8fwfGN5pA&id=625766350&session=8771
10:49:11 | INFO | Headers:
10:49:11 | INFO | 	host: localhost:5656
10:49:11 | INFO | 	connection: close
10:49:11 | INFO | 	accept: text/html,application/xhtml+xml,application/xml;q=0.9,*/*;q=0.8
10:49:11 | INFO | 	accept-language: ru
10:49:11 | INFO | 	accept-encoding: gzip, deflate, br
10:49:11 | INFO | 	user-agent: Mozilla/5.0 (iPhone; CPU iPhone OS 16_1_2 like Mac OS X) AppleWebKit/605.1.15 (KHTML, like Gecko) Version/16.1 Mobile/15E148 Safari/604.1
11:04:06 | INFO | GET http://localhost:5656/?ref=jIr2gP3E0NVBllfU6R63vQ&id=314915891&session=8822
11:04:06 | INFO | Request Body: ref=jIr2gP3E0NVBllfU6R63vQ&id=314915891&session=8822
11:04:06 | INFO | Headers:
11:04:06 | INFO | 	host: localhost:5656
11:04:06 | INFO | 	connection: close
11:04:06 | INFO | 	accept: text/html,application/xhtml+xml,application/xml;q=0.9,*/*;q=0.8
11:04:06 | INFO | 	accept-language: ru
11:04:06 | INFO | 	accept-encoding: gzip, deflate, br
11:04:06 | INFO | 	user-agent: Mozilla/5.0 (iPhone; CPU iPhone OS 16_1_1 like Mac OS X) AppleWebKit/605.1.15 (KHTML, like Gecko) Version/16.1 Mobile/15E148 Safari/604.1
11:04:21 | INFO | GET http://localhost:5656/?ref=jIr2gP3E0NVBllfU6R63vQ&id=397661607&session=8824
11:04:21 | INFO | Request Body: ref=jIr2gP3E0NVBllfU6R63vQ&id=397661607&session=8824
11:04:21 | INFO | Headers:
11:04:21 | INFO | 	host: localhost:5656
11:04:21 | INFO | 	connection: close
11:04:21 | INFO | 	accept: text/html,application/xhtml+xml,application/xml;q=0.9,*/*;q=0.8
11:04:21 | INFO | 	accept-language: ru
11:04:21 | INFO | 	accept-encoding: gzip, deflate, br
11:04:21 | INFO | 	user-agent: Mozilla/5.0 (iPhone; CPU iPhone OS 16_2 like Mac OS X) AppleWebKit/605.1.15 (KHTML, like Gecko) Version/16.2 Mobile/15E148 Safari/604.1
11:06:06 | INFO | GET http://localhost:5656/?ref=5B13CoKJ6L_3VPT6IUXXbA&id=397661607&session=8835
11:06:06 | INFO | Request Body: ref=5B13CoKJ6L_3VPT6IUXXbA&id=397661607&session=8835
11:06:06 | INFO | Headers:
11:06:06 | INFO | 	host: localhost:5656
11:06:06 | INFO | 	connection: close
11:06:06 | INFO | 	accept: text/html,application/xhtml+xml,application/xml;q=0.9,*/*;q=0.8
11:06:06 | INFO | 	accept-language: ru
11:06:06 | INFO | 	accept-encoding: gzip, deflate, br
11:06:06 | INFO | 	user-agent: Mozilla/5.0 (iPhone; CPU iPhone OS 16_2 like Mac OS X) AppleWebKit/605.1.15 (KHTML, like Gecko) Version/16.2 Mobile/15E148 Safari/604.1
11:13:03 | INFO | GET http://localhost:5656/?ref=VHbZAE5B0285xozL14UWZw&id=777612558&session=8839
11:13:03 | INFO | Request Body: ref=VHbZAE5B0285xozL14UWZw&id=777612558&session=8839
11:13:03 | INFO | Headers:
11:13:03 | INFO | 	host: localhost:5656
11:13:03 | INFO | 	connection: close
11:13:03 | INFO | 	accept-language: ru-RU,ru,en-US,en
11:13:03 | INFO | 	upgrade-insecure-requests: 1
11:13:03 | INFO | 	user-agent: Mozilla/5.0 (Linux; Android 12; SAMSUNG SM-A515F) AppleWebKit/537.36 (KHTML, like Gecko) SamsungBrowser/19.0 Chrome/102.0.5005.125 Mobile Safari/537.36
11:13:03 | INFO | 	accept: text/html,application/xhtml+xml,application/xml;q=0.9,image/avif,image/webp,image/apng,*/*;q=0.8,application/signed-exchange;v=b3;q=0.9
11:13:03 | INFO | 	sec-fetch-site: none
11:13:03 | INFO | 	sec-fetch-mode: navigate
11:13:03 | INFO | 	sec-fetch-dest: document
11:13:03 | INFO | 	accept-encoding: gzip, deflate, br
11:28:54 | INFO | GET http://localhost:5656/?ref=Y4XoG6EElEaikw4d8uXSTA&id=642626621&session=8871
11:28:54 | INFO | Request Body: ref=Y4XoG6EElEaikw4d8uXSTA&id=642626621&session=8871
11:28:54 | INFO | Headers:
11:28:54 | INFO | 	host: localhost:5656
11:28:54 | INFO | 	connection: close
11:28:54 | INFO | 	cache-control: max-age=0
11:28:54 | INFO | 	sec-ch-ua: "Not_A Brand";v="99", "Google Chrome";v="109", "Chromium";v="109"
11:28:54 | INFO | 	sec-ch-ua-mobile: ?1
11:28:54 | INFO | 	sec-ch-ua-platform: "Android"
11:28:54 | INFO | 	upgrade-insecure-requests: 1
11:28:54 | INFO | 	user-agent: Mozilla/5.0 (Linux; Android 13; SM-A515F) AppleWebKit/537.36 (KHTML, like Gecko) Chrome/109.0.0.0 Mobile Safari/537.36
11:28:54 | INFO | 	accept: text/html,application/xhtml+xml,application/xml;q=0.9,image/avif,image/webp,image/apng,*/*;q=0.8,application/signed-exchange;v=b3;q=0.9
11:28:54 | INFO | 	sec-fetch-site: cross-site
11:28:54 | INFO | 	sec-fetch-mode: navigate
11:28:54 | INFO | 	sec-fetch-dest: document
11:28:54 | INFO | 	accept-encoding: gzip, deflate, br
11:28:54 | INFO | 	accept-language: ru-RU,ru;q=0.9,en-US;q=0.8,en;q=0.7
11:32:25 | INFO | GET http://localhost:5656/?ref=7Xk8ldk4g0wIH2wSKQ7jfQ&id=270077713&session=8874
11:32:25 | INFO | Request Body: ref=7Xk8ldk4g0wIH2wSKQ7jfQ&id=270077713&session=8874
11:32:25 | INFO | Headers:
11:32:25 | INFO | 	host: localhost:5656
11:32:25 | INFO | 	connection: close
11:32:25 | INFO | 	accept: text/html,application/xhtml+xml,application/xml;q=0.9,*/*;q=0.8
11:32:25 | INFO | 	accept-language: ru
11:32:25 | INFO | 	accept-encoding: gzip, deflate, br
11:32:25 | INFO | 	user-agent: Mozilla/5.0 (iPhone; CPU iPhone OS 16_1_1 like Mac OS X) AppleWebKit/605.1.15 (KHTML, like Gecko) Version/16.1 Mobile/15E148 Safari/604.1
11:52:01 | INFO | GET http://localhost:5656/?ref=wXQ3uj3pDkqGgtYj34og7A&id=1007292318&session=8505
11:52:01 | INFO | Request Body: ref=wXQ3uj3pDkqGgtYj34og7A&id=1007292318&session=8505
11:52:01 | INFO | Headers:
11:52:01 | INFO | 	host: localhost:5656
11:52:01 | INFO | 	connection: close
11:52:01 | INFO | 	accept: text/html,application/xhtml+xml,application/xml;q=0.9,*/*;q=0.8
11:52:01 | INFO | 	accept-language: ru
11:52:01 | INFO | 	accept-encoding: gzip, deflate, br
11:52:01 | INFO | 	user-agent: Mozilla/5.0 (iPhone; CPU iPhone OS 16_3 like Mac OS X) AppleWebKit/605.1.15 (KHTML, like Gecko) Version/16.3 Mobile/15E148 Safari/604.1
11:57:12 | INFO | GET http://localhost:5656/?ref=nhjxfePu-IDo2WYTLuS2UA&id=774260114&session=8899
11:57:12 | INFO | Request Body: ref=nhjxfePu-IDo2WYTLuS2UA&id=774260114&session=8899
11:57:12 | INFO | Headers:
11:57:12 | INFO | 	host: localhost:5656
11:57:12 | INFO | 	connection: close
11:57:12 | INFO | 	sec-ch-ua: "Not_A Brand";v="99", "Google Chrome";v="109", "Chromium";v="109"
11:57:12 | INFO | 	sec-ch-ua-mobile: ?1
11:57:12 | INFO | 	sec-ch-ua-platform: "Android"
11:57:12 | INFO | 	dnt: 1
11:57:12 | INFO | 	upgrade-insecure-requests: 1
11:57:12 | INFO | 	user-agent: Mozilla/5.0 (Linux; Android 12; 2201116SC) AppleWebKit/537.36 (KHTML, like Gecko) Chrome/109.0.0.0 Mobile Safari/537.36
11:57:12 | INFO | 	accept: text/html,application/xhtml+xml,application/xml;q=0.9,image/avif,image/webp,image/apng,*/*;q=0.8,application/signed-exchange;v=b3;q=0.9
11:57:12 | INFO | 	sec-fetch-site: none
11:57:12 | INFO | 	sec-fetch-mode: navigate
11:57:12 | INFO | 	sec-fetch-dest: document
11:57:12 | INFO | 	accept-encoding: gzip, deflate, br
11:57:12 | INFO | 	accept-language: ru,en;q=0.9
12:01:12 | INFO | GET http://localhost:5656/
12:01:12 | INFO | Request Body: 
12:01:12 | INFO | Headers:
12:01:12 | INFO | 	host: localhost:5656
12:01:12 | INFO | 	connection: close
12:01:12 | INFO | 	user-agent: Mozilla/5.0 (X11; Linux x86_64; rv:109.0) Gecko/20100101 Firefox/110.0
12:01:12 | INFO | 	accept: text/html,application/xhtml+xml,application/xml;q=0.9,image/avif,image/webp,*/*;q=0.8
12:01:12 | INFO | 	accept-language: ru,en-US;q=0.7,en;q=0.3
12:01:12 | INFO | 	accept-encoding: gzip, deflate, br
12:01:12 | INFO | 	upgrade-insecure-requests: 1
12:01:12 | INFO | 	sec-fetch-dest: document
12:01:12 | INFO | 	sec-fetch-mode: navigate
12:01:12 | INFO | 	sec-fetch-site: cross-site
12:01:12 | INFO | 	sec-fetch-user: ?1
12:02:15 | INFO | GET http://localhost:5656/
12:02:15 | INFO | Request Body: 
12:02:15 | INFO | Headers:
12:02:15 | INFO | 	host: localhost:5656
12:02:15 | INFO | 	connection: close
12:02:15 | INFO | 	user-agent: Mozilla/5.0 (Macintosh; Intel Mac OS X 10.15; rv:109.0) Gecko/20100101 Firefox/110.0
12:02:15 | INFO | 	accept: text/html,application/xhtml+xml,application/xml;q=0.9,image/avif,image/webp,*/*;q=0.8
12:02:15 | INFO | 	accept-language: ru-RU,ru;q=0.8,en-US;q=0.5,en;q=0.3
12:02:15 | INFO | 	accept-encoding: gzip, deflate, br
12:02:15 | INFO | 	dnt: 1
12:02:15 | INFO | 	upgrade-insecure-requests: 1
12:02:15 | INFO | 	sec-fetch-dest: document
12:02:15 | INFO | 	sec-fetch-mode: navigate
12:02:15 | INFO | 	sec-fetch-site: cross-site
12:02:15 | INFO | 	sec-fetch-user: ?1
12:03:19 | INFO | GET http://localhost:5656/?ref=dYZVPnVXSkxf-0ATuRozSg&id=314915891&session=8903
12:03:19 | INFO | Request Body: ref=dYZVPnVXSkxf-0ATuRozSg&id=314915891&session=8903
12:03:19 | INFO | Headers:
12:03:19 | INFO | 	host: localhost:5656
12:03:19 | INFO | 	connection: close
12:03:19 | INFO | 	accept: text/html,application/xhtml+xml,application/xml;q=0.9,*/*;q=0.8
12:03:19 | INFO | 	accept-language: ru
12:03:19 | INFO | 	accept-encoding: gzip, deflate, br
12:03:19 | INFO | 	user-agent: Mozilla/5.0 (iPhone; CPU iPhone OS 16_1_1 like Mac OS X) AppleWebKit/605.1.15 (KHTML, like Gecko) Version/16.1 Mobile/15E148 Safari/604.1
12:05:29 | INFO | GET http://localhost:5656/?ref=xIfBgAVYuDA-x81kU8kaow&id=314915891&session=8903
12:05:29 | INFO | Request Body: ref=xIfBgAVYuDA-x81kU8kaow&id=314915891&session=8903
12:05:29 | INFO | Headers:
12:05:29 | INFO | 	host: localhost:5656
12:05:29 | INFO | 	connection: close
12:05:29 | INFO | 	accept: text/html,application/xhtml+xml,application/xml;q=0.9,*/*;q=0.8
12:05:29 | INFO | 	accept-language: ru
12:05:29 | INFO | 	accept-encoding: gzip, deflate, br
12:05:29 | INFO | 	user-agent: Mozilla/5.0 (iPhone; CPU iPhone OS 16_1_1 like Mac OS X) AppleWebKit/605.1.15 (KHTML, like Gecko) Version/16.1 Mobile/15E148 Safari/604.1
12:21:34 | INFO | GET http://localhost:5656/?ref=7Xk8ldk4g0wIH2wSKQ7jfQ&id=1057623754&session=8929
12:21:34 | INFO | Request Body: ref=7Xk8ldk4g0wIH2wSKQ7jfQ&id=1057623754&session=8929
12:21:34 | INFO | Headers:
12:21:34 | INFO | 	host: localhost:5656
12:21:34 | INFO | 	connection: close
12:21:34 | INFO | 	save-data: on
12:21:34 | INFO | 	upgrade-insecure-requests: 1
12:21:34 | INFO | 	user-agent: Mozilla/5.0 (Linux; Android 11; Mi 9 Lite) AppleWebKit/537.36 (KHTML, like Gecko) Chrome/87.0.4280.141 Mobile Safari/537.36
12:21:34 | INFO | 	accept: text/html,application/xhtml+xml,application/xml;q=0.9,image/webp,image/apng,*/*;q=0.8,application/signed-exchange;v=b3;q=0.9
12:21:34 | INFO | 	sec-fetch-site: none
12:21:34 | INFO | 	sec-fetch-mode: navigate
12:21:34 | INFO | 	sec-fetch-dest: document
12:21:34 | INFO | 	accept-encoding: gzip, deflate, br
12:21:34 | INFO | 	accept-language: ru-RU,ru;q=0.9,en-US;q=0.8,en;q=0.7
13:04:51 | INFO | GET http://localhost:5656/?ref=RhnCe8FHYca3LAfUBivBzg&id=977133175&session=8967
13:04:51 | INFO | Request Body: ref=RhnCe8FHYca3LAfUBivBzg&id=977133175&session=8967
13:04:51 | INFO | Headers:
13:04:51 | INFO | 	host: localhost:5656
13:04:51 | INFO | 	connection: close
13:04:51 | INFO | 	sec-ch-ua: "Chromium";v="106", "Yandex";v="22", "Not;A=Brand";v="99"
13:04:51 | INFO | 	sec-ch-ua-mobile: ?1
13:04:51 | INFO | 	sec-ch-ua-platform: "Android"
13:04:51 | INFO | 	upgrade-insecure-requests: 1
13:04:51 | INFO | 	user-agent: Mozilla/5.0 (Linux; arm_64; Android 12; RMX3195) AppleWebKit/537.36 (KHTML, like Gecko) Chrome/106.0.0.0 YaBrowser/22.11.2.78.00 SA/3 Mobile Safari/537.36
13:04:51 | INFO | 	accept: text/html,application/xhtml+xml,application/xml;q=0.9,image/avif,image/webp,image/apng,*/*;q=0.8,application/signed-exchange;v=b3;q=0.9
13:04:51 | INFO | 	sec-fetch-site: none
13:04:51 | INFO | 	sec-fetch-mode: navigate
13:04:51 | INFO | 	sec-fetch-user: ?1
13:04:51 | INFO | 	sec-fetch-dest: document
13:04:51 | INFO | 	accept-encoding: gzip, deflate, br, sdch
13:04:51 | INFO | 	accept-language: ru-RU,ru;q=0.9,en-US;q=0.8,en;q=0.7
13:43:44 | INFO | GET http://localhost:5656/?ref=OhJV8c4RfFof9vIlZfjZIg&id=304132990&session=8987
13:43:44 | INFO | Request Body: ref=OhJV8c4RfFof9vIlZfjZIg&id=304132990&session=8987
13:43:44 | INFO | Headers:
13:43:44 | INFO | 	host: localhost:5656
13:43:44 | INFO | 	connection: close
13:43:44 | INFO | 	sec-ch-ua: "Chromium";v="110", "Not A(Brand";v="24", "Google Chrome";v="110"
13:43:44 | INFO | 	sec-ch-ua-mobile: ?1
13:43:44 | INFO | 	sec-ch-ua-platform: "Android"
13:43:44 | INFO | 	upgrade-insecure-requests: 1
13:43:44 | INFO | 	user-agent: Mozilla/5.0 (Linux; Android 13; SM-S908E) AppleWebKit/537.36 (KHTML, like Gecko) Chrome/110.0.0.0 Mobile Safari/537.36
13:43:44 | INFO | 	accept: text/html,application/xhtml+xml,application/xml;q=0.9,image/avif,image/webp,image/apng,*/*;q=0.8,application/signed-exchange;v=b3;q=0.7
13:43:44 | INFO | 	sec-fetch-site: cross-site
13:43:44 | INFO | 	sec-fetch-mode: navigate
13:43:44 | INFO | 	sec-fetch-dest: document
13:43:44 | INFO | 	accept-encoding: gzip, deflate, br
13:43:44 | INFO | 	accept-language: ru-RU,ru;q=0.9,en-US;q=0.8,en;q=0.7
14:19:40 | INFO | GET http://localhost:5656/?ref=WzXlC_0CA4izkVpbDDaLdw&id=1028616669&session=8999
14:19:40 | INFO | Request Body: ref=WzXlC_0CA4izkVpbDDaLdw&id=1028616669&session=8999
14:19:40 | INFO | Headers:
14:19:40 | INFO | 	host: localhost:5656
14:19:40 | INFO | 	connection: close
14:19:40 | INFO | 	sec-ch-ua: "Chromium";v="104", " Not A;Brand";v="99", "Yandex";v="22"
14:19:40 | INFO | 	sec-ch-ua-mobile: ?1
14:19:40 | INFO | 	sec-ch-ua-platform: "Android"
14:19:40 | INFO | 	upgrade-insecure-requests: 1
14:19:40 | INFO | 	user-agent: Mozilla/5.0 (Linux; arm_64; Android 12; 2201117PG) AppleWebKit/537.36 (KHTML, like Gecko) Chrome/104.0.5112.124 YaBrowser/22.9.7.43.00 SA/3 Mobile Safari/537.36
14:19:40 | INFO | 	accept: text/html,application/xhtml+xml,application/xml;q=0.9,image/avif,image/webp,image/apng,*/*;q=0.8,application/signed-exchange;v=b3;q=0.9
14:19:40 | INFO | 	sec-fetch-site: none
14:19:40 | INFO | 	sec-fetch-mode: navigate
14:19:40 | INFO | 	sec-fetch-user: ?1
14:19:40 | INFO | 	sec-fetch-dest: document
14:19:40 | INFO | 	accept-encoding: gzip, deflate, br, sdch
14:19:40 | INFO | 	accept-language: ru-RU,ru;q=0.9,en-US;q=0.8,en;q=0.7
14:38:58 | INFO | GET http://localhost:5656/
14:38:58 | INFO | Request Body: 
14:38:58 | INFO | Headers:
14:38:58 | INFO | 	host: localhost:5656
14:38:58 | INFO | 	connection: close
14:38:58 | INFO | 	cache-control: no-cache
14:38:58 | INFO | 	pragma: no-cache
14:38:58 | INFO | 	accept: */*
14:38:58 | INFO | 	accept-encoding: gzip, deflate
14:38:58 | INFO | 	from: bingbot(at)microsoft.com
14:38:58 | INFO | 	user-agent: Mozilla/5.0 AppleWebKit/537.36 (KHTML, like Gecko; compatible; bingbot/2.0; +http://www.bing.com/bingbot.htm) Chrome/103.0.5060.134 Safari/537.36
14:51:39 | INFO | GET http://localhost:5656/?ref=j5HUWB-PiwhsymNVF5GI9Q&id=1600583661&session=9021
14:51:39 | INFO | Request Body: ref=j5HUWB-PiwhsymNVF5GI9Q&id=1600583661&session=9021
14:51:39 | INFO | Headers:
14:51:39 | INFO | 	host: localhost:5656
14:51:39 | INFO | 	connection: close
14:51:39 | INFO | 	sec-ch-ua: "Not_A Brand";v="99", "Google Chrome";v="109", "Chromium";v="109"
14:51:39 | INFO | 	sec-ch-ua-mobile: ?1
14:51:39 | INFO | 	sec-ch-ua-platform: "Android"
14:51:39 | INFO | 	upgrade-insecure-requests: 1
14:51:39 | INFO | 	user-agent: Mozilla/5.0 (Linux; Android 13; SM-A515F) AppleWebKit/537.36 (KHTML, like Gecko) Chrome/109.0.0.0 Mobile Safari/537.36
14:51:39 | INFO | 	accept: text/html,application/xhtml+xml,application/xml;q=0.9,image/avif,image/webp,image/apng,*/*;q=0.8,application/signed-exchange;v=b3;q=0.9
14:51:39 | INFO | 	sec-fetch-site: cross-site
14:51:39 | INFO | 	sec-fetch-mode: navigate
14:51:39 | INFO | 	sec-fetch-dest: document
14:51:39 | INFO | 	accept-encoding: gzip, deflate, br
14:51:39 | INFO | 	accept-language: ru-RU,ru;q=0.9,en-US;q=0.8,en;q=0.7
15:02:45 | INFO | GET http://localhost:5656/?ref=raung1VmOe0f7xzNqJQ8Cw&id=1600583661&session=9026
15:02:45 | INFO | Request Body: ref=raung1VmOe0f7xzNqJQ8Cw&id=1600583661&session=9026
15:02:45 | INFO | Headers:
15:02:45 | INFO | 	host: localhost:5656
15:02:45 | INFO | 	connection: close
15:02:45 | INFO | 	sec-ch-ua: "Not_A Brand";v="99", "Google Chrome";v="109", "Chromium";v="109"
15:02:45 | INFO | 	sec-ch-ua-mobile: ?1
15:02:45 | INFO | 	sec-ch-ua-platform: "Android"
15:02:45 | INFO | 	upgrade-insecure-requests: 1
15:02:45 | INFO | 	user-agent: Mozilla/5.0 (Linux; Android 13; SM-A515F) AppleWebKit/537.36 (KHTML, like Gecko) Chrome/109.0.0.0 Mobile Safari/537.36
15:02:45 | INFO | 	accept: text/html,application/xhtml+xml,application/xml;q=0.9,image/avif,image/webp,image/apng,*/*;q=0.8,application/signed-exchange;v=b3;q=0.9
15:02:45 | INFO | 	sec-fetch-site: cross-site
15:02:45 | INFO | 	sec-fetch-mode: navigate
15:02:45 | INFO | 	sec-fetch-dest: document
15:02:45 | INFO | 	accept-encoding: gzip, deflate, br
15:02:45 | INFO | 	accept-language: ru-RU,ru;q=0.9,en-US;q=0.8,en;q=0.7
15:19:12 | INFO | GET http://localhost:5656/?ref=ts48gwQq9JSmbvZS6Cv9hw&id=5317693225&session=9045
15:19:12 | INFO | Request Body: ref=ts48gwQq9JSmbvZS6Cv9hw&id=5317693225&session=9045
15:19:12 | INFO | Headers:
15:19:12 | INFO | 	host: localhost:5656
15:19:12 | INFO | 	connection: close
15:19:12 | INFO | 	sec-ch-ua: "Not?A_Brand";v="8", "Chromium";v="108", "Yandex";v="23"
15:19:12 | INFO | 	sec-ch-ua-mobile: ?1
15:19:12 | INFO | 	sec-ch-ua-platform: "Android"
15:19:12 | INFO | 	upgrade-insecure-requests: 1
15:19:12 | INFO | 	user-agent: Mozilla/5.0 (Linux; arm_64; Android 11; TFY-LX1) AppleWebKit/537.36 (KHTML, like Gecko) Chrome/108.0.0.0 YaApp_Android/23.12.1 YaSearchBrowser/23.12.1 BroPP/1.0 SA/3 Mobile Safari/537.36
15:19:12 | INFO | 	accept: text/html,application/xhtml+xml,application/xml;q=0.9,image/avif,image/webp,image/apng,*/*;q=0.8,application/signed-exchange;v=b3;q=0.9
15:19:12 | INFO | 	sec-fetch-site: none
15:19:12 | INFO | 	sec-fetch-mode: navigate
15:19:12 | INFO | 	sec-fetch-user: ?1
15:19:12 | INFO | 	sec-fetch-dest: document
15:19:12 | INFO | 	accept-encoding: gzip, deflate, br, sdch
15:19:12 | INFO | 	accept-language: ru-RU,ru;q=0.9,en-US;q=0.8,en;q=0.7
15:46:54 | INFO | GET http://localhost:5656/?ref=d8Uq0mO-piBDHi4qqPzH7Q&id=997539150&session=9108
15:46:54 | INFO | Request Body: ref=d8Uq0mO-piBDHi4qqPzH7Q&id=997539150&session=9108
15:46:54 | INFO | Headers:
15:46:54 | INFO | 	host: localhost:5656
15:46:54 | INFO | 	connection: close
15:46:54 | INFO | 	accept: text/html,application/xhtml+xml,application/xml;q=0.9,*/*;q=0.8
15:46:54 | INFO | 	accept-language: ru
15:46:54 | INFO | 	accept-encoding: gzip, deflate, br
15:46:54 | INFO | 	user-agent: Mozilla/5.0 (iPhone; CPU iPhone OS 16_0_2 like Mac OS X) AppleWebKit/605.1.15 (KHTML, like Gecko) Version/16.0 Mobile/15E148 Safari/604.1
16:47:40 | INFO | GET http://localhost:5656/?ref=KlUnrD6pMRl6cF8CKGcmJw&id=1169476500&session=9172
16:47:40 | INFO | Request Body: ref=KlUnrD6pMRl6cF8CKGcmJw&id=1169476500&session=9172
16:47:40 | INFO | Headers:
16:47:40 | INFO | 	host: localhost:5656
16:47:40 | INFO | 	connection: close
16:47:40 | INFO | 	accept: text/html,application/xhtml+xml,application/xml;q=0.9,*/*;q=0.8
16:47:40 | INFO | 	accept-language: ru
16:47:40 | INFO | 	accept-encoding: gzip, deflate, br
16:47:40 | INFO | 	user-agent: Mozilla/5.0 (iPhone; CPU iPhone OS 14_6 like Mac OS X) AppleWebKit/605.1.15 (KHTML, like Gecko) Version/14.1.1 Mobile/15E148 Safari/604.1
17:40:02 | INFO | GET http://localhost:5656/?ref=xIfBgAVYuDA-x81kU8kaow&id=766047269&session=8355
17:40:02 | INFO | Request Body: ref=xIfBgAVYuDA-x81kU8kaow&id=766047269&session=8355
17:40:02 | INFO | Headers:
17:40:02 | INFO | 	host: localhost:5656
17:40:02 | INFO | 	connection: close
17:40:02 | INFO | 	sec-ch-ua: "Not?A_Brand";v="8", "Chromium";v="108", "Google Chrome";v="108"
17:40:02 | INFO | 	sec-ch-ua-mobile: ?1
17:40:02 | INFO | 	sec-ch-ua-platform: "Android"
17:40:02 | INFO | 	upgrade-insecure-requests: 1
17:40:02 | INFO | 	user-agent: Mozilla/5.0 (Linux; Android 11; 220333QNY) AppleWebKit/537.36 (KHTML, like Gecko) Chrome/108.0.0.0 Mobile Safari/537.36
17:40:02 | INFO | 	accept: text/html,application/xhtml+xml,application/xml;q=0.9,image/avif,image/webp,image/apng,*/*;q=0.8,application/signed-exchange;v=b3;q=0.9
17:40:02 | INFO | 	sec-fetch-site: none
17:40:02 | INFO | 	sec-fetch-mode: navigate
17:40:02 | INFO | 	sec-fetch-dest: document
17:40:02 | INFO | 	accept-encoding: gzip, deflate, br
17:40:02 | INFO | 	accept-language: ru-RU,ru;q=0.9,en-US;q=0.8,en;q=0.7
17:58:43 | INFO | GET http://localhost:5656/?ref=wdpi6pglU5PPOCVui2ghFQ&id=1988649348&session=9217
17:58:43 | INFO | Request Body: ref=wdpi6pglU5PPOCVui2ghFQ&id=1988649348&session=9217
17:58:43 | INFO | Headers:
17:58:43 | INFO | 	host: localhost:5656
17:58:43 | INFO | 	connection: close
17:58:43 | INFO | 	accept: text/html,application/xhtml+xml,application/xml;q=0.9,*/*;q=0.8
17:58:43 | INFO | 	accept-language: ru
17:58:43 | INFO | 	accept-encoding: gzip, deflate, br
17:58:43 | INFO | 	user-agent: Mozilla/5.0 (iPhone; CPU iPhone OS 16_2 like Mac OS X) AppleWebKit/605.1.15 (KHTML, like Gecko) Version/16.2 Mobile/15E148 Safari/604.1
18:34:54 | INFO | GET http://localhost:5656/?ref=WzXlC_0CA4izkVpbDDaLdw&id=843475323&session=9235
18:34:54 | INFO | Request Body: ref=WzXlC_0CA4izkVpbDDaLdw&id=843475323&session=9235
18:34:54 | INFO | Headers:
18:34:54 | INFO | 	host: localhost:5656
18:34:54 | INFO | 	connection: close
18:34:54 | INFO | 	accept: text/html,application/xhtml+xml,application/xml;q=0.9,*/*;q=0.8
18:34:54 | INFO | 	accept-language: ru
18:34:54 | INFO | 	accept-encoding: gzip, deflate, br
18:34:54 | INFO | 	user-agent: Mozilla/5.0 (iPhone; CPU iPhone OS 16_0_2 like Mac OS X) AppleWebKit/605.1.15 (KHTML, like Gecko) Version/16.0 Mobile/15E148 Safari/604.1
18:37:07 | INFO | GET http://localhost:5656/?ref=dYZVPnVXSkxf-0ATuRozSg&id=843475323&session=9235
18:37:07 | INFO | Request Body: ref=dYZVPnVXSkxf-0ATuRozSg&id=843475323&session=9235
18:37:07 | INFO | Headers:
18:37:07 | INFO | 	host: localhost:5656
18:37:07 | INFO | 	connection: close
18:37:07 | INFO | 	accept: text/html,application/xhtml+xml,application/xml;q=0.9,*/*;q=0.8
18:37:07 | INFO | 	accept-language: ru
18:37:07 | INFO | 	accept-encoding: gzip, deflate, br
18:37:07 | INFO | 	user-agent: Mozilla/5.0 (iPhone; CPU iPhone OS 16_0_2 like Mac OS X) AppleWebKit/605.1.15 (KHTML, like Gecko) Version/16.0 Mobile/15E148 Safari/604.1
18:38:43 | INFO | GET http://localhost:5656/?ref=_GATVGwcTdnVlpDZLNyYrA&id=843475323&session=9235
18:38:43 | INFO | Request Body: ref=_GATVGwcTdnVlpDZLNyYrA&id=843475323&session=9235
18:38:43 | INFO | Headers:
18:38:43 | INFO | 	host: localhost:5656
18:38:43 | INFO | 	connection: close
18:38:43 | INFO | 	accept: text/html,application/xhtml+xml,application/xml;q=0.9,*/*;q=0.8
18:38:43 | INFO | 	accept-language: ru
18:38:43 | INFO | 	accept-encoding: gzip, deflate, br
18:38:43 | INFO | 	user-agent: Mozilla/5.0 (iPhone; CPU iPhone OS 16_0_2 like Mac OS X) AppleWebKit/605.1.15 (KHTML, like Gecko) Version/16.0 Mobile/15E148 Safari/604.1
18:41:48 | INFO | GET http://localhost:5656/?ref=sTnUW7Dk7FxhiFNvFOjdrQ&id=843475323&session=9239
18:41:48 | INFO | Request Body: ref=sTnUW7Dk7FxhiFNvFOjdrQ&id=843475323&session=9239
18:41:48 | INFO | Headers:
18:41:48 | INFO | 	host: localhost:5656
18:41:48 | INFO | 	connection: close
18:41:48 | INFO | 	accept: text/html,application/xhtml+xml,application/xml;q=0.9,*/*;q=0.8
18:41:48 | INFO | 	accept-language: ru
18:41:48 | INFO | 	accept-encoding: gzip, deflate, br
18:41:48 | INFO | 	user-agent: Mozilla/5.0 (iPhone; CPU iPhone OS 16_0_2 like Mac OS X) AppleWebKit/605.1.15 (KHTML, like Gecko) Version/16.0 Mobile/15E148 Safari/604.1
18:47:34 | INFO | GET http://localhost:5656/?ref=r8JXdunBR-nfbAAFSgmc6A&id=5113893815&session=9237
18:47:34 | INFO | Request Body: ref=r8JXdunBR-nfbAAFSgmc6A&id=5113893815&session=9237
18:47:34 | INFO | Headers:
18:47:34 | INFO | 	host: localhost:5656
18:47:34 | INFO | 	connection: close
18:47:34 | INFO | 	sec-ch-ua: "Chromium";v="92", " Not A;Brand";v="99", "HuaweiBrowser";v="92"
18:47:34 | INFO | 	sec-ch-ua-mobile: ?1
18:47:34 | INFO | 	upgrade-insecure-requests: 1
18:47:34 | INFO | 	user-agent: Mozilla/5.0 (Linux; Android 10; LRA-LX1; HMSCore 6.9.0.302) AppleWebKit/537.36 (KHTML, like Gecko) Chrome/92.0.4515.105 HuaweiBrowser/12.1.3.304 Mobile Safari/537.36
18:47:34 | INFO | 	accept: text/html,application/xhtml+xml,application/xml;q=0.9,image/webp,image/apng,*/*;q=0.8,application/signed-exchange;v=b3;q=0.9
18:47:34 | INFO | 	sec-fetch-site: none
18:47:34 | INFO | 	sec-fetch-mode: navigate
18:47:34 | INFO | 	sec-fetch-user: ?1
18:47:34 | INFO | 	sec-fetch-dest: document
18:47:34 | INFO | 	accept-encoding: gzip, deflate, br
18:47:34 | INFO | 	accept-language: ru-RU,ru;q=0.9,en-US;q=0.8,en;q=0.7
19:04:39 | INFO | GET http://localhost:5656/?ref=dYZVPnVXSkxf-0ATuRozSg&id=584316844&session=9253
19:04:39 | INFO | Request Body: ref=dYZVPnVXSkxf-0ATuRozSg&id=584316844&session=9253
19:04:39 | INFO | Headers:
19:04:39 | INFO | 	host: localhost:5656
19:04:39 | INFO | 	connection: close
19:04:39 | INFO | 	sec-ch-ua: "Not_A Brand";v="99", "Google Chrome";v="109", "Chromium";v="109"
19:04:39 | INFO | 	sec-ch-ua-mobile: ?1
19:04:39 | INFO | 	sec-ch-ua-platform: "Android"
19:04:39 | INFO | 	upgrade-insecure-requests: 1
19:04:39 | INFO | 	user-agent: Mozilla/5.0 (Linux; Android 12; RMX3630) AppleWebKit/537.36 (KHTML, like Gecko) Chrome/109.0.0.0 Mobile Safari/537.36
19:04:39 | INFO | 	accept: text/html,application/xhtml+xml,application/xml;q=0.9,image/avif,image/webp,image/apng,*/*;q=0.8,application/signed-exchange;v=b3;q=0.9
19:04:39 | INFO | 	sec-fetch-site: cross-site
19:04:39 | INFO | 	sec-fetch-mode: navigate
19:04:39 | INFO | 	sec-fetch-dest: document
19:04:39 | INFO | 	accept-encoding: gzip, deflate, br
19:04:39 | INFO | 	accept-language: ru-RU,ru;q=0.9,en-US;q=0.8,en;q=0.7
19:21:58 | INFO | GET http://localhost:5656/?ref=CkG04yTmaaRcN-ZG9QObiw&id=341437852&session=9266
19:21:58 | INFO | Request Body: ref=CkG04yTmaaRcN-ZG9QObiw&id=341437852&session=9266
19:21:58 | INFO | Headers:
19:21:58 | INFO | 	host: localhost:5656
19:21:58 | INFO | 	connection: close
19:21:58 | INFO | 	accept: text/html,application/xhtml+xml,application/xml;q=0.9,*/*;q=0.8
19:21:58 | INFO | 	accept-language: ru
19:21:58 | INFO | 	accept-encoding: gzip, deflate, br
19:21:58 | INFO | 	user-agent: Mozilla/5.0 (iPhone; CPU iPhone OS 16_1_2 like Mac OS X) AppleWebKit/605.1.15 (KHTML, like Gecko) Version/16.1 Mobile/15E148 Safari/604.1
19:58:32 | INFO | GET http://localhost:5656/?ref=wdpi6pglU5PPOCVui2ghFQ&id=1988649348&session=9217
19:58:32 | INFO | Request Body: ref=wdpi6pglU5PPOCVui2ghFQ&id=1988649348&session=9217
19:58:32 | INFO | Headers:
19:58:32 | INFO | 	host: localhost:5656
19:58:32 | INFO | 	connection: close
19:58:32 | INFO | 	accept: text/html,application/xhtml+xml,application/xml;q=0.9,*/*;q=0.8
19:58:32 | INFO | 	accept-language: ru
19:58:32 | INFO | 	accept-encoding: gzip, deflate, br
19:58:32 | INFO | 	user-agent: Mozilla/5.0 (iPhone; CPU iPhone OS 16_2 like Mac OS X) AppleWebKit/605.1.15 (KHTML, like Gecko) Version/16.2 Mobile/15E148 Safari/604.1
20:37:29 | INFO | GET http://localhost:5656/?ref=yZbUVO95v2Zrg8fwfGN5pA&id=392942007&session=9290
20:37:29 | INFO | Request Body: ref=yZbUVO95v2Zrg8fwfGN5pA&id=392942007&session=9290
20:37:29 | INFO | Headers:
20:37:29 | INFO | 	host: localhost:5656
20:37:29 | INFO | 	connection: close
20:37:29 | INFO | 	sec-ch-ua: "Not_A Brand";v="99", "Google Chrome";v="109", "Chromium";v="109"
20:37:29 | INFO | 	sec-ch-ua-mobile: ?1
20:37:29 | INFO | 	sec-ch-ua-platform: "Android"
20:37:29 | INFO | 	upgrade-insecure-requests: 1
20:37:29 | INFO | 	user-agent: Mozilla/5.0 (Linux; Android 11; M2101K7AG) AppleWebKit/537.36 (KHTML, like Gecko) Chrome/109.0.0.0 Mobile Safari/537.36
20:37:29 | INFO | 	accept: text/html,application/xhtml+xml,application/xml;q=0.9,image/avif,image/webp,image/apng,*/*;q=0.8,application/signed-exchange;v=b3;q=0.9
20:37:29 | INFO | 	sec-fetch-site: cross-site
20:37:29 | INFO | 	sec-fetch-mode: navigate
20:37:29 | INFO | 	sec-fetch-dest: document
20:37:29 | INFO | 	accept-encoding: gzip, deflate, br
20:37:29 | INFO | 	accept-language: ru-RU,ru;q=0.9,en-US;q=0.8,en;q=0.7
20:38:01 | INFO | GET http://localhost:5656/?ref=dgP9SRLkkbZPBlMxhHbJTA&id=80241728&session=9292
20:38:01 | INFO | Request Body: ref=dgP9SRLkkbZPBlMxhHbJTA&id=80241728&session=9292
20:38:01 | INFO | Headers:
20:38:01 | INFO | 	host: localhost:5656
20:38:01 | INFO | 	connection: close
20:38:01 | INFO | 	accept: text/html,application/xhtml+xml,application/xml;q=0.9,*/*;q=0.8
20:38:01 | INFO | 	accept-language: ru
20:38:01 | INFO | 	accept-encoding: gzip, deflate, br
20:38:01 | INFO | 	user-agent: Mozilla/5.0 (iPhone; CPU iPhone OS 16_0 like Mac OS X) AppleWebKit/605.1.15 (KHTML, like Gecko) Version/16.0 Mobile/15E148 Safari/604.1
20:39:48 | INFO | GET http://localhost:5656/?ref=Yt77Lhf_om2m7mQYBZ-BYw&id=80241728&session=9292
20:39:48 | INFO | Request Body: ref=Yt77Lhf_om2m7mQYBZ-BYw&id=80241728&session=9292
20:39:48 | INFO | Headers:
20:39:48 | INFO | 	host: localhost:5656
20:39:48 | INFO | 	connection: close
20:39:48 | INFO | 	accept: text/html,application/xhtml+xml,application/xml;q=0.9,*/*;q=0.8
20:39:48 | INFO | 	accept-language: ru
20:39:48 | INFO | 	accept-encoding: gzip, deflate, br
20:39:48 | INFO | 	user-agent: Mozilla/5.0 (iPhone; CPU iPhone OS 16_0 like Mac OS X) AppleWebKit/605.1.15 (KHTML, like Gecko) Version/16.0 Mobile/15E148 Safari/604.1
20:42:41 | INFO | GET http://localhost:5656/?ref=KlUnrD6pMRl6cF8CKGcmJw&id=80241728&session=9294
20:42:41 | INFO | Request Body: ref=KlUnrD6pMRl6cF8CKGcmJw&id=80241728&session=9294
20:42:41 | INFO | Headers:
20:42:41 | INFO | 	host: localhost:5656
20:42:41 | INFO | 	connection: close
20:42:41 | INFO | 	accept: text/html,application/xhtml+xml,application/xml;q=0.9,*/*;q=0.8
20:42:41 | INFO | 	accept-language: ru
20:42:41 | INFO | 	accept-encoding: gzip, deflate, br
20:42:41 | INFO | 	user-agent: Mozilla/5.0 (iPhone; CPU iPhone OS 16_0 like Mac OS X) AppleWebKit/605.1.15 (KHTML, like Gecko) Version/16.0 Mobile/15E148 Safari/604.1
20:45:30 | INFO | GET http://localhost:5656/?ref=VHbZAE5B0285xozL14UWZw&id=137998518&session=9288
20:45:30 | INFO | Request Body: ref=VHbZAE5B0285xozL14UWZw&id=137998518&session=9288
20:45:30 | INFO | Headers:
20:45:30 | INFO | 	host: localhost:5656
20:45:30 | INFO | 	connection: close
20:45:30 | INFO | 	sec-ch-ua: "Chromium";v="110", "Not A(Brand";v="24", "Google Chrome";v="110"
20:45:30 | INFO | 	sec-ch-ua-mobile: ?1
20:45:30 | INFO | 	sec-ch-ua-platform: "Android"
20:45:30 | INFO | 	upgrade-insecure-requests: 1
20:45:30 | INFO | 	user-agent: Mozilla/5.0 (Linux; Android 12; SM-G973F) AppleWebKit/537.36 (KHTML, like Gecko) Chrome/110.0.0.0 Mobile Safari/537.36
20:45:30 | INFO | 	accept: text/html,application/xhtml+xml,application/xml;q=0.9,image/avif,image/webp,image/apng,*/*;q=0.8,application/signed-exchange;v=b3;q=0.7
20:45:30 | INFO | 	sec-fetch-site: cross-site
20:45:30 | INFO | 	sec-fetch-mode: navigate
20:45:30 | INFO | 	sec-fetch-dest: document
20:45:30 | INFO | 	accept-encoding: gzip, deflate, br
20:45:30 | INFO | 	accept-language: ru-RU,ru;q=0.9,en-US;q=0.8,en;q=0.7,en-GB;q=0.6
21:32:11 | INFO | GET http://localhost:5656/?ref=VHbZAE5B0285xozL14UWZw&id=137998518&session=9288
21:32:11 | INFO | Request Body: ref=VHbZAE5B0285xozL14UWZw&id=137998518&session=9288
21:32:11 | INFO | Headers:
21:32:11 | INFO | 	host: localhost:5656
21:32:11 | INFO | 	connection: close
21:32:11 | INFO | 	sec-ch-ua: "Chromium";v="110", "Not A(Brand";v="24", "Google Chrome";v="110"
21:32:11 | INFO | 	sec-ch-ua-mobile: ?1
21:32:11 | INFO | 	sec-ch-ua-platform: "Android"
21:32:11 | INFO | 	upgrade-insecure-requests: 1
21:32:11 | INFO | 	user-agent: Mozilla/5.0 (Linux; Android 12; SM-G973F) AppleWebKit/537.36 (KHTML, like Gecko) Chrome/110.0.0.0 Mobile Safari/537.36
21:32:11 | INFO | 	accept: text/html,application/xhtml+xml,application/xml;q=0.9,image/avif,image/webp,image/apng,*/*;q=0.8,application/signed-exchange;v=b3;q=0.7
21:32:11 | INFO | 	sec-fetch-site: cross-site
21:32:11 | INFO | 	sec-fetch-mode: navigate
21:32:11 | INFO | 	sec-fetch-dest: document
21:32:11 | INFO | 	accept-encoding: gzip, deflate, br
21:32:11 | INFO | 	accept-language: ru-RU,ru;q=0.9,en-US;q=0.8,en;q=0.7,en-GB;q=0.6
21:41:21 | INFO | GET http://localhost:5656/
21:41:21 | INFO | Request Body: 
21:41:21 | INFO | Headers:
21:41:21 | INFO | 	host: localhost:5656
21:41:21 | INFO | 	connection: close
21:41:21 | INFO | 	user-agent: Mozilla/5.0 (compatible; YandexBot/3.0; +http://yandex.com/bots)
21:41:21 | INFO | 	from: support@search.yandex.ru
21:41:21 | INFO | 	accept-encoding: gzip,deflate
21:41:21 | INFO | 	accept-language: ru, uk;q=0.8, be;q=0.8, en;q=0.7, *;q=0.01
21:41:21 | INFO | 	accept: */*
21:41:25 | INFO | GET http://localhost:5656/?ref=KlUnrD6pMRl6cF8CKGcmJw&id=341110256&session=9302
21:41:25 | INFO | Request Body: ref=KlUnrD6pMRl6cF8CKGcmJw&id=341110256&session=9302
21:41:25 | INFO | Headers:
21:41:25 | INFO | 	host: localhost:5656
21:41:25 | INFO | 	connection: close
21:41:25 | INFO | 	accept: text/html,application/xhtml+xml,application/xml;q=0.9,*/*;q=0.8
21:41:25 | INFO | 	accept-language: ru
21:41:25 | INFO | 	accept-encoding: gzip, deflate, br
21:41:25 | INFO | 	user-agent: Mozilla/5.0 (iPhone; CPU iPhone OS 14_8_1 like Mac OS X) AppleWebKit/605.1.15 (KHTML, like Gecko) Version/14.1.2 Mobile/15E148 Safari/604.1
21:41:47 | INFO | GET http://localhost:5656/
21:41:47 | INFO | Request Body: 
21:41:47 | INFO | Headers:
21:41:47 | INFO | 	host: localhost:5656
21:41:47 | INFO | 	connection: close
21:41:47 | INFO | 	user-agent: Mozilla/5.0 (compatible; YandexBot/3.0; +http://yandex.com/bots)
21:41:47 | INFO | 	from: support@search.yandex.ru
21:41:47 | INFO | 	accept-encoding: gzip,deflate
21:41:47 | INFO | 	accept-language: ru, uk;q=0.8, be;q=0.8, en;q=0.7, *;q=0.01
21:41:47 | INFO | 	accept: */*
21:50:16 | INFO | GET http://localhost:5656/?ref=U0fLWeiQgbkaw3-lwLkkQg&id=341110256&session=9309
21:50:16 | INFO | Request Body: ref=U0fLWeiQgbkaw3-lwLkkQg&id=341110256&session=9309
21:50:16 | INFO | Headers:
21:50:16 | INFO | 	host: localhost:5656
21:50:16 | INFO | 	connection: close
21:50:16 | INFO | 	accept: text/html,application/xhtml+xml,application/xml;q=0.9,*/*;q=0.8
21:50:16 | INFO | 	accept-language: ru
21:50:16 | INFO | 	accept-encoding: gzip, deflate, br
21:50:16 | INFO | 	user-agent: Mozilla/5.0 (iPhone; CPU iPhone OS 14_8_1 like Mac OS X) AppleWebKit/605.1.15 (KHTML, like Gecko) Version/14.1.2 Mobile/15E148 Safari/604.1
21:53:27 | INFO | GET http://localhost:5656/?ref=wdpi6pglU5PPOCVui2ghFQ&id=922422328&session=9313
21:53:27 | INFO | Request Body: ref=wdpi6pglU5PPOCVui2ghFQ&id=922422328&session=9313
21:53:27 | INFO | Headers:
21:53:27 | INFO | 	host: localhost:5656
21:53:27 | INFO | 	connection: close
21:53:27 | INFO | 	accept: text/html,application/xhtml+xml,application/xml;q=0.9,*/*;q=0.8
21:53:27 | INFO | 	accept-language: ru
21:53:27 | INFO | 	accept-encoding: gzip, deflate, br
21:53:27 | INFO | 	user-agent: Mozilla/5.0 (iPhone; CPU iPhone OS 16_1_1 like Mac OS X) AppleWebKit/605.1.15 (KHTML, like Gecko) Version/16.1 Mobile/15E148 Safari/604.1
23:26:52 | INFO | GET http://localhost:5656/
23:26:52 | INFO | Request Body: 
23:26:52 | INFO | Headers:
23:26:52 | INFO | 	host: localhost:5656
23:26:52 | INFO | 	connection: close
23:26:52 | INFO | 	user-agent: Mozilla/5.0 (Windows NT 10.0; Win64; x64) AppleWebKit/537.36 (KHTML, like Gecko) Chrome/71.0.3578.98 Safari/537.36
23:26:52 | INFO | 	accept-encoding: gzip
