00:45:37 | INFO | GET http://localhost:5656/
00:45:37 | INFO | Request Body: 
00:45:37 | INFO | Headers:
00:45:37 | INFO | 	host: localhost:5656
00:45:37 | INFO | 	connection: close
00:45:37 | INFO | 	user-agent: test
00:45:37 | INFO | 	accept-encoding: gzip, deflate, br
05:03:25 | INFO | GET http://localhost:5656/
05:03:25 | INFO | Request Body: 
05:03:25 | INFO | Headers:
05:03:25 | INFO | 	host: localhost:5656
05:03:25 | INFO | 	connection: close
05:03:25 | INFO | 	cache-control: no-cache
05:03:25 | INFO | 	pragma: no-cache
05:03:25 | INFO | 	accept: */*
05:03:25 | INFO | 	accept-encoding: gzip, deflate
05:03:25 | INFO | 	from: bingbot(at)microsoft.com
05:03:25 | INFO | 	user-agent: Mozilla/5.0 AppleWebKit/537.36 (KHTML, like Gecko; compatible; bingbot/2.0; +http://www.bing.com/bingbot.htm) Chrome/103.0.5060.134 Safari/537.36
06:48:52 | INFO | GET http://localhost:5656/
06:48:52 | INFO | Request Body: 
06:48:52 | INFO | Headers:
06:48:52 | INFO | 	host: localhost:5656
06:48:52 | INFO | 	connection: close
06:48:52 | INFO | 	referer: NOBORINGDATE.RU
06:48:52 | INFO | 	cache-control: no-cache, must-revalidate
06:48:52 | INFO | 	pragma: no-cache
06:48:52 | INFO | 	user-agent: Mozilla/5.0 (compatible; BackupLand/1.0; https://go.backupland.com/; Domain check for viruses;)
06:48:52 | INFO | 	accept: */*
06:48:52 | INFO | 	accept-encoding: gzip
10:39:33 | INFO | GET http://localhost:5656/
10:39:33 | INFO | Request Body: 
10:39:33 | INFO | Headers:
10:39:33 | INFO | 	host: localhost:5656
10:39:33 | INFO | 	connection: close
10:39:33 | INFO | 	user-agent: Mozilla/5.0 (Windows NT 10.0; Win64; x64) AppleWebKit/537.36 (KHTML, like Gecko) Chrome/109.0.0.0 Safari/537.36
10:39:33 | INFO | 	accept: text/html,application/xhtml+xml,application/xml;q=0.9,image/avif,image/webp,image/apng,*/*;q=0.8,application/signed-exchange;v=b3;q=0.9
10:39:33 | INFO | 	accept-encoding: gzip, deflate, br
10:39:33 | INFO | 	accept-language: en-US,en;q=0.9
10:39:33 | INFO | 	referer: http://noboringdate.ru/
10:39:33 | INFO | 	sec-fetch-dest: document
10:39:33 | INFO | 	sec-fetch-mode: navigate
10:39:33 | INFO | 	sec-fetch-site: none
10:39:33 | INFO | 	sec-fetch-user: ?1
10:39:33 | INFO | 	upgrade-insecure-requests: 1
10:39:33 | INFO | 	sec-ch-ua: "Google Chrome";v="109", "Not)A;Brand";v="8", "Chromium";v="109"
10:39:33 | INFO | 	sec-ch-ua-mobile: ?0
10:39:33 | INFO | 	sec-ch-ua-platform: "Windows"
11:12:26 | INFO | GET http://localhost:5656/?ref=raung1VmOe0f7xzNqJQ8Cw&id=783577916&session=12085
11:12:26 | INFO | Request Body: ref=raung1VmOe0f7xzNqJQ8Cw&id=783577916&session=12085
11:12:26 | INFO | Headers:
11:12:26 | INFO | 	host: localhost:5656
11:12:26 | INFO | 	connection: close
11:12:26 | INFO | 	accept: text/html,application/xhtml+xml,application/xml;q=0.9,*/*;q=0.8
11:12:26 | INFO | 	accept-language: ru
11:12:26 | INFO | 	accept-encoding: gzip, deflate, br
11:12:26 | INFO | 	user-agent: Mozilla/5.0 (iPhone; CPU iPhone OS 16_1_1 like Mac OS X) AppleWebKit/605.1.15 (KHTML, like Gecko) Version/16.1 Mobile/15E148 Safari/604.1
11:16:37 | INFO | GET http://localhost:5656/?ref=cSjh4rS6ahIkshB8V4y15Q&id=783577916&session=12085
11:16:37 | INFO | Request Body: ref=cSjh4rS6ahIkshB8V4y15Q&id=783577916&session=12085
11:16:37 | INFO | Headers:
11:16:37 | INFO | 	host: localhost:5656
11:16:37 | INFO | 	connection: close
11:16:37 | INFO | 	accept: text/html,application/xhtml+xml,application/xml;q=0.9,*/*;q=0.8
11:16:37 | INFO | 	accept-language: ru
11:16:37 | INFO | 	accept-encoding: gzip, deflate, br
11:16:37 | INFO | 	user-agent: Mozilla/5.0 (iPhone; CPU iPhone OS 16_1_1 like Mac OS X) AppleWebKit/605.1.15 (KHTML, like Gecko) Version/16.1 Mobile/15E148 Safari/604.1
11:38:14 | INFO | GET http://localhost:5656/?ref=cSjh4rS6ahIkshB8V4y15Q&id=783577916&session=12085
11:38:14 | INFO | Request Body: ref=cSjh4rS6ahIkshB8V4y15Q&id=783577916&session=12085
11:38:14 | INFO | Headers:
11:38:14 | INFO | 	host: localhost:5656
11:38:14 | INFO | 	connection: close
11:38:14 | INFO | 	accept: text/html,application/xhtml+xml,application/xml;q=0.9,*/*;q=0.8
11:38:14 | INFO | 	accept-language: ru
11:38:14 | INFO | 	accept-encoding: gzip, deflate, br
11:38:14 | INFO | 	user-agent: Mozilla/5.0 (iPhone; CPU iPhone OS 16_1_1 like Mac OS X) AppleWebKit/605.1.15 (KHTML, like Gecko) Version/16.1 Mobile/15E148 Safari/604.1
13:17:36 | INFO | GET http://localhost:5656/
13:17:36 | INFO | Request Body: 
13:17:36 | INFO | Headers:
13:17:36 | INFO | 	host: localhost:5656
13:17:36 | INFO | 	connection: close
13:17:36 | INFO | 	user-agent: Mozilla/5.0 (X11; Ubuntu; Linux x86_64; rv:35.0) Gecko/20100101 Firefox/35.0
15:45:16 | INFO | GET http://localhost:5656/
15:45:16 | INFO | Request Body: 
15:45:16 | INFO | Headers:
15:45:16 | INFO | 	host: localhost:5656
15:45:16 | INFO | 	connection: close
15:45:16 | INFO | 	user-agent: Mozilla/5.0 (compatible; YandexBot/3.0; +http://yandex.com/bots) AppleWebKit/537.36 (KHTML, like Gecko) Chrome/81.0.4044.268
15:45:16 | INFO | 	from: support@search.yandex.ru
15:45:16 | INFO | 	accept-encoding: gzip,deflate
15:45:16 | INFO | 	accept: */*
17:15:20 | INFO | GET http://localhost:5656/?ref=Hcjs8lxr3nO5eWsSoGTq0g&id=1176935888&session=12095
17:15:20 | INFO | Request Body: ref=Hcjs8lxr3nO5eWsSoGTq0g&id=1176935888&session=12095
17:15:20 | INFO | Headers:
17:15:20 | INFO | 	host: localhost:5656
17:15:20 | INFO | 	connection: close
17:15:20 | INFO | 	sec-ch-ua: "Google Chrome";v="87", " Not;A Brand";v="99", "Chromium";v="87"
17:15:20 | INFO | 	sec-ch-ua-mobile: ?1
17:15:20 | INFO | 	upgrade-insecure-requests: 1
17:15:20 | INFO | 	user-agent: Mozilla/5.0 (Linux; Android 10; M2007J20CG) AppleWebKit/537.36 (KHTML, like Gecko) Chrome/87.0.4280.101 Mobile Safari/537.36
17:15:20 | INFO | 	accept: text/html,application/xhtml+xml,application/xml;q=0.9,image/webp,image/apng,*/*;q=0.8,application/signed-exchange;v=b3;q=0.9
17:15:20 | INFO | 	sec-fetch-site: none
17:15:20 | INFO | 	sec-fetch-mode: navigate
17:15:20 | INFO | 	sec-fetch-dest: document
17:15:20 | INFO | 	referer: android-app://org.telegram.messenger/
17:15:20 | INFO | 	accept-encoding: gzip, deflate, br
17:15:20 | INFO | 	accept-language: ru-RU,ru;q=0.9,en-US;q=0.8,en;q=0.7
21:43:13 | INFO | GET http://localhost:5656/
21:43:13 | INFO | Request Body: 
21:43:13 | INFO | Headers:
21:43:13 | INFO | 	host: localhost:5656
21:43:13 | INFO | 	connection: close
21:43:13 | INFO | 	user-agent: Mozilla/5.0 (Windows NT 10.0; Win64; x64) AppleWebKit/537.36 (KHTML, like Gecko) Chrome/91.0.4472.114 Safari/537.36 Edg/91.0.864.54
21:43:13 | INFO | 	accept: */*
21:43:13 | INFO | 	accept-encoding: gzip, deflate, identity
