02:39:07 | INFO | GET http://localhost:5656/
02:39:07 | INFO | Request Body: 
02:39:07 | INFO | Headers:
02:39:07 | INFO | 	host: localhost:5656
02:39:07 | INFO | 	connection: close
02:39:07 | INFO | 	upgrade-insecure-requests: 1
02:39:07 | INFO | 	user-agent: Mozilla/5.0 (compatible; YandexMetrika/2.0; +http://yandex.com/bots)
02:39:07 | INFO | 	accept: text/html,application/xhtml+xml,application/xml;q=0.9,image/avif,image/webp,image/apng,*/*;q=0.8,application/signed-exchange;v=b3;q=0.9
02:39:07 | INFO | 	sec-fetch-site: none
02:39:07 | INFO | 	sec-fetch-mode: navigate
02:39:07 | INFO | 	sec-fetch-user: ?1
02:39:07 | INFO | 	sec-fetch-dest: document
02:39:07 | INFO | 	accept-encoding: gzip, deflate, br
02:39:07 | INFO | 	accept-language: en-US
03:21:41 | INFO | GET http://localhost:5656/
03:21:41 | INFO | Request Body: 
03:21:41 | INFO | Headers:
03:21:41 | INFO | 	host: localhost:5656
03:21:41 | INFO | 	connection: close
03:21:41 | INFO | 	upgrade-insecure-requests: 1
03:21:41 | INFO | 	user-agent: Mozilla/5.0 (Windows NT 10.0; Win64; x64) AppleWebKit/537.36 (KHTML, like Gecko) Chrome/108.0.0.0 YaBrowser/23.1.1.1138 Yowser/2.5 Safari/537.36
03:21:41 | INFO | 	accept: text/html,application/xhtml+xml,application/xml;q=0.9,image/avif,image/webp,image/apng,*/*;q=0.8,application/signed-exchange;v=b3;q=0.9
03:21:41 | INFO | 	sec-fetch-site: none
03:21:41 | INFO | 	sec-fetch-mode: navigate
03:21:41 | INFO | 	sec-fetch-user: ?1
03:21:41 | INFO | 	sec-fetch-dest: document
03:21:41 | INFO | 	referer: https://yandex.ru/
03:21:41 | INFO | 	accept-encoding: gzip, deflate, br
03:21:41 | INFO | 	accept-language: ru-RU,ru;q=0.9,en-US;q=0.8,en;q=0.7
04:48:14 | INFO | GET http://localhost:5656/
04:48:14 | INFO | Request Body: 
04:48:14 | INFO | Headers:
04:48:14 | INFO | 	host: localhost:5656
04:48:14 | INFO | 	connection: close
04:48:14 | INFO | 	user-agent: Mozilla/5.0 (Windows NT 6.0) AppleWebKit/537.36 (KHTML, like Gecko) Chrome/34.0.1847.116 Safari/537.36
04:48:14 | INFO | 	accept: text/html,application/xhtml+xml,application/xml;q=0.9,image/webp,*/*;q=0.8
04:48:14 | INFO | 	accept-language: en-US,en;q=0.8
04:48:14 | INFO | 	accept-encoding: gzip,deflate
05:40:52 | INFO | GET http://localhost:5656/
05:40:52 | INFO | Request Body: 
05:40:52 | INFO | Headers:
05:40:52 | INFO | 	host: localhost:5656
05:40:52 | INFO | 	connection: close
05:40:52 | INFO | 	user-agent: test
05:40:52 | INFO | 	accept-encoding: gzip, deflate, br
06:45:11 | INFO | GET http://localhost:5656/
06:45:11 | INFO | Request Body: 
06:45:11 | INFO | Headers:
06:45:11 | INFO | 	host: localhost:5656
06:45:11 | INFO | 	connection: close
06:45:11 | INFO | 	cache-control: no-cache
06:45:11 | INFO | 	pragma: no-cache
06:45:11 | INFO | 	accept: */*
06:45:11 | INFO | 	accept-encoding: gzip, deflate
06:45:11 | INFO | 	from: bingbot(at)microsoft.com
06:45:11 | INFO | 	user-agent: Mozilla/5.0 AppleWebKit/537.36 (KHTML, like Gecko; compatible; bingbot/2.0; +http://www.bing.com/bingbot.htm) Chrome/103.0.5060.134 Safari/537.36
09:58:40 | INFO | GET http://localhost:5656/?ref=_GATVGwcTdnVlpDZLNyYrA&id=196162273&session=10378
09:58:40 | INFO | Request Body: ref=_GATVGwcTdnVlpDZLNyYrA&id=196162273&session=10378
09:58:40 | INFO | Headers:
09:58:40 | INFO | 	host: localhost:5656
09:58:40 | INFO | 	connection: close
09:58:40 | INFO | 	sec-ch-ua: "Not_A Brand";v="99", "Google Chrome";v="109", "Chromium";v="109"
09:58:40 | INFO | 	sec-ch-ua-mobile: ?0
09:58:40 | INFO | 	sec-ch-ua-platform: "Windows"
09:58:40 | INFO | 	upgrade-insecure-requests: 1
09:58:40 | INFO | 	user-agent: Mozilla/5.0 (Windows NT 10.0; Win64; x64) AppleWebKit/537.36 (KHTML, like Gecko) Chrome/109.0.0.0 Safari/537.36
09:58:40 | INFO | 	accept: text/html,application/xhtml+xml,application/xml;q=0.9,image/avif,image/webp,image/apng,*/*;q=0.8,application/signed-exchange;v=b3;q=0.9
09:58:40 | INFO | 	sec-fetch-site: none
09:58:40 | INFO | 	sec-fetch-mode: navigate
09:58:40 | INFO | 	sec-fetch-user: ?1
09:58:40 | INFO | 	sec-fetch-dest: document
09:58:40 | INFO | 	accept-encoding: gzip, deflate, br
09:58:40 | INFO | 	accept-language: ru,ru-RU;q=0.9,en-US;q=0.8,en;q=0.7
11:37:26 | INFO | GET http://localhost:5656/?ref=9eVpr-fIs5pOUPbiQslbcg&id=5282582922&session=10386
11:37:26 | INFO | Request Body: ref=9eVpr-fIs5pOUPbiQslbcg&id=5282582922&session=10386
11:37:26 | INFO | Headers:
11:37:26 | INFO | 	host: localhost:5656
11:37:26 | INFO | 	connection: close
11:37:26 | INFO | 	accept: text/html,application/xhtml+xml,application/xml;q=0.9,*/*;q=0.8
11:37:26 | INFO | 	accept-language: ru
11:37:26 | INFO | 	accept-encoding: gzip, deflate, br
11:37:26 | INFO | 	user-agent: Mozilla/5.0 (iPhone; CPU iPhone OS 16_1 like Mac OS X) AppleWebKit/605.1.15 (KHTML, like Gecko) Version/16.1 Mobile/15E148 Safari/604.1
15:46:31 | INFO | GET http://localhost:5656/
15:46:31 | INFO | Request Body: 
15:46:31 | INFO | Headers:
15:46:31 | INFO | 	host: localhost:5656
15:46:31 | INFO | 	connection: close
15:46:31 | INFO | 	user-agent: Mozilla/5.0 (compatible; StatOnlineRuBot/1.0)
15:46:31 | INFO | 	referer: https://noboringdate.ru/
16:57:22 | INFO | GET http://localhost:5656/?ref=5sMOs5ipVtFGxZ5fqK8xzg&id=1522495482&session=10448
16:57:22 | INFO | Request Body: ref=5sMOs5ipVtFGxZ5fqK8xzg&id=1522495482&session=10448
16:57:22 | INFO | Headers:
16:57:22 | INFO | 	host: localhost:5656
16:57:22 | INFO | 	connection: close
16:57:22 | INFO | 	user-agent: Mozilla/5.0 (Android 10; Mobile; rv:109.0) Gecko/109.0 Firefox/109.0
16:57:22 | INFO | 	accept: text/html,application/xhtml+xml,application/xml;q=0.9,image/avif,image/webp,*/*;q=0.8
16:57:22 | INFO | 	accept-language: ru-RU
16:57:22 | INFO | 	accept-encoding: gzip, deflate, br
16:57:22 | INFO | 	upgrade-insecure-requests: 1
16:57:22 | INFO | 	sec-fetch-dest: document
16:57:22 | INFO | 	sec-fetch-mode: navigate
16:57:22 | INFO | 	sec-fetch-site: none
16:57:22 | INFO | 	sec-fetch-user: ?1
17:00:54 | INFO | GET http://localhost:5656/
17:00:54 | INFO | Request Body: 
17:00:54 | INFO | Headers:
17:00:54 | INFO | 	host: localhost:5656
17:00:54 | INFO | 	connection: close
17:00:54 | INFO | 	user-agent: Mozilla/5.0 (Windows NT 10.0; Win64; x64) AppleWebKit/537.36 (KHTML, like Gecko) Chrome/88.0.4240.193 Safari/537.36
17:00:54 | INFO | 	accept-language: en-US,en;q=0.5
17:00:54 | INFO | 	accept: text/html,application/xhtml+xml,application/xml;q=0.9,*/*;q=0.8
17:00:55 | INFO | GET http://localhost:5656/
17:00:55 | INFO | Request Body: 
17:00:55 | INFO | Headers:
17:00:55 | INFO | 	host: localhost:5656
17:00:55 | INFO | 	connection: close
17:00:55 | INFO | 	user-agent: Mozilla/5.0 (Windows NT 10.0; Win64; x64) AppleWebKit/537.36 (KHTML, like Gecko) Chrome/88.0.4240.193 Safari/537.36
17:00:55 | INFO | 	accept-language: en-US,en;q=0.5
17:00:55 | INFO | 	accept: text/html,application/xhtml+xml,application/xml;q=0.9,*/*;q=0.8
21:55:48 | INFO | GET http://localhost:5656/?ref=KlUnrD6pMRl6cF8CKGcmJw&id=1988649348&session=10466
21:55:48 | INFO | Request Body: ref=KlUnrD6pMRl6cF8CKGcmJw&id=1988649348&session=10466
21:55:48 | INFO | Headers:
21:55:48 | INFO | 	host: localhost:5656
21:55:48 | INFO | 	connection: close
21:55:48 | INFO | 	accept: text/html,application/xhtml+xml,application/xml;q=0.9,*/*;q=0.8
21:55:48 | INFO | 	accept-language: ru
21:55:48 | INFO | 	accept-encoding: gzip, deflate, br
21:55:48 | INFO | 	user-agent: Mozilla/5.0 (iPhone; CPU iPhone OS 16_2 like Mac OS X) AppleWebKit/605.1.15 (KHTML, like Gecko) Version/16.2 Mobile/15E148 Safari/604.1
