04:10:20 | INFO | GET http://localhost:5656/
04:10:20 | INFO | Request Body: 
04:10:20 | INFO | Headers:
04:10:20 | INFO | 	host: localhost:5656
04:10:20 | INFO | 	connection: close
04:10:20 | INFO | 	cache-control: no-cache
04:10:20 | INFO | 	pragma: no-cache
04:10:20 | INFO | 	accept: */*
04:10:20 | INFO | 	accept-encoding: gzip, deflate
04:10:20 | INFO | 	from: bingbot(at)microsoft.com
04:10:20 | INFO | 	user-agent: Mozilla/5.0 AppleWebKit/537.36 (KHTML, like Gecko; compatible; bingbot/2.0; +http://www.bing.com/bingbot.htm) Chrome/103.0.5060.134 Safari/537.36
07:25:15 | INFO | GET http://localhost:5656/?ref=xIfBgAVYuDA-x81kU8kaow&id=782169599&session=10578
07:25:15 | INFO | Request Body: ref=xIfBgAVYuDA-x81kU8kaow&id=782169599&session=10578
07:25:15 | INFO | Headers:
07:25:15 | INFO | 	host: localhost:5656
07:25:15 | INFO | 	connection: close
07:25:15 | INFO | 	sec-ch-ua: "Not?A_Brand";v="8", "Chromium";v="108", "Yandex";v="23"
07:25:15 | INFO | 	sec-ch-ua-mobile: ?1
07:25:15 | INFO | 	sec-ch-ua-platform: "Android"
07:25:15 | INFO | 	upgrade-insecure-requests: 1
07:25:15 | INFO | 	user-agent: Mozilla/5.0 (Linux; arm_64; Android 9; LLD-L31) AppleWebKit/537.36 (KHTML, like Gecko) Chrome/108.0.0.0 YaBrowser/23.1.1.81.00 SA/3 Mobile Safari/537.36
07:25:15 | INFO | 	accept: text/html,application/xhtml+xml,application/xml;q=0.9,image/avif,image/webp,image/apng,*/*;q=0.8,application/signed-exchange;v=b3;q=0.9
07:25:15 | INFO | 	sec-fetch-site: none
07:25:15 | INFO | 	sec-fetch-mode: navigate
07:25:15 | INFO | 	sec-fetch-user: ?1
07:25:15 | INFO | 	sec-fetch-dest: document
07:25:15 | INFO | 	accept-encoding: gzip, deflate, br, sdch
07:25:15 | INFO | 	accept-language: ru-RU,ru;q=0.9,en-US;q=0.8,en;q=0.7
07:30:26 | INFO | GET http://localhost:5656/?ref=bZKsdO1wYOBznEuHXdXZpw&id=782169599&session=10578
07:30:26 | INFO | Request Body: ref=bZKsdO1wYOBznEuHXdXZpw&id=782169599&session=10578
07:30:26 | INFO | Headers:
07:30:26 | INFO | 	host: localhost:5656
07:30:26 | INFO | 	connection: close
07:30:26 | INFO | 	save-data: on
07:30:26 | INFO | 	upgrade-insecure-requests: 1
07:30:26 | INFO | 	user-agent: Mozilla/5.0 (Linux; Android 9; LLD-L31) AppleWebKit/537.36 (KHTML, like Gecko) Chrome/79.0.3945.116 Mobile Safari/537.36
07:30:26 | INFO | 	accept: text/html,application/xhtml+xml,application/xml;q=0.9,image/webp,image/apng,*/*;q=0.8,application/signed-exchange;v=b3;q=0.9
07:30:26 | INFO | 	sec-fetch-site: none
07:30:26 | INFO | 	sec-fetch-mode: navigate
07:30:26 | INFO | 	referer: android-app://org.telegram.messenger
07:30:26 | INFO | 	accept-encoding: gzip, deflate, br
07:30:26 | INFO | 	accept-language: ru-RU,ru;q=0.9,en-US;q=0.8,en;q=0.7
07:34:29 | INFO | GET http://localhost:5656/
07:34:29 | INFO | Request Body: 
07:34:29 | INFO | Headers:
07:34:29 | INFO | 	host: localhost:5656
07:34:29 | INFO | 	connection: close
07:34:29 | INFO | 	referer: NOBORINGDATE.RU
07:34:29 | INFO | 	cache-control: no-cache, must-revalidate
07:34:29 | INFO | 	pragma: no-cache
07:34:29 | INFO | 	user-agent: Mozilla/5.0 (compatible; BackupLand/1.0; https://go.backupland.com/; Domain check for viruses;)
07:34:29 | INFO | 	accept: */*
07:34:29 | INFO | 	accept-encoding: gzip
07:34:30 | INFO | GET http://localhost:5656/?ref=_CSDceC5kkki4RoqwX4SRA&id=782169599&session=10578
07:34:30 | INFO | Request Body: ref=_CSDceC5kkki4RoqwX4SRA&id=782169599&session=10578
07:34:30 | INFO | Headers:
07:34:30 | INFO | 	host: localhost:5656
07:34:30 | INFO | 	connection: close
07:34:30 | INFO | 	sec-ch-ua: "Not?A_Brand";v="8", "Chromium";v="108", "Yandex";v="23"
07:34:30 | INFO | 	sec-ch-ua-mobile: ?1
07:34:30 | INFO | 	sec-ch-ua-platform: "Android"
07:34:30 | INFO | 	upgrade-insecure-requests: 1
07:34:30 | INFO | 	user-agent: Mozilla/5.0 (Linux; arm_64; Android 9; LLD-L31) AppleWebKit/537.36 (KHTML, like Gecko) Chrome/108.0.0.0 YaBrowser/23.1.1.81.00 SA/3 Mobile Safari/537.36
07:34:30 | INFO | 	accept: text/html,application/xhtml+xml,application/xml;q=0.9,image/avif,image/webp,image/apng,*/*;q=0.8,application/signed-exchange;v=b3;q=0.9
07:34:30 | INFO | 	sec-fetch-site: none
07:34:30 | INFO | 	sec-fetch-mode: navigate
07:34:30 | INFO | 	sec-fetch-user: ?1
07:34:30 | INFO | 	sec-fetch-dest: document
07:34:30 | INFO | 	accept-encoding: gzip, deflate, br, sdch
07:34:30 | INFO | 	accept-language: ru-RU,ru;q=0.9,en-US;q=0.8,en;q=0.7
07:38:32 | INFO | GET http://localhost:5656/?ref=_GATVGwcTdnVlpDZLNyYrA&id=782169599&session=10578
07:38:32 | INFO | Request Body: ref=_GATVGwcTdnVlpDZLNyYrA&id=782169599&session=10578
07:38:32 | INFO | Headers:
07:38:32 | INFO | 	host: localhost:5656
07:38:32 | INFO | 	connection: close
07:38:32 | INFO | 	sec-ch-ua: "Not?A_Brand";v="8", "Chromium";v="108", "Yandex";v="23"
07:38:32 | INFO | 	sec-ch-ua-mobile: ?1
07:38:32 | INFO | 	sec-ch-ua-platform: "Android"
07:38:32 | INFO | 	upgrade-insecure-requests: 1
07:38:32 | INFO | 	user-agent: Mozilla/5.0 (Linux; arm_64; Android 9; LLD-L31) AppleWebKit/537.36 (KHTML, like Gecko) Chrome/108.0.0.0 YaBrowser/23.1.1.81.00 SA/3 Mobile Safari/537.36
07:38:32 | INFO | 	accept: text/html,application/xhtml+xml,application/xml;q=0.9,image/avif,image/webp,image/apng,*/*;q=0.8,application/signed-exchange;v=b3;q=0.9
07:38:32 | INFO | 	sec-fetch-site: none
07:38:32 | INFO | 	sec-fetch-mode: navigate
07:38:32 | INFO | 	sec-fetch-user: ?1
07:38:32 | INFO | 	sec-fetch-dest: document
07:38:32 | INFO | 	accept-encoding: gzip, deflate, br, sdch
07:38:32 | INFO | 	accept-language: ru-RU,ru;q=0.9,en-US;q=0.8,en;q=0.7
08:18:36 | INFO | GET http://localhost:5656/
08:18:36 | INFO | Request Body: 
08:18:36 | INFO | Headers:
08:18:36 | INFO | 	host: localhost:5656
08:18:36 | INFO | 	connection: close
08:18:36 | INFO | 	user-agent: Mozilla/5.0 (compatible; AhrefsBot/7.0; +http://ahrefs.com/robot/)
08:18:36 | INFO | 	accept: */*
08:18:36 | INFO | 	accept-encoding: deflate, gzip, br
10:43:58 | INFO | GET http://localhost:5656/?ref=WzXlC_0CA4izkVpbDDaLdw&id=250462100&session=10589
10:43:58 | INFO | Request Body: ref=WzXlC_0CA4izkVpbDDaLdw&id=250462100&session=10589
10:43:58 | INFO | Headers:
10:43:58 | INFO | 	host: localhost:5656
10:43:58 | INFO | 	connection: close
10:43:58 | INFO | 	accept: text/html,application/xhtml+xml,application/xml;q=0.9,*/*;q=0.8
10:43:58 | INFO | 	accept-language: ru
10:43:58 | INFO | 	accept-encoding: gzip, deflate, br
10:43:58 | INFO | 	user-agent: Mozilla/5.0 (iPhone; CPU iPhone OS 16_1_1 like Mac OS X) AppleWebKit/605.1.15 (KHTML, like Gecko) Version/16.1 Mobile/15E148 Safari/604.1
14:33:11 | INFO | GET http://localhost:5656/?ref=20JXLmMgEIvqKjRHIVGUGA&id=250462100&session=10597
14:33:11 | INFO | Request Body: ref=20JXLmMgEIvqKjRHIVGUGA&id=250462100&session=10597
14:33:11 | INFO | Headers:
14:33:11 | INFO | 	host: localhost:5656
14:33:11 | INFO | 	connection: close
14:33:11 | INFO | 	accept: text/html,application/xhtml+xml,application/xml;q=0.9,*/*;q=0.8
14:33:11 | INFO | 	accept-language: ru
14:33:11 | INFO | 	accept-encoding: gzip, deflate, br
14:33:11 | INFO | 	user-agent: Mozilla/5.0 (iPhone; CPU iPhone OS 16_1_1 like Mac OS X) AppleWebKit/605.1.15 (KHTML, like Gecko) Version/16.1 Mobile/15E148 Safari/604.1
16:30:59 | INFO | GET http://localhost:5656/
16:30:59 | INFO | Request Body: 
16:30:59 | INFO | Headers:
16:30:59 | INFO | 	host: localhost:5656
16:30:59 | INFO | 	connection: close
16:30:59 | INFO | 	cache-control: no-cache
16:30:59 | INFO | 	pragma: no-cache
16:30:59 | INFO | 	accept: */*
16:30:59 | INFO | 	accept-encoding: gzip, deflate
16:30:59 | INFO | 	from: bingbot(at)microsoft.com
16:30:59 | INFO | 	user-agent: Mozilla/5.0 AppleWebKit/537.36 (KHTML, like Gecko; compatible; bingbot/2.0; +http://www.bing.com/bingbot.htm) Chrome/103.0.5060.134 Safari/537.36
16:37:55 | INFO | GET http://localhost:5656/
16:37:55 | INFO | Request Body: 
16:37:55 | INFO | Headers:
16:37:55 | INFO | 	host: localhost:5656
16:37:55 | INFO | 	connection: close
16:37:55 | INFO | 	accept: text/html,application/xhtml+xml,application/xml;q=0.9,image/webp,image/apng,*/*;q=0.8
16:37:55 | INFO | 	accept-encoding: gzip, deflate, br
16:37:55 | INFO | 	accept-language: en-US,en;q=0.9
16:37:55 | INFO | 	upgrade-insecure-requests: 1
16:37:55 | INFO | 	user-agent: Mozilla/5.0 (Windows NT 10.0; Win64; x64) AppleWebKit/537.36 (KHTML, like Gecko) Chrome/67.0.3396.99 Safari/537.36
21:00:03 | INFO | GET http://localhost:5656/
21:00:03 | INFO | Request Body: 
21:00:03 | INFO | Headers:
21:00:03 | INFO | 	host: localhost:5656
21:00:03 | INFO | 	connection: close
21:00:03 | INFO | 	user-agent: Mozilla/5.0 (Windows NT 6.1; Win64; x64) AppleWebKit/537.36 (KHTML, like Gecko) Chrome/80.0.3987.149 Safari/537.36
21:00:03 | INFO | 	cache-control: no-cache
21:00:03 | INFO | 	accept-encoding: gzip
21:35:23 | INFO | GET http://localhost:5656/
21:35:23 | INFO | Request Body: 
21:35:23 | INFO | Headers:
21:35:23 | INFO | 	host: localhost:5656
21:35:23 | INFO | 	connection: close
21:35:23 | INFO | 	user-agent: Mozilla/5.0 (compatible; Googlebot/2.1; +http://www.google.com/bot.html)
23:08:25 | INFO | GET http://localhost:5656/
23:08:25 | INFO | Request Body: 
23:08:25 | INFO | Headers:
23:08:25 | INFO | 	host: localhost:5656
23:08:25 | INFO | 	connection: close
23:08:25 | INFO | 	user-agent: Mozilla/5.0 (Windows NT 10.0; Win64; x64) AppleWebKit/537.36 (KHTML, like Gecko) Chrome/109.0.0.0 Safari/537.36
23:08:25 | INFO | 	accept: */*
23:08:25 | INFO | 	accept-encoding: gzip,deflate
23:08:25 | INFO | 	referer: http://noboringdate.ru/
