00:50:32 | INFO | GET http://localhost:5656/
00:50:32 | INFO | Request Body: 
00:50:32 | INFO | Headers:
00:50:32 | INFO | 	host: localhost:5656
00:50:32 | INFO | 	connection: close
00:50:32 | INFO | 	user-agent: Mozilla/5.0 (compatible; AhrefsBot/7.0; +http://ahrefs.com/robot/)
00:50:32 | INFO | 	accept: */*
00:50:32 | INFO | 	accept-encoding: deflate, gzip, br
02:26:12 | INFO | GET http://localhost:5656/
02:26:12 | INFO | Request Body: 
02:26:12 | INFO | Headers:
02:26:12 | INFO | 	host: localhost:5656
02:26:12 | INFO | 	connection: close
02:26:12 | INFO | 	user-agent: Mozilla/5.0 (Windows NT 10.0; Win64; x64) AppleWebKit/537.36 (KHTML, like Gecko) Chrome/84.0.4147.135 Safari/537.36
02:26:12 | INFO | 	accept: */*
02:26:12 | INFO | 	accept-encoding: UTF-8
02:26:12 | INFO | 	accept-language: ru
02:26:12 | INFO | 	referer: https://www.google.com/
05:20:53 | INFO | GET http://localhost:5656/?ref=KlUnrD6pMRl6cF8CKGcmJw&id=1988649348&session=10466
05:20:53 | INFO | Request Body: ref=KlUnrD6pMRl6cF8CKGcmJw&id=1988649348&session=10466
05:20:53 | INFO | Headers:
05:20:53 | INFO | 	host: localhost:5656
05:20:53 | INFO | 	connection: close
05:20:53 | INFO | 	accept: text/html,application/xhtml+xml,application/xml;q=0.9,*/*;q=0.8
05:20:53 | INFO | 	accept-language: ru
05:20:53 | INFO | 	accept-encoding: gzip, deflate, br
05:20:53 | INFO | 	user-agent: Mozilla/5.0 (iPhone; CPU iPhone OS 16_2 like Mac OS X) AppleWebKit/605.1.15 (KHTML, like Gecko) Version/16.2 Mobile/15E148 Safari/604.1
06:45:06 | INFO | GET http://localhost:5656/
06:45:06 | INFO | Request Body: 
06:45:06 | INFO | Headers:
06:45:06 | INFO | 	host: localhost:5656
06:45:06 | INFO | 	connection: close
06:45:06 | INFO | 	cache-control: no-cache
06:45:06 | INFO | 	pragma: no-cache
06:45:06 | INFO | 	accept: */*
06:45:06 | INFO | 	accept-encoding: gzip, deflate
06:45:06 | INFO | 	from: bingbot(at)microsoft.com
06:45:06 | INFO | 	user-agent: Mozilla/5.0 AppleWebKit/537.36 (KHTML, like Gecko; compatible; bingbot/2.0; +http://www.bing.com/bingbot.htm) Chrome/103.0.5060.134 Safari/537.36
06:53:34 | INFO | GET http://localhost:5656/
06:53:34 | INFO | Request Body: 
06:53:34 | INFO | Headers:
06:53:34 | INFO | 	host: localhost:5656
06:53:34 | INFO | 	connection: close
06:53:34 | INFO | 	user-agent: Mozilla/5.0 (Windows NT 10.0; Win64; x64) AppleWebKit/537.36 (KHTML, like Gecko) Chrome/91.0.4472.114 Safari/537.36 Edg/91.0.864.54
06:53:34 | INFO | 	accept: */*
06:53:34 | INFO | 	accept-encoding: gzip, deflate, identity
10:59:10 | INFO | GET http://localhost:5656/?ref=wXQ3uj3pDkqGgtYj34og7A&id=731100640&session=7871
10:59:10 | INFO | Request Body: ref=wXQ3uj3pDkqGgtYj34og7A&id=731100640&session=7871
10:59:10 | INFO | Headers:
10:59:10 | INFO | 	host: localhost:5656
10:59:10 | INFO | 	connection: close
10:59:10 | INFO | 	accept: text/html,application/xhtml+xml,application/xml;q=0.9,*/*;q=0.8
10:59:10 | INFO | 	accept-language: ru
10:59:10 | INFO | 	accept-encoding: gzip, deflate, br
10:59:10 | INFO | 	user-agent: Mozilla/5.0 (iPhone; CPU iPhone OS 16_0 like Mac OS X) AppleWebKit/605.1.15 (KHTML, like Gecko) Version/16.0 Mobile/15E148 Safari/604.1
11:43:06 | INFO | GET http://localhost:5656/
11:43:06 | INFO | Request Body: 
11:43:06 | INFO | Headers:
11:43:06 | INFO | 	host: localhost:5656
11:43:06 | INFO | 	connection: close
11:43:06 | INFO | 	user-agent: Mozilla/5.0 (compatible; YandexBot/3.0; +http://yandex.com/bots)
11:43:06 | INFO | 	from: support@search.yandex.ru
11:43:06 | INFO | 	accept-encoding: gzip,deflate
11:43:06 | INFO | 	accept-language: ru, uk;q=0.8, be;q=0.8, en;q=0.7, *;q=0.01
11:43:06 | INFO | 	accept: */*
13:23:21 | INFO | GET http://localhost:5656/?ref=_CSDceC5kkki4RoqwX4SRA&id=704557943&session=10496
13:23:21 | INFO | Request Body: ref=_CSDceC5kkki4RoqwX4SRA&id=704557943&session=10496
13:23:21 | INFO | Headers:
13:23:21 | INFO | 	host: localhost:5656
13:23:21 | INFO | 	connection: close
13:23:21 | INFO | 	accept: text/html,application/xhtml+xml,application/xml;q=0.9,*/*;q=0.8
13:23:21 | INFO | 	accept-language: ru
13:23:21 | INFO | 	accept-encoding: gzip, deflate, br
13:23:21 | INFO | 	user-agent: Mozilla/5.0 (iPhone; CPU iPhone OS 16_3 like Mac OS X) AppleWebKit/605.1.15 (KHTML, like Gecko) Version/16.3 Mobile/15E148 Safari/604.1
14:19:14 | INFO | GET http://localhost:5656/
14:19:14 | INFO | Request Body: 
14:19:14 | INFO | Headers:
14:19:14 | INFO | 	host: localhost:5656
14:19:14 | INFO | 	connection: close
14:19:14 | INFO | 	user-agent: Mozilla/5.0 (compatible; CensysInspect/1.1; +https://about.censys.io/)
14:19:14 | INFO | 	accept: */*
14:19:14 | INFO | 	accept-encoding: gzip
14:19:14 | INFO | GET http://localhost:5656/
14:19:14 | INFO | Request Body: 
14:19:14 | INFO | Headers:
14:19:14 | INFO | 	host: localhost:5656
14:19:14 | INFO | 	connection: close
14:19:14 | INFO | 	user-agent: Mozilla/5.0 (compatible; CensysInspect/1.1; +https://about.censys.io/)
14:19:14 | INFO | 	accept: */*
14:19:14 | INFO | 	accept-encoding: gzip
15:19:14 | INFO | GET http://localhost:5656/
15:19:14 | INFO | Request Body: 
15:19:14 | INFO | Headers:
15:19:14 | INFO | 	host: localhost:5656
15:19:14 | INFO | 	connection: close
15:19:14 | INFO | 	user-agent: Mozilla/5.0 (Windows NT 10.0; Win64; x64) AppleWebKit/537.36 (KHTML, like Gecko) Chrome/108.0.0.0 Safari/537.36
15:19:14 | INFO | 	accept-encoding: gzip, deflate
15:19:14 | INFO | 	accept-language: ru-RU,ru;q=0.9,en-US;q=0.8,en;q=0.7
15:19:14 | INFO | 	accept: text/html,application/xhtml+xml,application/xml;q=0.9,image/avif,image/webp,image/apng,*/*;q=0.8,application/signed-exchange;v=b3;q=0.9
15:41:29 | INFO | GET http://localhost:5656/?ref=Hcjs8lxr3nO5eWsSoGTq0g&id=571184504&session=10519
15:41:29 | INFO | Request Body: ref=Hcjs8lxr3nO5eWsSoGTq0g&id=571184504&session=10519
15:41:29 | INFO | Headers:
15:41:29 | INFO | 	host: localhost:5656
15:41:29 | INFO | 	connection: close
15:41:29 | INFO | 	sec-ch-ua: "Not_A Brand";v="99", "Google Chrome";v="109", "Chromium";v="109"
15:41:29 | INFO | 	sec-ch-ua-mobile: ?1
15:41:29 | INFO | 	sec-ch-ua-platform: "Android"
15:41:29 | INFO | 	upgrade-insecure-requests: 1
15:41:29 | INFO | 	user-agent: Mozilla/5.0 (Linux; Android 12; NTH-NX9) AppleWebKit/537.36 (KHTML, like Gecko) Chrome/109.0.0.0 Mobile Safari/537.36
15:41:29 | INFO | 	accept: text/html,application/xhtml+xml,application/xml;q=0.9,image/avif,image/webp,image/apng,*/*;q=0.8,application/signed-exchange;v=b3;q=0.9
15:41:29 | INFO | 	sec-fetch-site: cross-site
15:41:29 | INFO | 	sec-fetch-mode: navigate
15:41:29 | INFO | 	sec-fetch-dest: document
15:41:29 | INFO | 	accept-encoding: gzip, deflate, br
15:41:29 | INFO | 	accept-language: ru-RU,ru;q=0.9,en-US;q=0.8,en;q=0.7
18:55:24 | INFO | GET http://localhost:5656/
18:55:24 | INFO | Request Body: 
18:55:24 | INFO | Headers:
18:55:24 | INFO | 	host: localhost:5656
18:55:24 | INFO | 	connection: close
18:55:24 | INFO | 	cache-control: no-cache
18:55:24 | INFO | 	pragma: no-cache
18:55:24 | INFO | 	accept: */*
18:55:24 | INFO | 	accept-encoding: gzip, deflate
18:55:24 | INFO | 	from: bingbot(at)microsoft.com
18:55:24 | INFO | 	user-agent: Mozilla/5.0 AppleWebKit/537.36 (KHTML, like Gecko; compatible; bingbot/2.0; +http://www.bing.com/bingbot.htm) Chrome/103.0.5060.134 Safari/537.36
21:37:07 | INFO | GET http://localhost:5656/
21:37:07 | INFO | Request Body: 
21:37:07 | INFO | Headers:
21:37:07 | INFO | 	host: localhost:5656
21:37:07 | INFO | 	connection: close
21:37:07 | INFO | 	user-agent: Mozilla/5.0 (compatible; Googlebot/2.1; +http://www.google.com/bot.html)
