00:48:02 | INFO | GET http://localhost:5656/
00:48:02 | INFO | Request Body: 
00:48:02 | INFO | Headers:
00:48:02 | INFO | 	host: localhost:5656
00:48:02 | INFO | 	connection: close
00:48:02 | INFO | 	accept: */*
00:48:02 | INFO | 	accept-encoding: gzip,deflate
00:48:02 | INFO | 	user-agent: Mozilla/5.0 (compatible; YandexBot/3.0; +http://yandex.com/bots)
00:48:02 | INFO | 	from: support@search.yandex.ru
02:24:03 | INFO | GET http://localhost:5656/
02:24:03 | INFO | Request Body: 
02:24:03 | INFO | Headers:
02:24:03 | INFO | 	host: localhost:5656
02:24:03 | INFO | 	connection: close
02:24:03 | INFO | 	user-agent: Mozilla/5.0 (Windows NT 10.0; Win64; x64) AppleWebKit/537.36 (KHTML, like Gecko) Chrome/81.0.4044.138 Safari/537.36
02:24:03 | INFO | 	accept: */*
02:24:03 | INFO | 	accept-encoding: gzip
02:24:03 | INFO | 	referer: http://noboringdate.ru/
06:08:09 | INFO | GET http://localhost:5656/?ref=jIr2gP3E0NVBllfU6R63vQ&id=939771730&session=11860
06:08:09 | INFO | Request Body: ref=jIr2gP3E0NVBllfU6R63vQ&id=939771730&session=11860
06:08:09 | INFO | Headers:
06:08:09 | INFO | 	host: localhost:5656
06:08:09 | INFO | 	connection: close
06:08:09 | INFO | 	accept: text/html,application/xhtml+xml,application/xml;q=0.9,*/*;q=0.8
06:08:09 | INFO | 	accept-language: ru
06:08:09 | INFO | 	accept-encoding: gzip, deflate, br
06:08:09 | INFO | 	user-agent: Mozilla/5.0 (iPhone; CPU iPhone OS 15_4_1 like Mac OS X) AppleWebKit/605.1.15 (KHTML, like Gecko) Version/15.4 Mobile/15E148 Safari/604.1
07:57:44 | INFO | GET http://localhost:5656/?ref=eJaJXhvuguAZ3mPoqz0Q7A&id=314915891&session=11883
07:57:44 | INFO | Request Body: ref=eJaJXhvuguAZ3mPoqz0Q7A&id=314915891&session=11883
07:57:44 | INFO | Headers:
07:57:44 | INFO | 	host: localhost:5656
07:57:44 | INFO | 	connection: close
07:57:44 | INFO | 	accept: text/html,application/xhtml+xml,application/xml;q=0.9,*/*;q=0.8
07:57:44 | INFO | 	accept-language: ru
07:57:44 | INFO | 	accept-encoding: gzip, deflate, br
07:57:44 | INFO | 	user-agent: Mozilla/5.0 (iPhone; CPU iPhone OS 16_1_1 like Mac OS X) AppleWebKit/605.1.15 (KHTML, like Gecko) Version/16.1 Mobile/15E148 Safari/604.1
08:26:38 | INFO | GET http://localhost:5656/?ref=dgP9SRLkkbZPBlMxhHbJTA&id=813937246&session=11489
08:26:38 | INFO | Request Body: ref=dgP9SRLkkbZPBlMxhHbJTA&id=813937246&session=11489
08:26:38 | INFO | Headers:
08:26:38 | INFO | 	host: localhost:5656
08:26:38 | INFO | 	connection: close
08:26:38 | INFO | 	accept: text/html,application/xhtml+xml,application/xml;q=0.9,*/*;q=0.8
08:26:38 | INFO | 	accept-language: ru
08:26:38 | INFO | 	accept-encoding: gzip, deflate, br
08:26:38 | INFO | 	user-agent: Mozilla/5.0 (iPhone; CPU iPhone OS 16_1_1 like Mac OS X) AppleWebKit/605.1.15 (KHTML, like Gecko) Version/16.1 Mobile/15E148 Safari/604.1
08:30:58 | INFO | GET http://localhost:5656/?ref=CkG04yTmaaRcN-ZG9QObiw&id=813937246&session=11489
08:30:58 | INFO | Request Body: ref=CkG04yTmaaRcN-ZG9QObiw&id=813937246&session=11489
08:30:58 | INFO | Headers:
08:30:58 | INFO | 	host: localhost:5656
08:30:58 | INFO | 	connection: close
08:30:58 | INFO | 	accept: text/html,application/xhtml+xml,application/xml;q=0.9,*/*;q=0.8
08:30:58 | INFO | 	accept-language: ru
08:30:58 | INFO | 	accept-encoding: gzip, deflate, br
08:30:58 | INFO | 	user-agent: Mozilla/5.0 (iPhone; CPU iPhone OS 16_1_1 like Mac OS X) AppleWebKit/605.1.15 (KHTML, like Gecko) Version/16.1 Mobile/15E148 Safari/604.1
08:32:03 | INFO | GET http://localhost:5656/
08:32:03 | INFO | Request Body: 
08:32:03 | INFO | Headers:
08:32:03 | INFO | 	host: localhost:5656
08:32:03 | INFO | 	connection: close
08:32:03 | INFO | 	cache-control: no-cache
08:32:03 | INFO | 	pragma: no-cache
08:32:03 | INFO | 	accept: */*
08:32:03 | INFO | 	accept-encoding: gzip, deflate
08:32:03 | INFO | 	from: bingbot(at)microsoft.com
08:32:03 | INFO | 	user-agent: Mozilla/5.0 AppleWebKit/537.36 (KHTML, like Gecko; compatible; bingbot/2.0; +http://www.bing.com/bingbot.htm) Chrome/103.0.5060.134 Safari/537.36
09:01:28 | INFO | GET http://localhost:5656/?ref=VMTk182FFulT1Mjg33OCbQ&id=1057623754&session=11903
09:01:28 | INFO | Request Body: ref=VMTk182FFulT1Mjg33OCbQ&id=1057623754&session=11903
09:01:28 | INFO | Headers:
09:01:28 | INFO | 	host: localhost:5656
09:01:28 | INFO | 	connection: close
09:01:28 | INFO | 	save-data: on
09:01:28 | INFO | 	upgrade-insecure-requests: 1
09:01:28 | INFO | 	user-agent: Mozilla/5.0 (Linux; Android 11; Mi 9 Lite) AppleWebKit/537.36 (KHTML, like Gecko) Chrome/87.0.4280.141 Mobile Safari/537.36
09:01:28 | INFO | 	accept: text/html,application/xhtml+xml,application/xml;q=0.9,image/webp,image/apng,*/*;q=0.8,application/signed-exchange;v=b3;q=0.9
09:01:28 | INFO | 	sec-fetch-site: none
09:01:28 | INFO | 	sec-fetch-mode: navigate
09:01:28 | INFO | 	sec-fetch-dest: document
09:01:28 | INFO | 	accept-encoding: gzip, deflate, br
09:01:28 | INFO | 	accept-language: ru-RU,ru;q=0.9,en-US;q=0.8,en;q=0.7
09:27:21 | INFO | GET http://localhost:5656/?ref=dgP9SRLkkbZPBlMxhHbJTA&id=1781176466&session=11844
09:27:21 | INFO | Request Body: ref=dgP9SRLkkbZPBlMxhHbJTA&id=1781176466&session=11844
09:27:21 | INFO | Headers:
09:27:21 | INFO | 	host: localhost:5656
09:27:21 | INFO | 	connection: close
09:27:21 | INFO | 	accept: text/html,application/xhtml+xml,application/xml;q=0.9,*/*;q=0.8
09:27:21 | INFO | 	accept-language: ru
09:27:21 | INFO | 	accept-encoding: gzip, deflate, br
09:27:21 | INFO | 	user-agent: Mozilla/5.0 (iPhone; CPU iPhone OS 16_0 like Mac OS X) AppleWebKit/605.1.15 (KHTML, like Gecko) Version/16.0 Mobile/15E148 Safari/604.1
09:51:46 | INFO | GET http://localhost:5656/?ref=CkG04yTmaaRcN-ZG9QObiw&id=1074272513&session=11067
09:51:46 | INFO | Request Body: ref=CkG04yTmaaRcN-ZG9QObiw&id=1074272513&session=11067
09:51:46 | INFO | Headers:
09:51:46 | INFO | 	host: localhost:5656
09:51:46 | INFO | 	connection: close
09:51:46 | INFO | 	accept: text/html,application/xhtml+xml,application/xml;q=0.9,*/*;q=0.8
09:51:46 | INFO | 	accept-language: ru
09:51:46 | INFO | 	accept-encoding: gzip, deflate, br
09:51:46 | INFO | 	user-agent: Mozilla/5.0 (iPhone; CPU iPhone OS 16_0 like Mac OS X) AppleWebKit/605.1.15 (KHTML, like Gecko) Version/16.0 Mobile/15E148 Safari/604.1
11:22:50 | INFO | GET http://localhost:5656/?ref=57cOYvgGSFUgGg2CpD9dGg&id=671064028&session=11922
11:22:50 | INFO | Request Body: ref=57cOYvgGSFUgGg2CpD9dGg&id=671064028&session=11922
11:22:50 | INFO | Headers:
11:22:50 | INFO | 	host: localhost:5656
11:22:50 | INFO | 	connection: close
11:22:50 | INFO | 	sec-ch-ua: "Not_A Brand";v="99", "Google Chrome";v="109", "Chromium";v="109"
11:22:50 | INFO | 	sec-ch-ua-mobile: ?1
11:22:50 | INFO | 	sec-ch-ua-platform: "Android"
11:22:50 | INFO | 	upgrade-insecure-requests: 1
11:22:50 | INFO | 	user-agent: Mozilla/5.0 (Linux; Android 12; SM-A525F) AppleWebKit/537.36 (KHTML, like Gecko) Chrome/109.0.0.0 Mobile Safari/537.36
11:22:50 | INFO | 	accept: text/html,application/xhtml+xml,application/xml;q=0.9,image/avif,image/webp,image/apng,*/*;q=0.8,application/signed-exchange;v=b3;q=0.9
11:22:50 | INFO | 	sec-fetch-site: cross-site
11:22:50 | INFO | 	sec-fetch-mode: navigate
11:22:50 | INFO | 	sec-fetch-dest: document
11:22:50 | INFO | 	accept-encoding: gzip, deflate, br
11:22:50 | INFO | 	accept-language: ru-RU,ru;q=0.9,en-US;q=0.8,en;q=0.7
12:27:14 | INFO | GET http://localhost:5656/?ref=MJ78zyFMaaCmVEcatkXWdg&id=410186158&session=11948
12:27:14 | INFO | Request Body: ref=MJ78zyFMaaCmVEcatkXWdg&id=410186158&session=11948
12:27:14 | INFO | Headers:
12:27:14 | INFO | 	host: localhost:5656
12:27:14 | INFO | 	connection: close
12:27:14 | INFO | 	accept: text/html,application/xhtml+xml,application/xml;q=0.9,*/*;q=0.8
12:27:14 | INFO | 	accept-language: ru
12:27:14 | INFO | 	accept-encoding: gzip, deflate, br
12:27:14 | INFO | 	user-agent: Mozilla/5.0 (iPhone; CPU iPhone OS 16_1_1 like Mac OS X) AppleWebKit/605.1.15 (KHTML, like Gecko) Version/16.1 Mobile/15E148 Safari/604.1
12:43:38 | INFO | GET http://localhost:5656/
12:43:38 | INFO | Request Body: 
12:43:38 | INFO | Headers:
12:43:38 | INFO | 	host: localhost:5656
12:43:38 | INFO | 	connection: close
12:43:38 | INFO | 	user-agent: Mozilla/5.0 (X11; Linux i686) AppleWebKit/537.36 (KHTML, like Gecko) Chrome/103.0.0.0 Safari/537.36 Vivaldi/5.3.2679.68
12:43:38 | INFO | 	accept: text/html,application/xhtml+xml,application/xml;q=0.9,*/*;q=0.8
12:43:38 | INFO | 	accept-language: en-US,en;q=0.5
12:43:38 | INFO | 	accept-encoding: gzip, deflate;q=1.0, *;q=0.5
12:43:38 | INFO | 	dnt: 1
12:43:38 | INFO | 	referer: http://noboringdate.ru
12:43:38 | INFO | 	origin: http://noboringdate.ru
12:43:38 | INFO | 	sec-ch-ua: ".Not/A)Brand";v="99", "Google Chrome";v="103", "Chromium";v="103"
12:43:38 | INFO | 	sec-ch-ua-mobile: ?0
12:43:38 | INFO | 	sec-gpc: 1
12:43:38 | INFO | 	sec-ch-ua-platform: "Linux"
20:26:46 | INFO | GET http://localhost:5656/
20:26:46 | INFO | Request Body: 
20:26:46 | INFO | Headers:
20:26:46 | INFO | 	host: localhost:5656
20:26:46 | INFO | 	connection: close
20:26:46 | INFO | 	cache-control: no-cache
20:26:46 | INFO | 	pragma: no-cache
20:26:46 | INFO | 	accept: */*
20:26:46 | INFO | 	accept-encoding: gzip, deflate
20:26:46 | INFO | 	from: bingbot(at)microsoft.com
20:26:46 | INFO | 	user-agent: Mozilla/5.0 AppleWebKit/537.36 (KHTML, like Gecko; compatible; bingbot/2.0; +http://www.bing.com/bingbot.htm) Chrome/103.0.5060.134 Safari/537.36
21:52:02 | INFO | GET http://localhost:5656/
21:52:02 | INFO | Request Body: 
21:52:02 | INFO | Headers:
21:52:02 | INFO | 	host: localhost:5656
21:52:02 | INFO | 	connection: close
21:52:02 | INFO | 	accept: text/html,application/xhtml+xml,application/xml;q=0.9,image/webp,image/apng,*/*;q=0.8,application/signed-exchange;v=b3;q=0.9
21:52:02 | INFO | 	cache-control: max-age=0
21:52:02 | INFO | 	upgrade-insecure-requests: 1
21:52:02 | INFO | 	user-agent: Mozilla/5.0 (Windows NT 10.0; Win64; x64) AppleWebKit/537.36 (KHTML, like Gecko; compatible; BW/1.1; bit.ly/3eZNDnO; c0df2ebf45) Chrome/84.0.4147.105 Safari/537.36
21:52:02 | INFO | 	sec-fetch-site: none
21:52:02 | INFO | 	sec-fetch-mode: navigate
21:52:02 | INFO | 	sec-fetch-dest: document
21:52:02 | INFO | 	sec-ch-ua-mobile: ?0
21:52:02 | INFO | 	sec-fetch-user: ?1
21:52:02 | INFO | 	sec-ch-ua: "Google Chrome";v="87", " Not;A Brand";v="99", "Chromium";v="87"
21:52:02 | INFO | 	accept-encoding: gzip, deflate
21:52:02 | INFO | 	accept-language: en-US,en;q=0.9
22:12:26 | INFO | GET http://localhost:5656/?ref=dgP9SRLkkbZPBlMxhHbJTA&id=936173128&session=12008
22:12:26 | INFO | Request Body: ref=dgP9SRLkkbZPBlMxhHbJTA&id=936173128&session=12008
22:12:26 | INFO | Headers:
22:12:26 | INFO | 	host: localhost:5656
22:12:26 | INFO | 	connection: close
22:12:26 | INFO | 	accept: text/html,application/xhtml+xml,application/xml;q=0.9,*/*;q=0.8
22:12:26 | INFO | 	accept-language: ru
22:12:26 | INFO | 	accept-encoding: gzip, deflate, br
22:12:26 | INFO | 	user-agent: Mozilla/5.0 (iPhone; CPU iPhone OS 15_3_1 like Mac OS X) AppleWebKit/605.1.15 (KHTML, like Gecko) Version/15.3 Mobile/15E148 Safari/604.1
23:22:26 | INFO | GET http://localhost:5656/
23:22:26 | INFO | Request Body: 
23:22:26 | INFO | Headers:
23:22:26 | INFO | 	host: localhost:5656
23:22:26 | INFO | 	connection: close
23:22:26 | INFO | 	accept: */*
23:22:26 | INFO | 	referer: https://antoshabrain.blogspot.com
23:22:26 | INFO | 	accept-encoding: gzip
23:22:26 | INFO | 	user-agent: Mozilla/5.0 (Windows NT 10.0; Win64; x64; rv:109.0) Gecko/20100101 Firefox/109.0
