02:26:23 | INFO | GET http://localhost:5656/
02:26:23 | INFO | Request Body: 
02:26:23 | INFO | Headers:
02:26:23 | INFO | 	host: localhost:5656
02:26:23 | INFO | 	connection: close
02:26:23 | INFO | 	user-agent: Mozilla/5.0 (compatible; AhrefsBot/7.0; +http://ahrefs.com/robot/)
02:26:23 | INFO | 	accept: */*
02:26:23 | INFO | 	accept-encoding: deflate, gzip, br
03:03:06 | INFO | GET http://localhost:5656/?ref=dgP9SRLkkbZPBlMxhHbJTA&id=5884545062&session=7900
03:03:06 | INFO | Request Body: ref=dgP9SRLkkbZPBlMxhHbJTA&id=5884545062&session=7900
03:03:06 | INFO | Headers:
03:03:06 | INFO | 	host: localhost:5656
03:03:06 | INFO | 	connection: close
03:03:06 | INFO | 	upgrade-insecure-requests: 1
03:03:06 | INFO | 	accept: text/html,application/xhtml+xml,application/xml;q=0.9,*/*;q=0.8
03:03:06 | INFO | 	user-agent: Mozilla/5.0 (iPhone; CPU iPhone OS 14_7_1 like Mac OS X) AppleWebKit/605.1.15 (KHTML, like Gecko) Version/14.1.2 Mobile/15E148 Safari/604.1
03:03:06 | INFO | 	accept-language: ru
03:03:06 | INFO | 	accept-encoding: gzip, deflate
03:52:44 | INFO | GET http://localhost:5656/
03:52:44 | INFO | Request Body: 
03:52:44 | INFO | Headers:
03:52:44 | INFO | 	host: localhost:5656
03:52:44 | INFO | 	connection: close
03:52:44 | INFO | 	cache-control: no-cache
03:52:44 | INFO | 	pragma: no-cache
03:52:44 | INFO | 	accept: */*
03:52:44 | INFO | 	accept-encoding: gzip, deflate
03:52:44 | INFO | 	from: bingbot(at)microsoft.com
03:52:44 | INFO | 	user-agent: Mozilla/5.0 AppleWebKit/537.36 (KHTML, like Gecko; compatible; bingbot/2.0; +http://www.bing.com/bingbot.htm) Chrome/103.0.5060.134 Safari/537.36
04:37:18 | INFO | GET http://localhost:5656/?ref=RhnCe8FHYca3LAfUBivBzg&id=1013046443&session=7913
04:37:18 | INFO | Request Body: ref=RhnCe8FHYca3LAfUBivBzg&id=1013046443&session=7913
04:37:18 | INFO | Headers:
04:37:18 | INFO | 	host: localhost:5656
04:37:18 | INFO | 	connection: close
04:37:18 | INFO | 	upgrade-insecure-requests: 1
04:37:18 | INFO | 	user-agent: Mozilla/5.0 (Linux; Android 12; M2103K19Y) AppleWebKit/537.36 (KHTML, like Gecko) Chrome/109.0.0.0 Mobile Safari/537.36
04:37:18 | INFO | 	accept: text/html,application/xhtml+xml,application/xml;q=0.9,image/avif,image/webp,image/apng,*/*;q=0.8,application/signed-exchange;v=b3;q=0.9
04:37:18 | INFO | 	sec-fetch-site: cross-site
04:37:18 | INFO | 	sec-fetch-mode: navigate
04:37:18 | INFO | 	sec-fetch-dest: document
04:37:18 | INFO | 	sec-ch-ua: "Not_A Brand";v="99", "Google Chrome";v="109", "Chromium";v="109"
04:37:18 | INFO | 	sec-ch-ua-mobile: ?1
04:37:18 | INFO | 	sec-ch-ua-platform: "Android"
04:37:18 | INFO | 	accept-encoding: gzip, deflate, br
04:37:18 | INFO | 	accept-language: ru-RU,ru;q=0.9,en-US;q=0.8,en;q=0.7
04:38:07 | INFO | GET http://localhost:5656/?ref=wXQ3uj3pDkqGgtYj34og7A&id=1013046443&session=7913
04:38:07 | INFO | Request Body: ref=wXQ3uj3pDkqGgtYj34og7A&id=1013046443&session=7913
04:38:07 | INFO | Headers:
04:38:07 | INFO | 	host: localhost:5656
04:38:07 | INFO | 	connection: close
04:38:07 | INFO | 	upgrade-insecure-requests: 1
04:38:07 | INFO | 	user-agent: Mozilla/5.0 (Linux; Android 12; M2103K19Y) AppleWebKit/537.36 (KHTML, like Gecko) Chrome/109.0.0.0 Mobile Safari/537.36
04:38:07 | INFO | 	accept: text/html,application/xhtml+xml,application/xml;q=0.9,image/avif,image/webp,image/apng,*/*;q=0.8,application/signed-exchange;v=b3;q=0.9
04:38:07 | INFO | 	sec-fetch-site: cross-site
04:38:07 | INFO | 	sec-fetch-mode: navigate
04:38:07 | INFO | 	sec-fetch-dest: document
04:38:07 | INFO | 	sec-ch-ua: "Not_A Brand";v="99", "Google Chrome";v="109", "Chromium";v="109"
04:38:07 | INFO | 	sec-ch-ua-mobile: ?1
04:38:07 | INFO | 	sec-ch-ua-platform: "Android"
04:38:07 | INFO | 	accept-encoding: gzip, deflate, br
04:38:07 | INFO | 	accept-language: ru-RU,ru;q=0.9,en-US;q=0.8,en;q=0.7
06:11:27 | INFO | GET http://localhost:5656/?ref=Yt77Lhf_om2m7mQYBZ-BYw&id=909382479&session=7920
06:11:27 | INFO | Request Body: ref=Yt77Lhf_om2m7mQYBZ-BYw&id=909382479&session=7920
06:11:27 | INFO | Headers:
06:11:27 | INFO | 	host: localhost:5656
06:11:27 | INFO | 	connection: close
06:11:27 | INFO | 	upgrade-insecure-requests: 1
06:11:27 | INFO | 	accept: text/html,application/xhtml+xml,application/xml;q=0.9,*/*;q=0.8
06:11:27 | INFO | 	user-agent: Mozilla/5.0 (iPhone; CPU iPhone OS 16_1_1 like Mac OS X) AppleWebKit/605.1.15 (KHTML, like Gecko) Version/16.1 Mobile/15E148 Safari/604.1
06:11:27 | INFO | 	accept-language: ru
06:11:27 | INFO | 	accept-encoding: gzip, deflate
07:12:44 | INFO | GET http://localhost:5656/?ref=QKHR_uYHLov9gscYokefuA&id=898751785&session=7929
07:12:44 | INFO | Request Body: ref=QKHR_uYHLov9gscYokefuA&id=898751785&session=7929
07:12:44 | INFO | Headers:
07:12:44 | INFO | 	host: localhost:5656
07:12:44 | INFO | 	connection: close
07:12:44 | INFO | 	upgrade-insecure-requests: 1
07:12:44 | INFO | 	user-agent: Mozilla/5.0 (Macintosh; Intel Mac OS X 10_15_7) AppleWebKit/537.36 (KHTML, like Gecko) Chrome/110.0.0.0 Safari/537.36
07:12:44 | INFO | 	accept: text/html,application/xhtml+xml,application/xml;q=0.9,image/avif,image/webp,image/apng,*/*;q=0.8,application/signed-exchange;v=b3;q=0.7
07:12:44 | INFO | 	sec-fetch-site: none
07:12:44 | INFO | 	sec-fetch-mode: navigate
07:12:44 | INFO | 	sec-fetch-user: ?1
07:12:44 | INFO | 	sec-fetch-dest: document
07:12:44 | INFO | 	sec-ch-ua: "Chromium";v="110", "Not A(Brand";v="24", "Google Chrome";v="110"
07:12:44 | INFO | 	sec-ch-ua-mobile: ?0
07:12:44 | INFO | 	sec-ch-ua-platform: "macOS"
07:12:44 | INFO | 	accept-encoding: gzip, deflate, br
07:12:44 | INFO | 	accept-language: ru-RU,ru;q=0.9,en-US;q=0.8,en;q=0.7
07:14:18 | INFO | GET http://localhost:5656/?ref=20JXLmMgEIvqKjRHIVGUGA&id=898751785&session=7929
07:14:18 | INFO | Request Body: ref=20JXLmMgEIvqKjRHIVGUGA&id=898751785&session=7929
07:14:18 | INFO | Headers:
07:14:18 | INFO | 	host: localhost:5656
07:14:18 | INFO | 	connection: close
07:14:18 | INFO | 	upgrade-insecure-requests: 1
07:14:18 | INFO | 	user-agent: Mozilla/5.0 (Macintosh; Intel Mac OS X 10_15_7) AppleWebKit/537.36 (KHTML, like Gecko) Chrome/110.0.0.0 Safari/537.36
07:14:18 | INFO | 	accept: text/html,application/xhtml+xml,application/xml;q=0.9,image/avif,image/webp,image/apng,*/*;q=0.8,application/signed-exchange;v=b3;q=0.7
07:14:18 | INFO | 	sec-fetch-site: none
07:14:18 | INFO | 	sec-fetch-mode: navigate
07:14:18 | INFO | 	sec-fetch-user: ?1
07:14:18 | INFO | 	sec-fetch-dest: document
07:14:18 | INFO | 	sec-ch-ua: "Chromium";v="110", "Not A(Brand";v="24", "Google Chrome";v="110"
07:14:18 | INFO | 	sec-ch-ua-mobile: ?0
07:14:18 | INFO | 	sec-ch-ua-platform: "macOS"
07:14:18 | INFO | 	accept-encoding: gzip, deflate, br
07:14:18 | INFO | 	accept-language: ru-RU,ru;q=0.9,en-US;q=0.8,en;q=0.7
07:15:02 | INFO | GET http://localhost:5656/?ref=dx12azOYgJLvd-vAZbT2SA&id=898751785&session=7929
07:15:02 | INFO | Request Body: ref=dx12azOYgJLvd-vAZbT2SA&id=898751785&session=7929
07:15:02 | INFO | Headers:
07:15:02 | INFO | 	host: localhost:5656
07:15:02 | INFO | 	connection: close
07:15:02 | INFO | 	upgrade-insecure-requests: 1
07:15:02 | INFO | 	user-agent: Mozilla/5.0 (Macintosh; Intel Mac OS X 10_15_7) AppleWebKit/537.36 (KHTML, like Gecko) Chrome/110.0.0.0 Safari/537.36
07:15:02 | INFO | 	accept: text/html,application/xhtml+xml,application/xml;q=0.9,image/avif,image/webp,image/apng,*/*;q=0.8,application/signed-exchange;v=b3;q=0.7
07:15:02 | INFO | 	sec-fetch-site: none
07:15:02 | INFO | 	sec-fetch-mode: navigate
07:15:02 | INFO | 	sec-fetch-user: ?1
07:15:02 | INFO | 	sec-fetch-dest: document
07:15:02 | INFO | 	sec-ch-ua: "Chromium";v="110", "Not A(Brand";v="24", "Google Chrome";v="110"
07:15:02 | INFO | 	sec-ch-ua-mobile: ?0
07:15:02 | INFO | 	sec-ch-ua-platform: "macOS"
07:15:02 | INFO | 	accept-encoding: gzip, deflate, br
07:15:02 | INFO | 	accept-language: ru-RU,ru;q=0.9,en-US;q=0.8,en;q=0.7
08:05:50 | INFO | GET http://localhost:5656/?ref=dYZVPnVXSkxf-0ATuRozSg&id=749914149&session=7954
08:05:50 | INFO | Request Body: ref=dYZVPnVXSkxf-0ATuRozSg&id=749914149&session=7954
08:05:50 | INFO | Headers:
08:05:50 | INFO | 	host: localhost:5656
08:05:50 | INFO | 	connection: close
08:05:50 | INFO | 	upgrade-insecure-requests: 1
08:05:50 | INFO | 	accept: text/html,application/xhtml+xml,application/xml;q=0.9,*/*;q=0.8
08:05:50 | INFO | 	user-agent: Mozilla/5.0 (iPhone; CPU iPhone OS 16_1 like Mac OS X) AppleWebKit/605.1.15 (KHTML, like Gecko) Version/16.1 Mobile/15E148 Safari/604.1
08:05:50 | INFO | 	accept-language: ru
08:05:50 | INFO | 	accept-encoding: gzip, deflate
08:05:50 | INFO | GET http://localhost:5656/?ref=dYZVPnVXSkxf-0ATuRozSg&id=749914149&session=7954
08:05:50 | INFO | Request Body: ref=dYZVPnVXSkxf-0ATuRozSg&id=749914149&session=7954
08:05:50 | INFO | Headers:
08:05:50 | INFO | 	host: localhost:5656
08:05:50 | INFO | 	connection: close
08:05:50 | INFO | 	accept: text/html,application/xhtml+xml,application/xml;q=0.9,*/*;q=0.8
08:05:50 | INFO | 	accept-language: ru
08:05:50 | INFO | 	accept-encoding: gzip, deflate, br
08:05:50 | INFO | 	user-agent: Mozilla/5.0 (iPhone; CPU iPhone OS 16_1 like Mac OS X) AppleWebKit/605.1.15 (KHTML, like Gecko) Version/16.1 Mobile/15E148 Safari/604.1
08:37:45 | INFO | GET http://localhost:5656/?ref=CzE6XxYp0ebYUKQGk7z6sw&id=504319721&session=7965
08:37:45 | INFO | Request Body: ref=CzE6XxYp0ebYUKQGk7z6sw&id=504319721&session=7965
08:37:45 | INFO | Headers:
08:37:45 | INFO | 	host: localhost:5656
08:37:45 | INFO | 	connection: close
08:37:45 | INFO | 	upgrade-insecure-requests: 1
08:37:45 | INFO | 	accept: text/html,application/xhtml+xml,application/xml;q=0.9,*/*;q=0.8
08:37:45 | INFO | 	user-agent: Mozilla/5.0 (iPhone; CPU iPhone OS 16_2 like Mac OS X) AppleWebKit/605.1.15 (KHTML, like Gecko) Version/16.2 Mobile/15E148 Safari/604.1
08:37:45 | INFO | 	accept-language: ru
08:37:45 | INFO | 	accept-encoding: gzip, deflate
08:38:07 | INFO | GET http://localhost:5656/?ref=CzE6XxYp0ebYUKQGk7z6sw&id=504319721&session=7965
08:38:07 | INFO | Request Body: ref=CzE6XxYp0ebYUKQGk7z6sw&id=504319721&session=7965
08:38:07 | INFO | Headers:
08:38:07 | INFO | 	host: localhost:5656
08:38:07 | INFO | 	connection: close
08:38:07 | INFO | 	accept: text/html,application/xhtml+xml,application/xml;q=0.9,*/*;q=0.8
08:38:07 | INFO | 	accept-language: ru
08:38:07 | INFO | 	accept-encoding: gzip, deflate, br
08:38:07 | INFO | 	user-agent: Mozilla/5.0 (iPhone; CPU iPhone OS 16_2 like Mac OS X) AppleWebKit/605.1.15 (KHTML, like Gecko) Version/16.2 Mobile/15E148 Safari/604.1
08:41:17 | INFO | GET http://localhost:5656/?ref=r8JXdunBR-nfbAAFSgmc6A&id=504319721&session=7967
08:41:17 | INFO | Request Body: ref=r8JXdunBR-nfbAAFSgmc6A&id=504319721&session=7967
08:41:17 | INFO | Headers:
08:41:17 | INFO | 	host: localhost:5656
08:41:17 | INFO | 	connection: close
08:41:17 | INFO | 	upgrade-insecure-requests: 1
08:41:17 | INFO | 	accept: text/html,application/xhtml+xml,application/xml;q=0.9,*/*;q=0.8
08:41:17 | INFO | 	user-agent: Mozilla/5.0 (iPhone; CPU iPhone OS 16_2 like Mac OS X) AppleWebKit/605.1.15 (KHTML, like Gecko) Version/16.2 Mobile/15E148 Safari/604.1
08:41:17 | INFO | 	accept-language: ru
08:41:17 | INFO | 	accept-encoding: gzip, deflate
08:41:18 | INFO | GET http://localhost:5656/?ref=r8JXdunBR-nfbAAFSgmc6A&id=504319721&session=7967
08:41:18 | INFO | Request Body: ref=r8JXdunBR-nfbAAFSgmc6A&id=504319721&session=7967
08:41:18 | INFO | Headers:
08:41:18 | INFO | 	host: localhost:5656
08:41:18 | INFO | 	connection: close
08:41:18 | INFO | 	upgrade-insecure-requests: 1
08:41:18 | INFO | 	accept: text/html,application/xhtml+xml,application/xml;q=0.9,*/*;q=0.8
08:41:18 | INFO | 	user-agent: Mozilla/5.0 (iPhone; CPU iPhone OS 16_2 like Mac OS X) AppleWebKit/605.1.15 (KHTML, like Gecko) Version/16.2 Mobile/15E148 Safari/604.1
08:41:18 | INFO | 	accept-language: ru
08:41:18 | INFO | 	accept-encoding: gzip, deflate
08:42:10 | INFO | GET http://localhost:5656/?ref=r8JXdunBR-nfbAAFSgmc6A&id=504319721&session=7967
08:42:10 | INFO | Request Body: ref=r8JXdunBR-nfbAAFSgmc6A&id=504319721&session=7967
08:42:10 | INFO | Headers:
08:42:10 | INFO | 	host: localhost:5656
08:42:10 | INFO | 	connection: close
08:42:10 | INFO | 	upgrade-insecure-requests: 1
08:42:10 | INFO | 	accept: text/html,application/xhtml+xml,application/xml;q=0.9,*/*;q=0.8
08:42:10 | INFO | 	user-agent: Mozilla/5.0 (iPhone; CPU iPhone OS 16_2 like Mac OS X) AppleWebKit/605.1.15 (KHTML, like Gecko) Version/16.2 Mobile/15E148 Safari/604.1
08:42:10 | INFO | 	accept-language: ru
08:42:10 | INFO | 	accept-encoding: gzip, deflate
08:52:02 | INFO | GET http://localhost:5656/?ref=KlUnrD6pMRl6cF8CKGcmJw&id=1400585916&session=7970
08:52:02 | INFO | Request Body: ref=KlUnrD6pMRl6cF8CKGcmJw&id=1400585916&session=7970
08:52:02 | INFO | Headers:
08:52:02 | INFO | 	host: localhost:5656
08:52:02 | INFO | 	connection: close
08:52:02 | INFO | 	upgrade-insecure-requests: 1
08:52:02 | INFO | 	user-agent: Mozilla/5.0 (Linux; Android 10; TECNO CD8) AppleWebKit/537.36 (KHTML, like Gecko) Chrome/109.0.0.0 Mobile Safari/537.36
08:52:02 | INFO | 	accept: text/html,application/xhtml+xml,application/xml;q=0.9,image/avif,image/webp,image/apng,*/*;q=0.8,application/signed-exchange;v=b3;q=0.9
08:52:02 | INFO | 	sec-fetch-site: cross-site
08:52:02 | INFO | 	sec-fetch-mode: navigate
08:52:02 | INFO | 	sec-fetch-dest: document
08:52:02 | INFO | 	sec-ch-ua: "Not_A Brand";v="99", "Google Chrome";v="109", "Chromium";v="109"
08:52:02 | INFO | 	sec-ch-ua-mobile: ?1
08:52:02 | INFO | 	sec-ch-ua-platform: "Android"
08:52:02 | INFO | 	referer: android-app://org.telegram.messenger/
08:52:02 | INFO | 	accept-encoding: gzip, deflate, br
08:52:02 | INFO | 	accept-language: ru-RU,ru;q=0.9,en-US;q=0.8,en;q=0.7
08:52:03 | INFO | GET http://localhost:5656/?id=5861447101&ref=oNeltr2ZSFH8yN8rmcIQPH&session=8920
08:52:03 | INFO | Request Body: id=5861447101&ref=oNeltr2ZSFH8yN8rmcIQPH&session=8920
08:52:03 | INFO | Headers:
08:52:03 | INFO | 	host: localhost:5656
08:52:03 | INFO | 	connection: close
08:52:03 | INFO | 	user-agent: Mozilla/5.0 (Linux; Android 12; M2101K6G) AppleWebKit/537.36 (KHTML, like Gecko) Chrome/109.0.0.0 Mobile Safari/537.36
08:52:03 | INFO | 	accept: text/html,application/xhtml+xml,application/xml;q=0.9,image/avif,image/webp,image/apng,*/*;q=0.8,application/signed-exchange;v=b3;q=0.9
08:52:03 | INFO | 	referer: https://www.google.com/
08:52:03 | INFO | 	accept-encoding: gzip, deflate, br
08:52:03 | INFO | 	accept-language: ru-RU,ru;q=0.9,en-US;q=0.8,en;q=0.7
08:52:03 | INFO | 	upgrade-insecure-requests: 1
08:52:03 | INFO | 	sec-fetch-site: none
08:52:03 | INFO | 	sec-fetch-mode: navigate
08:52:03 | INFO | 	sec-fetch-user: ?1
08:52:03 | INFO | 	sec-fetch-dest: document
08:52:04 | INFO | GET http://localhost:5656/?id=5861447101&ref=oNeltr2ZSFH8yN8rmcIQPH&session=8920
08:52:04 | INFO | Request Body: id=5861447101&ref=oNeltr2ZSFH8yN8rmcIQPH&session=8920
08:52:04 | INFO | Headers:
08:52:04 | INFO | 	host: localhost:5656
08:52:04 | INFO | 	connection: close
08:52:04 | INFO | 	user-agent: Mozilla/5.0 (Linux; Android 10; M2006C3MNG) AppleWebKit/537.36 (KHTML, like Gecko) Chrome/109.0.0.0 Mobile Safari/537.36
08:52:04 | INFO | 	accept: text/html,application/xhtml+xml,application/xml;q=0.9,image/avif,image/webp,image/apng,*/*;q=0.8,application/signed-exchange;v=b3;q=0.9
08:52:04 | INFO | 	referer: https://www.google.com/
08:52:04 | INFO | 	accept-encoding: gzip, deflate, br
08:52:04 | INFO | 	accept-language: ru-RU,ru;q=0.9,en-US;q=0.8,en;q=0.7
08:52:04 | INFO | 	upgrade-insecure-requests: 1
08:52:04 | INFO | 	sec-fetch-site: none
08:52:04 | INFO | 	sec-fetch-mode: navigate
08:52:04 | INFO | 	sec-fetch-user: ?1
08:52:04 | INFO | 	sec-fetch-dest: document
09:52:38 | INFO | GET http://localhost:5656/?ref=QKHR_uYHLov9gscYokefuA&id=986454829&session=7997
09:52:38 | INFO | Request Body: ref=QKHR_uYHLov9gscYokefuA&id=986454829&session=7997
09:52:38 | INFO | Headers:
09:52:38 | INFO | 	host: localhost:5656
09:52:38 | INFO | 	connection: close
09:52:38 | INFO | 	upgrade-insecure-requests: 1
09:52:38 | INFO | 	accept: text/html,application/xhtml+xml,application/xml;q=0.9,*/*;q=0.8
09:52:38 | INFO | 	user-agent: Mozilla/5.0 (iPhone; CPU iPhone OS 16_2 like Mac OS X) AppleWebKit/605.1.15 (KHTML, like Gecko) Version/16.2 Mobile/15E148 Safari/604.1
09:52:38 | INFO | 	accept-language: ru
09:52:38 | INFO | 	accept-encoding: gzip, deflate
09:53:02 | INFO | GET http://localhost:5656/?ref=20JXLmMgEIvqKjRHIVGUGA&id=762194636&session=7996
09:53:02 | INFO | Request Body: ref=20JXLmMgEIvqKjRHIVGUGA&id=762194636&session=7996
09:53:02 | INFO | Headers:
09:53:02 | INFO | 	host: localhost:5656
09:53:02 | INFO | 	connection: close
09:53:02 | INFO | 	save-data: on
09:53:02 | INFO | 	upgrade-insecure-requests: 1
09:53:02 | INFO | 	user-agent: Mozilla/5.0 (Linux; Android 11; Redmi Note 8 Pro) AppleWebKit/537.36 (KHTML, like Gecko) Chrome/99.0.4844.58 Mobile Safari/537.36
09:53:02 | INFO | 	accept: text/html,application/xhtml+xml,application/xml;q=0.9,image/avif,image/webp,image/apng,*/*;q=0.8,application/signed-exchange;v=b3;q=0.9
09:53:02 | INFO | 	sec-fetch-site: none
09:53:02 | INFO | 	sec-fetch-mode: navigate
09:53:02 | INFO | 	sec-fetch-dest: document
09:53:02 | INFO | 	sec-ch-ua: " Not A;Brand";v="99", "Chromium";v="99", "Google Chrome";v="99"
09:53:02 | INFO | 	sec-ch-ua-mobile: ?1
09:53:02 | INFO | 	sec-ch-ua-platform: "Android"
09:53:02 | INFO | 	accept-encoding: gzip, deflate, br
09:53:02 | INFO | 	accept-language: ru-RU,ru;q=0.9,en-US;q=0.8,en;q=0.7
09:56:13 | INFO | GET http://localhost:5656/?ref=RhnCe8FHYca3LAfUBivBzg&id=1282702881&session=7998
09:56:13 | INFO | Request Body: ref=RhnCe8FHYca3LAfUBivBzg&id=1282702881&session=7998
09:56:13 | INFO | Headers:
09:56:13 | INFO | 	host: localhost:5656
09:56:13 | INFO | 	connection: close
09:56:13 | INFO | 	upgrade-insecure-requests: 1
09:56:13 | INFO | 	accept: text/html,application/xhtml+xml,application/xml;q=0.9,*/*;q=0.8
09:56:13 | INFO | 	user-agent: Mozilla/5.0 (iPhone; CPU iPhone OS 16_0_2 like Mac OS X) AppleWebKit/605.1.15 (KHTML, like Gecko) Version/16.0 Mobile/15E148 Safari/604.1
09:56:13 | INFO | 	accept-language: ru
09:56:13 | INFO | 	accept-encoding: gzip, deflate
10:36:03 | INFO | GET http://localhost:5656/?ref=AWQFR0vO2v7wUV5TMh5H0g&id=236270730&session=8010
10:36:03 | INFO | Request Body: ref=AWQFR0vO2v7wUV5TMh5H0g&id=236270730&session=8010
10:36:03 | INFO | Headers:
10:36:03 | INFO | 	host: localhost:5656
10:36:03 | INFO | 	connection: close
10:36:03 | INFO | 	upgrade-insecure-requests: 1
10:36:03 | INFO | 	user-agent: Mozilla/5.0 (Macintosh; Intel Mac OS X 10_15_7) AppleWebKit/537.36 (KHTML, like Gecko) Chrome/109.0.0.0 Safari/537.36
10:36:03 | INFO | 	accept: text/html,application/xhtml+xml,application/xml;q=0.9,image/avif,image/webp,image/apng,*/*;q=0.8,application/signed-exchange;v=b3;q=0.9
10:36:03 | INFO | 	sec-gpc: 1
10:36:03 | INFO | 	sec-fetch-site: none
10:36:03 | INFO | 	sec-fetch-mode: navigate
10:36:03 | INFO | 	sec-fetch-user: ?1
10:36:03 | INFO | 	sec-fetch-dest: document
10:36:03 | INFO | 	sec-ch-ua: "Not_A Brand";v="99", "Google Chrome";v="109", "Chromium";v="109"
10:36:03 | INFO | 	sec-ch-ua-mobile: ?0
10:36:03 | INFO | 	sec-ch-ua-platform: "macOS"
10:36:03 | INFO | 	accept-encoding: gzip, deflate, br
10:36:03 | INFO | 	accept-language: en-US,en;q=0.9,ru;q=0.8,sv;q=0.7
10:36:20 | INFO | GET http://localhost:5656/?ref=ngXm71caPvhSgeaBckywjA&id=236270730&session=8010
10:36:20 | INFO | Request Body: ref=ngXm71caPvhSgeaBckywjA&id=236270730&session=8010
10:36:20 | INFO | Headers:
10:36:20 | INFO | 	host: localhost:5656
10:36:20 | INFO | 	connection: close
10:36:20 | INFO | 	upgrade-insecure-requests: 1
10:36:20 | INFO | 	user-agent: Mozilla/5.0 (Macintosh; Intel Mac OS X 10_15_7) AppleWebKit/537.36 (KHTML, like Gecko) Chrome/109.0.0.0 Safari/537.36
10:36:20 | INFO | 	accept: text/html,application/xhtml+xml,application/xml;q=0.9,image/avif,image/webp,image/apng,*/*;q=0.8,application/signed-exchange;v=b3;q=0.9
10:36:20 | INFO | 	sec-gpc: 1
10:36:20 | INFO | 	sec-fetch-site: none
10:36:20 | INFO | 	sec-fetch-mode: navigate
10:36:20 | INFO | 	sec-fetch-user: ?1
10:36:20 | INFO | 	sec-fetch-dest: document
10:36:20 | INFO | 	sec-ch-ua: "Not_A Brand";v="99", "Google Chrome";v="109", "Chromium";v="109"
10:36:20 | INFO | 	sec-ch-ua-mobile: ?0
10:36:20 | INFO | 	sec-ch-ua-platform: "macOS"
10:36:20 | INFO | 	accept-encoding: gzip, deflate, br
10:36:20 | INFO | 	accept-language: en-US,en;q=0.9,ru;q=0.8,sv;q=0.7
10:36:25 | INFO | GET http://localhost:5656/?ref=ngXm71caPvhSgeaBckywjA&id=236270730&session=8010
10:36:25 | INFO | Request Body: ref=ngXm71caPvhSgeaBckywjA&id=236270730&session=8010
10:36:25 | INFO | Headers:
10:36:25 | INFO | 	host: localhost:5656
10:36:25 | INFO | 	connection: close
10:36:25 | INFO | 	upgrade-insecure-requests: 1
10:36:25 | INFO | 	user-agent: Mozilla/5.0 (Macintosh; Intel Mac OS X 10_15_7) AppleWebKit/537.36 (KHTML, like Gecko) Chrome/109.0.0.0 Safari/537.36
10:36:25 | INFO | 	accept: text/html,application/xhtml+xml,application/xml;q=0.9,image/avif,image/webp,image/apng,*/*;q=0.8,application/signed-exchange;v=b3;q=0.9
10:36:25 | INFO | 	sec-gpc: 1
10:36:25 | INFO | 	sec-fetch-site: none
10:36:25 | INFO | 	sec-fetch-mode: navigate
10:36:25 | INFO | 	sec-fetch-user: ?1
10:36:25 | INFO | 	sec-fetch-dest: document
10:36:25 | INFO | 	sec-ch-ua: "Not_A Brand";v="99", "Google Chrome";v="109", "Chromium";v="109"
10:36:25 | INFO | 	sec-ch-ua-mobile: ?0
10:36:25 | INFO | 	sec-ch-ua-platform: "macOS"
10:36:25 | INFO | 	accept-encoding: gzip, deflate, br
10:36:25 | INFO | 	accept-language: en-US,en;q=0.9,ru;q=0.8,sv;q=0.7
10:42:37 | INFO | GET http://localhost:5656/?ref=20JXLmMgEIvqKjRHIVGUGA&id=1782191375&session=8013
10:42:37 | INFO | Request Body: ref=20JXLmMgEIvqKjRHIVGUGA&id=1782191375&session=8013
10:42:37 | INFO | Headers:
10:42:37 | INFO | 	host: localhost:5656
10:42:37 | INFO | 	connection: close
10:42:37 | INFO | 	upgrade-insecure-requests: 1
10:42:37 | INFO | 	user-agent: Mozilla/5.0 (Linux; arm_64; Android 13; SM-G998B) AppleWebKit/537.36 (KHTML, like Gecko) Chrome/108.0.0.0 YaBrowser/23.1.3.87.00 SA/3 Mobile Safari/537.36
10:42:37 | INFO | 	accept: text/html,application/xhtml+xml,application/xml;q=0.9,image/avif,image/webp,image/apng,*/*;q=0.8,application/signed-exchange;v=b3;q=0.9
10:42:37 | INFO | 	sec-fetch-site: none
10:42:37 | INFO | 	sec-fetch-mode: navigate
10:42:37 | INFO | 	sec-fetch-user: ?1
10:42:37 | INFO | 	sec-fetch-dest: document
10:42:37 | INFO | 	sec-ch-ua: "Not?A_Brand";v="8", "Chromium";v="108", "Yandex";v="23"
10:42:37 | INFO | 	sec-ch-ua-mobile: ?1
10:42:37 | INFO | 	sec-ch-ua-platform: "Android"
10:42:37 | INFO | 	accept-encoding: gzip, deflate, br, sdch
10:42:37 | INFO | 	accept-language: ru-RU,ru;q=0.9,en-US;q=0.8,en;q=0.7
10:46:20 | INFO | GET http://localhost:5656/?ref=N7dYhafFKPyGi1WyPrvhqA&id=1782191375&session=8013
10:46:20 | INFO | Request Body: ref=N7dYhafFKPyGi1WyPrvhqA&id=1782191375&session=8013
10:46:20 | INFO | Headers:
10:46:20 | INFO | 	host: localhost:5656
10:46:20 | INFO | 	connection: close
10:46:20 | INFO | 	upgrade-insecure-requests: 1
10:46:20 | INFO | 	user-agent: Mozilla/5.0 (Linux; arm_64; Android 13; SM-G998B) AppleWebKit/537.36 (KHTML, like Gecko) Chrome/108.0.0.0 YaBrowser/23.1.3.87.00 SA/3 Mobile Safari/537.36
10:46:20 | INFO | 	accept: text/html,application/xhtml+xml,application/xml;q=0.9,image/avif,image/webp,image/apng,*/*;q=0.8,application/signed-exchange;v=b3;q=0.9
10:46:20 | INFO | 	sec-fetch-site: none
10:46:20 | INFO | 	sec-fetch-mode: navigate
10:46:20 | INFO | 	sec-fetch-user: ?1
10:46:20 | INFO | 	sec-fetch-dest: document
10:46:20 | INFO | 	sec-ch-ua: "Not?A_Brand";v="8", "Chromium";v="108", "Yandex";v="23"
10:46:20 | INFO | 	sec-ch-ua-mobile: ?1
10:46:20 | INFO | 	sec-ch-ua-platform: "Android"
10:46:20 | INFO | 	accept-encoding: gzip, deflate, br, sdch
10:46:20 | INFO | 	accept-language: ru-RU,ru;q=0.9,en-US;q=0.8,en;q=0.7
10:57:09 | INFO | GET http://localhost:5656/?ref=N7dYhafFKPyGi1WyPrvhqA&id=1782191375&session=8013
10:57:09 | INFO | Request Body: ref=N7dYhafFKPyGi1WyPrvhqA&id=1782191375&session=8013
10:57:09 | INFO | Headers:
10:57:09 | INFO | 	host: localhost:5656
10:57:09 | INFO | 	connection: close
10:57:09 | INFO | 	upgrade-insecure-requests: 1
10:57:09 | INFO | 	user-agent: Mozilla/5.0 (Linux; arm_64; Android 13; SM-G998B) AppleWebKit/537.36 (KHTML, like Gecko) Chrome/108.0.0.0 YaBrowser/23.1.3.87.00 SA/3 Mobile Safari/537.36
10:57:09 | INFO | 	accept: text/html,application/xhtml+xml,application/xml;q=0.9,image/avif,image/webp,image/apng,*/*;q=0.8,application/signed-exchange;v=b3;q=0.9
10:57:09 | INFO | 	sec-fetch-site: none
10:57:09 | INFO | 	sec-fetch-mode: navigate
10:57:09 | INFO | 	sec-fetch-user: ?1
10:57:09 | INFO | 	sec-fetch-dest: document
10:57:09 | INFO | 	sec-ch-ua: "Not?A_Brand";v="8", "Chromium";v="108", "Yandex";v="23"
10:57:09 | INFO | 	sec-ch-ua-mobile: ?1
10:57:09 | INFO | 	sec-ch-ua-platform: "Android"
10:57:09 | INFO | 	accept-encoding: gzip, deflate, br, sdch
10:57:09 | INFO | 	accept-language: ru-RU,ru;q=0.9,en-US;q=0.8,en;q=0.7
10:58:23 | INFO | GET http://localhost:5656/?ref=_IYhzQIJ6CgDuzs1ypkEBA&id=1782191375&session=8013
10:58:23 | INFO | Request Body: ref=_IYhzQIJ6CgDuzs1ypkEBA&id=1782191375&session=8013
10:58:23 | INFO | Headers:
10:58:23 | INFO | 	host: localhost:5656
10:58:23 | INFO | 	connection: close
10:58:23 | INFO | 	upgrade-insecure-requests: 1
10:58:23 | INFO | 	user-agent: Mozilla/5.0 (Linux; arm_64; Android 13; SM-G998B) AppleWebKit/537.36 (KHTML, like Gecko) Chrome/108.0.0.0 YaBrowser/23.1.3.87.00 SA/3 Mobile Safari/537.36
10:58:23 | INFO | 	accept: text/html,application/xhtml+xml,application/xml;q=0.9,image/avif,image/webp,image/apng,*/*;q=0.8,application/signed-exchange;v=b3;q=0.9
10:58:23 | INFO | 	sec-fetch-site: none
10:58:23 | INFO | 	sec-fetch-mode: navigate
10:58:23 | INFO | 	sec-fetch-user: ?1
10:58:23 | INFO | 	sec-fetch-dest: document
10:58:23 | INFO | 	sec-ch-ua: "Not?A_Brand";v="8", "Chromium";v="108", "Yandex";v="23"
10:58:23 | INFO | 	sec-ch-ua-mobile: ?1
10:58:23 | INFO | 	sec-ch-ua-platform: "Android"
10:58:23 | INFO | 	accept-encoding: gzip, deflate, br, sdch
10:58:23 | INFO | 	accept-language: ru-RU,ru;q=0.9,en-US;q=0.8,en;q=0.7
11:03:32 | INFO | GET http://localhost:5656/
11:03:32 | INFO | Request Body: 
11:03:32 | INFO | Headers:
11:03:32 | INFO | 	host: localhost:5656
11:03:32 | INFO | 	connection: close
11:03:32 | INFO | 	user-agent: Mozilla/5.0 (compatible; YandexBot/3.0; +http://yandex.com/bots) AppleWebKit/537.36 (KHTML, like Gecko) Chrome/81.0.4044.268
11:03:32 | INFO | 	from: support@search.yandex.ru
11:03:32 | INFO | 	accept-encoding: gzip,deflate
11:03:32 | INFO | 	accept: */*
11:32:50 | INFO | GET http://localhost:5656/?ref=7Xk8ldk4g0wIH2wSKQ7jfQ&id=905706286&session=8021
11:32:50 | INFO | Request Body: ref=7Xk8ldk4g0wIH2wSKQ7jfQ&id=905706286&session=8021
11:32:50 | INFO | Headers:
11:32:50 | INFO | 	host: localhost:5656
11:32:50 | INFO | 	connection: close
11:32:50 | INFO | 	upgrade-insecure-requests: 1
11:32:50 | INFO | 	accept: text/html,application/xhtml+xml,application/xml;q=0.9,*/*;q=0.8
11:32:50 | INFO | 	user-agent: Mozilla/5.0 (iPhone; CPU iPhone OS 12_5_6 like Mac OS X) AppleWebKit/605.1.15 (KHTML, like Gecko) Version/12.1.2 Mobile/15E148 Safari/604.1
11:32:50 | INFO | 	accept-language: ru
11:32:50 | INFO | 	accept-encoding: gzip, deflate
11:36:26 | INFO | GET http://localhost:5656/?ref=5gerZ8OuH2eky6CbBwRvmA&id=905706286&session=8021
11:36:26 | INFO | Request Body: ref=5gerZ8OuH2eky6CbBwRvmA&id=905706286&session=8021
11:36:26 | INFO | Headers:
11:36:26 | INFO | 	host: localhost:5656
11:36:26 | INFO | 	connection: close
11:36:26 | INFO | 	upgrade-insecure-requests: 1
11:36:26 | INFO | 	accept: text/html,application/xhtml+xml,application/xml;q=0.9,*/*;q=0.8
11:36:26 | INFO | 	user-agent: Mozilla/5.0 (iPhone; CPU iPhone OS 12_5_6 like Mac OS X) AppleWebKit/605.1.15 (KHTML, like Gecko) Version/12.1.2 Mobile/15E148 Safari/604.1
11:36:26 | INFO | 	accept-language: ru
11:36:26 | INFO | 	accept-encoding: gzip, deflate
12:04:40 | INFO | GET http://localhost:5656/?ref=_GATVGwcTdnVlpDZLNyYrA&id=362932141&session=8028
12:04:40 | INFO | Request Body: ref=_GATVGwcTdnVlpDZLNyYrA&id=362932141&session=8028
12:04:40 | INFO | Headers:
12:04:40 | INFO | 	host: localhost:5656
12:04:40 | INFO | 	connection: close
12:04:40 | INFO | 	upgrade-insecure-requests: 1
12:04:40 | INFO | 	accept: text/html,application/xhtml+xml,application/xml;q=0.9,*/*;q=0.8
12:04:40 | INFO | 	user-agent: Mozilla/5.0 (iPhone; CPU iPhone OS 16_1_1 like Mac OS X) AppleWebKit/605.1.15 (KHTML, like Gecko) Version/16.1 Mobile/15E148 Safari/604.1
12:04:40 | INFO | 	accept-language: ru
12:04:40 | INFO | 	accept-encoding: gzip, deflate
12:04:51 | INFO | GET http://localhost:5656/
12:04:51 | INFO | Request Body: 
12:04:51 | INFO | Headers:
12:04:51 | INFO | 	host: localhost:5656
12:04:51 | INFO | 	connection: close
12:04:51 | INFO | 	user-agent: test
12:04:51 | INFO | 	accept-encoding: gzip, deflate, br
12:11:55 | INFO | GET http://localhost:5656/?ref=_CSDceC5kkki4RoqwX4SRA&id=447679647&session=8031
12:11:55 | INFO | Request Body: ref=_CSDceC5kkki4RoqwX4SRA&id=447679647&session=8031
12:11:55 | INFO | Headers:
12:11:55 | INFO | 	host: localhost:5656
12:11:55 | INFO | 	connection: close
12:11:55 | INFO | 	upgrade-insecure-requests: 1
12:11:55 | INFO | 	accept: text/html,application/xhtml+xml,application/xml;q=0.9,*/*;q=0.8
12:11:55 | INFO | 	user-agent: Mozilla/5.0 (iPhone; CPU iPhone OS 15_1_1 like Mac OS X) AppleWebKit/605.1.15 (KHTML, like Gecko) Version/15.1 Mobile/15E148 Safari/604.1
12:11:55 | INFO | 	accept-language: ru
12:11:55 | INFO | 	accept-encoding: gzip, deflate
12:56:14 | INFO | GET http://localhost:5656/?ref=Y6Iwo9tiyvD5rdviLMljhg&id=704274508&session=244
12:56:14 | INFO | Request Body: ref=Y6Iwo9tiyvD5rdviLMljhg&id=704274508&session=244
12:56:14 | INFO | Headers:
12:56:14 | INFO | 	host: localhost:5656
12:56:14 | INFO | 	connection: close
12:56:14 | INFO | 	user-agent: Mozilla/5.0 (X11; Linux x86_64; rv:109.0) Gecko/20100101 Firefox/110.0
12:56:14 | INFO | 	accept: text/html,application/xhtml+xml,application/xml;q=0.9,image/avif,image/webp,*/*;q=0.8
12:56:14 | INFO | 	accept-language: ru,en-US;q=0.7,en;q=0.3
12:56:14 | INFO | 	accept-encoding: gzip, deflate, br
12:56:14 | INFO | 	upgrade-insecure-requests: 1
12:56:14 | INFO | 	sec-fetch-dest: document
12:56:14 | INFO | 	sec-fetch-mode: navigate
12:56:14 | INFO | 	sec-fetch-site: none
12:56:14 | INFO | 	sec-fetch-user: ?1
12:56:16 | INFO | GET http://localhost:5656/?ref=v4Evk_K7Lu_imlyQYQuCIw&id=158628518&session=243
12:56:16 | INFO | Request Body: ref=v4Evk_K7Lu_imlyQYQuCIw&id=158628518&session=243
12:56:16 | INFO | Headers:
12:56:16 | INFO | 	host: localhost:5656
12:56:16 | INFO | 	connection: close
12:56:16 | INFO | 	user-agent: Mozilla/5.0 (Macintosh; Intel Mac OS X 10.15; rv:109.0) Gecko/20100101 Firefox/110.0
12:56:16 | INFO | 	accept: text/html,application/xhtml+xml,application/xml;q=0.9,image/avif,image/webp,*/*;q=0.8
12:56:16 | INFO | 	accept-language: ru-RU,ru;q=0.8,en-US;q=0.5,en;q=0.3
12:56:16 | INFO | 	accept-encoding: gzip, deflate, br
12:56:16 | INFO | 	dnt: 1
12:56:16 | INFO | 	upgrade-insecure-requests: 1
12:56:16 | INFO | 	sec-fetch-dest: document
12:56:16 | INFO | 	sec-fetch-mode: navigate
12:56:16 | INFO | 	sec-fetch-site: none
12:56:16 | INFO | 	sec-fetch-user: ?1
12:56:27 | INFO | GET http://localhost:5656/?ref=v4Evk_K7Lu_imlyQYQuCIw&id=158628518&session=243
12:56:27 | INFO | Request Body: ref=v4Evk_K7Lu_imlyQYQuCIw&id=158628518&session=243
12:56:27 | INFO | Headers:
12:56:27 | INFO | 	host: localhost:5656
12:56:27 | INFO | 	connection: close
12:56:27 | INFO | 	user-agent: Mozilla/5.0 (Macintosh; Intel Mac OS X 10.15; rv:109.0) Gecko/20100101 Firefox/110.0
12:56:27 | INFO | 	accept: text/html,application/xhtml+xml,application/xml;q=0.9,image/avif,image/webp,*/*;q=0.8
12:56:27 | INFO | 	accept-language: ru-RU,ru;q=0.8,en-US;q=0.5,en;q=0.3
12:56:27 | INFO | 	accept-encoding: gzip, deflate, br
12:56:27 | INFO | 	dnt: 1
12:56:27 | INFO | 	upgrade-insecure-requests: 1
12:56:27 | INFO | 	sec-fetch-dest: document
12:56:27 | INFO | 	sec-fetch-mode: navigate
12:56:27 | INFO | 	sec-fetch-site: none
12:56:27 | INFO | 	sec-fetch-user: ?1
13:03:34 | INFO | GET http://localhost:5656/?ref=
13:03:34 | INFO | Request Body: ref=
13:03:34 | INFO | Headers:
13:03:34 | INFO | 	host: localhost:5656
13:03:34 | INFO | 	connection: close
13:03:34 | INFO | 	user-agent: TelegramBot (like TwitterBot)
13:03:34 | INFO | 	accept-encoding: deflate, gzip, br
13:03:34 | INFO | 	cookie: euConsent=true; BCPermissionLevel=PERSONAL; BC_GDPR=11111; fhCookieConsent=true; gdpr-source=GB; gdpr_consent=YES; beget=begetok
13:03:34 | INFO | 	accept-language: en-US,en;q=0.5
13:03:34 | INFO | 	accept: text/html,application/xhtml+xml,application/xml;q=0.9,*/*;q=0.8
13:35:04 | INFO | GET http://localhost:5656/?ref=nqpztSoA1eI-rhwwyDpktg&id=941854346&session=8056
13:35:04 | INFO | Request Body: ref=nqpztSoA1eI-rhwwyDpktg&id=941854346&session=8056
13:35:04 | INFO | Headers:
13:35:04 | INFO | 	host: localhost:5656
13:35:04 | INFO | 	connection: close
13:35:04 | INFO | 	upgrade-insecure-requests: 1
13:35:04 | INFO | 	accept: text/html,application/xhtml+xml,application/xml;q=0.9,*/*;q=0.8
13:35:04 | INFO | 	user-agent: Mozilla/5.0 (iPhone; CPU iPhone OS 15_7 like Mac OS X) AppleWebKit/605.1.15 (KHTML, like Gecko) Version/15.6,2 Mobile/15E148 Safari/604.1
13:35:04 | INFO | 	accept-language: ru
13:35:04 | INFO | 	accept-encoding: gzip, deflate
14:00:01 | INFO | GET http://localhost:5656/?ref=CkG04yTmaaRcN-ZG9QObiw&id=630071448&session=8064
14:00:01 | INFO | Request Body: ref=CkG04yTmaaRcN-ZG9QObiw&id=630071448&session=8064
14:00:01 | INFO | Headers:
14:00:01 | INFO | 	host: localhost:5656
14:00:01 | INFO | 	connection: close
14:00:01 | INFO | 	upgrade-insecure-requests: 1
14:00:01 | INFO | 	user-agent: Mozilla/5.0 (Windows NT 10.0; Win64; x64) AppleWebKit/537.36 (KHTML, like Gecko) Chrome/109.0.0.0 Safari/537.36
14:00:01 | INFO | 	accept: text/html,application/xhtml+xml,application/xml;q=0.9,image/avif,image/webp,image/apng,*/*;q=0.8,application/signed-exchange;v=b3;q=0.9
14:00:01 | INFO | 	sec-fetch-site: cross-site
14:00:01 | INFO | 	sec-fetch-mode: navigate
14:00:01 | INFO | 	sec-fetch-user: ?1
14:00:01 | INFO | 	sec-fetch-dest: document
14:00:01 | INFO | 	sec-ch-ua: "Not_A Brand";v="99", "Google Chrome";v="109", "Chromium";v="109"
14:00:01 | INFO | 	sec-ch-ua-mobile: ?0
14:00:01 | INFO | 	sec-ch-ua-platform: "Windows"
14:00:01 | INFO | 	accept-encoding: gzip, deflate, br
14:00:01 | INFO | 	accept-language: ru-RU,ru;q=0.9,en-US;q=0.8,en;q=0.7
14:08:24 | INFO | GET http://localhost:5656/?ref=dx12azOYgJLvd-vAZbT2SA&id=655113248&session=8066
14:08:24 | INFO | Request Body: ref=dx12azOYgJLvd-vAZbT2SA&id=655113248&session=8066
14:08:24 | INFO | Headers:
14:08:24 | INFO | 	host: localhost:5656
14:08:24 | INFO | 	connection: close
14:08:24 | INFO | 	upgrade-insecure-requests: 1
14:08:24 | INFO | 	accept: text/html,application/xhtml+xml,application/xml;q=0.9,*/*;q=0.8
14:08:24 | INFO | 	user-agent: Mozilla/5.0 (iPhone; CPU iPhone OS 16_2 like Mac OS X) AppleWebKit/605.1.15 (KHTML, like Gecko) Version/16.2 Mobile/15E148 Safari/604.1
14:08:24 | INFO | 	accept-language: ru
14:08:24 | INFO | 	accept-encoding: gzip, deflate
14:45:55 | INFO | GET http://localhost:5656/?ref=_GATVGwcTdnVlpDZLNyYrA&id=2034113009&session=8070
14:45:55 | INFO | Request Body: ref=_GATVGwcTdnVlpDZLNyYrA&id=2034113009&session=8070
14:45:55 | INFO | Headers:
14:45:55 | INFO | 	host: localhost:5656
14:45:55 | INFO | 	connection: close
14:45:55 | INFO | 	upgrade-insecure-requests: 1
14:45:55 | INFO | 	user-agent: Mozilla/5.0 (Linux; arm_64; Android 11; SM-A125F) AppleWebKit/537.36 (KHTML, like Gecko) Chrome/100.0.4896.160 YaBrowser/22.5.2.68.00 SA/3 Mobile Safari/537.36
14:45:55 | INFO | 	accept: text/html,application/xhtml+xml,application/xml;q=0.9,image/avif,image/webp,image/apng,*/*;q=0.8,application/signed-exchange;v=b3;q=0.9
14:45:55 | INFO | 	sec-fetch-site: none
14:45:55 | INFO | 	sec-fetch-mode: navigate
14:45:55 | INFO | 	sec-fetch-user: ?1
14:45:55 | INFO | 	sec-fetch-dest: document
14:45:55 | INFO | 	sec-ch-ua: " Not A;Brand";v="99", "Chromium";v="100", "Yandex";v="22"
14:45:55 | INFO | 	sec-ch-ua-mobile: ?1
14:45:55 | INFO | 	sec-ch-ua-platform: "Android"
14:45:55 | INFO | 	accept-encoding: gzip, deflate, br, sdch
14:45:55 | INFO | 	accept-language: ru-RU,ru;q=0.9,en-US;q=0.8,en;q=0.7
14:53:14 | INFO | GET http://localhost:5656/?ref=FAh8jtiEnob7PJclDIQ6Ww&id=2034113009&session=8070
14:53:14 | INFO | Request Body: ref=FAh8jtiEnob7PJclDIQ6Ww&id=2034113009&session=8070
14:53:14 | INFO | Headers:
14:53:14 | INFO | 	host: localhost:5656
14:53:14 | INFO | 	connection: close
14:53:14 | INFO | 	upgrade-insecure-requests: 1
14:53:14 | INFO | 	user-agent: Mozilla/5.0 (Linux; arm_64; Android 11; SM-A125F) AppleWebKit/537.36 (KHTML, like Gecko) Chrome/100.0.4896.160 YaBrowser/22.5.2.68.00 SA/3 Mobile Safari/537.36
14:53:14 | INFO | 	accept: text/html,application/xhtml+xml,application/xml;q=0.9,image/avif,image/webp,image/apng,*/*;q=0.8,application/signed-exchange;v=b3;q=0.9
14:53:14 | INFO | 	sec-fetch-site: none
14:53:14 | INFO | 	sec-fetch-mode: navigate
14:53:14 | INFO | 	sec-fetch-user: ?1
14:53:14 | INFO | 	sec-fetch-dest: document
14:53:14 | INFO | 	sec-ch-ua: " Not A;Brand";v="99", "Chromium";v="100", "Yandex";v="22"
14:53:14 | INFO | 	sec-ch-ua-mobile: ?1
14:53:14 | INFO | 	sec-ch-ua-platform: "Android"
14:53:14 | INFO | 	accept-encoding: gzip, deflate, br, sdch
14:53:14 | INFO | 	accept-language: ru-RU,ru;q=0.9,en-US;q=0.8,en;q=0.7
14:56:43 | INFO | GET http://localhost:5656/?ref=WzXlC_0CA4izkVpbDDaLdw&id=2034113009&session=8070
14:56:43 | INFO | Request Body: ref=WzXlC_0CA4izkVpbDDaLdw&id=2034113009&session=8070
14:56:43 | INFO | Headers:
14:56:43 | INFO | 	host: localhost:5656
14:56:43 | INFO | 	connection: close
14:56:43 | INFO | 	upgrade-insecure-requests: 1
14:56:43 | INFO | 	user-agent: Mozilla/5.0 (Linux; arm_64; Android 11; SM-A125F) AppleWebKit/537.36 (KHTML, like Gecko) Chrome/100.0.4896.160 YaBrowser/22.5.2.68.00 SA/3 Mobile Safari/537.36
14:56:43 | INFO | 	accept: text/html,application/xhtml+xml,application/xml;q=0.9,image/avif,image/webp,image/apng,*/*;q=0.8,application/signed-exchange;v=b3;q=0.9
14:56:43 | INFO | 	sec-fetch-site: none
14:56:43 | INFO | 	sec-fetch-mode: navigate
14:56:43 | INFO | 	sec-fetch-user: ?1
14:56:43 | INFO | 	sec-fetch-dest: document
14:56:43 | INFO | 	sec-ch-ua: " Not A;Brand";v="99", "Chromium";v="100", "Yandex";v="22"
14:56:43 | INFO | 	sec-ch-ua-mobile: ?1
14:56:43 | INFO | 	sec-ch-ua-platform: "Android"
14:56:43 | INFO | 	accept-encoding: gzip, deflate, br, sdch
14:56:43 | INFO | 	accept-language: ru-RU,ru;q=0.9,en-US;q=0.8,en;q=0.7
15:00:51 | INFO | GET http://localhost:5656/?ref=Yt77Lhf_om2m7mQYBZ-BYw&id=2034113009&session=8072
15:00:51 | INFO | Request Body: ref=Yt77Lhf_om2m7mQYBZ-BYw&id=2034113009&session=8072
15:00:51 | INFO | Headers:
15:00:51 | INFO | 	host: localhost:5656
15:00:51 | INFO | 	connection: close
15:00:51 | INFO | 	cache-control: max-age=0
15:00:51 | INFO | 	upgrade-insecure-requests: 1
15:00:51 | INFO | 	user-agent: Mozilla/5.0 (Linux; arm_64; Android 11; SM-A125F) AppleWebKit/537.36 (KHTML, like Gecko) Chrome/100.0.4896.160 YaBrowser/22.5.2.68.00 SA/3 Mobile Safari/537.36
15:00:51 | INFO | 	accept: text/html,application/xhtml+xml,application/xml;q=0.9,image/avif,image/webp,image/apng,*/*;q=0.8,application/signed-exchange;v=b3;q=0.9
15:00:51 | INFO | 	sec-fetch-site: none
15:00:51 | INFO | 	sec-fetch-mode: navigate
15:00:51 | INFO | 	sec-fetch-user: ?1
15:00:51 | INFO | 	sec-fetch-dest: document
15:00:51 | INFO | 	sec-ch-ua: " Not A;Brand";v="99", "Chromium";v="100", "Yandex";v="22"
15:00:51 | INFO | 	sec-ch-ua-mobile: ?1
15:00:51 | INFO | 	sec-ch-ua-platform: "Android"
15:00:51 | INFO | 	accept-encoding: gzip, deflate, br, sdch
15:00:51 | INFO | 	accept-language: ru-RU,ru;q=0.9,en-US;q=0.8,en;q=0.7
15:02:31 | INFO | GET http://localhost:5656/?ref=dgP9SRLkkbZPBlMxhHbJTA&id=2034113009&session=8072
15:02:31 | INFO | Request Body: ref=dgP9SRLkkbZPBlMxhHbJTA&id=2034113009&session=8072
15:02:31 | INFO | Headers:
15:02:31 | INFO | 	host: localhost:5656
15:02:31 | INFO | 	connection: close
15:02:31 | INFO | 	upgrade-insecure-requests: 1
15:02:31 | INFO | 	user-agent: Mozilla/5.0 (Linux; arm_64; Android 11; SM-A125F) AppleWebKit/537.36 (KHTML, like Gecko) Chrome/100.0.4896.160 YaBrowser/22.5.2.68.00 SA/3 Mobile Safari/537.36
15:02:31 | INFO | 	accept: text/html,application/xhtml+xml,application/xml;q=0.9,image/avif,image/webp,image/apng,*/*;q=0.8,application/signed-exchange;v=b3;q=0.9
15:02:31 | INFO | 	sec-fetch-site: none
15:02:31 | INFO | 	sec-fetch-mode: navigate
15:02:31 | INFO | 	sec-fetch-user: ?1
15:02:31 | INFO | 	sec-fetch-dest: document
15:02:31 | INFO | 	sec-ch-ua: " Not A;Brand";v="99", "Chromium";v="100", "Yandex";v="22"
15:02:31 | INFO | 	sec-ch-ua-mobile: ?1
15:02:31 | INFO | 	sec-ch-ua-platform: "Android"
15:02:31 | INFO | 	accept-encoding: gzip, deflate, br, sdch
15:02:31 | INFO | 	accept-language: ru-RU,ru;q=0.9,en-US;q=0.8,en;q=0.7
15:04:09 | INFO | GET http://localhost:5656/?ref=wxbTOYwUeJ77AFdfd_H_jQ&id=2034113009&session=8075
15:04:09 | INFO | Request Body: ref=wxbTOYwUeJ77AFdfd_H_jQ&id=2034113009&session=8075
15:04:09 | INFO | Headers:
15:04:09 | INFO | 	host: localhost:5656
15:04:09 | INFO | 	connection: close
15:04:09 | INFO | 	upgrade-insecure-requests: 1
15:04:09 | INFO | 	user-agent: Mozilla/5.0 (Linux; arm_64; Android 11; SM-A125F) AppleWebKit/537.36 (KHTML, like Gecko) Chrome/100.0.4896.160 YaBrowser/22.5.2.68.00 SA/3 Mobile Safari/537.36
15:04:09 | INFO | 	accept: text/html,application/xhtml+xml,application/xml;q=0.9,image/avif,image/webp,image/apng,*/*;q=0.8,application/signed-exchange;v=b3;q=0.9
15:04:09 | INFO | 	sec-fetch-site: none
15:04:09 | INFO | 	sec-fetch-mode: navigate
15:04:09 | INFO | 	sec-fetch-user: ?1
15:04:09 | INFO | 	sec-fetch-dest: document
15:04:09 | INFO | 	sec-ch-ua: " Not A;Brand";v="99", "Chromium";v="100", "Yandex";v="22"
15:04:09 | INFO | 	sec-ch-ua-mobile: ?1
15:04:09 | INFO | 	sec-ch-ua-platform: "Android"
15:04:09 | INFO | 	accept-encoding: gzip, deflate, br, sdch
15:04:09 | INFO | 	accept-language: ru-RU,ru;q=0.9,en-US;q=0.8,en;q=0.7
15:10:16 | INFO | GET http://localhost:5656/
15:10:16 | INFO | Request Body: 
15:10:16 | INFO | Headers:
15:10:16 | INFO | 	host: localhost:5656
15:10:16 | INFO | 	connection: close
15:10:16 | INFO | 	user-agent: Mozilla/5.0 (compatible; YandexBot/3.0; +http://yandex.com/bots) AppleWebKit/537.36 (KHTML, like Gecko) Chrome/81.0.4044.268
15:10:16 | INFO | 	from: support@search.yandex.ru
15:10:16 | INFO | 	accept-encoding: gzip,deflate
15:10:16 | INFO | 	accept: */*
15:27:31 | INFO | GET http://localhost:5656/?ref=_xlXU5xYcDVe49HBjiF9yQ&id=2034113009&session=8075
15:27:31 | INFO | Request Body: ref=_xlXU5xYcDVe49HBjiF9yQ&id=2034113009&session=8075
15:27:31 | INFO | Headers:
15:27:31 | INFO | 	host: localhost:5656
15:27:31 | INFO | 	connection: close
15:27:31 | INFO | 	upgrade-insecure-requests: 1
15:27:31 | INFO | 	user-agent: Mozilla/5.0 (Linux; arm_64; Android 11; SM-A125F) AppleWebKit/537.36 (KHTML, like Gecko) Chrome/100.0.4896.160 YaBrowser/22.5.2.68.00 SA/3 Mobile Safari/537.36
15:27:31 | INFO | 	accept: text/html,application/xhtml+xml,application/xml;q=0.9,image/avif,image/webp,image/apng,*/*;q=0.8,application/signed-exchange;v=b3;q=0.9
15:27:31 | INFO | 	sec-fetch-site: none
15:27:31 | INFO | 	sec-fetch-mode: navigate
15:27:31 | INFO | 	sec-fetch-user: ?1
15:27:31 | INFO | 	sec-fetch-dest: document
15:27:31 | INFO | 	sec-ch-ua: " Not A;Brand";v="99", "Chromium";v="100", "Yandex";v="22"
15:27:31 | INFO | 	sec-ch-ua-mobile: ?1
15:27:31 | INFO | 	sec-ch-ua-platform: "Android"
15:27:31 | INFO | 	accept-encoding: gzip, deflate, br, sdch
15:27:31 | INFO | 	accept-language: ru-RU,ru;q=0.9,en-US;q=0.8,en;q=0.7
16:15:31 | INFO | GET http://localhost:5656/?ref=r8JXdunBR-nfbAAFSgmc6A&id=2034113009&session=8127
16:15:31 | INFO | Request Body: ref=r8JXdunBR-nfbAAFSgmc6A&id=2034113009&session=8127
16:15:31 | INFO | Headers:
16:15:31 | INFO | 	host: localhost:5656
16:15:31 | INFO | 	connection: close
16:15:31 | INFO | 	upgrade-insecure-requests: 1
16:15:31 | INFO | 	user-agent: Mozilla/5.0 (Linux; arm_64; Android 11; SM-A125F) AppleWebKit/537.36 (KHTML, like Gecko) Chrome/100.0.4896.160 YaBrowser/22.5.2.68.00 SA/3 Mobile Safari/537.36
16:15:31 | INFO | 	accept: text/html,application/xhtml+xml,application/xml;q=0.9,image/avif,image/webp,image/apng,*/*;q=0.8,application/signed-exchange;v=b3;q=0.9
16:15:31 | INFO | 	sec-fetch-site: none
16:15:31 | INFO | 	sec-fetch-mode: navigate
16:15:31 | INFO | 	sec-fetch-user: ?1
16:15:31 | INFO | 	sec-fetch-dest: document
16:15:31 | INFO | 	sec-ch-ua: " Not A;Brand";v="99", "Chromium";v="100", "Yandex";v="22"
16:15:31 | INFO | 	sec-ch-ua-mobile: ?1
16:15:31 | INFO | 	sec-ch-ua-platform: "Android"
16:15:31 | INFO | 	accept-encoding: gzip, deflate, br, sdch
16:15:31 | INFO | 	accept-language: ru-RU,ru;q=0.9,en-US;q=0.8,en;q=0.7
16:15:52 | INFO | GET http://localhost:5656/?ref=jIr2gP3E0NVBllfU6R63vQ&id=637299713&session=8125
16:15:52 | INFO | Request Body: ref=jIr2gP3E0NVBllfU6R63vQ&id=637299713&session=8125
16:15:52 | INFO | Headers:
16:15:52 | INFO | 	host: localhost:5656
16:15:52 | INFO | 	connection: close
16:15:52 | INFO | 	upgrade-insecure-requests: 1
16:15:52 | INFO | 	user-agent: Mozilla/5.0 (Linux; arm_64; Android 9; ANE-LX1) AppleWebKit/537.36 (KHTML, like Gecko) Chrome/108.0.0.0 YaBrowser/23.1.1.81.00 SA/3 Mobile Safari/537.36
16:15:52 | INFO | 	accept: text/html,application/xhtml+xml,application/xml;q=0.9,image/avif,image/webp,image/apng,*/*;q=0.8,application/signed-exchange;v=b3;q=0.9
16:15:52 | INFO | 	sec-fetch-site: none
16:15:52 | INFO | 	sec-fetch-mode: navigate
16:15:52 | INFO | 	sec-fetch-user: ?1
16:15:52 | INFO | 	sec-fetch-dest: document
16:15:52 | INFO | 	sec-ch-ua: "Not?A_Brand";v="8", "Chromium";v="108", "Yandex";v="23"
16:15:52 | INFO | 	sec-ch-ua-mobile: ?1
16:15:52 | INFO | 	sec-ch-ua-platform: "Android"
16:15:52 | INFO | 	accept-encoding: gzip, deflate, br, sdch
16:15:52 | INFO | 	accept-language: ru-RU,ru;q=0.9,en-US;q=0.8,en;q=0.7
16:37:29 | INFO | GET http://localhost:5656/?ref=_GATVGwcTdnVlpDZLNyYrA&id=2093954598&session=8146
16:37:29 | INFO | Request Body: ref=_GATVGwcTdnVlpDZLNyYrA&id=2093954598&session=8146
16:37:29 | INFO | Headers:
16:37:29 | INFO | 	host: localhost:5656
16:37:29 | INFO | 	connection: close
16:37:29 | INFO | 	upgrade-insecure-requests: 1
16:37:29 | INFO | 	user-agent: Mozilla/5.0 (Linux; U; Android 12; ru-ru; Redmi 10C Build/SKQ1.211103.001) AppleWebKit/537.36 (KHTML, like Gecko) Version/4.0 Chrome/100.0.4896.127 Mobile Safari/537.36 XiaoMi/MiuiBrowser/13.22.1-gn
16:37:29 | INFO | 	accept: text/html,application/xhtml+xml,application/xml;q=0.9,image/avif,image/webp,image/apng,*/*;q=0.8,application/signed-exchange;v=b3;q=0.9
16:37:29 | INFO | 	x-miorigin: app
16:37:29 | INFO | 	sec-fetch-site: none
16:37:29 | INFO | 	sec-fetch-mode: navigate
16:37:29 | INFO | 	sec-fetch-user: ?1
16:37:29 | INFO | 	sec-fetch-dest: document
16:37:29 | INFO | 	accept-encoding: gzip, deflate, br
16:37:29 | INFO | 	accept-language: ru-RU,ru;q=0.9,en-US;q=0.8,en;q=0.7
16:41:11 | INFO | GET http://localhost:5656/
16:41:11 | INFO | Request Body: 
16:41:11 | INFO | Headers:
16:41:11 | INFO | 	host: localhost:5656
16:41:11 | INFO | 	connection: close
16:41:11 | INFO | 	user-agent: Mozilla/5.0 (compatible; YandexBot/3.0; +http://yandex.com/bots)
16:41:11 | INFO | 	from: support@search.yandex.ru
16:41:11 | INFO | 	accept-encoding: gzip,deflate
16:41:11 | INFO | 	accept: */*
16:46:48 | INFO | GET http://localhost:5656/?ref=QKHR_uYHLov9gscYokefuA&id=483706876&session=8157
16:46:48 | INFO | Request Body: ref=QKHR_uYHLov9gscYokefuA&id=483706876&session=8157
16:46:48 | INFO | Headers:
16:46:48 | INFO | 	host: localhost:5656
16:46:48 | INFO | 	connection: close
16:46:48 | INFO | 	upgrade-insecure-requests: 1
16:46:48 | INFO | 	accept: text/html,application/xhtml+xml,application/xml;q=0.9,*/*;q=0.8
16:46:48 | INFO | 	user-agent: Mozilla/5.0 (iPhone; CPU iPhone OS 16_1_2 like Mac OS X) AppleWebKit/605.1.15 (KHTML, like Gecko) Version/16.1 Mobile/15E148 Safari/604.1
16:46:48 | INFO | 	accept-language: ru
16:46:48 | INFO | 	accept-encoding: gzip, deflate
16:51:22 | INFO | GET http://localhost:5656/?ref=_CSDceC5kkki4RoqwX4SRA&id=2093954598&session=8146
16:51:22 | INFO | Request Body: ref=_CSDceC5kkki4RoqwX4SRA&id=2093954598&session=8146
16:51:22 | INFO | Headers:
16:51:22 | INFO | 	host: localhost:5656
16:51:22 | INFO | 	connection: close
16:51:22 | INFO | 	upgrade-insecure-requests: 1
16:51:22 | INFO | 	user-agent: Mozilla/5.0 (Linux; U; Android 12; ru-ru; Redmi 10C Build/SKQ1.211103.001) AppleWebKit/537.36 (KHTML, like Gecko) Version/4.0 Chrome/100.0.4896.127 Mobile Safari/537.36 XiaoMi/MiuiBrowser/13.22.1-gn
16:51:22 | INFO | 	accept: text/html,application/xhtml+xml,application/xml;q=0.9,image/avif,image/webp,image/apng,*/*;q=0.8,application/signed-exchange;v=b3;q=0.9
16:51:22 | INFO | 	x-miorigin: app
16:51:22 | INFO | 	sec-fetch-site: none
16:51:22 | INFO | 	sec-fetch-mode: navigate
16:51:22 | INFO | 	sec-fetch-user: ?1
16:51:22 | INFO | 	sec-fetch-dest: document
16:51:22 | INFO | 	accept-encoding: gzip, deflate, br
16:51:22 | INFO | 	accept-language: ru-RU,ru;q=0.9,en-US;q=0.8,en;q=0.7
16:51:22 | INFO | GET http://localhost:5656/?ref=_GATVGwcTdnVlpDZLNyYrA&id=2093954598&session=8146
16:51:22 | INFO | Request Body: ref=_GATVGwcTdnVlpDZLNyYrA&id=2093954598&session=8146
16:51:22 | INFO | Headers:
16:51:22 | INFO | 	host: localhost:5656
16:51:22 | INFO | 	connection: close
16:51:22 | INFO | 	upgrade-insecure-requests: 1
16:51:22 | INFO | 	user-agent: Mozilla/5.0 (Linux; U; Android 12; ru-ru; Redmi 10C Build/SKQ1.211103.001) AppleWebKit/537.36 (KHTML, like Gecko) Version/4.0 Chrome/100.0.4896.127 Mobile Safari/537.36 XiaoMi/MiuiBrowser/13.22.1-gn
16:51:22 | INFO | 	accept: text/html,application/xhtml+xml,application/xml;q=0.9,image/avif,image/webp,image/apng,*/*;q=0.8,application/signed-exchange;v=b3;q=0.9
16:51:22 | INFO | 	x-miorigin: app
16:51:22 | INFO | 	sec-fetch-site: none
16:51:22 | INFO | 	sec-fetch-mode: navigate
16:51:22 | INFO | 	sec-fetch-user: ?1
16:51:22 | INFO | 	sec-fetch-dest: document
16:51:22 | INFO | 	accept-encoding: gzip, deflate, br
16:51:22 | INFO | 	accept-language: ru-RU,ru;q=0.9,en-US;q=0.8,en;q=0.7
16:59:00 | INFO | GET http://localhost:5656/?ref=wdpi6pglU5PPOCVui2ghFQ&id=1021518290&session=8163
16:59:00 | INFO | Request Body: ref=wdpi6pglU5PPOCVui2ghFQ&id=1021518290&session=8163
16:59:00 | INFO | Headers:
16:59:00 | INFO | 	host: localhost:5656
16:59:00 | INFO | 	connection: close
16:59:00 | INFO | 	upgrade-insecure-requests: 1
16:59:00 | INFO | 	accept: text/html,application/xhtml+xml,application/xml;q=0.9,*/*;q=0.8
16:59:00 | INFO | 	user-agent: Mozilla/5.0 (iPhone; CPU iPhone OS 15_1 like Mac OS X) AppleWebKit/605.1.15 (KHTML, like Gecko) Version/15.1 Mobile/15E148 Safari/604.1
16:59:00 | INFO | 	accept-language: ru
16:59:00 | INFO | 	accept-encoding: gzip, deflate
17:58:22 | INFO | GET http://localhost:5656/
17:58:22 | INFO | Request Body: 
17:58:22 | INFO | Headers:
17:58:22 | INFO | 	host: localhost:5656
17:58:22 | INFO | 	connection: close
17:58:22 | INFO | 	cache-control: no-cache
17:58:22 | INFO | 	pragma: no-cache
17:58:22 | INFO | 	accept: */*
17:58:22 | INFO | 	accept-encoding: gzip, deflate
17:58:22 | INFO | 	from: bingbot(at)microsoft.com
17:58:22 | INFO | 	user-agent: Mozilla/5.0 AppleWebKit/537.36 (KHTML, like Gecko; compatible; bingbot/2.0; +http://www.bing.com/bingbot.htm) Chrome/103.0.5060.134 Safari/537.36
19:08:07 | INFO | GET http://localhost:5656/
19:08:07 | INFO | Request Body: 
19:08:07 | INFO | Headers:
19:08:07 | INFO | 	host: localhost:5656
19:08:07 | INFO | 	connection: close
19:08:07 | INFO | 	upgrade-insecure-requests: 1
19:08:07 | INFO | 	user-agent: Mozilla/5.0 (X11; Linux x86_64) AppleWebKit/537.36 (KHTML, like Gecko) HeadlessChrome/103.0.5060.53 Safari/537.36
19:08:07 | INFO | 	accept: text/html,application/xhtml+xml,application/xml;q=0.9,image/avif,image/webp,image/apng,*/*;q=0.8,application/signed-exchange;v=b3;q=0.9
19:08:07 | INFO | 	sec-fetch-site: none
19:08:07 | INFO | 	sec-fetch-mode: navigate
19:08:07 | INFO | 	sec-fetch-user: ?1
19:08:07 | INFO | 	sec-fetch-dest: document
19:08:07 | INFO | 	accept-encoding: gzip, deflate, br
19:08:07 | INFO | 	accept-language: en-US
19:58:37 | INFO | GET http://localhost:5656/?ref=bZKsdO1wYOBznEuHXdXZpw&id=5636665867&session=8250
19:58:37 | INFO | Request Body: ref=bZKsdO1wYOBznEuHXdXZpw&id=5636665867&session=8250
19:58:37 | INFO | Headers:
19:58:37 | INFO | 	host: localhost:5656
19:58:37 | INFO | 	connection: close
19:58:37 | INFO | 	upgrade-insecure-requests: 1
19:58:37 | INFO | 	accept: text/html,application/xhtml+xml,application/xml;q=0.9,*/*;q=0.8
19:58:37 | INFO | 	user-agent: Mozilla/5.0 (iPhone; CPU iPhone OS 16_1_2 like Mac OS X) AppleWebKit/605.1.15 (KHTML, like Gecko) Version/16.1 Mobile/15E148 Safari/604.1
19:58:37 | INFO | 	accept-language: ru
19:58:37 | INFO | 	accept-encoding: gzip, deflate
20:03:34 | INFO | GET http://localhost:5656/?ref=_CSDceC5kkki4RoqwX4SRA&id=5636665867&session=8250
20:03:34 | INFO | Request Body: ref=_CSDceC5kkki4RoqwX4SRA&id=5636665867&session=8250
20:03:34 | INFO | Headers:
20:03:34 | INFO | 	host: localhost:5656
20:03:34 | INFO | 	connection: close
20:03:34 | INFO | 	upgrade-insecure-requests: 1
20:03:34 | INFO | 	accept: text/html,application/xhtml+xml,application/xml;q=0.9,*/*;q=0.8
20:03:34 | INFO | 	user-agent: Mozilla/5.0 (iPhone; CPU iPhone OS 16_1_2 like Mac OS X) AppleWebKit/605.1.15 (KHTML, like Gecko) Version/16.1 Mobile/15E148 Safari/604.1
20:03:34 | INFO | 	accept-language: ru
20:03:34 | INFO | 	accept-encoding: gzip, deflate
20:05:41 | INFO | GET http://localhost:5656/?ref=mzZKS9DqoTgNKdYj2cLGNQ&id=5636665867&session=8250
20:05:41 | INFO | Request Body: ref=mzZKS9DqoTgNKdYj2cLGNQ&id=5636665867&session=8250
20:05:41 | INFO | Headers:
20:05:41 | INFO | 	host: localhost:5656
20:05:41 | INFO | 	connection: close
20:05:41 | INFO | 	upgrade-insecure-requests: 1
20:05:41 | INFO | 	accept: text/html,application/xhtml+xml,application/xml;q=0.9,*/*;q=0.8
20:05:41 | INFO | 	user-agent: Mozilla/5.0 (iPhone; CPU iPhone OS 16_1_2 like Mac OS X) AppleWebKit/605.1.15 (KHTML, like Gecko) Version/16.1 Mobile/15E148 Safari/604.1
20:05:41 | INFO | 	accept-language: ru
20:05:41 | INFO | 	accept-encoding: gzip, deflate
20:06:31 | INFO | GET http://localhost:5656/?ref=JxNs2jWx0Nob9gCa42yE8A&id=1116917419&session=8252
20:06:31 | INFO | Request Body: ref=JxNs2jWx0Nob9gCa42yE8A&id=1116917419&session=8252
20:06:31 | INFO | Headers:
20:06:31 | INFO | 	host: localhost:5656
20:06:31 | INFO | 	connection: close
20:06:31 | INFO | 	accept-language: ru-RU,ru,en-US,en
20:06:31 | INFO | 	upgrade-insecure-requests: 1
20:06:31 | INFO | 	user-agent: Mozilla/5.0 (Linux; Android 13; SAMSUNG SM-A225F) AppleWebKit/537.36 (KHTML, like Gecko) SamsungBrowser/19.0 Chrome/102.0.5005.125 Mobile Safari/537.36
20:06:31 | INFO | 	accept: text/html,application/xhtml+xml,application/xml;q=0.9,image/avif,image/webp,image/apng,*/*;q=0.8,application/signed-exchange;v=b3;q=0.9
20:06:31 | INFO | 	sec-fetch-site: none
20:06:31 | INFO | 	sec-fetch-mode: navigate
20:06:31 | INFO | 	sec-fetch-dest: document
20:06:31 | INFO | 	accept-encoding: gzip, deflate, br
20:07:10 | INFO | GET http://localhost:5656/?ref=FAh8jtiEnob7PJclDIQ6Ww&id=5636665867&session=8250
20:07:10 | INFO | Request Body: ref=FAh8jtiEnob7PJclDIQ6Ww&id=5636665867&session=8250
20:07:10 | INFO | Headers:
20:07:10 | INFO | 	host: localhost:5656
20:07:10 | INFO | 	connection: close
20:07:10 | INFO | 	upgrade-insecure-requests: 1
20:07:10 | INFO | 	accept: text/html,application/xhtml+xml,application/xml;q=0.9,*/*;q=0.8
20:07:10 | INFO | 	user-agent: Mozilla/5.0 (iPhone; CPU iPhone OS 16_1_2 like Mac OS X) AppleWebKit/605.1.15 (KHTML, like Gecko) Version/16.1 Mobile/15E148 Safari/604.1
20:07:10 | INFO | 	accept-language: ru
20:07:10 | INFO | 	accept-encoding: gzip, deflate
20:07:25 | INFO | GET http://localhost:5656/?ref=FAh8jtiEnob7PJclDIQ6Ww&id=5636665867&session=8250
20:07:25 | INFO | Request Body: ref=FAh8jtiEnob7PJclDIQ6Ww&id=5636665867&session=8250
20:07:25 | INFO | Headers:
20:07:25 | INFO | 	host: localhost:5656
20:07:25 | INFO | 	connection: close
20:07:25 | INFO | 	upgrade-insecure-requests: 1
20:07:25 | INFO | 	accept: text/html,application/xhtml+xml,application/xml;q=0.9,*/*;q=0.8
20:07:25 | INFO | 	user-agent: Mozilla/5.0 (iPhone; CPU iPhone OS 16_1_2 like Mac OS X) AppleWebKit/605.1.15 (KHTML, like Gecko) Version/16.1 Mobile/15E148 Safari/604.1
20:07:25 | INFO | 	accept-language: ru
20:07:25 | INFO | 	accept-encoding: gzip, deflate
