00:16:31 | INFO | GET http://localhost:5656/
00:16:31 | INFO | Request Body: 
00:16:31 | INFO | Headers:
00:16:31 | INFO | 	host: localhost:5656
00:16:31 | INFO | 	connection: close
00:16:31 | INFO | 	cache-control: no-cache
00:16:31 | INFO | 	pragma: no-cache
00:16:31 | INFO | 	accept: */*
00:16:31 | INFO | 	accept-encoding: gzip, deflate
00:16:31 | INFO | 	from: bingbot(at)microsoft.com
00:16:31 | INFO | 	user-agent: Mozilla/5.0 AppleWebKit/537.36 (KHTML, like Gecko; compatible; bingbot/2.0; +http://www.bing.com/bingbot.htm) Chrome/103.0.5060.134 Safari/537.36
01:42:54 | INFO | GET http://localhost:5656/?ref=CkG04yTmaaRcN-ZG9QObiw&id=288827249&session=10106
01:42:54 | INFO | Request Body: ref=CkG04yTmaaRcN-ZG9QObiw&id=288827249&session=10106
01:42:54 | INFO | Headers:
01:42:54 | INFO | 	host: localhost:5656
01:42:54 | INFO | 	connection: close
01:42:54 | INFO | 	accept: text/html,application/xhtml+xml,application/xml;q=0.9,*/*;q=0.8
01:42:54 | INFO | 	accept-language: ru
01:42:54 | INFO | 	accept-encoding: gzip, deflate, br
01:42:54 | INFO | 	user-agent: Mozilla/5.0 (iPhone; CPU iPhone OS 16_2 like Mac OS X) AppleWebKit/605.1.15 (KHTML, like Gecko) Version/16.2 Mobile/15E148 Safari/604.1
01:42:56 | INFO | GET http://localhost:5656/?ref=CkG04yTmaaRcN-ZG9QObiw&id=288827249&session=10106
01:42:56 | INFO | Request Body: ref=CkG04yTmaaRcN-ZG9QObiw&id=288827249&session=10106
01:42:56 | INFO | Headers:
01:42:56 | INFO | 	host: localhost:5656
01:42:56 | INFO | 	connection: close
01:42:56 | INFO | 	accept: text/html,application/xhtml+xml,application/xml;q=0.9,*/*;q=0.8
01:42:56 | INFO | 	accept-language: ru
01:42:56 | INFO | 	accept-encoding: gzip, deflate, br
01:42:56 | INFO | 	user-agent: Mozilla/5.0 (iPhone; CPU iPhone OS 16_2 like Mac OS X) AppleWebKit/605.1.15 (KHTML, like Gecko) Version/16.2 Mobile/15E148 Safari/604.1
03:27:44 | INFO | GET http://localhost:5656/?ref=FAh8jtiEnob7PJclDIQ6Ww&id=1023057831&session=10109
03:27:44 | INFO | Request Body: ref=FAh8jtiEnob7PJclDIQ6Ww&id=1023057831&session=10109
03:27:44 | INFO | Headers:
03:27:44 | INFO | 	host: localhost:5656
03:27:44 | INFO | 	connection: close
03:27:44 | INFO | 	accept: text/html,application/xhtml+xml,application/xml;q=0.9,*/*;q=0.8
03:27:44 | INFO | 	accept-language: ru
03:27:44 | INFO | 	accept-encoding: gzip, deflate, br
03:27:44 | INFO | 	user-agent: Mozilla/5.0 (iPhone; CPU iPhone OS 16_1_2 like Mac OS X) AppleWebKit/605.1.15 (KHTML, like Gecko) Version/16.1 Mobile/15E148 Safari/604.1
05:50:40 | INFO | GET http://localhost:5656/
05:50:40 | INFO | Request Body: 
05:50:40 | INFO | Headers:
05:50:40 | INFO | 	host: localhost:5656
05:50:40 | INFO | 	connection: close
05:50:40 | INFO | 	user-agent: Mozilla/5.0 (Windows NT 10.0; Win64; x64) AppleWebKit/537.36 (KHTML, like Gecko) Chrome/108.0.0.0 Safari/537.36
05:50:40 | INFO | 	accept-encoding: gzip, deflate
05:50:40 | INFO | 	accept: */*
05:50:40 | INFO | GET http://localhost:5656/
05:50:40 | INFO | Request Body: 
05:50:40 | INFO | Headers:
05:50:40 | INFO | 	host: localhost:5656
05:50:40 | INFO | 	connection: close
05:50:40 | INFO | 	user-agent: Mozilla/5.0 (iPhone; CPU iPhone OS 15_1_1 like Mac OS X) AppleWebKit/605.1.15 (KHTML, like Gecko) Version/15.1 Mobile/15E148 Safari/604.1
05:50:40 | INFO | 	accept: */*
05:50:43 | INFO | GET http://localhost:5656/
05:50:43 | INFO | Request Body: 
05:50:43 | INFO | Headers:
05:50:43 | INFO | 	host: localhost:5656
05:50:43 | INFO | 	connection: close
05:50:43 | INFO | 	user-agent: Go-http-client/1.1
05:50:43 | INFO | 	accept-encoding: gzip
05:50:46 | INFO | GET http://localhost:5656/
05:50:46 | INFO | Request Body: 
05:50:46 | INFO | Headers:
05:50:46 | INFO | 	host: localhost:5656
05:50:46 | INFO | 	connection: close
05:50:48 | INFO | GET http://localhost:5656/?rest_route=/wp/v2/users/
05:50:48 | INFO | Request Body: rest_route=%2Fwp%2Fv2%2Fusers%2F
05:50:48 | INFO | Headers:
05:50:48 | INFO | 	host: localhost:5656
05:50:48 | INFO | 	connection: close
05:50:48 | INFO | 	user-agent: Go-http-client/1.1
05:50:48 | INFO | 	accept-encoding: gzip
05:50:48 | INFO | GET http://localhost:5656/
05:50:48 | INFO | Request Body: 
05:50:48 | INFO | Headers:
05:50:48 | INFO | 	host: localhost:5656
05:50:48 | INFO | 	connection: close
05:50:48 | INFO | 	user-agent: Mozilla/5.0 (Linux; Android 6.0; HTC One M9 Build/MRA17475) AppleWebKit/537.36 (KHTML, like Gecko) Chrome/52.0.7868.98 Mobile Safari/537.3
05:50:49 | INFO | GET http://localhost:5656/
05:50:49 | INFO | Request Body: 
05:50:49 | INFO | Headers:
05:50:49 | INFO | 	host: localhost:5656
05:50:49 | INFO | 	connection: close
05:50:49 | INFO | 	pragma: no-cache
05:50:49 | INFO | 	cache-control: no-cache
05:50:49 | INFO | 	upgrade-insecure-requests: 1
05:50:49 | INFO | 	user-agent: Mozilla/5.0 (X11; Linux x86_64) AppleWebKit/537.36 (KHTML, like Gecko) HeadlessChrome/110.0.5481.77 Safari/537.36
05:50:49 | INFO | 	accept: text/html,application/xhtml+xml,application/xml;q=0.9,image/avif,image/webp,image/apng,*/*;q=0.8,application/signed-exchange;v=b3;q=0.7
05:50:49 | INFO | 	sec-fetch-site: none
05:50:49 | INFO | 	sec-fetch-mode: navigate
05:50:49 | INFO | 	sec-fetch-user: ?1
05:50:49 | INFO | 	sec-fetch-dest: document
05:50:49 | INFO | 	accept-encoding: gzip, deflate, br
05:50:49 | INFO | 	accept-language: en-US
05:50:49 | INFO | GET http://localhost:5656/
05:50:49 | INFO | Request Body: 
05:50:49 | INFO | Headers:
05:50:49 | INFO | 	host: localhost:5656
05:50:49 | INFO | 	connection: close
05:50:49 | INFO | 	accept-language: ru-RU,ru;q=0.8,en-US;q=0.5,en;q=0.3
05:50:49 | INFO | 	user-agent: Mozilla/5.0 (Windows NT 6.2) AppleWebKit/537.36 (KHTML, like Gecko) Chrome/31.0.1650.39 Safari/537.36
05:50:49 | INFO | 	accept-encoding: *
05:50:49 | INFO | 	accept: */*
05:51:48 | INFO | GET http://localhost:5656/
05:51:48 | INFO | Request Body: 
05:51:48 | INFO | Headers:
05:51:48 | INFO | 	host: localhost:5656
05:51:48 | INFO | 	connection: close
05:51:48 | INFO | 	user-agent: Mozilla/5.0 (Linux; U; Android 2.2; ja-jp; SC-02B Build/FROYO) AppleWebKit/533.1 (KHTML, like Gecko) Version/4.0 Mobile Safari/533.1
05:51:48 | INFO | 	accept-language: ja,en-US;q=0.9,en;q=0.8
05:51:48 | INFO | 	accept: */*
05:51:48 | INFO | 	accept-encoding: gzip, deflate
05:57:27 | INFO | GET http://localhost:5656/
05:57:27 | INFO | Request Body: 
05:57:27 | INFO | Headers:
05:57:27 | INFO | 	host: localhost:5656
05:57:27 | INFO | 	connection: close
05:57:27 | INFO | 	user-agent: Mozilla/5.0 (Windows NT 10.0; Win64; x64; rv:109.0) Gecko/20100101 Firefox/109.0
05:57:27 | INFO | 	accept: text/html,application/xhtml+xml,application/xml;q=0.9,image/webp,image/apng,*/*;q=0.8
05:57:27 | INFO | 	accept-language: de-DE,de;q=0.9,en-US;q=0.8,en;q=0.7
05:57:27 | INFO | 	accept-encoding: identity
05:57:27 | INFO | 	referer: https://noboringdate.ru/
05:57:28 | INFO | GET http://localhost:5656/
05:57:28 | INFO | Request Body: 
05:57:28 | INFO | Headers:
05:57:28 | INFO | 	host: localhost:5656
05:57:28 | INFO | 	connection: close
05:57:28 | INFO | 	user-agent: Mozilla/5.0 (iPhone; CPU iPhone OS 16_2 like Mac OS X) AppleWebKit/605.1.15 (KHTML, like Gecko) Version/16.2 Mobile/15E148 Safari/604.1
05:57:28 | INFO | 	accept: text/html,application/xhtml+xml,application/xml;q=0.9,image/webp,image/apng,*/*;q=0.8
05:57:28 | INFO | 	accept-language: en-GB,en-US;q=0.9,en;q=0.8
05:57:28 | INFO | 	accept-encoding: identity
05:57:28 | INFO | 	referer: https://noboringdate.ru/
05:57:29 | INFO | GET http://localhost:5656/
05:57:29 | INFO | Request Body: 
05:57:29 | INFO | Headers:
05:57:29 | INFO | 	host: localhost:5656
05:57:29 | INFO | 	connection: close
05:57:29 | INFO | 	user-agent: Mozilla/5.0 (Android 13; Mobile; rv:109.0) Gecko/109.0 Firefox/109.0
05:57:29 | INFO | 	accept: text/html,application/xhtml+xml,application/xml;q=0.9,image/webp,image/apng,*/*;q=0.8
05:57:29 | INFO | 	accept-language: en-US,en;q=0.9
05:57:29 | INFO | 	accept-encoding: identity
05:57:29 | INFO | 	referer: https://noboringdate.ru/
05:57:29 | INFO | GET http://localhost:5656/
05:57:29 | INFO | Request Body: 
05:57:29 | INFO | Headers:
05:57:29 | INFO | 	host: localhost:5656
05:57:29 | INFO | 	connection: close
05:57:29 | INFO | 	user-agent: Mozilla/5.0 (Windows NT 6.1) AppleWebKit/537.36 (KHTML, like Gecko) Chrome/77.0.3865.120 Safari/537.36
05:57:29 | INFO | 	accept: text/html,application/xhtml+xml,application/xml;q=0.9,image/webp,image/apng,*/*;q=0.8
05:57:29 | INFO | 	accept-language: nl-NL,nl;q=0.9,en-US;q=0.8,en;q=0.7
05:57:29 | INFO | 	accept-encoding: identity
05:57:29 | INFO | 	referer: https://noboringdate.ru/
05:57:36 | INFO | GET http://localhost:5656/
05:57:36 | INFO | Request Body: 
05:57:36 | INFO | Headers:
05:57:36 | INFO | 	host: localhost:5656
05:57:36 | INFO | 	connection: close
05:57:36 | INFO | 	user-agent: Mozilla/5.0 (Linux; U; Android 4.3; en-us; SM-N900T Build/JSS15J) AppleWebKit/534.30 (KHTML, like Gecko) Version/4.0 Mobile Safari/534.30
05:57:36 | INFO | 	accept: text/html,application/xhtml+xml,application/xml;q=0.9,image/webp,image/apng,*/*;q=0.8
05:57:36 | INFO | 	accept-language: es-ES,es;q=0.9,en-US;q=0.8,en;q=0.7
05:57:36 | INFO | 	accept-encoding: identity
05:57:36 | INFO | 	referer: https://noboringdate.ru/
06:20:32 | INFO | GET http://localhost:5656/
06:20:32 | INFO | Request Body: 
06:20:32 | INFO | Headers:
06:20:32 | INFO | 	host: localhost:5656
06:20:32 | INFO | 	connection: close
06:20:32 | INFO | 	user-agent: Go-http-client/1.1
06:20:32 | INFO | 	accept-encoding: gzip
06:29:22 | INFO | GET http://localhost:5656/
06:29:22 | INFO | Request Body: 
06:29:22 | INFO | Headers:
06:29:22 | INFO | 	host: localhost:5656
06:29:22 | INFO | 	connection: close
06:29:22 | INFO | 	upgrade-insecure-requests: 1
06:29:22 | INFO | 	user-agent: Mozilla/5.0 (Windows NT 10.0; Win64; x64; rv:109.0) Gecko/20100101 Firefox/109.0
06:29:22 | INFO | 	accept: text/html,application/xhtml+xml,application/xml;q=0.9,image/avif,image/webp,image/apng,*/*;q=0.8,application/signed-exchange;v=b3;q=0.9
06:29:22 | INFO | 	sec-fetch-site: none
06:29:22 | INFO | 	sec-fetch-mode: navigate
06:29:22 | INFO | 	sec-fetch-user: ?1
06:29:22 | INFO | 	sec-fetch-dest: document
06:29:22 | INFO | 	accept-encoding: gzip, deflate, br
07:04:13 | INFO | GET http://localhost:5656/?ref=CkG04yTmaaRcN-ZG9QObiw&id=623647484&session=10143
07:04:13 | INFO | Request Body: ref=CkG04yTmaaRcN-ZG9QObiw&id=623647484&session=10143
07:04:13 | INFO | Headers:
07:04:13 | INFO | 	host: localhost:5656
07:04:13 | INFO | 	connection: close
07:04:13 | INFO | 	sec-ch-ua: "Not_A Brand";v="99", "Google Chrome";v="109", "Chromium";v="109"
07:04:13 | INFO | 	sec-ch-ua-mobile: ?1
07:04:13 | INFO | 	sec-ch-ua-platform: "Android"
07:04:13 | INFO | 	upgrade-insecure-requests: 1
07:04:13 | INFO | 	user-agent: Mozilla/5.0 (Linux; Android 11; TECNO KG5m) AppleWebKit/537.36 (KHTML, like Gecko) Chrome/109.0.0.0 Mobile Safari/537.36
07:04:13 | INFO | 	accept: text/html,application/xhtml+xml,application/xml;q=0.9,image/avif,image/webp,image/apng,*/*;q=0.8,application/signed-exchange;v=b3;q=0.9
07:04:13 | INFO | 	sec-fetch-site: cross-site
07:04:13 | INFO | 	sec-fetch-mode: navigate
07:04:13 | INFO | 	sec-fetch-dest: document
07:04:13 | INFO | 	accept-encoding: gzip, deflate, br
07:04:13 | INFO | 	accept-language: ru-RU,ru;q=0.9,en-US;q=0.8,en;q=0.7
07:50:47 | INFO | GET http://localhost:5656/
07:50:47 | INFO | Request Body: 
07:50:47 | INFO | Headers:
07:50:47 | INFO | 	host: localhost:5656
07:50:47 | INFO | 	connection: close
07:50:47 | INFO | 	user-agent: Mozilla/5.0 (Linux; U; Android 2.2; ja-jp; SC-02B Build/FROYO) AppleWebKit/533.1 (KHTML, like Gecko) Version/4.0 Mobile Safari/533.1
07:50:47 | INFO | 	accept-language: ja,en-US;q=0.9,en;q=0.8
07:50:47 | INFO | 	accept: */*
07:50:47 | INFO | 	accept-encoding: gzip, deflate
07:50:47 | INFO | GET http://localhost:5656/
07:50:47 | INFO | Request Body: 
07:50:47 | INFO | Headers:
07:50:47 | INFO | 	host: localhost:5656
07:50:47 | INFO | 	connection: close
07:50:47 | INFO | 	user-agent: Mozilla/5.0 (Linux; U; Android 2.2; ja-jp; SC-02B Build/FROYO) AppleWebKit/533.1 (KHTML, like Gecko) Version/4.0 Mobile Safari/533.1
07:50:47 | INFO | 	accept-language: ja,en-US;q=0.9,en;q=0.8
07:50:47 | INFO | 	accept: */*
07:50:47 | INFO | 	accept-encoding: gzip, deflate
08:53:10 | INFO | GET http://localhost:5656/?ref=wdpi6pglU5PPOCVui2ghFQ&id=460135072&session=8596
08:53:10 | INFO | Request Body: ref=wdpi6pglU5PPOCVui2ghFQ&id=460135072&session=8596
08:53:10 | INFO | Headers:
08:53:10 | INFO | 	host: localhost:5656
08:53:10 | INFO | 	connection: close
08:53:10 | INFO | 	accept: text/html,application/xhtml+xml,application/xml;q=0.9,*/*;q=0.8
08:53:10 | INFO | 	accept-language: ru
08:53:10 | INFO | 	accept-encoding: gzip, deflate, br
08:53:10 | INFO | 	user-agent: Mozilla/5.0 (iPhone; CPU iPhone OS 16_1 like Mac OS X) AppleWebKit/605.1.15 (KHTML, like Gecko) Version/16.1 Mobile/15E148 Safari/604.1
09:00:45 | INFO | GET http://localhost:5656/
09:00:45 | INFO | Request Body: 
09:00:45 | INFO | Headers:
09:00:45 | INFO | 	host: localhost:5656
09:00:45 | INFO | 	connection: close
09:00:45 | INFO | 	user-agent: Mozilla/5.0 (compatible; AhrefsBot/7.0; +http://ahrefs.com/robot/)
09:00:45 | INFO | 	accept: */*
09:00:45 | INFO | 	accept-encoding: deflate, gzip, br
09:05:43 | INFO | GET http://localhost:5656/
09:05:43 | INFO | Request Body: 
09:05:43 | INFO | Headers:
09:05:43 | INFO | 	host: localhost:5656
09:05:43 | INFO | 	connection: close
09:05:43 | INFO | 	user-agent: Mozilla/5.0 (Windows NT 6.3; Win64; x64) AppleWebKit/537.36 (KHTML, like Gecko) Chrome/102.0.0.0 Safari/537.36
09:05:43 | INFO | 	accept: */*
09:05:43 | INFO | 	content-type: application/x-www-form-urlencoded
09:05:43 | INFO | 	accept-encoding: gzip
09:41:09 | INFO | GET http://localhost:5656/?ref=wdpi6pglU5PPOCVui2ghFQ&id=1988649348&session=9217
09:41:09 | INFO | Request Body: ref=wdpi6pglU5PPOCVui2ghFQ&id=1988649348&session=9217
09:41:09 | INFO | Headers:
09:41:09 | INFO | 	host: localhost:5656
09:41:09 | INFO | 	connection: close
09:41:09 | INFO | 	accept: text/html,application/xhtml+xml,application/xml;q=0.9,*/*;q=0.8
09:41:09 | INFO | 	accept-language: ru
09:41:09 | INFO | 	accept-encoding: gzip, deflate, br
09:41:09 | INFO | 	user-agent: Mozilla/5.0 (iPhone; CPU iPhone OS 16_2 like Mac OS X) AppleWebKit/605.1.15 (KHTML, like Gecko) Version/16.2 Mobile/15E148 Safari/604.1
09:57:53 | INFO | GET http://localhost:5656/?ref=wdpi6pglU5PPOCVui2ghFQ&id=1988649348&session=9217
09:57:53 | INFO | Request Body: ref=wdpi6pglU5PPOCVui2ghFQ&id=1988649348&session=9217
09:57:53 | INFO | Headers:
09:57:53 | INFO | 	host: localhost:5656
09:57:53 | INFO | 	connection: close
09:57:53 | INFO | 	accept: text/html,application/xhtml+xml,application/xml;q=0.9,*/*;q=0.8
09:57:53 | INFO | 	accept-language: ru
09:57:53 | INFO | 	accept-encoding: gzip, deflate, br
09:57:53 | INFO | 	user-agent: Mozilla/5.0 (iPhone; CPU iPhone OS 16_2 like Mac OS X) AppleWebKit/605.1.15 (KHTML, like Gecko) Version/16.2 Mobile/15E148 Safari/604.1
09:58:20 | INFO | GET http://localhost:5656/?ref=dYZVPnVXSkxf-0ATuRozSg&id=1907413990&session=10188
09:58:20 | INFO | Request Body: ref=dYZVPnVXSkxf-0ATuRozSg&id=1907413990&session=10188
09:58:20 | INFO | Headers:
09:58:20 | INFO | 	host: localhost:5656
09:58:20 | INFO | 	connection: close
09:58:20 | INFO | 	sec-ch-ua: "Not?A_Brand";v="8", "Chromium";v="108", "Yandex";v="23"
09:58:20 | INFO | 	sec-ch-ua-mobile: ?1
09:58:20 | INFO | 	sec-ch-ua-platform: "Android"
09:58:20 | INFO | 	upgrade-insecure-requests: 1
09:58:20 | INFO | 	user-agent: Mozilla/5.0 (Linux; arm_64; Android 12; SM-A325F) AppleWebKit/537.36 (KHTML, like Gecko) Chrome/108.0.0.0 YaBrowser/23.1.4.84.00 SA/3 Mobile Safari/537.36
09:58:20 | INFO | 	accept: text/html,application/xhtml+xml,application/xml;q=0.9,image/avif,image/webp,image/apng,*/*;q=0.8,application/signed-exchange;v=b3;q=0.9
09:58:20 | INFO | 	sec-fetch-site: none
09:58:20 | INFO | 	sec-fetch-mode: navigate
09:58:20 | INFO | 	sec-fetch-user: ?1
09:58:20 | INFO | 	sec-fetch-dest: document
09:58:20 | INFO | 	accept-encoding: gzip, deflate, br, sdch
09:58:20 | INFO | 	accept-language: ru-RU,ru;q=0.9,en-US;q=0.8,en;q=0.7
10:07:16 | INFO | GET http://localhost:5656/
10:07:16 | INFO | Request Body: 
10:07:16 | INFO | Headers:
10:07:16 | INFO | 	host: localhost:5656
10:07:16 | INFO | 	connection: close
10:07:16 | INFO | 	cache-control: no-cache
10:07:16 | INFO | 	pragma: no-cache
10:07:16 | INFO | 	accept: */*
10:07:16 | INFO | 	accept-encoding: gzip, deflate
10:07:16 | INFO | 	from: bingbot(at)microsoft.com
10:07:16 | INFO | 	user-agent: Mozilla/5.0 AppleWebKit/537.36 (KHTML, like Gecko; compatible; bingbot/2.0; +http://www.bing.com/bingbot.htm) Chrome/103.0.5060.134 Safari/537.36
11:00:00 | INFO | GET http://localhost:5656/
11:00:00 | INFO | Request Body: 
11:00:00 | INFO | Headers:
11:00:00 | INFO | 	host: localhost:5656
11:00:00 | INFO | 	connection: close
11:00:00 | INFO | 	user-agent: Mozilla/5.0 (compatible; YandexBot/3.0; +http://yandex.com/bots) AppleWebKit/537.36 (KHTML, like Gecko) Chrome/81.0.4044.268
11:00:00 | INFO | 	from: support@search.yandex.ru
11:00:00 | INFO | 	accept-encoding: gzip,deflate
11:00:00 | INFO | 	accept: */*
12:27:09 | INFO | GET http://localhost:5656/?ref=_GATVGwcTdnVlpDZLNyYrA&id=1319609701&session=9796
12:27:09 | INFO | Request Body: ref=_GATVGwcTdnVlpDZLNyYrA&id=1319609701&session=9796
12:27:09 | INFO | Headers:
12:27:09 | INFO | 	host: localhost:5656
12:27:09 | INFO | 	connection: close
12:27:09 | INFO | 	sec-ch-ua: "Not?A_Brand";v="8", "Chromium";v="108", "Yandex";v="23"
12:27:09 | INFO | 	sec-ch-ua-mobile: ?1
12:27:09 | INFO | 	sec-ch-ua-platform: "Android"
12:27:09 | INFO | 	upgrade-insecure-requests: 1
12:27:09 | INFO | 	user-agent: Mozilla/5.0 (Linux; arm_64; Android 12; RMX3521) AppleWebKit/537.36 (KHTML, like Gecko) Chrome/108.0.0.0 YaBrowser/23.1.1.79.00 SA/3 Mobile Safari/537.36
12:27:09 | INFO | 	accept: text/html,application/xhtml+xml,application/xml;q=0.9,image/avif,image/webp,image/apng,*/*;q=0.8,application/signed-exchange;v=b3;q=0.9
12:27:09 | INFO | 	sec-fetch-site: none
12:27:09 | INFO | 	sec-fetch-mode: navigate
12:27:09 | INFO | 	sec-fetch-user: ?1
12:27:09 | INFO | 	sec-fetch-dest: document
12:27:09 | INFO | 	accept-encoding: gzip, deflate, br, sdch
12:27:09 | INFO | 	accept-language: ru-RU,ru;q=0.9,en-US;q=0.8,en;q=0.7
12:37:04 | INFO | GET http://localhost:5656/?ref=raung1VmOe0f7xzNqJQ8Cw&id=857620118&session=10220
12:37:04 | INFO | Request Body: ref=raung1VmOe0f7xzNqJQ8Cw&id=857620118&session=10220
12:37:04 | INFO | Headers:
12:37:04 | INFO | 	host: localhost:5656
12:37:04 | INFO | 	connection: close
12:37:04 | INFO | 	accept: text/html,application/xhtml+xml,application/xml;q=0.9,*/*;q=0.8
12:37:04 | INFO | 	accept-language: ru
12:37:04 | INFO | 	accept-encoding: gzip, deflate, br
12:37:04 | INFO | 	user-agent: Mozilla/5.0 (iPhone; CPU iPhone OS 16_0 like Mac OS X) AppleWebKit/605.1.15 (KHTML, like Gecko) Version/16.0 Mobile/15E148 Safari/604.1
14:25:22 | INFO | GET http://localhost:5656/?ref=KlUnrD6pMRl6cF8CKGcmJw&id=343687121&session=10160
14:25:22 | INFO | Request Body: ref=KlUnrD6pMRl6cF8CKGcmJw&id=343687121&session=10160
14:25:22 | INFO | Headers:
14:25:22 | INFO | 	host: localhost:5656
14:25:22 | INFO | 	connection: close
14:25:22 | INFO | 	accept: text/html,application/xhtml+xml,application/xml;q=0.9,*/*;q=0.8
14:25:22 | INFO | 	accept-language: ru
14:25:22 | INFO | 	accept-encoding: gzip, deflate, br
14:25:22 | INFO | 	user-agent: Mozilla/5.0 (iPhone; CPU iPhone OS 16_2 like Mac OS X) AppleWebKit/605.1.15 (KHTML, like Gecko) Version/16.2 Mobile/15E148 Safari/604.1
14:43:36 | INFO | GET http://localhost:5656/?ref=KlUnrD6pMRl6cF8CKGcmJw&id=760261718&session=10254
14:43:36 | INFO | Request Body: ref=KlUnrD6pMRl6cF8CKGcmJw&id=760261718&session=10254
14:43:36 | INFO | Headers:
14:43:36 | INFO | 	host: localhost:5656
14:43:36 | INFO | 	connection: close
14:43:36 | INFO | 	upgrade-insecure-requests: 1
14:43:36 | INFO | 	user-agent: Mozilla/5.0 (Linux; U; Android 10; ru-ru; Redmi 9T Build/QKQ1.200830.002) AppleWebKit/537.36 (KHTML, like Gecko) Version/4.0 Chrome/100.0.4896.127 Mobile Safari/537.36 XiaoMi/MiuiBrowser/13.23.0-gn
14:43:36 | INFO | 	accept: text/html,application/xhtml+xml,application/xml;q=0.9,image/avif,image/webp,image/apng,*/*;q=0.8,application/signed-exchange;v=b3;q=0.9
14:43:36 | INFO | 	x-miorigin: app
14:43:36 | INFO | 	sec-fetch-site: none
14:43:36 | INFO | 	sec-fetch-mode: navigate
14:43:36 | INFO | 	sec-fetch-user: ?1
14:43:36 | INFO | 	sec-fetch-dest: document
14:43:36 | INFO | 	accept-encoding: gzip, deflate, br
14:43:36 | INFO | 	accept-language: ru-RU,ru;q=0.9,en-US;q=0.8,en;q=0.7
17:55:32 | INFO | GET http://localhost:5656/
17:55:32 | INFO | Request Body: 
17:55:32 | INFO | Headers:
17:55:32 | INFO | 	host: localhost:5656
17:55:32 | INFO | 	connection: close
17:55:32 | INFO | 	user-agent: Mozilla/5.0 (Linux; Android 11; M2004J15SC) AppleWebKit/537.36 (KHTML, like Gecko) Chrome/103.0.5060.114 Mobile Safari/537.36
17:55:32 | INFO | 	accept: */*
17:55:32 | INFO | 	accept-encoding: gzip
18:11:06 | INFO | GET http://localhost:5656/
18:11:06 | INFO | Request Body: 
18:11:06 | INFO | Headers:
18:11:06 | INFO | 	host: localhost:5656
18:11:06 | INFO | 	connection: close
18:11:06 | INFO | 	user-agent: Mozilla/5.0 (Windows; U; MSIE 6.1; Windows NT 10.0; .NET CLR 2.0.16615; WOW64)
18:11:06 | INFO | 	accept-encoding: gzip, deflate, br
18:11:06 | INFO | 	accept: */*
18:11:06 | INFO | 	referer: https://www.google.com/
18:11:06 | INFO | 	accept-language: en-US,en;q=0.9
18:26:27 | INFO | GET http://localhost:5656/?ref=sTnUW7Dk7FxhiFNvFOjdrQ&id=738284717&session=10312
18:26:27 | INFO | Request Body: ref=sTnUW7Dk7FxhiFNvFOjdrQ&id=738284717&session=10312
18:26:27 | INFO | Headers:
18:26:27 | INFO | 	host: localhost:5656
18:26:27 | INFO | 	connection: close
18:26:27 | INFO | 	sec-ch-ua: "Chromium";v="94", "Google Chrome";v="94", ";Not A Brand";v="99"
18:26:27 | INFO | 	sec-ch-ua-mobile: ?1
18:26:27 | INFO | 	sec-ch-ua-platform: "Android"
18:26:27 | INFO | 	save-data: on
18:26:27 | INFO | 	upgrade-insecure-requests: 1
18:26:27 | INFO | 	user-agent: Mozilla/5.0 (Linux; Android 11; M2003J15SC) AppleWebKit/537.36 (KHTML, like Gecko) Chrome/94.0.4606.85 Mobile Safari/537.36
18:26:27 | INFO | 	accept: text/html,application/xhtml+xml,application/xml;q=0.9,image/avif,image/webp,image/apng,*/*;q=0.8,application/signed-exchange;v=b3;q=0.9
18:26:27 | INFO | 	sec-fetch-site: none
18:26:27 | INFO | 	sec-fetch-mode: navigate
18:26:27 | INFO | 	sec-fetch-dest: document
18:26:27 | INFO | 	accept-encoding: gzip, deflate, br
18:26:27 | INFO | 	accept-language: ru-RU,ru;q=0.9,en-US;q=0.8,en;q=0.7
21:17:38 | INFO | GET http://localhost:5656/
21:17:38 | INFO | Request Body: 
21:17:38 | INFO | Headers:
21:17:38 | INFO | 	host: localhost:5656
21:17:38 | INFO | 	connection: close
21:17:38 | INFO | 	cache-control: no-cache
21:17:38 | INFO | 	pragma: no-cache
21:17:38 | INFO | 	accept: */*
21:17:38 | INFO | 	accept-encoding: gzip, deflate
21:17:38 | INFO | 	from: bingbot(at)microsoft.com
21:17:38 | INFO | 	user-agent: Mozilla/5.0 AppleWebKit/537.36 (KHTML, like Gecko; compatible; bingbot/2.0; +http://www.bing.com/bingbot.htm) Chrome/103.0.5060.134 Safari/537.36
22:04:37 | INFO | GET http://localhost:5656/?ref=bZKsdO1wYOBznEuHXdXZpw&id=989392193&session=10342
22:04:37 | INFO | Request Body: ref=bZKsdO1wYOBznEuHXdXZpw&id=989392193&session=10342
22:04:37 | INFO | Headers:
22:04:37 | INFO | 	host: localhost:5656
22:04:37 | INFO | 	connection: close
22:04:37 | INFO | 	accept: text/html,application/xhtml+xml,application/xml;q=0.9,*/*;q=0.8
22:04:37 | INFO | 	accept-language: ru
22:04:37 | INFO | 	accept-encoding: gzip, deflate, br
22:04:37 | INFO | 	user-agent: Mozilla/5.0 (iPhone; CPU iPhone OS 16_1 like Mac OS X) AppleWebKit/605.1.15 (KHTML, like Gecko) Version/16.1 Mobile/15E148 Safari/604.1
