00:29:44 | INFO | GET http://localhost:5656/
00:29:44 | INFO | Request Body: 
00:29:44 | INFO | Headers:
00:29:44 | INFO | 	host: localhost:5656
00:29:44 | INFO | 	connection: close
00:29:44 | INFO | 	sec-ch-ua: ".Not/A)Brand";v="99", "Google Chrome";v="101", "Chromium";v="101"
00:29:44 | INFO | 	sec-ch-ua-mobile: ?0
00:29:44 | INFO | 	sec-ch-ua-platform: "macOS"
00:29:44 | INFO | 	upgrade-insecure-requests: 1
00:29:44 | INFO | 	user-agent: Mozilla/4.0 (compatible; MSIE 6.0; Windows NT 5.1; SV1)
00:29:44 | INFO | 	accept: text/html,application/xhtml+xml,application/xml;q=0.9,image/avif,image/webp,image/apng,*/*;q=0.8,application/signed-exchange;v=b3;q=0.9
00:29:44 | INFO | 	sec-fetch-site: none
00:29:44 | INFO | 	sec-fetch-mode: navigate
00:29:44 | INFO | 	sec-fetch-user: ?1
00:29:44 | INFO | 	sec-fetch-dest: document
00:29:44 | INFO | 	accept-encoding: gzip, deflate, br
00:29:44 | INFO | 	accept-language: en-US,en;q=0.9
04:31:38 | INFO | GET http://localhost:5656/
04:31:38 | INFO | Request Body: 
04:31:38 | INFO | Headers:
04:31:38 | INFO | 	host: localhost:5656
04:31:38 | INFO | 	connection: close
04:31:38 | INFO | 	cache-control: no-cache
04:31:38 | INFO | 	pragma: no-cache
04:31:38 | INFO | 	accept: */*
04:31:38 | INFO | 	accept-encoding: gzip, deflate
04:31:38 | INFO | 	from: bingbot(at)microsoft.com
04:31:38 | INFO | 	user-agent: Mozilla/5.0 AppleWebKit/537.36 (KHTML, like Gecko; compatible; bingbot/2.0; +http://www.bing.com/bingbot.htm) Chrome/103.0.5060.134 Safari/537.36
07:41:51 | INFO | GET http://localhost:5656/?ref=8wdZlbZB1kePeQJ6FAiGlA&id=411208411&session=12119
07:41:51 | INFO | Request Body: ref=8wdZlbZB1kePeQJ6FAiGlA&id=411208411&session=12119
07:41:51 | INFO | Headers:
07:41:51 | INFO | 	host: localhost:5656
07:41:51 | INFO | 	connection: close
07:41:51 | INFO | 	accept: text/html,application/xhtml+xml,application/xml;q=0.9,*/*;q=0.8
07:41:51 | INFO | 	accept-language: ru
07:41:51 | INFO | 	accept-encoding: gzip, deflate, br
07:41:51 | INFO | 	user-agent: Mozilla/5.0 (iPhone; CPU iPhone OS 15_4_1 like Mac OS X) AppleWebKit/605.1.15 (KHTML, like Gecko) Version/15.4 Mobile/15E148 Safari/604.1
12:57:07 | INFO | GET http://localhost:5656/
12:57:07 | INFO | Request Body: 
12:57:07 | INFO | Headers:
12:57:07 | INFO | 	host: localhost:5656
12:57:07 | INFO | 	connection: close
12:57:07 | INFO | 	user-agent: Mozilla/5.0 (compatible; AhrefsBot/7.0; +http://ahrefs.com/robot/)
12:57:07 | INFO | 	accept: */*
12:57:07 | INFO | 	accept-encoding: deflate, gzip, br
16:15:02 | INFO | GET http://localhost:5656/?ref=WzXlC_0CA4izkVpbDDaLdw&id=946708727&session=12156
16:15:02 | INFO | Request Body: ref=WzXlC_0CA4izkVpbDDaLdw&id=946708727&session=12156
16:15:02 | INFO | Headers:
16:15:02 | INFO | 	host: localhost:5656
16:15:02 | INFO | 	connection: close
16:15:02 | INFO | 	accept: text/html,application/xhtml+xml,application/xml;q=0.9,*/*;q=0.8
16:15:02 | INFO | 	accept-language: ru
16:15:02 | INFO | 	accept-encoding: gzip, deflate, br
16:15:02 | INFO | 	user-agent: Mozilla/5.0 (iPhone; CPU iPhone OS 16_0 like Mac OS X) AppleWebKit/605.1.15 (KHTML, like Gecko) Version/16.0 Mobile/15E148 Safari/604.1
16:55:50 | INFO | GET http://localhost:5656/?ref=i3rVuDUvBUvgwgcdcDmHYw&id=5723443024
16:55:50 | INFO | Request Body: ref=i3rVuDUvBUvgwgcdcDmHYw&id=5723443024
16:55:50 | INFO | Headers:
16:55:50 | INFO | 	host: localhost:5656
16:55:50 | INFO | 	connection: close
16:55:50 | INFO | 	upgrade-insecure-requests: 1
16:55:50 | INFO | 	accept: text/html,application/xhtml+xml,application/xml;q=0.9,*/*;q=0.8
16:55:50 | INFO | 	user-agent: Mozilla/5.0 (iPhone; CPU iPhone OS 16_1_2 like Mac OS X) AppleWebKit/605.1.15 (KHTML, like Gecko) Version/16.1 Mobile/15E148 Safari/604.1
16:55:50 | INFO | 	accept-language: ru
16:55:50 | INFO | 	accept-encoding: gzip, deflate
17:21:00 | INFO | GET http://localhost:5656/?ref=F6FBs4VxYNW0um9IsZTC9A&id=398066358&session=12203
17:21:00 | INFO | Request Body: ref=F6FBs4VxYNW0um9IsZTC9A&id=398066358&session=12203
17:21:00 | INFO | Headers:
17:21:00 | INFO | 	host: localhost:5656
17:21:00 | INFO | 	connection: close
17:21:00 | INFO | 	sec-ch-ua: "Opera";v="95", "Chromium";v="109", "Not;A=Brand";v="24"
17:21:00 | INFO | 	sec-ch-ua-mobile: ?0
17:21:00 | INFO | 	sec-ch-ua-platform: "Windows"
17:21:00 | INFO | 	upgrade-insecure-requests: 1
17:21:00 | INFO | 	user-agent: Mozilla/5.0 (Windows NT 10.0; Win64; x64) AppleWebKit/537.36 (KHTML, like Gecko) Chrome/109.0.0.0 Safari/537.36 OPR/95.0.0.0
17:21:00 | INFO | 	accept: text/html,application/xhtml+xml,application/xml;q=0.9,image/avif,image/webp,image/apng,*/*;q=0.8,application/signed-exchange;v=b3;q=0.9
17:21:00 | INFO | 	sec-fetch-site: cross-site
17:21:00 | INFO | 	sec-fetch-mode: navigate
17:21:00 | INFO | 	sec-fetch-user: ?1
17:21:00 | INFO | 	sec-fetch-dest: document
17:21:00 | INFO | 	referer: https://web.telegram.org/
17:21:00 | INFO | 	accept-encoding: gzip, deflate, br
17:21:00 | INFO | 	accept-language: ru-RU,ru;q=0.9,en-US;q=0.8,en;q=0.7
17:42:55 | INFO | GET http://localhost:5656/
17:42:55 | INFO | Request Body: 
17:42:55 | INFO | Headers:
17:42:55 | INFO | 	host: localhost:5656
17:42:55 | INFO | 	connection: close
17:42:55 | INFO | 	cache-control: no-cache
17:42:55 | INFO | 	pragma: no-cache
17:42:55 | INFO | 	accept: */*
17:42:55 | INFO | 	accept-encoding: gzip, deflate
17:42:55 | INFO | 	from: bingbot(at)microsoft.com
17:42:55 | INFO | 	user-agent: Mozilla/5.0 AppleWebKit/537.36 (KHTML, like Gecko; compatible; bingbot/2.0; +http://www.bing.com/bingbot.htm) Chrome/103.0.5060.134 Safari/537.36
19:19:54 | INFO | GET http://localhost:5656/?ref=dgP9SRLkkbZPBlMxhHbJTA&id=1199593241&session=10889
19:19:54 | INFO | Request Body: ref=dgP9SRLkkbZPBlMxhHbJTA&id=1199593241&session=10889
19:19:54 | INFO | Headers:
19:19:54 | INFO | 	host: localhost:5656
19:19:54 | INFO | 	connection: close
19:19:54 | INFO | 	accept: text/html,application/xhtml+xml,application/xml;q=0.9,*/*;q=0.8
19:19:54 | INFO | 	accept-language: ru
19:19:54 | INFO | 	accept-encoding: gzip, deflate, br
19:19:54 | INFO | 	user-agent: Mozilla/5.0 (iPhone; CPU iPhone OS 16_0_2 like Mac OS X) AppleWebKit/605.1.15 (KHTML, like Gecko) Version/16.0 Mobile/15E148 Safari/604.1
19:41:47 | INFO | GET http://localhost:5656/?ref=bZKsdO1wYOBznEuHXdXZpw&id=429415518&session=12219
19:41:47 | INFO | Request Body: ref=bZKsdO1wYOBznEuHXdXZpw&id=429415518&session=12219
19:41:47 | INFO | Headers:
19:41:47 | INFO | 	host: localhost:5656
19:41:47 | INFO | 	connection: close
19:41:47 | INFO | 	accept: text/html,application/xhtml+xml,application/xml;q=0.9,*/*;q=0.8
19:41:47 | INFO | 	accept-language: ru
19:41:47 | INFO | 	accept-encoding: gzip, deflate, br
19:41:47 | INFO | 	user-agent: Mozilla/5.0 (iPhone; CPU iPhone OS 16_2 like Mac OS X) AppleWebKit/605.1.15 (KHTML, like Gecko) Version/16.2 Mobile/15E148 Safari/604.1
21:17:46 | INFO | GET http://localhost:5656/
21:17:46 | INFO | Request Body: 
21:17:46 | INFO | Headers:
21:17:46 | INFO | 	host: localhost:5656
21:17:46 | INFO | 	connection: close
21:17:46 | INFO | 	user-agent: Mozilla/5.0 (compatible; Googlebot/2.1; +http://www.google.com/bot.html)
22:13:33 | INFO | GET http://localhost:5656/
22:13:33 | INFO | Request Body: 
22:13:33 | INFO | Headers:
22:13:33 | INFO | 	host: localhost:5656
22:13:33 | INFO | 	connection: close
22:13:33 | INFO | 	referer: http://46.229.212.89:80/
23:23:17 | INFO | GET http://46.229.212.89:5656/
23:23:17 | INFO | Request Body: 
23:23:17 | INFO | Headers:
23:23:17 | INFO | 	host: 46.229.212.89:5656
23:23:17 | INFO | 	user-agent: Mozilla/5.0 (Windows NT 10.0; Win64; x64) AppleWebKit/537.36 (KHTML, like Gecko) Chrome/88.0.4324.190 Safari/537.36
23:23:17 | INFO | 	accept: */*
23:23:17 | INFO | 	accept-encoding: gzip
