04:24:41 | INFO | GET http://localhost:5656/
04:24:41 | INFO | Request Body: 
04:24:41 | INFO | Headers:
04:24:41 | INFO | 	host: localhost:5656
04:24:41 | INFO | 	connection: close
04:24:41 | INFO | 	user-agent: Mozilla/5.0 (compatible; YandexBot/3.0; +http://yandex.com/bots)
04:24:41 | INFO | 	from: support@search.yandex.ru
04:24:41 | INFO | 	accept-encoding: gzip,deflate
04:24:41 | INFO | 	accept-language: ru, uk;q=0.8, be;q=0.8, en;q=0.7, *;q=0.01
04:24:41 | INFO | 	accept: */*
05:45:15 | INFO | GET http://localhost:5656/
05:45:15 | INFO | Request Body: 
05:45:15 | INFO | Headers:
05:45:15 | INFO | 	host: localhost:5656
05:45:15 | INFO | 	connection: close
05:45:15 | INFO | 	user-agent: Mozilla/5.0 (compatible; AhrefsBot/7.0; +http://ahrefs.com/robot/)
05:45:15 | INFO | 	accept: */*
05:45:15 | INFO | 	accept-encoding: deflate, gzip, br
05:49:10 | INFO | GET http://localhost:5656/
05:49:10 | INFO | Request Body: 
05:49:10 | INFO | Headers:
05:49:10 | INFO | 	host: localhost:5656
05:49:10 | INFO | 	connection: close
05:49:10 | INFO | 	cache-control: no-cache
05:49:10 | INFO | 	pragma: no-cache
05:49:10 | INFO | 	accept: */*
05:49:10 | INFO | 	accept-encoding: gzip, deflate
05:49:10 | INFO | 	from: bingbot(at)microsoft.com
05:49:10 | INFO | 	user-agent: Mozilla/5.0 AppleWebKit/537.36 (KHTML, like Gecko; compatible; bingbot/2.0; +http://www.bing.com/bingbot.htm) Chrome/103.0.5060.134 Safari/537.36
05:50:08 | INFO | GET http://localhost:5656/
05:50:08 | INFO | Request Body: 
05:50:08 | INFO | Headers:
05:50:08 | INFO | 	host: localhost:5656
05:50:08 | INFO | 	connection: close
05:50:08 | INFO | 	user-agent: Mozilla/5.0 (compatible; YandexBot/3.0; +http://yandex.com/bots)
05:50:08 | INFO | 	from: support@search.yandex.ru
05:50:08 | INFO | 	accept-encoding: gzip,deflate
05:50:08 | INFO | 	accept-language: ru, uk;q=0.8, be;q=0.8, en;q=0.7, *;q=0.01
05:50:08 | INFO | 	accept: */*
09:16:58 | INFO | GET http://localhost:5656/?ref=_GATVGwcTdnVlpDZLNyYrA&id=495665754&session=12026
09:16:58 | INFO | Request Body: ref=_GATVGwcTdnVlpDZLNyYrA&id=495665754&session=12026
09:16:58 | INFO | Headers:
09:16:58 | INFO | 	host: localhost:5656
09:16:58 | INFO | 	connection: close
09:16:58 | INFO | 	accept: text/html,application/xhtml+xml,application/xml;q=0.9,*/*;q=0.8
09:16:58 | INFO | 	accept-language: ru
09:16:58 | INFO | 	accept-encoding: gzip, deflate, br
09:16:58 | INFO | 	user-agent: Mozilla/5.0 (iPhone; CPU iPhone OS 16_0 like Mac OS X) AppleWebKit/605.1.15 (KHTML, like Gecko) Version/16.0 Mobile/15E148 Safari/604.1
09:36:11 | INFO | GET http://localhost:5656/
09:36:11 | INFO | Request Body: 
09:36:11 | INFO | Headers:
09:36:11 | INFO | 	host: localhost:5656
09:36:11 | INFO | 	connection: close
09:36:11 | INFO | 	user-agent: Mozilla/5.0 (Macintosh; Intel Mac OS X 10.13; rv:70.0) Gecko/20100101 Firefox/70.0
09:36:11 | INFO | 	accept: */*
09:36:11 | INFO | 	referer: http://noboringdate.ru/
12:39:53 | INFO | GET http://localhost:5656/
12:39:53 | INFO | Request Body: 
12:39:53 | INFO | Headers:
12:39:53 | INFO | 	host: localhost:5656
12:39:53 | INFO | 	connection: close
12:39:53 | INFO | 	user-agent: Mozilla/5.0 (X11; Linux x86_64) AppleWebKit/537.36 (KHTML, like Gecko) Chrome/105.0.0.0 Safari/537.36
12:39:53 | INFO | 	accept: */*
12:39:53 | INFO | 	accept-encoding: gzip
12:39:53 | INFO | 	referer: http://noboringdate.ru
18:58:25 | INFO | GET http://localhost:5656/
18:58:25 | INFO | Request Body: 
18:58:25 | INFO | Headers:
18:58:25 | INFO | 	host: localhost:5656
18:58:25 | INFO | 	connection: close
18:58:25 | INFO | 	user-agent: Mozilla/5.0 (Windows NT 6.1; Win64; x64) AppleWebKit/537.36 (KHTML, like Gecko) Chrome/80.0.3987.149 Safari/537.36
18:58:25 | INFO | 	cache-control: no-cache
18:58:25 | INFO | 	accept-encoding: gzip
19:45:33 | INFO | GET http://localhost:5656/
19:45:33 | INFO | Request Body: 
19:45:33 | INFO | Headers:
19:45:33 | INFO | 	host: localhost:5656
19:45:33 | INFO | 	connection: close
19:45:33 | INFO | 	cache-control: no-cache
19:45:33 | INFO | 	pragma: no-cache
19:45:33 | INFO | 	accept: */*
19:45:33 | INFO | 	accept-encoding: gzip, deflate
19:45:33 | INFO | 	from: bingbot(at)microsoft.com
19:45:33 | INFO | 	user-agent: Mozilla/5.0 AppleWebKit/537.36 (KHTML, like Gecko; compatible; bingbot/2.0; +http://www.bing.com/bingbot.htm) Chrome/103.0.5060.134 Safari/537.36
20:04:31 | INFO | GET http://localhost:5656/?ref=qpJxMkEn37iXhdfkeQFL6Q&id=325086120&session=12063
20:04:31 | INFO | Request Body: ref=qpJxMkEn37iXhdfkeQFL6Q&id=325086120&session=12063
20:04:31 | INFO | Headers:
20:04:31 | INFO | 	host: localhost:5656
20:04:31 | INFO | 	connection: close
20:04:31 | INFO | 	sec-ch-ua: "Not_A Brand";v="99", "Google Chrome";v="109", "Chromium";v="109"
20:04:31 | INFO | 	sec-ch-ua-mobile: ?1
20:04:31 | INFO | 	sec-ch-ua-platform: "Android"
20:04:31 | INFO | 	upgrade-insecure-requests: 1
20:04:31 | INFO | 	user-agent: Mozilla/5.0 (Linux; Android 10; STK-LX1) AppleWebKit/537.36 (KHTML, like Gecko) Chrome/109.0.0.0 Mobile Safari/537.36
20:04:31 | INFO | 	accept: text/html,application/xhtml+xml,application/xml;q=0.9,image/avif,image/webp,image/apng,*/*;q=0.8,application/signed-exchange;v=b3;q=0.9
20:04:31 | INFO | 	sec-fetch-site: cross-site
20:04:31 | INFO | 	sec-fetch-mode: navigate
20:04:31 | INFO | 	sec-fetch-dest: document
20:04:31 | INFO | 	referer: android-app://org.telegram.messenger/
20:04:31 | INFO | 	accept-encoding: gzip, deflate, br
20:04:31 | INFO | 	accept-language: ru-RU,ru;q=0.9,en-US;q=0.8,en;q=0.7
21:24:09 | INFO | GET http://localhost:5656/
21:24:09 | INFO | Request Body: 
21:24:09 | INFO | Headers:
21:24:09 | INFO | 	host: localhost:5656
21:24:09 | INFO | 	connection: close
21:24:09 | INFO | 	user-agent: Mozilla/5.0 (compatible; Googlebot/2.1; +http://www.google.com/bot.html)
22:17:29 | INFO | GET http://localhost:5656/
22:17:29 | INFO | Request Body: 
22:17:29 | INFO | Headers:
22:17:29 | INFO | 	host: localhost:5656
22:17:29 | INFO | 	connection: close
22:17:29 | INFO | 	accept: text/html,application/xhtml+xml,application/xml;q=0.9,image/webp,*/*;q=0.8
22:17:29 | INFO | 	user-agent: Mozilla/5.0 (Windows NT 6.1; Win64; x64) AppleWebKit/537.36 (KHTML, like Gecko) Chrome/90.0.4430.85 Safari/537.36 Edg/90.0.818.49
22:17:29 | INFO | 	referer: https://noboringdate.ru/
22:59:41 | INFO | GET http://localhost:5656/
22:59:41 | INFO | Request Body: 
22:59:41 | INFO | Headers:
22:59:41 | INFO | 	host: localhost:5656
22:59:41 | INFO | 	connection: close
22:59:41 | INFO | 	user-agent: Mozilla/5.0 (Windows NT 10.0; Win64; x64; rv:56.0) Gecko/20100101 Firefox/73.0.1
22:59:41 | INFO | 	accept: */*
22:59:41 | INFO | 	cache-control: no-cache
22:59:41 | INFO | 	pragma: no-cache
22:59:41 | INFO | 	referer: http://noboringdate.ru
22:59:41 | INFO | 	accept-encoding: gzip
