00:43:53 | INFO | GET http://localhost:5656/
00:43:53 | INFO | Request Body: 
00:43:53 | INFO | Headers:
00:43:53 | INFO | 	host: localhost:5656
00:43:53 | INFO | 	connection: close
00:43:53 | INFO | 	user-agent: Mozilla/5.0 (Windows NT 6.1; Win64; x64) AppleWebKit/537.36 (KHTML, like Gecko) Chrome/80.0.3987.149 Safari/537.36
00:43:53 | INFO | 	cache-control: no-cache
00:43:53 | INFO | 	accept-encoding: gzip
02:20:59 | INFO | GET http://localhost:5656/
02:20:59 | INFO | Request Body: 
02:20:59 | INFO | Headers:
02:20:59 | INFO | 	host: localhost:5656
02:20:59 | INFO | 	connection: close
02:20:59 | INFO | 	cache-control: no-cache
02:20:59 | INFO | 	pragma: no-cache
02:20:59 | INFO | 	accept: */*
02:20:59 | INFO | 	accept-encoding: gzip, deflate
02:20:59 | INFO | 	from: bingbot(at)microsoft.com
02:20:59 | INFO | 	user-agent: Mozilla/5.0 AppleWebKit/537.36 (KHTML, like Gecko; compatible; bingbot/2.0; +http://www.bing.com/bingbot.htm) Chrome/103.0.5060.134 Safari/537.36
05:16:52 | INFO | GET http://localhost:5656/
05:16:52 | INFO | Request Body: 
05:16:52 | INFO | Headers:
05:16:52 | INFO | 	host: localhost:5656
05:16:52 | INFO | 	connection: close
05:16:52 | INFO | 	user-agent: Mozilla/5.0 (Windows NT 6.1; Win64; x64) AppleWebKit/537.36 (KHTML, like Gecko) Chrome/80.0.3987.149 Safari/537.36
05:16:52 | INFO | 	cache-control: no-cache
05:16:52 | INFO | 	accept-encoding: gzip
05:45:05 | INFO | GET http://localhost:5656/
05:45:05 | INFO | Request Body: 
05:45:05 | INFO | Headers:
05:45:05 | INFO | 	host: localhost:5656
05:45:05 | INFO | 	connection: close
05:45:05 | INFO | 	user-agent: Mozilla/5.0 (Windows NT 6.1; Win64; x64) AppleWebKit/537.36 (KHTML, like Gecko) Chrome/80.0.3987.149 Safari/537.36
05:45:05 | INFO | 	cache-control: no-cache
05:45:05 | INFO | 	accept-encoding: gzip
05:54:20 | INFO | GET http://localhost:5656/
05:54:20 | INFO | Request Body: 
05:54:20 | INFO | Headers:
05:54:20 | INFO | 	host: localhost:5656
05:54:20 | INFO | 	connection: close
05:54:20 | INFO | 	user-agent: test
05:54:20 | INFO | 	accept-encoding: gzip, deflate, br
09:31:16 | INFO | GET http://localhost:5656/
09:31:16 | INFO | Request Body: 
09:31:16 | INFO | Headers:
09:31:16 | INFO | 	host: localhost:5656
09:31:16 | INFO | 	connection: close
11:31:45 | INFO | GET http://localhost:5656/
11:31:45 | INFO | Request Body: 
11:31:45 | INFO | Headers:
11:31:45 | INFO | 	host: localhost:5656
11:31:45 | INFO | 	connection: close
11:31:45 | INFO | 	user-agent: Mozilla/5.0 (compatible; InternetMeasurement/1.0; +https://internet-measurement.com/)
11:31:45 | INFO | 	accept: */*
11:31:45 | INFO | 	referer: http://noboringdate.ru
11:31:45 | INFO | 	accept-encoding: gzip
13:37:17 | INFO | GET http://localhost:5656/
13:37:17 | INFO | Request Body: 
13:37:17 | INFO | Headers:
13:37:17 | INFO | 	host: localhost:5656
13:37:17 | INFO | 	connection: close
13:37:17 | INFO | 	accept: text/html,application/xhtml+xml,application/xml;q=0.9,image/webp,*/*;q=0.8
13:37:17 | INFO | 	user-agent: Mozilla/5.0 (Windows NT 6.3; Win64; x64) AppleWebKit/537.36 (KHTML, like Gecko) Chrome/90.0.4430.72 Safari/537.36 Edg/90.0.818.42
13:37:17 | INFO | 	referer: https://noboringdate.ru/
14:52:39 | INFO | GET http://localhost:5656/
14:52:39 | INFO | Request Body: 
14:52:39 | INFO | Headers:
14:52:39 | INFO | 	host: localhost:5656
14:52:39 | INFO | 	connection: close
14:52:39 | INFO | 	cache-control: no-cache
14:52:39 | INFO | 	pragma: no-cache
14:52:39 | INFO | 	accept: */*
14:52:39 | INFO | 	accept-encoding: gzip, deflate
14:52:39 | INFO | 	from: bingbot(at)microsoft.com
14:52:39 | INFO | 	user-agent: Mozilla/5.0 AppleWebKit/537.36 (KHTML, like Gecko; compatible; bingbot/2.0; +http://www.bing.com/bingbot.htm) Chrome/103.0.5060.134 Safari/537.36
17:28:36 | INFO | GET http://localhost:5656/
17:28:36 | INFO | Request Body: 
17:28:36 | INFO | Headers:
17:28:36 | INFO | 	host: localhost:5656
17:28:36 | INFO | 	connection: close
17:28:36 | INFO | 	user-agent: Mozilla/5.0 (Windows NT 6.3; Win64; x64) AppleWebKit/537.36 (KHTML, like Gecko) Chrome/37.0.2049.0 Safari/537.36
17:28:36 | INFO | 	accept-encoding: gzip, deflate
17:28:36 | INFO | 	accept: */*
21:25:00 | INFO | GET http://localhost:5656/
21:25:00 | INFO | Request Body: 
21:25:00 | INFO | Headers:
21:25:00 | INFO | 	host: localhost:5656
21:25:00 | INFO | 	connection: close
21:25:00 | INFO | 	referer: http://46.229.212.89:80/
