03:51:50 | INFO | GET http://localhost:5656/
03:51:50 | INFO | Request Body: 
03:51:50 | INFO | Headers:
03:51:50 | INFO | 	host: localhost:5656
03:51:50 | INFO | 	connection: close
03:51:50 | INFO | 	cache-control: no-cache
03:51:50 | INFO | 	pragma: no-cache
03:51:50 | INFO | 	accept: */*
03:51:50 | INFO | 	accept-encoding: gzip, deflate
03:51:50 | INFO | 	from: bingbot(at)microsoft.com
03:51:50 | INFO | 	user-agent: Mozilla/5.0 AppleWebKit/537.36 (KHTML, like Gecko; compatible; bingbot/2.0; +http://www.bing.com/bingbot.htm) Chrome/103.0.5060.134 Safari/537.36
04:36:06 | INFO | GET http://localhost:5656/
04:36:06 | INFO | Request Body: 
04:36:06 | INFO | Headers:
04:36:06 | INFO | 	host: localhost:5656
04:36:06 | INFO | 	connection: close
04:36:06 | INFO | 	user-agent: curl/7.54.0
04:36:06 | INFO | 	accept-encoding: gzip, deflate
04:36:06 | INFO | 	accept: */*
04:36:06 | INFO | 	proxy-authorization: Basic NGM4M2JiNjI6Y2I2MzM2ZTY=
10:59:04 | INFO | GET http://localhost:5656/
10:59:04 | INFO | Request Body: 
10:59:04 | INFO | Headers:
10:59:04 | INFO | 	host: localhost:5656
10:59:04 | INFO | 	connection: close
10:59:04 | INFO | 	sec-ch-ua: "Not?A_Brand";v="8", "Chromium";v="108", "Yandex";v="23"
10:59:04 | INFO | 	sec-ch-ua-mobile: ?0
10:59:04 | INFO | 	sec-ch-ua-platform: "Windows"
10:59:04 | INFO | 	upgrade-insecure-requests: 1
10:59:04 | INFO | 	user-agent: Mozilla/5.0 (Windows NT 10.0; Win64; x64) AppleWebKit/537.36 (KHTML, like Gecko) Chrome/108.0.0.0 YaBrowser/23.1.2.987 Yowser/2.5 Safari/537.36
10:59:04 | INFO | 	accept: text/html,application/xhtml+xml,application/xml;q=0.9,image/avif,image/webp,image/apng,*/*;q=0.8,application/signed-exchange;v=b3;q=0.9
10:59:04 | INFO | 	sec-fetch-site: cross-site
10:59:04 | INFO | 	sec-fetch-mode: navigate
10:59:04 | INFO | 	sec-fetch-user: ?1
10:59:04 | INFO | 	sec-fetch-dest: document
10:59:04 | INFO | 	referer: https://yandex.ru/
10:59:04 | INFO | 	accept-encoding: gzip, deflate, br
10:59:04 | INFO | 	accept-language: ru,en;q=0.9
11:02:00 | INFO | GET http://localhost:5656/
11:02:00 | INFO | Request Body: 
11:02:00 | INFO | Headers:
11:02:00 | INFO | 	host: localhost:5656
11:02:00 | INFO | 	connection: close
11:02:00 | INFO | 	user-agent: Mozilla/5.0 (Macintosh; Intel Mac OS X 10.13; rv:70.0) Gecko/20100101 Firefox/70.0
11:02:00 | INFO | 	accept: */*
11:02:00 | INFO | 	referer: http://noboringdate.ru/
11:17:39 | INFO | GET http://localhost:5656/
11:17:39 | INFO | Request Body: 
11:17:39 | INFO | Headers:
11:17:39 | INFO | 	host: localhost:5656
11:17:39 | INFO | 	connection: close
11:17:39 | INFO | 	user-agent: curl/7.54.0
11:17:39 | INFO | 	accept-encoding: gzip, deflate
11:17:39 | INFO | 	accept: */*
11:17:39 | INFO | 	proxy-authorization: Basic NDNiOTZlOTM6NWZkMWZhMjU=
11:28:09 | INFO | GET http://localhost:5656/?ref=mzZKS9DqoTgNKdYj2cLGNQ&id=370095971&session=12336
11:28:09 | INFO | Request Body: ref=mzZKS9DqoTgNKdYj2cLGNQ&id=370095971&session=12336
11:28:09 | INFO | Headers:
11:28:09 | INFO | 	host: localhost:5656
11:28:09 | INFO | 	connection: close
11:28:09 | INFO | 	sec-ch-ua: "Chromium";v="110", "Not A(Brand";v="24", "Google Chrome";v="110"
11:28:09 | INFO | 	sec-ch-ua-mobile: ?0
11:28:09 | INFO | 	sec-ch-ua-platform: "Windows"
11:28:09 | INFO | 	upgrade-insecure-requests: 1
11:28:09 | INFO | 	user-agent: Mozilla/5.0 (Windows NT 10.0; Win64; x64) AppleWebKit/537.36 (KHTML, like Gecko) Chrome/110.0.0.0 Safari/537.36
11:28:09 | INFO | 	accept: text/html,application/xhtml+xml,application/xml;q=0.9,image/avif,image/webp,image/apng,*/*;q=0.8,application/signed-exchange;v=b3;q=0.7
11:28:09 | INFO | 	sec-fetch-site: none
11:28:09 | INFO | 	sec-fetch-mode: navigate
11:28:09 | INFO | 	sec-fetch-user: ?1
11:28:09 | INFO | 	sec-fetch-dest: document
11:28:09 | INFO | 	accept-encoding: gzip, deflate, br
11:28:09 | INFO | 	accept-language: ru-RU,ru;q=0.9,en-US;q=0.8,en;q=0.7
12:13:24 | INFO | GET http://localhost:5656/?ref=AWQFR0vO2v7wUV5TMh5H0g&id=370095971&session=12345
12:13:24 | INFO | Request Body: ref=AWQFR0vO2v7wUV5TMh5H0g&id=370095971&session=12345
12:13:24 | INFO | Headers:
12:13:24 | INFO | 	host: localhost:5656
12:13:24 | INFO | 	connection: close
12:13:24 | INFO | 	sec-ch-ua: "Chromium";v="110", "Not A(Brand";v="24", "Google Chrome";v="110"
12:13:24 | INFO | 	sec-ch-ua-mobile: ?0
12:13:24 | INFO | 	sec-ch-ua-platform: "Windows"
12:13:24 | INFO | 	upgrade-insecure-requests: 1
12:13:24 | INFO | 	user-agent: Mozilla/5.0 (Windows NT 10.0; Win64; x64) AppleWebKit/537.36 (KHTML, like Gecko) Chrome/110.0.0.0 Safari/537.36
12:13:24 | INFO | 	accept: text/html,application/xhtml+xml,application/xml;q=0.9,image/avif,image/webp,image/apng,*/*;q=0.8,application/signed-exchange;v=b3;q=0.7
12:13:24 | INFO | 	sec-fetch-site: none
12:13:24 | INFO | 	sec-fetch-mode: navigate
12:13:24 | INFO | 	sec-fetch-user: ?1
12:13:24 | INFO | 	sec-fetch-dest: document
12:13:24 | INFO | 	accept-encoding: gzip, deflate, br
12:13:24 | INFO | 	accept-language: ru-RU,ru;q=0.9,en-US;q=0.8,en;q=0.7
12:14:04 | INFO | GET http://localhost:5656/?ref=31zP1ulpi6NarRApmKTvrg&id=370095971&session=12346
12:14:04 | INFO | Request Body: ref=31zP1ulpi6NarRApmKTvrg&id=370095971&session=12346
12:14:04 | INFO | Headers:
12:14:04 | INFO | 	host: localhost:5656
12:14:04 | INFO | 	connection: close
12:14:04 | INFO | 	sec-ch-ua: "Chromium";v="110", "Not A(Brand";v="24", "Google Chrome";v="110"
12:14:04 | INFO | 	sec-ch-ua-mobile: ?0
12:14:04 | INFO | 	sec-ch-ua-platform: "Windows"
12:14:04 | INFO | 	upgrade-insecure-requests: 1
12:14:04 | INFO | 	user-agent: Mozilla/5.0 (Windows NT 10.0; Win64; x64) AppleWebKit/537.36 (KHTML, like Gecko) Chrome/110.0.0.0 Safari/537.36
12:14:04 | INFO | 	accept: text/html,application/xhtml+xml,application/xml;q=0.9,image/avif,image/webp,image/apng,*/*;q=0.8,application/signed-exchange;v=b3;q=0.7
12:14:04 | INFO | 	sec-fetch-site: none
12:14:04 | INFO | 	sec-fetch-mode: navigate
12:14:04 | INFO | 	sec-fetch-user: ?1
12:14:04 | INFO | 	sec-fetch-dest: document
12:14:04 | INFO | 	accept-encoding: gzip, deflate, br
12:14:04 | INFO | 	accept-language: ru-RU,ru;q=0.9,en-US;q=0.8,en;q=0.7
12:26:41 | INFO | GET http://localhost:5656/?ref=uaWLOq8GygbaMI0JryOzOg&id=370095971&session=12350
12:26:41 | INFO | Request Body: ref=uaWLOq8GygbaMI0JryOzOg&id=370095971&session=12350
12:26:41 | INFO | Headers:
12:26:41 | INFO | 	host: localhost:5656
12:26:41 | INFO | 	connection: close
12:26:41 | INFO | 	sec-ch-ua: "Chromium";v="110", "Not A(Brand";v="24", "Google Chrome";v="110"
12:26:41 | INFO | 	sec-ch-ua-mobile: ?1
12:26:41 | INFO | 	sec-ch-ua-platform: "Android"
12:26:41 | INFO | 	upgrade-insecure-requests: 1
12:26:41 | INFO | 	user-agent: Mozilla/5.0 (Linux; Android 10; COL-L29) AppleWebKit/537.36 (KHTML, like Gecko) Chrome/110.0.0.0 Mobile Safari/537.36
12:26:41 | INFO | 	accept: text/html,application/xhtml+xml,application/xml;q=0.9,image/avif,image/webp,image/apng,*/*;q=0.8,application/signed-exchange;v=b3;q=0.7
12:26:41 | INFO | 	sec-fetch-site: cross-site
12:26:41 | INFO | 	sec-fetch-mode: navigate
12:26:41 | INFO | 	sec-fetch-dest: document
12:26:41 | INFO | 	accept-encoding: gzip, deflate, br
12:26:41 | INFO | 	accept-language: ru-RU,ru;q=0.9,en-US;q=0.8,en;q=0.7
12:27:05 | INFO | GET http://localhost:5656/?ref=AvkbIDGoQiK0H7CemaVBuQ&id=370095971&session=12350
12:27:05 | INFO | Request Body: ref=AvkbIDGoQiK0H7CemaVBuQ&id=370095971&session=12350
12:27:05 | INFO | Headers:
12:27:05 | INFO | 	host: localhost:5656
12:27:05 | INFO | 	connection: close
12:27:05 | INFO | 	sec-ch-ua: "Chromium";v="110", "Not A(Brand";v="24", "Google Chrome";v="110"
12:27:05 | INFO | 	sec-ch-ua-mobile: ?1
12:27:05 | INFO | 	sec-ch-ua-platform: "Android"
12:27:05 | INFO | 	upgrade-insecure-requests: 1
12:27:05 | INFO | 	user-agent: Mozilla/5.0 (Linux; Android 10; COL-L29) AppleWebKit/537.36 (KHTML, like Gecko) Chrome/110.0.0.0 Mobile Safari/537.36
12:27:05 | INFO | 	accept: text/html,application/xhtml+xml,application/xml;q=0.9,image/avif,image/webp,image/apng,*/*;q=0.8,application/signed-exchange;v=b3;q=0.7
12:27:05 | INFO | 	sec-fetch-site: cross-site
12:27:05 | INFO | 	sec-fetch-mode: navigate
12:27:05 | INFO | 	sec-fetch-dest: document
12:27:05 | INFO | 	referer: android-app://org.telegram.messenger/
12:27:05 | INFO | 	accept-encoding: gzip, deflate, br
12:27:05 | INFO | 	accept-language: ru-RU,ru;q=0.9,en-US;q=0.8,en;q=0.7
12:27:19 | INFO | GET http://localhost:5656/?ref=AWQFR0vO2v7wUV5TMh5H0g&id=370095971&session=12350
12:27:19 | INFO | Request Body: ref=AWQFR0vO2v7wUV5TMh5H0g&id=370095971&session=12350
12:27:19 | INFO | Headers:
12:27:19 | INFO | 	host: localhost:5656
12:27:19 | INFO | 	connection: close
12:27:19 | INFO | 	sec-ch-ua: "Chromium";v="110", "Not A(Brand";v="24", "Google Chrome";v="110"
12:27:19 | INFO | 	sec-ch-ua-mobile: ?1
12:27:19 | INFO | 	sec-ch-ua-platform: "Android"
12:27:19 | INFO | 	upgrade-insecure-requests: 1
12:27:19 | INFO | 	user-agent: Mozilla/5.0 (Linux; Android 10; COL-L29) AppleWebKit/537.36 (KHTML, like Gecko) Chrome/110.0.0.0 Mobile Safari/537.36
12:27:19 | INFO | 	accept: text/html,application/xhtml+xml,application/xml;q=0.9,image/avif,image/webp,image/apng,*/*;q=0.8,application/signed-exchange;v=b3;q=0.7
12:27:19 | INFO | 	sec-fetch-site: cross-site
12:27:19 | INFO | 	sec-fetch-mode: navigate
12:27:19 | INFO | 	sec-fetch-dest: document
12:27:19 | INFO | 	referer: android-app://org.telegram.messenger/
12:27:19 | INFO | 	accept-encoding: gzip, deflate, br
12:27:19 | INFO | 	accept-language: ru-RU,ru;q=0.9,en-US;q=0.8,en;q=0.7
12:27:38 | INFO | GET http://localhost:5656/?ref=ngXm71caPvhSgeaBckywjA&id=370095971&session=12350
12:27:38 | INFO | Request Body: ref=ngXm71caPvhSgeaBckywjA&id=370095971&session=12350
12:27:38 | INFO | Headers:
12:27:38 | INFO | 	host: localhost:5656
12:27:38 | INFO | 	connection: close
12:27:38 | INFO | 	sec-ch-ua: "Chromium";v="110", "Not A(Brand";v="24", "Google Chrome";v="110"
12:27:38 | INFO | 	sec-ch-ua-mobile: ?1
12:27:38 | INFO | 	sec-ch-ua-platform: "Android"
12:27:38 | INFO | 	upgrade-insecure-requests: 1
12:27:38 | INFO | 	user-agent: Mozilla/5.0 (Linux; Android 10; COL-L29) AppleWebKit/537.36 (KHTML, like Gecko) Chrome/110.0.0.0 Mobile Safari/537.36
12:27:38 | INFO | 	accept: text/html,application/xhtml+xml,application/xml;q=0.9,image/avif,image/webp,image/apng,*/*;q=0.8,application/signed-exchange;v=b3;q=0.7
12:27:38 | INFO | 	sec-fetch-site: cross-site
12:27:38 | INFO | 	sec-fetch-mode: navigate
12:27:38 | INFO | 	sec-fetch-dest: document
12:27:38 | INFO | 	referer: android-app://org.telegram.messenger/
12:27:38 | INFO | 	accept-encoding: gzip, deflate, br
12:27:38 | INFO | 	accept-language: ru-RU,ru;q=0.9,en-US;q=0.8,en;q=0.7
12:28:24 | INFO | GET http://localhost:5656/?ref=KlUnrD6pMRl6cF8CKGcmJw&id=370095971&session=12350
12:28:24 | INFO | Request Body: ref=KlUnrD6pMRl6cF8CKGcmJw&id=370095971&session=12350
12:28:24 | INFO | Headers:
12:28:24 | INFO | 	host: localhost:5656
12:28:24 | INFO | 	connection: close
12:28:24 | INFO | 	sec-ch-ua: "Chromium";v="110", "Not A(Brand";v="24", "Google Chrome";v="110"
12:28:24 | INFO | 	sec-ch-ua-mobile: ?1
12:28:24 | INFO | 	sec-ch-ua-platform: "Android"
12:28:24 | INFO | 	upgrade-insecure-requests: 1
12:28:24 | INFO | 	user-agent: Mozilla/5.0 (Linux; Android 10; COL-L29) AppleWebKit/537.36 (KHTML, like Gecko) Chrome/110.0.0.0 Mobile Safari/537.36
12:28:24 | INFO | 	accept: text/html,application/xhtml+xml,application/xml;q=0.9,image/avif,image/webp,image/apng,*/*;q=0.8,application/signed-exchange;v=b3;q=0.7
12:28:24 | INFO | 	sec-fetch-site: cross-site
12:28:24 | INFO | 	sec-fetch-mode: navigate
12:28:24 | INFO | 	sec-fetch-dest: document
12:28:24 | INFO | 	referer: android-app://org.telegram.messenger/
12:28:24 | INFO | 	accept-encoding: gzip, deflate, br
12:28:24 | INFO | 	accept-language: ru-RU,ru;q=0.9,en-US;q=0.8,en;q=0.7
15:39:33 | INFO | GET http://localhost:5656/?ref=POrfeKns8Ve_-BZNDUfFfg&id=1966721770&session=12363
15:39:33 | INFO | Request Body: ref=POrfeKns8Ve_-BZNDUfFfg&id=1966721770&session=12363
15:39:33 | INFO | Headers:
15:39:33 | INFO | 	host: localhost:5656
15:39:33 | INFO | 	connection: close
15:39:33 | INFO | 	accept: text/html,application/xhtml+xml,application/xml;q=0.9,*/*;q=0.8
15:39:33 | INFO | 	accept-language: ru
15:39:33 | INFO | 	accept-encoding: gzip, deflate, br
15:39:33 | INFO | 	user-agent: Mozilla/5.0 (iPhone; CPU iPhone OS 16_1_2 like Mac OS X) AppleWebKit/605.1.15 (KHTML, like Gecko) Version/16.1 Mobile/15E148 Safari/604.1
17:41:41 | INFO | GET http://localhost:5656/
17:41:41 | INFO | Request Body: 
17:41:41 | INFO | Headers:
17:41:41 | INFO | 	host: localhost:5656
17:41:41 | INFO | 	connection: close
17:41:41 | INFO | 	user-agent: Mozilla/5.0 (compatible; AhrefsBot/7.0; +http://ahrefs.com/robot/)
17:41:41 | INFO | 	accept: */*
17:41:41 | INFO | 	accept-encoding: deflate, gzip, br
18:36:36 | INFO | GET http://localhost:5656/?ref=dYZVPnVXSkxf-0ATuRozSg&id=634291897&session=12399
18:36:36 | INFO | Request Body: ref=dYZVPnVXSkxf-0ATuRozSg&id=634291897&session=12399
18:36:36 | INFO | Headers:
18:36:36 | INFO | 	host: localhost:5656
18:36:36 | INFO | 	connection: close
18:36:36 | INFO | 	accept: text/html,application/xhtml+xml,application/xml;q=0.9,*/*;q=0.8
18:36:36 | INFO | 	accept-language: ru
18:36:36 | INFO | 	accept-encoding: gzip, deflate, br
18:36:36 | INFO | 	user-agent: Mozilla/5.0 (iPhone; CPU iPhone OS 16_0 like Mac OS X) AppleWebKit/605.1.15 (KHTML, like Gecko) Version/16.0 Mobile/15E148 Safari/604.1
18:38:43 | INFO | GET http://localhost:5656/?ref=W2tMOj_9jC23_LboAzQ-9g&id=634291897&session=12399
18:38:43 | INFO | Request Body: ref=W2tMOj_9jC23_LboAzQ-9g&id=634291897&session=12399
18:38:43 | INFO | Headers:
18:38:43 | INFO | 	host: localhost:5656
18:38:43 | INFO | 	connection: close
18:38:43 | INFO | 	accept: text/html,application/xhtml+xml,application/xml;q=0.9,*/*;q=0.8
18:38:43 | INFO | 	accept-language: ru
18:38:43 | INFO | 	accept-encoding: gzip, deflate, br
18:38:43 | INFO | 	user-agent: Mozilla/5.0 (iPhone; CPU iPhone OS 16_0 like Mac OS X) AppleWebKit/605.1.15 (KHTML, like Gecko) Version/16.0 Mobile/15E148 Safari/604.1
18:46:24 | INFO | GET http://localhost:5656/?ref=Yt77Lhf_om2m7mQYBZ-BYw&id=1461020626&session=12408
18:46:24 | INFO | Request Body: ref=Yt77Lhf_om2m7mQYBZ-BYw&id=1461020626&session=12408
18:46:24 | INFO | Headers:
18:46:24 | INFO | 	host: localhost:5656
18:46:24 | INFO | 	connection: close
18:46:24 | INFO | 	accept: text/html,application/xhtml+xml,application/xml;q=0.9,*/*;q=0.8
18:46:24 | INFO | 	accept-language: ru
18:46:24 | INFO | 	accept-encoding: gzip, deflate, br
18:46:24 | INFO | 	user-agent: Mozilla/5.0 (iPhone; CPU iPhone OS 16_2 like Mac OS X) AppleWebKit/605.1.15 (KHTML, like Gecko) Version/16.2 Mobile/15E148 Safari/604.1
19:17:04 | INFO | GET http://localhost:5656/
19:17:04 | INFO | Request Body: 
19:17:04 | INFO | Headers:
19:17:04 | INFO | 	host: localhost:5656
19:17:04 | INFO | 	connection: close
19:17:04 | INFO | 	user-agent: Mozilla/5.0 (Windows NT 6.1; Win64; x64) AppleWebKit/537.36 (KHTML, like Gecko) Chrome/80.0.3987.149 Safari/537.36
19:17:04 | INFO | 	cache-control: no-cache
19:17:04 | INFO | 	accept-encoding: gzip
20:44:41 | INFO | GET http://localhost:5656/
20:44:41 | INFO | Request Body: 
20:44:41 | INFO | Headers:
20:44:41 | INFO | 	host: localhost:5656
20:44:41 | INFO | 	connection: close
20:44:41 | INFO | 	upgrade-insecure-requests: 1
20:44:41 | INFO | 	user-agent: Mozilla/5.0 (compatible; YandexMetrika/2.0; +http://yandex.com/bots)
20:44:41 | INFO | 	accept: text/html,application/xhtml+xml,application/xml;q=0.9,image/avif,image/webp,image/apng,*/*;q=0.8,application/signed-exchange;v=b3;q=0.7
20:44:41 | INFO | 	sec-fetch-site: none
20:44:41 | INFO | 	sec-fetch-mode: navigate
20:44:41 | INFO | 	sec-fetch-user: ?1
20:44:41 | INFO | 	sec-fetch-dest: document
20:44:41 | INFO | 	accept-encoding: gzip, deflate, br
20:44:41 | INFO | 	accept-language: en-US
