00:38:34 | INFO | GET http://localhost:5656/
00:38:34 | INFO | Request Body: 
00:38:34 | INFO | Headers:
00:38:34 | INFO | 	host: localhost:5656
00:38:34 | INFO | 	connection: close
00:38:34 | INFO | 	user-agent: Mozilla/5.0 (compatible; YandexBot/3.0; +http://yandex.com/bots) AppleWebKit/537.36 (KHTML, like Gecko) Chrome/81.0.4044.268
00:38:34 | INFO | 	from: support@search.yandex.ru
00:38:34 | INFO | 	accept-encoding: gzip,deflate
00:38:34 | INFO | 	accept: */*
00:53:25 | INFO | GET http://localhost:5656/
00:53:25 | INFO | Request Body: 
00:53:25 | INFO | Headers:
00:53:25 | INFO | 	host: localhost:5656
00:53:25 | INFO | 	connection: close
00:53:25 | INFO | 	user-agent: Mozilla/5.0 (compatible; YandexBot/3.0; +http://yandex.com/bots) AppleWebKit/537.36 (KHTML, like Gecko) Chrome/81.0.4044.268
00:53:25 | INFO | 	from: support@search.yandex.ru
00:53:25 | INFO | 	accept-encoding: gzip,deflate
00:53:25 | INFO | 	accept: */*
00:53:54 | INFO | GET http://localhost:5656/
00:53:54 | INFO | Request Body: 
00:53:54 | INFO | Headers:
00:53:54 | INFO | 	host: localhost:5656
00:53:54 | INFO | 	connection: close
00:53:54 | INFO | 	user-agent: Mozilla/5.0 (compatible; YandexBot/3.0; +http://yandex.com/bots) AppleWebKit/537.36 (KHTML, like Gecko) Chrome/81.0.4044.268
00:53:54 | INFO | 	from: support@search.yandex.ru
00:53:54 | INFO | 	accept-encoding: gzip,deflate
00:53:54 | INFO | 	accept: */*
01:55:44 | INFO | GET http://localhost:5656/
01:55:44 | INFO | Request Body: 
01:55:44 | INFO | Headers:
01:55:44 | INFO | 	host: localhost:5656
01:55:44 | INFO | 	connection: close
01:55:44 | INFO | 	referer: NOBORINGDATE.RU
01:55:44 | INFO | 	cache-control: no-cache, must-revalidate
01:55:44 | INFO | 	pragma: no-cache
01:55:44 | INFO | 	user-agent: Mozilla/5.0 (compatible; BackupLand/1.0; https://go.backupland.com/; Domain check for viruses;)
01:55:44 | INFO | 	accept: */*
01:55:44 | INFO | 	accept-encoding: gzip
01:57:39 | INFO | GET http://localhost:5656/
01:57:39 | INFO | Request Body: 
01:57:39 | INFO | Headers:
01:57:39 | INFO | 	host: localhost:5656
01:57:39 | INFO | 	connection: close
01:57:39 | INFO | 	user-agent: Mozilla/5.0 (Macintosh; Intel Mac OS X 13_0) AppleWebKit/537.36 (KHTML, like Gecko) Chrome/107.0.0.0 Safari/537.36
01:57:39 | INFO | 	accept: */*
01:57:39 | INFO | 	referer: http://noboringdate.ru/
01:57:39 | INFO | 	accept-encoding: gzip
03:55:43 | INFO | GET http://localhost:5656/?ref=N7dYhafFKPyGi1WyPrvhqA&id=967719826&session=6877
03:55:43 | INFO | Request Body: ref=N7dYhafFKPyGi1WyPrvhqA&id=967719826&session=6877
03:55:43 | INFO | Headers:
03:55:43 | INFO | 	host: localhost:5656
03:55:43 | INFO | 	connection: close
03:55:43 | INFO | 	upgrade-insecure-requests: 1
03:55:43 | INFO | 	user-agent: Mozilla/5.0 (Linux; Android 12; NTH-NX9) AppleWebKit/537.36 (KHTML, like Gecko) Chrome/109.0.0.0 Mobile Safari/537.36
03:55:43 | INFO | 	accept: text/html,application/xhtml+xml,application/xml;q=0.9,image/avif,image/webp,image/apng,*/*;q=0.8,application/signed-exchange;v=b3;q=0.9
03:55:43 | INFO | 	sec-fetch-site: cross-site
03:55:43 | INFO | 	sec-fetch-mode: navigate
03:55:43 | INFO | 	sec-fetch-dest: document
03:55:43 | INFO | 	sec-ch-ua: "Not_A Brand";v="99", "Google Chrome";v="109", "Chromium";v="109"
03:55:43 | INFO | 	sec-ch-ua-mobile: ?1
03:55:43 | INFO | 	sec-ch-ua-platform: "Android"
03:55:43 | INFO | 	accept-encoding: gzip, deflate, br
03:55:43 | INFO | 	accept-language: ru-RU,ru;q=0.9,en-US;q=0.8,en;q=0.7
04:23:23 | INFO | GET http://localhost:5656/
04:23:23 | INFO | Request Body: 
04:23:23 | INFO | Headers:
04:23:23 | INFO | 	host: localhost:5656
04:23:23 | INFO | 	connection: close
04:23:23 | INFO | 	cache-control: no-cache
04:23:23 | INFO | 	pragma: no-cache
04:23:23 | INFO | 	accept: */*
04:23:23 | INFO | 	accept-encoding: gzip, deflate
04:23:23 | INFO | 	from: bingbot(at)microsoft.com
04:23:23 | INFO | 	user-agent: Mozilla/5.0 AppleWebKit/537.36 (KHTML, like Gecko; compatible; bingbot/2.0; +http://www.bing.com/bingbot.htm) Chrome/103.0.5060.134 Safari/537.36
04:50:07 | INFO | GET http://localhost:5656/?ref=F6FBs4VxYNW0um9IsZTC9A&id=5087024709&session=6883
04:50:07 | INFO | Request Body: ref=F6FBs4VxYNW0um9IsZTC9A&id=5087024709&session=6883
04:50:07 | INFO | Headers:
04:50:07 | INFO | 	host: localhost:5656
04:50:07 | INFO | 	connection: close
04:50:07 | INFO | 	upgrade-insecure-requests: 1
04:50:07 | INFO | 	user-agent: Mozilla/5.0 (Linux; Android 12; 21091116AG) AppleWebKit/537.36 (KHTML, like Gecko) Chrome/108.0.0.0 Mobile Safari/537.36
04:50:07 | INFO | 	accept: text/html,application/xhtml+xml,application/xml;q=0.9,image/avif,image/webp,image/apng,*/*;q=0.8,application/signed-exchange;v=b3;q=0.9
04:50:07 | INFO | 	sec-fetch-site: none
04:50:07 | INFO | 	sec-fetch-mode: navigate
04:50:07 | INFO | 	sec-fetch-dest: document
04:50:07 | INFO | 	sec-ch-ua: "Not?A_Brand";v="8", "Chromium";v="108", "Google Chrome";v="108"
04:50:07 | INFO | 	sec-ch-ua-mobile: ?1
04:50:07 | INFO | 	sec-ch-ua-platform: "Android"
04:50:07 | INFO | 	accept-encoding: gzip, deflate, br
04:50:07 | INFO | 	accept-language: ru-RU,ru;q=0.9,en-US;q=0.8,en;q=0.7
04:50:40 | INFO | GET http://localhost:5656/?ref=F6FBs4VxYNW0um9IsZTC9A&id=5087024709&session=6883
04:50:40 | INFO | Request Body: ref=F6FBs4VxYNW0um9IsZTC9A&id=5087024709&session=6883
04:50:40 | INFO | Headers:
04:50:40 | INFO | 	host: localhost:5656
04:50:40 | INFO | 	connection: close
04:50:40 | INFO | 	upgrade-insecure-requests: 1
04:50:40 | INFO | 	user-agent: Mozilla/5.0 (Linux; Android 12; 21091116AG) AppleWebKit/537.36 (KHTML, like Gecko) Chrome/108.0.0.0 Mobile Safari/537.36
04:50:40 | INFO | 	accept: text/html,application/xhtml+xml,application/xml;q=0.9,image/avif,image/webp,image/apng,*/*;q=0.8,application/signed-exchange;v=b3;q=0.9
04:50:40 | INFO | 	sec-fetch-site: none
04:50:40 | INFO | 	sec-fetch-mode: navigate
04:50:40 | INFO | 	sec-fetch-dest: document
04:50:40 | INFO | 	sec-ch-ua: "Not?A_Brand";v="8", "Chromium";v="108", "Google Chrome";v="108"
04:50:40 | INFO | 	sec-ch-ua-mobile: ?1
04:50:40 | INFO | 	sec-ch-ua-platform: "Android"
04:50:40 | INFO | 	accept-encoding: gzip, deflate, br
04:50:40 | INFO | 	accept-language: ru-RU,ru;q=0.9,en-US;q=0.8,en;q=0.7
04:51:25 | INFO | GET http://localhost:5656/?ref=FAh8jtiEnob7PJclDIQ6Ww&id=5087024709&session=6883
04:51:25 | INFO | Request Body: ref=FAh8jtiEnob7PJclDIQ6Ww&id=5087024709&session=6883
04:51:25 | INFO | Headers:
04:51:25 | INFO | 	host: localhost:5656
04:51:25 | INFO | 	connection: close
04:51:25 | INFO | 	upgrade-insecure-requests: 1
04:51:25 | INFO | 	user-agent: Mozilla/5.0 (Linux; Android 12; 21091116AG) AppleWebKit/537.36 (KHTML, like Gecko) Chrome/108.0.0.0 Mobile Safari/537.36
04:51:25 | INFO | 	accept: text/html,application/xhtml+xml,application/xml;q=0.9,image/avif,image/webp,image/apng,*/*;q=0.8,application/signed-exchange;v=b3;q=0.9
04:51:25 | INFO | 	sec-fetch-site: none
04:51:25 | INFO | 	sec-fetch-mode: navigate
04:51:25 | INFO | 	sec-fetch-dest: document
04:51:25 | INFO | 	sec-ch-ua: "Not?A_Brand";v="8", "Chromium";v="108", "Google Chrome";v="108"
04:51:25 | INFO | 	sec-ch-ua-mobile: ?1
04:51:25 | INFO | 	sec-ch-ua-platform: "Android"
04:51:25 | INFO | 	accept-encoding: gzip, deflate, br
04:51:25 | INFO | 	accept-language: ru-RU,ru;q=0.9,en-US;q=0.8,en;q=0.7
05:23:06 | INFO | GET http://localhost:5656/?ref=CkG04yTmaaRcN-ZG9QObiw&id=1074272513&session=6891
05:23:06 | INFO | Request Body: ref=CkG04yTmaaRcN-ZG9QObiw&id=1074272513&session=6891
05:23:06 | INFO | Headers:
05:23:06 | INFO | 	host: localhost:5656
05:23:06 | INFO | 	connection: close
05:23:06 | INFO | 	upgrade-insecure-requests: 1
05:23:06 | INFO | 	accept: text/html,application/xhtml+xml,application/xml;q=0.9,*/*;q=0.8
05:23:06 | INFO | 	user-agent: Mozilla/5.0 (iPhone; CPU iPhone OS 16_0 like Mac OS X) AppleWebKit/605.1.15 (KHTML, like Gecko) Version/16.0 Mobile/15E148 Safari/604.1
05:23:06 | INFO | 	accept-language: ru
05:23:06 | INFO | 	accept-encoding: gzip, deflate
05:33:04 | INFO | GET http://localhost:5656/?ref=dgP9SRLkkbZPBlMxhHbJTA&id=1074272513&session=6891
05:33:04 | INFO | Request Body: ref=dgP9SRLkkbZPBlMxhHbJTA&id=1074272513&session=6891
05:33:04 | INFO | Headers:
05:33:04 | INFO | 	host: localhost:5656
05:33:04 | INFO | 	connection: close
05:33:04 | INFO | 	upgrade-insecure-requests: 1
05:33:04 | INFO | 	accept: text/html,application/xhtml+xml,application/xml;q=0.9,*/*;q=0.8
05:33:04 | INFO | 	user-agent: Mozilla/5.0 (iPhone; CPU iPhone OS 16_0 like Mac OS X) AppleWebKit/605.1.15 (KHTML, like Gecko) Version/16.0 Mobile/15E148 Safari/604.1
05:33:04 | INFO | 	accept-language: ru
05:33:04 | INFO | 	accept-encoding: gzip, deflate
06:04:07 | INFO | GET http://localhost:5656/?ref=dgP9SRLkkbZPBlMxhHbJTA&id=867819663&session=6901
06:04:07 | INFO | Request Body: ref=dgP9SRLkkbZPBlMxhHbJTA&id=867819663&session=6901
06:04:07 | INFO | Headers:
06:04:07 | INFO | 	host: localhost:5656
06:04:07 | INFO | 	connection: close
06:04:07 | INFO | 	upgrade-insecure-requests: 1
06:04:07 | INFO | 	accept: text/html,application/xhtml+xml,application/xml;q=0.9,*/*;q=0.8
06:04:07 | INFO | 	user-agent: Mozilla/5.0 (iPhone; CPU iPhone OS 15_6 like Mac OS X) AppleWebKit/605.1.15 (KHTML, like Gecko) Version/15.6 Mobile/15E148 Safari/604.1
06:04:07 | INFO | 	accept-language: ru
06:04:07 | INFO | 	accept-encoding: gzip, deflate
06:06:11 | INFO | GET http://localhost:5656/?ref=W2tMOj_9jC23_LboAzQ-9g&id=867819663&session=6902
06:06:11 | INFO | Request Body: ref=W2tMOj_9jC23_LboAzQ-9g&id=867819663&session=6902
06:06:11 | INFO | Headers:
06:06:11 | INFO | 	host: localhost:5656
06:06:11 | INFO | 	connection: close
06:06:11 | INFO | 	upgrade-insecure-requests: 1
06:06:11 | INFO | 	accept: text/html,application/xhtml+xml,application/xml;q=0.9,*/*;q=0.8
06:06:11 | INFO | 	user-agent: Mozilla/5.0 (iPhone; CPU iPhone OS 15_6 like Mac OS X) AppleWebKit/605.1.15 (KHTML, like Gecko) Version/15.6 Mobile/15E148 Safari/604.1
06:06:11 | INFO | 	accept-language: ru
06:06:11 | INFO | 	accept-encoding: gzip, deflate
06:08:15 | INFO | GET http://localhost:5656/?ref=WzXlC_0CA4izkVpbDDaLdw&id=867819663&session=6902
06:08:15 | INFO | Request Body: ref=WzXlC_0CA4izkVpbDDaLdw&id=867819663&session=6902
06:08:15 | INFO | Headers:
06:08:15 | INFO | 	host: localhost:5656
06:08:15 | INFO | 	connection: close
06:08:15 | INFO | 	upgrade-insecure-requests: 1
06:08:15 | INFO | 	accept: text/html,application/xhtml+xml,application/xml;q=0.9,*/*;q=0.8
06:08:15 | INFO | 	user-agent: Mozilla/5.0 (iPhone; CPU iPhone OS 15_6 like Mac OS X) AppleWebKit/605.1.15 (KHTML, like Gecko) Version/15.6 Mobile/15E148 Safari/604.1
06:08:15 | INFO | 	accept-language: ru
06:08:15 | INFO | 	accept-encoding: gzip, deflate
09:23:17 | INFO | GET http://localhost:5656/?ref=raung1VmOe0f7xzNqJQ8Cw&id=838413846&session=6955
09:23:17 | INFO | Request Body: ref=raung1VmOe0f7xzNqJQ8Cw&id=838413846&session=6955
09:23:17 | INFO | Headers:
09:23:17 | INFO | 	host: localhost:5656
09:23:17 | INFO | 	connection: close
09:23:17 | INFO | 	upgrade-insecure-requests: 1
09:23:17 | INFO | 	accept: text/html,application/xhtml+xml,application/xml;q=0.9,*/*;q=0.8
09:23:17 | INFO | 	user-agent: Mozilla/5.0 (iPhone; CPU iPhone OS 16_1_1 like Mac OS X) AppleWebKit/605.1.15 (KHTML, like Gecko) Version/16.1 Mobile/15E148 Safari/604.1
09:23:17 | INFO | 	accept-language: ru
09:23:17 | INFO | 	accept-encoding: gzip, deflate
10:39:00 | INFO | GET http://localhost:5656/?ref=od0krRTvaLgmS9cmqhOnZQ&id=471146374&session=6965
10:39:00 | INFO | Request Body: ref=od0krRTvaLgmS9cmqhOnZQ&id=471146374&session=6965
10:39:00 | INFO | Headers:
10:39:00 | INFO | 	host: localhost:5656
10:39:00 | INFO | 	connection: close
10:39:00 | INFO | 	upgrade-insecure-requests: 1
10:39:00 | INFO | 	user-agent: Mozilla/5.0 (Linux; Android 10; Redmi Note 7) AppleWebKit/537.36 (KHTML, like Gecko) Chrome/109.0.0.0 Mobile Safari/537.36
10:39:00 | INFO | 	accept: text/html,application/xhtml+xml,application/xml;q=0.9,image/avif,image/webp,image/apng,*/*;q=0.8,application/signed-exchange;v=b3;q=0.9
10:39:00 | INFO | 	sec-fetch-site: cross-site
10:39:00 | INFO | 	sec-fetch-mode: navigate
10:39:00 | INFO | 	sec-fetch-dest: document
10:39:00 | INFO | 	sec-ch-ua: "Not_A Brand";v="99", "Google Chrome";v="109", "Chromium";v="109"
10:39:00 | INFO | 	sec-ch-ua-mobile: ?1
10:39:00 | INFO | 	sec-ch-ua-platform: "Android"
10:39:00 | INFO | 	referer: android-app://org.telegram.messenger/
10:39:00 | INFO | 	accept-encoding: gzip, deflate, br
10:39:00 | INFO | 	accept-language: ru-RU,ru;q=0.9,en-US;q=0.8,en;q=0.7
10:46:46 | INFO | GET http://localhost:5656/?ref=_GATVGwcTdnVlpDZLNyYrA&id=5314988414&session=6969
10:46:46 | INFO | Request Body: ref=_GATVGwcTdnVlpDZLNyYrA&id=5314988414&session=6969
10:46:46 | INFO | Headers:
10:46:46 | INFO | 	host: localhost:5656
10:46:46 | INFO | 	connection: close
10:46:46 | INFO | 	accept-language: ru-RU,ru,en-US,en
10:46:46 | INFO | 	upgrade-insecure-requests: 1
10:46:46 | INFO | 	user-agent: Mozilla/5.0 (Linux; Android 13; SAMSUNG SM-A325F) AppleWebKit/537.36 (KHTML, like Gecko) SamsungBrowser/19.0 Chrome/102.0.5005.125 Mobile Safari/537.36
10:46:46 | INFO | 	accept: text/html,application/xhtml+xml,application/xml;q=0.9,image/avif,image/webp,image/apng,*/*;q=0.8,application/signed-exchange;v=b3;q=0.9
10:46:46 | INFO | 	sec-fetch-site: none
10:46:46 | INFO | 	sec-fetch-mode: navigate
10:46:46 | INFO | 	sec-fetch-dest: document
10:46:46 | INFO | 	accept-encoding: gzip, deflate, br
10:54:01 | INFO | GET http://localhost:5656/
10:54:01 | INFO | Request Body: 
10:54:01 | INFO | Headers:
10:54:01 | INFO | 	host: localhost:5656
10:54:01 | INFO | 	connection: close
10:54:01 | INFO | 	user-agent: Mozilla/5.0 (compatible; YandexBot/3.0; +http://yandex.com/bots)
10:54:01 | INFO | 	from: support@search.yandex.ru
10:54:01 | INFO | 	accept-encoding: gzip,deflate
10:54:01 | INFO | 	accept: */*
10:57:21 | INFO | GET http://localhost:5656/?ref=eJaJXhvuguAZ3mPoqz0Q7A&id=1246721874&session=6972
10:57:21 | INFO | Request Body: ref=eJaJXhvuguAZ3mPoqz0Q7A&id=1246721874&session=6972
10:57:21 | INFO | Headers:
10:57:21 | INFO | 	host: localhost:5656
10:57:21 | INFO | 	connection: close
10:57:21 | INFO | 	upgrade-insecure-requests: 1
10:57:21 | INFO | 	user-agent: Mozilla/5.0 (Linux; Android 12; M2101K6G) AppleWebKit/537.36 (KHTML, like Gecko) Chrome/96.0.4664.104 Mobile Safari/537.36
10:57:21 | INFO | 	accept: text/html,application/xhtml+xml,application/xml;q=0.9,image/avif,image/webp,image/apng,*/*;q=0.8,application/signed-exchange;v=b3;q=0.9
10:57:21 | INFO | 	sec-fetch-site: none
10:57:21 | INFO | 	sec-fetch-mode: navigate
10:57:21 | INFO | 	sec-fetch-dest: document
10:57:21 | INFO | 	sec-ch-ua: " Not A;Brand";v="99", "Chromium";v="96", "Google Chrome";v="96"
10:57:21 | INFO | 	sec-ch-ua-mobile: ?1
10:57:21 | INFO | 	sec-ch-ua-platform: "Android"
10:57:21 | INFO | 	accept-encoding: gzip, deflate, br
10:57:21 | INFO | 	accept-language: ru-RU,ru;q=0.9,en-US;q=0.8,en;q=0.7
11:07:03 | INFO | GET http://localhost:5656/?ref=CkG04yTmaaRcN-ZG9QObiw&id=1246721874&session=6972
11:07:03 | INFO | Request Body: ref=CkG04yTmaaRcN-ZG9QObiw&id=1246721874&session=6972
11:07:03 | INFO | Headers:
11:07:03 | INFO | 	host: localhost:5656
11:07:03 | INFO | 	connection: close
11:07:03 | INFO | 	upgrade-insecure-requests: 1
11:07:03 | INFO | 	user-agent: Mozilla/5.0 (Linux; Android 12; M2101K6G) AppleWebKit/537.36 (KHTML, like Gecko) Chrome/96.0.4664.104 Mobile Safari/537.36
11:07:03 | INFO | 	accept: text/html,application/xhtml+xml,application/xml;q=0.9,image/avif,image/webp,image/apng,*/*;q=0.8,application/signed-exchange;v=b3;q=0.9
11:07:03 | INFO | 	sec-fetch-site: none
11:07:03 | INFO | 	sec-fetch-mode: navigate
11:07:03 | INFO | 	sec-fetch-dest: document
11:07:03 | INFO | 	sec-ch-ua: " Not A;Brand";v="99", "Chromium";v="96", "Google Chrome";v="96"
11:07:03 | INFO | 	sec-ch-ua-mobile: ?1
11:07:03 | INFO | 	sec-ch-ua-platform: "Android"
11:07:03 | INFO | 	accept-encoding: gzip, deflate, br
11:07:03 | INFO | 	accept-language: ru-RU,ru;q=0.9,en-US;q=0.8,en;q=0.7
11:07:46 | INFO | GET http://localhost:5656/?ref=_xlXU5xYcDVe49HBjiF9yQ&id=5314988414&session=6977
11:07:46 | INFO | Request Body: ref=_xlXU5xYcDVe49HBjiF9yQ&id=5314988414&session=6977
11:07:46 | INFO | Headers:
11:07:46 | INFO | 	host: localhost:5656
11:07:46 | INFO | 	connection: close
11:07:46 | INFO | 	accept-language: ru-RU,ru,en-US,en
11:07:46 | INFO | 	upgrade-insecure-requests: 1
11:07:46 | INFO | 	user-agent: Mozilla/5.0 (Linux; Android 13; SAMSUNG SM-A325F) AppleWebKit/537.36 (KHTML, like Gecko) SamsungBrowser/19.0 Chrome/102.0.5005.125 Mobile Safari/537.36
11:07:46 | INFO | 	accept: text/html,application/xhtml+xml,application/xml;q=0.9,image/avif,image/webp,image/apng,*/*;q=0.8,application/signed-exchange;v=b3;q=0.9
11:07:46 | INFO | 	sec-fetch-site: none
11:07:46 | INFO | 	sec-fetch-mode: navigate
11:07:46 | INFO | 	sec-fetch-dest: document
11:07:46 | INFO | 	accept-encoding: gzip, deflate, br
11:47:08 | INFO | GET http://localhost:5656/
11:47:08 | INFO | Request Body: 
11:47:08 | INFO | Headers:
11:47:08 | INFO | 	host: localhost:5656
11:47:08 | INFO | 	connection: close
11:47:08 | INFO | 	user-agent: Mozilla/5.0 (compatible; YandexBot/3.0; +http://yandex.com/bots)
11:47:08 | INFO | 	from: support@search.yandex.ru
11:47:08 | INFO | 	accept-encoding: gzip,deflate
11:47:08 | INFO | 	accept: */*
12:18:13 | INFO | GET http://localhost:5656/
12:18:13 | INFO | Request Body: 
12:18:13 | INFO | Headers:
12:18:13 | INFO | 	host: localhost:5656
12:18:13 | INFO | 	connection: close
12:18:13 | INFO | 	user-agent: Mozilla/5.0 (compatible; YandexBot/3.0; +http://yandex.com/bots)
12:18:13 | INFO | 	from: support@search.yandex.ru
12:18:13 | INFO | 	accept-encoding: gzip,deflate
12:18:13 | INFO | 	accept: */*
12:41:28 | INFO | GET http://localhost:5656/?ref=VHbZAE5B0285xozL14UWZw&id=783577916&session=7007
12:41:28 | INFO | Request Body: ref=VHbZAE5B0285xozL14UWZw&id=783577916&session=7007
12:41:28 | INFO | Headers:
12:41:28 | INFO | 	host: localhost:5656
12:41:28 | INFO | 	connection: close
12:41:28 | INFO | 	upgrade-insecure-requests: 1
12:41:28 | INFO | 	accept: text/html,application/xhtml+xml,application/xml;q=0.9,*/*;q=0.8
12:41:28 | INFO | 	user-agent: Mozilla/5.0 (iPhone; CPU iPhone OS 16_1_1 like Mac OS X) AppleWebKit/605.1.15 (KHTML, like Gecko) Version/16.1 Mobile/15E148 Safari/604.1
12:41:28 | INFO | 	accept-language: ru
12:41:28 | INFO | 	accept-encoding: gzip, deflate
12:41:48 | INFO | GET http://localhost:5656/?ref=VHbZAE5B0285xozL14UWZw&id=783577916&session=7007
12:41:48 | INFO | Request Body: ref=VHbZAE5B0285xozL14UWZw&id=783577916&session=7007
12:41:48 | INFO | Headers:
12:41:48 | INFO | 	host: localhost:5656
12:41:48 | INFO | 	connection: close
12:41:48 | INFO | 	upgrade-insecure-requests: 1
12:41:48 | INFO | 	accept: text/html,application/xhtml+xml,application/xml;q=0.9,*/*;q=0.8
12:41:48 | INFO | 	user-agent: Mozilla/5.0 (iPhone; CPU iPhone OS 16_1_1 like Mac OS X) AppleWebKit/605.1.15 (KHTML, like Gecko) Version/16.1 Mobile/15E148 Safari/604.1
12:41:48 | INFO | 	accept-language: ru
12:41:48 | INFO | 	accept-encoding: gzip, deflate
13:20:28 | INFO | GET http://localhost:5656/?ref=CzE6XxYp0ebYUKQGk7z6sw&id=219906682&session=7016
13:20:28 | INFO | Request Body: ref=CzE6XxYp0ebYUKQGk7z6sw&id=219906682&session=7016
13:20:28 | INFO | Headers:
13:20:28 | INFO | 	host: localhost:5656
13:20:28 | INFO | 	connection: close
13:20:28 | INFO | 	accept-language: ru-RU,ru,en-US,en
13:20:28 | INFO | 	upgrade-insecure-requests: 1
13:20:28 | INFO | 	user-agent: Mozilla/5.0 (Linux; Android 12; SAMSUNG SM-A525F) AppleWebKit/537.36 (KHTML, like Gecko) SamsungBrowser/17.0 Chrome/96.0.4664.104 Mobile Safari/537.36
13:20:28 | INFO | 	accept: text/html,application/xhtml+xml,application/xml;q=0.9,image/avif,image/webp,image/apng,*/*;q=0.8,application/signed-exchange;v=b3;q=0.9
13:20:28 | INFO | 	sec-fetch-site: none
13:20:28 | INFO | 	sec-fetch-mode: navigate
13:20:28 | INFO | 	sec-fetch-dest: document
13:20:28 | INFO | 	accept-encoding: gzip, deflate, br
14:41:19 | INFO | GET http://localhost:5656/?ref=VMTk182FFulT1Mjg33OCbQ&id=920834541&session=7038
14:41:19 | INFO | Request Body: ref=VMTk182FFulT1Mjg33OCbQ&id=920834541&session=7038
14:41:19 | INFO | Headers:
14:41:19 | INFO | 	host: localhost:5656
14:41:19 | INFO | 	connection: close
14:41:19 | INFO | 	upgrade-insecure-requests: 1
14:41:19 | INFO | 	user-agent: Mozilla/5.0 (Linux; Android 10; JSN-L21) AppleWebKit/537.36 (KHTML, like Gecko) Chrome/109.0.0.0 Mobile Safari/537.36
14:41:19 | INFO | 	accept: text/html,application/xhtml+xml,application/xml;q=0.9,image/avif,image/webp,image/apng,*/*;q=0.8,application/signed-exchange;v=b3;q=0.9
14:41:19 | INFO | 	sec-fetch-site: cross-site
14:41:19 | INFO | 	sec-fetch-mode: navigate
14:41:19 | INFO | 	sec-fetch-dest: document
14:41:19 | INFO | 	sec-ch-ua: "Not_A Brand";v="99", "Google Chrome";v="109", "Chromium";v="109"
14:41:19 | INFO | 	sec-ch-ua-mobile: ?1
14:41:19 | INFO | 	sec-ch-ua-platform: "Android"
14:41:19 | INFO | 	accept-encoding: gzip, deflate, br
14:41:19 | INFO | 	accept-language: ru-RU,ru;q=0.9,en-US;q=0.8,en;q=0.7
14:48:42 | INFO | GET http://localhost:5656/?ref=OhJV8c4RfFof9vIlZfjZIg&id=787784126&session=7066
14:48:42 | INFO | Request Body: ref=OhJV8c4RfFof9vIlZfjZIg&id=787784126&session=7066
14:48:42 | INFO | Headers:
14:48:42 | INFO | 	host: localhost:5656
14:48:42 | INFO | 	connection: close
14:48:42 | INFO | 	upgrade-insecure-requests: 1
14:48:42 | INFO | 	accept: text/html,application/xhtml+xml,application/xml;q=0.9,*/*;q=0.8
14:48:42 | INFO | 	user-agent: Mozilla/5.0 (iPhone; CPU iPhone OS 14_4_2 like Mac OS X) AppleWebKit/605.1.15 (KHTML, like Gecko) Version/14.0.3 Mobile/15E148 Safari/604.1
14:48:42 | INFO | 	accept-language: ru
14:48:42 | INFO | 	accept-encoding: gzip, deflate
14:49:20 | INFO | GET http://localhost:5656/?ref=9eVpr-fIs5pOUPbiQslbcg&id=1545154998&session=7068
14:49:20 | INFO | Request Body: ref=9eVpr-fIs5pOUPbiQslbcg&id=1545154998&session=7068
14:49:20 | INFO | Headers:
14:49:20 | INFO | 	host: localhost:5656
14:49:20 | INFO | 	connection: close
14:49:20 | INFO | 	upgrade-insecure-requests: 1
14:49:20 | INFO | 	accept: text/html,application/xhtml+xml,application/xml;q=0.9,*/*;q=0.8
14:49:20 | INFO | 	user-agent: Mozilla/5.0 (iPhone; CPU iPhone OS 15_3_1 like Mac OS X) AppleWebKit/605.1.15 (KHTML, like Gecko) Version/15.3 Mobile/15E148 Safari/604.1
14:49:20 | INFO | 	accept-language: ru
14:49:20 | INFO | 	accept-encoding: gzip, deflate
14:50:52 | INFO | GET http://localhost:5656/?ref=Y7TzQQaT7is8XtRCo755WA&id=704706506&session=7080
14:50:52 | INFO | Request Body: ref=Y7TzQQaT7is8XtRCo755WA&id=704706506&session=7080
14:50:52 | INFO | Headers:
14:50:52 | INFO | 	host: localhost:5656
14:50:52 | INFO | 	connection: close
14:50:52 | INFO | 	upgrade-insecure-requests: 1
14:50:52 | INFO | 	user-agent: Mozilla/5.0 (Linux; Android 13; RMX3393) AppleWebKit/537.36 (KHTML, like Gecko) Chrome/109.0.0.0 Mobile Safari/537.36
14:50:52 | INFO | 	accept: text/html,application/xhtml+xml,application/xml;q=0.9,image/avif,image/webp,image/apng,*/*;q=0.8,application/signed-exchange;v=b3;q=0.9
14:50:52 | INFO | 	sec-fetch-site: cross-site
14:50:52 | INFO | 	sec-fetch-mode: navigate
14:50:52 | INFO | 	sec-fetch-dest: document
14:50:52 | INFO | 	sec-ch-ua: "Not_A Brand";v="99", "Google Chrome";v="109", "Chromium";v="109"
14:50:52 | INFO | 	sec-ch-ua-mobile: ?1
14:50:52 | INFO | 	sec-ch-ua-platform: "Android"
14:50:52 | INFO | 	accept-encoding: gzip, deflate, br
14:50:52 | INFO | 	accept-language: ru-RU,ru;q=0.9,en-US;q=0.8,en;q=0.7
14:52:20 | INFO | GET http://localhost:5656/?ref=Y7TzQQaT7is8XtRCo755WA&id=704706506&session=7080
14:52:20 | INFO | Request Body: ref=Y7TzQQaT7is8XtRCo755WA&id=704706506&session=7080
14:52:20 | INFO | Headers:
14:52:20 | INFO | 	host: localhost:5656
14:52:20 | INFO | 	connection: close
14:52:20 | INFO | 	upgrade-insecure-requests: 1
14:52:20 | INFO | 	user-agent: Mozilla/5.0 (Linux; Android 13; RMX3393) AppleWebKit/537.36 (KHTML, like Gecko) Chrome/109.0.0.0 Mobile Safari/537.36
14:52:20 | INFO | 	accept: text/html,application/xhtml+xml,application/xml;q=0.9,image/avif,image/webp,image/apng,*/*;q=0.8,application/signed-exchange;v=b3;q=0.9
14:52:20 | INFO | 	sec-fetch-site: cross-site
14:52:20 | INFO | 	sec-fetch-mode: navigate
14:52:20 | INFO | 	sec-fetch-dest: document
14:52:20 | INFO | 	sec-ch-ua: "Not_A Brand";v="99", "Google Chrome";v="109", "Chromium";v="109"
14:52:20 | INFO | 	sec-ch-ua-mobile: ?1
14:52:20 | INFO | 	sec-ch-ua-platform: "Android"
14:52:20 | INFO | 	accept-encoding: gzip, deflate, br
14:52:20 | INFO | 	accept-language: ru-RU,ru;q=0.9,en-US;q=0.8,en;q=0.7
14:53:32 | INFO | GET http://localhost:5656/?ref=CkG04yTmaaRcN-ZG9QObiw&id=704706506&session=7098
14:53:32 | INFO | Request Body: ref=CkG04yTmaaRcN-ZG9QObiw&id=704706506&session=7098
14:53:32 | INFO | Headers:
14:53:32 | INFO | 	host: localhost:5656
14:53:32 | INFO | 	connection: close
14:53:32 | INFO | 	upgrade-insecure-requests: 1
14:53:32 | INFO | 	user-agent: Mozilla/5.0 (Linux; Android 13; RMX3393) AppleWebKit/537.36 (KHTML, like Gecko) Chrome/109.0.0.0 Mobile Safari/537.36
14:53:32 | INFO | 	accept: text/html,application/xhtml+xml,application/xml;q=0.9,image/avif,image/webp,image/apng,*/*;q=0.8,application/signed-exchange;v=b3;q=0.9
14:53:32 | INFO | 	sec-fetch-site: cross-site
14:53:32 | INFO | 	sec-fetch-mode: navigate
14:53:32 | INFO | 	sec-fetch-dest: document
14:53:32 | INFO | 	sec-ch-ua: "Not_A Brand";v="99", "Google Chrome";v="109", "Chromium";v="109"
14:53:32 | INFO | 	sec-ch-ua-mobile: ?1
14:53:32 | INFO | 	sec-ch-ua-platform: "Android"
14:53:32 | INFO | 	accept-encoding: gzip, deflate, br
14:53:32 | INFO | 	accept-language: ru-RU,ru;q=0.9,en-US;q=0.8,en;q=0.7
14:54:50 | INFO | GET http://localhost:5656/?ref=5B13CoKJ6L_3VPT6IUXXbA&id=704706506&session=7098
14:54:50 | INFO | Request Body: ref=5B13CoKJ6L_3VPT6IUXXbA&id=704706506&session=7098
14:54:50 | INFO | Headers:
14:54:50 | INFO | 	host: localhost:5656
14:54:50 | INFO | 	connection: close
14:54:50 | INFO | 	upgrade-insecure-requests: 1
14:54:50 | INFO | 	user-agent: Mozilla/5.0 (Linux; Android 13; RMX3393) AppleWebKit/537.36 (KHTML, like Gecko) Chrome/109.0.0.0 Mobile Safari/537.36
14:54:50 | INFO | 	accept: text/html,application/xhtml+xml,application/xml;q=0.9,image/avif,image/webp,image/apng,*/*;q=0.8,application/signed-exchange;v=b3;q=0.9
14:54:50 | INFO | 	sec-fetch-site: cross-site
14:54:50 | INFO | 	sec-fetch-mode: navigate
14:54:50 | INFO | 	sec-fetch-dest: document
14:54:50 | INFO | 	sec-ch-ua: "Not_A Brand";v="99", "Google Chrome";v="109", "Chromium";v="109"
14:54:50 | INFO | 	sec-ch-ua-mobile: ?1
14:54:50 | INFO | 	sec-ch-ua-platform: "Android"
14:54:50 | INFO | 	accept-encoding: gzip, deflate, br
14:54:50 | INFO | 	accept-language: ru-RU,ru;q=0.9,en-US;q=0.8,en;q=0.7
15:04:52 | INFO | GET http://localhost:5656/?ref=xIfBgAVYuDA-x81kU8kaow&id=626035970&session=7128
15:04:52 | INFO | Request Body: ref=xIfBgAVYuDA-x81kU8kaow&id=626035970&session=7128
15:04:52 | INFO | Headers:
15:04:52 | INFO | 	host: localhost:5656
15:04:52 | INFO | 	connection: close
15:04:52 | INFO | 	upgrade-insecure-requests: 1
15:04:52 | INFO | 	accept: text/html,application/xhtml+xml,application/xml;q=0.9,*/*;q=0.8
15:04:52 | INFO | 	user-agent: Mozilla/5.0 (iPhone; CPU iPhone OS 15_3_1 like Mac OS X) AppleWebKit/605.1.15 (KHTML, like Gecko) Version/15.3 Mobile/15E148 Safari/604.1
15:04:52 | INFO | 	accept-language: ru
15:04:52 | INFO | 	accept-encoding: gzip, deflate
15:10:14 | INFO | GET http://localhost:5656/?ref=DNTTwPOQQZIAk-6YNC1xng&id=1914421102&session=7142
15:10:14 | INFO | Request Body: ref=DNTTwPOQQZIAk-6YNC1xng&id=1914421102&session=7142
15:10:14 | INFO | Headers:
15:10:14 | INFO | 	host: localhost:5656
15:10:14 | INFO | 	connection: close
15:10:14 | INFO | 	save-data: on
15:10:14 | INFO | 	upgrade-insecure-requests: 1
15:10:14 | INFO | 	user-agent: Mozilla/5.0 (Linux; Android 11; CPH2069) AppleWebKit/537.36 (KHTML, like Gecko) Chrome/97.0.4692.98 Mobile Safari/537.36
15:10:14 | INFO | 	accept: text/html,application/xhtml+xml,application/xml;q=0.9,image/avif,image/webp,image/apng,*/*;q=0.8,application/signed-exchange;v=b3;q=0.9
15:10:14 | INFO | 	sec-fetch-site: none
15:10:14 | INFO | 	sec-fetch-mode: navigate
15:10:14 | INFO | 	sec-fetch-dest: document
15:10:14 | INFO | 	sec-ch-ua: " Not;A Brand";v="99", "Google Chrome";v="97", "Chromium";v="97"
15:10:14 | INFO | 	sec-ch-ua-mobile: ?1
15:10:14 | INFO | 	sec-ch-ua-platform: "Android"
15:10:14 | INFO | 	accept-encoding: gzip, deflate, br
15:10:14 | INFO | 	accept-language: ru-RU,ru;q=0.9,en-US;q=0.8,en;q=0.7
15:10:31 | INFO | GET http://localhost:5656/?ref=DNTTwPOQQZIAk-6YNC1xng&id=1914421102&session=7142
15:10:31 | INFO | Request Body: ref=DNTTwPOQQZIAk-6YNC1xng&id=1914421102&session=7142
15:10:31 | INFO | Headers:
15:10:31 | INFO | 	host: localhost:5656
15:10:31 | INFO | 	connection: close
15:10:31 | INFO | 	save-data: on
15:10:31 | INFO | 	upgrade-insecure-requests: 1
15:10:31 | INFO | 	user-agent: Mozilla/5.0 (Linux; Android 11; CPH2069) AppleWebKit/537.36 (KHTML, like Gecko) Chrome/97.0.4692.98 Mobile Safari/537.36
15:10:31 | INFO | 	accept: text/html,application/xhtml+xml,application/xml;q=0.9,image/avif,image/webp,image/apng,*/*;q=0.8,application/signed-exchange;v=b3;q=0.9
15:10:31 | INFO | 	sec-fetch-site: none
15:10:31 | INFO | 	sec-fetch-mode: navigate
15:10:31 | INFO | 	sec-fetch-dest: document
15:10:31 | INFO | 	sec-ch-ua: " Not;A Brand";v="99", "Google Chrome";v="97", "Chromium";v="97"
15:10:31 | INFO | 	sec-ch-ua-mobile: ?1
15:10:31 | INFO | 	sec-ch-ua-platform: "Android"
15:10:31 | INFO | 	accept-encoding: gzip, deflate, br
15:10:31 | INFO | 	accept-language: ru-RU,ru;q=0.9,en-US;q=0.8,en;q=0.7
15:10:38 | INFO | GET http://localhost:5656/?ref=DNTTwPOQQZIAk-6YNC1xng&id=1914421102&session=7142
15:10:38 | INFO | Request Body: ref=DNTTwPOQQZIAk-6YNC1xng&id=1914421102&session=7142
15:10:38 | INFO | Headers:
15:10:38 | INFO | 	host: localhost:5656
15:10:38 | INFO | 	connection: close
15:10:38 | INFO | 	save-data: on
15:10:38 | INFO | 	upgrade-insecure-requests: 1
15:10:38 | INFO | 	user-agent: Mozilla/5.0 (Linux; Android 11; CPH2069) AppleWebKit/537.36 (KHTML, like Gecko) Chrome/97.0.4692.98 Mobile Safari/537.36
15:10:38 | INFO | 	accept: text/html,application/xhtml+xml,application/xml;q=0.9,image/avif,image/webp,image/apng,*/*;q=0.8,application/signed-exchange;v=b3;q=0.9
15:10:38 | INFO | 	sec-fetch-site: none
15:10:38 | INFO | 	sec-fetch-mode: navigate
15:10:38 | INFO | 	sec-fetch-dest: document
15:10:38 | INFO | 	sec-ch-ua: " Not;A Brand";v="99", "Google Chrome";v="97", "Chromium";v="97"
15:10:38 | INFO | 	sec-ch-ua-mobile: ?1
15:10:38 | INFO | 	sec-ch-ua-platform: "Android"
15:10:38 | INFO | 	accept-encoding: gzip, deflate, br
15:10:38 | INFO | 	accept-language: ru-RU,ru;q=0.9,en-US;q=0.8,en;q=0.7
15:17:31 | INFO | GET http://localhost:5656/?ref=WzXlC_0CA4izkVpbDDaLdw&id=834237297&session=7157
15:17:31 | INFO | Request Body: ref=WzXlC_0CA4izkVpbDDaLdw&id=834237297&session=7157
15:17:31 | INFO | Headers:
15:17:31 | INFO | 	host: localhost:5656
15:17:31 | INFO | 	connection: close
15:17:31 | INFO | 	accept-language: ru-RU,ru,en-US,en
15:17:31 | INFO | 	upgrade-insecure-requests: 1
15:17:31 | INFO | 	user-agent: Mozilla/5.0 (Linux; Android 11; SAMSUNG SM-G985F) AppleWebKit/537.36 (KHTML, like Gecko) SamsungBrowser/19.0 Chrome/102.0.5005.125 Mobile Safari/537.36
15:17:31 | INFO | 	accept: text/html,application/xhtml+xml,application/xml;q=0.9,image/avif,image/webp,image/apng,*/*;q=0.8,application/signed-exchange;v=b3;q=0.9
15:17:31 | INFO | 	sec-fetch-site: none
15:17:31 | INFO | 	sec-fetch-mode: navigate
15:17:31 | INFO | 	sec-fetch-dest: document
15:17:31 | INFO | 	accept-encoding: gzip, deflate, br
15:19:44 | INFO | GET http://localhost:5656/?ref=FAh8jtiEnob7PJclDIQ6Ww&id=834237297&session=7157
15:19:44 | INFO | Request Body: ref=FAh8jtiEnob7PJclDIQ6Ww&id=834237297&session=7157
15:19:44 | INFO | Headers:
15:19:44 | INFO | 	host: localhost:5656
15:19:44 | INFO | 	connection: close
15:19:44 | INFO | 	accept-language: ru-RU,ru,en-US,en
15:19:44 | INFO | 	upgrade-insecure-requests: 1
15:19:44 | INFO | 	user-agent: Mozilla/5.0 (Linux; Android 11; SAMSUNG SM-G985F) AppleWebKit/537.36 (KHTML, like Gecko) SamsungBrowser/19.0 Chrome/102.0.5005.125 Mobile Safari/537.36
15:19:44 | INFO | 	accept: text/html,application/xhtml+xml,application/xml;q=0.9,image/avif,image/webp,image/apng,*/*;q=0.8,application/signed-exchange;v=b3;q=0.9
15:19:44 | INFO | 	sec-fetch-site: none
15:19:44 | INFO | 	sec-fetch-mode: navigate
15:19:44 | INFO | 	sec-fetch-dest: document
15:19:44 | INFO | 	accept-encoding: gzip, deflate, br
15:21:20 | INFO | GET http://localhost:5656/?ref=_CSDceC5kkki4RoqwX4SRA&id=834237297&session=7157
15:21:20 | INFO | Request Body: ref=_CSDceC5kkki4RoqwX4SRA&id=834237297&session=7157
15:21:20 | INFO | Headers:
15:21:20 | INFO | 	host: localhost:5656
15:21:20 | INFO | 	connection: close
15:21:20 | INFO | 	accept-language: ru-RU,ru,en-US,en
15:21:20 | INFO | 	upgrade-insecure-requests: 1
15:21:20 | INFO | 	user-agent: Mozilla/5.0 (Linux; Android 11; SAMSUNG SM-G985F) AppleWebKit/537.36 (KHTML, like Gecko) SamsungBrowser/19.0 Chrome/102.0.5005.125 Mobile Safari/537.36
15:21:20 | INFO | 	accept: text/html,application/xhtml+xml,application/xml;q=0.9,image/avif,image/webp,image/apng,*/*;q=0.8,application/signed-exchange;v=b3;q=0.9
15:21:20 | INFO | 	sec-fetch-site: none
15:21:20 | INFO | 	sec-fetch-mode: navigate
15:21:20 | INFO | 	sec-fetch-dest: document
15:21:20 | INFO | 	accept-encoding: gzip, deflate, br
15:28:58 | INFO | GET http://localhost:5656/?ref=NcgrPeSUKW4jnT1V1gtIeQ&id=834237297&session=7171
15:28:58 | INFO | Request Body: ref=NcgrPeSUKW4jnT1V1gtIeQ&id=834237297&session=7171
15:28:58 | INFO | Headers:
15:28:58 | INFO | 	host: localhost:5656
15:28:58 | INFO | 	connection: close
15:28:58 | INFO | 	accept-language: ru-RU,ru,en-US,en
15:28:58 | INFO | 	upgrade-insecure-requests: 1
15:28:58 | INFO | 	user-agent: Mozilla/5.0 (Linux; Android 11; SAMSUNG SM-G985F) AppleWebKit/537.36 (KHTML, like Gecko) SamsungBrowser/19.0 Chrome/102.0.5005.125 Mobile Safari/537.36
15:28:58 | INFO | 	accept: text/html,application/xhtml+xml,application/xml;q=0.9,image/avif,image/webp,image/apng,*/*;q=0.8,application/signed-exchange;v=b3;q=0.9
15:28:58 | INFO | 	sec-fetch-site: none
15:28:58 | INFO | 	sec-fetch-mode: navigate
15:28:58 | INFO | 	sec-fetch-dest: document
15:28:58 | INFO | 	accept-encoding: gzip, deflate, br
15:29:25 | INFO | GET http://localhost:5656/?ref=jIr2gP3E0NVBllfU6R63vQ&id=834237297&session=7171
15:29:25 | INFO | Request Body: ref=jIr2gP3E0NVBllfU6R63vQ&id=834237297&session=7171
15:29:25 | INFO | Headers:
15:29:25 | INFO | 	host: localhost:5656
15:29:25 | INFO | 	connection: close
15:29:25 | INFO | 	accept-language: ru-RU,ru,en-US,en
15:29:25 | INFO | 	upgrade-insecure-requests: 1
15:29:25 | INFO | 	user-agent: Mozilla/5.0 (Linux; Android 11; SAMSUNG SM-G985F) AppleWebKit/537.36 (KHTML, like Gecko) SamsungBrowser/19.0 Chrome/102.0.5005.125 Mobile Safari/537.36
15:29:25 | INFO | 	accept: text/html,application/xhtml+xml,application/xml;q=0.9,image/avif,image/webp,image/apng,*/*;q=0.8,application/signed-exchange;v=b3;q=0.9
15:29:25 | INFO | 	sec-fetch-site: none
15:29:25 | INFO | 	sec-fetch-mode: navigate
15:29:25 | INFO | 	sec-fetch-dest: document
15:29:25 | INFO | 	accept-encoding: gzip, deflate, br
15:46:50 | INFO | GET http://localhost:5656/?ref=bZKsdO1wYOBznEuHXdXZpw&id=783577916&session=7167
15:46:50 | INFO | Request Body: ref=bZKsdO1wYOBznEuHXdXZpw&id=783577916&session=7167
15:46:50 | INFO | Headers:
15:46:50 | INFO | 	host: localhost:5656
15:46:50 | INFO | 	connection: close
15:46:50 | INFO | 	upgrade-insecure-requests: 1
15:46:50 | INFO | 	accept: text/html,application/xhtml+xml,application/xml;q=0.9,*/*;q=0.8
15:46:50 | INFO | 	user-agent: Mozilla/5.0 (iPhone; CPU iPhone OS 16_1_1 like Mac OS X) AppleWebKit/605.1.15 (KHTML, like Gecko) Version/16.1 Mobile/15E148 Safari/604.1
15:46:50 | INFO | 	accept-language: ru
15:46:50 | INFO | 	accept-encoding: gzip, deflate
15:47:54 | INFO | GET http://localhost:5656/?ref=dZQnL1LHdofmT_77Fqiyag&id=783577916&session=7167
15:47:54 | INFO | Request Body: ref=dZQnL1LHdofmT_77Fqiyag&id=783577916&session=7167
15:47:54 | INFO | Headers:
15:47:54 | INFO | 	host: localhost:5656
15:47:54 | INFO | 	connection: close
15:47:54 | INFO | 	upgrade-insecure-requests: 1
15:47:54 | INFO | 	accept: text/html,application/xhtml+xml,application/xml;q=0.9,*/*;q=0.8
15:47:54 | INFO | 	user-agent: Mozilla/5.0 (iPhone; CPU iPhone OS 16_1_1 like Mac OS X) AppleWebKit/605.1.15 (KHTML, like Gecko) Version/16.1 Mobile/15E148 Safari/604.1
15:47:54 | INFO | 	accept-language: ru
15:47:54 | INFO | 	accept-encoding: gzip, deflate
15:48:13 | INFO | GET http://localhost:5656/?ref=AWQFR0vO2v7wUV5TMh5H0g&id=1121927108&session=7188
15:48:13 | INFO | Request Body: ref=AWQFR0vO2v7wUV5TMh5H0g&id=1121927108&session=7188
15:48:13 | INFO | Headers:
15:48:13 | INFO | 	host: localhost:5656
15:48:13 | INFO | 	connection: close
15:48:13 | INFO | 	upgrade-insecure-requests: 1
15:48:13 | INFO | 	accept: text/html,application/xhtml+xml,application/xml;q=0.9,*/*;q=0.8
15:48:13 | INFO | 	user-agent: Mozilla/5.0 (iPhone; CPU iPhone OS 16_2 like Mac OS X) AppleWebKit/605.1.15 (KHTML, like Gecko) Version/16.2 Mobile/15E148 Safari/604.1
15:48:13 | INFO | 	accept-language: ru
15:48:13 | INFO | 	accept-encoding: gzip, deflate
15:54:48 | INFO | GET http://localhost:5656/?ref=_GATVGwcTdnVlpDZLNyYrA&id=2119374923&session=7239
15:54:48 | INFO | Request Body: ref=_GATVGwcTdnVlpDZLNyYrA&id=2119374923&session=7239
15:54:48 | INFO | Headers:
15:54:48 | INFO | 	host: localhost:5656
15:54:48 | INFO | 	connection: close
15:54:48 | INFO | 	upgrade-insecure-requests: 1
15:54:48 | INFO | 	accept: text/html,application/xhtml+xml,application/xml;q=0.9,*/*;q=0.8
15:54:48 | INFO | 	user-agent: Mozilla/5.0 (iPhone; CPU iPhone OS 15_6_1 like Mac OS X) AppleWebKit/605.1.15 (KHTML, like Gecko) Version/15.6.1 Mobile/15E148 Safari/604.1
15:54:48 | INFO | 	accept-language: ru
15:54:48 | INFO | 	accept-encoding: gzip, deflate
15:55:24 | INFO | GET http://localhost:5656/?ref=KlUnrD6pMRl6cF8CKGcmJw&id=1407382324&session=7250
15:55:24 | INFO | Request Body: ref=KlUnrD6pMRl6cF8CKGcmJw&id=1407382324&session=7250
15:55:24 | INFO | Headers:
15:55:24 | INFO | 	host: localhost:5656
15:55:24 | INFO | 	connection: close
15:55:24 | INFO | 	upgrade-insecure-requests: 1
15:55:24 | INFO | 	accept: text/html,application/xhtml+xml,application/xml;q=0.9,*/*;q=0.8
15:55:24 | INFO | 	user-agent: Mozilla/5.0 (iPhone; CPU iPhone OS 15_7_1 like Mac OS X) AppleWebKit/605.1.15 (KHTML, like Gecko) Version/15.6.3 Mobile/15E148 Safari/604.1
15:55:24 | INFO | 	accept-language: ru
15:55:24 | INFO | 	accept-encoding: gzip, deflate
15:56:35 | INFO | GET http://localhost:5656/?ref=MJ78zyFMaaCmVEcatkXWdg&id=1011486067&session=7267
15:56:35 | INFO | Request Body: ref=MJ78zyFMaaCmVEcatkXWdg&id=1011486067&session=7267
15:56:35 | INFO | Headers:
15:56:35 | INFO | 	host: localhost:5656
15:56:35 | INFO | 	connection: close
15:56:35 | INFO | 	upgrade-insecure-requests: 1
15:56:35 | INFO | 	accept: text/html,application/xhtml+xml,application/xml;q=0.9,*/*;q=0.8
15:56:35 | INFO | 	user-agent: Mozilla/5.0 (iPhone; CPU iPhone OS 16_3 like Mac OS X) AppleWebKit/605.1.15 (KHTML, like Gecko) Version/16.3 Mobile/15E148 Safari/604.1
15:56:35 | INFO | 	accept-language: ru
15:56:35 | INFO | 	accept-encoding: gzip, deflate
15:59:42 | INFO | GET http://localhost:5656/?ref=WzXlC_0CA4izkVpbDDaLdw&id=513531470&session=7290
15:59:42 | INFO | Request Body: ref=WzXlC_0CA4izkVpbDDaLdw&id=513531470&session=7290
15:59:42 | INFO | Headers:
15:59:42 | INFO | 	host: localhost:5656
15:59:42 | INFO | 	connection: close
15:59:42 | INFO | 	upgrade-insecure-requests: 1
15:59:42 | INFO | 	user-agent: Mozilla/5.0 (Linux; U; Android 12; ru-ru; Xiaomi 11T Build/SP1A.210812.016) AppleWebKit/537.36 (KHTML, like Gecko) Version/4.0 Chrome/100.0.4896.127 Mobile Safari/537.36 XiaoMi/MiuiBrowser/13.22.1-gn
15:59:42 | INFO | 	accept: text/html,application/xhtml+xml,application/xml;q=0.9,image/avif,image/webp,image/apng,*/*;q=0.8,application/signed-exchange;v=b3;q=0.9
15:59:42 | INFO | 	x-miorigin: app
15:59:42 | INFO | 	sec-fetch-site: none
15:59:42 | INFO | 	sec-fetch-mode: navigate
15:59:42 | INFO | 	sec-fetch-user: ?1
15:59:42 | INFO | 	sec-fetch-dest: document
15:59:42 | INFO | 	accept-encoding: gzip, deflate, br
15:59:42 | INFO | 	accept-language: ru-RU,ru;q=0.9,en-US;q=0.8,en;q=0.7
16:00:58 | INFO | GET http://localhost:5656/?ref=_CSDceC5kkki4RoqwX4SRA&id=513531470&session=7290
16:00:58 | INFO | Request Body: ref=_CSDceC5kkki4RoqwX4SRA&id=513531470&session=7290
16:00:58 | INFO | Headers:
16:00:58 | INFO | 	host: localhost:5656
16:00:58 | INFO | 	connection: close
16:00:58 | INFO | 	upgrade-insecure-requests: 1
16:00:58 | INFO | 	user-agent: Mozilla/5.0 (Linux; U; Android 12; ru-ru; Xiaomi 11T Build/SP1A.210812.016) AppleWebKit/537.36 (KHTML, like Gecko) Version/4.0 Chrome/100.0.4896.127 Mobile Safari/537.36 XiaoMi/MiuiBrowser/13.22.1-gn
16:00:58 | INFO | 	accept: text/html,application/xhtml+xml,application/xml;q=0.9,image/avif,image/webp,image/apng,*/*;q=0.8,application/signed-exchange;v=b3;q=0.9
16:00:58 | INFO | 	x-miorigin: app
16:00:58 | INFO | 	sec-fetch-site: none
16:00:58 | INFO | 	sec-fetch-mode: navigate
16:00:58 | INFO | 	sec-fetch-user: ?1
16:00:58 | INFO | 	sec-fetch-dest: document
16:00:58 | INFO | 	accept-encoding: gzip, deflate, br
16:00:58 | INFO | 	accept-language: ru-RU,ru;q=0.9,en-US;q=0.8,en;q=0.7
16:02:17 | INFO | GET http://localhost:5656/?ref=W2tMOj_9jC23_LboAzQ-9g&id=513531470&session=7290
16:02:17 | INFO | Request Body: ref=W2tMOj_9jC23_LboAzQ-9g&id=513531470&session=7290
16:02:17 | INFO | Headers:
16:02:17 | INFO | 	host: localhost:5656
16:02:17 | INFO | 	connection: close
16:02:17 | INFO | 	upgrade-insecure-requests: 1
16:02:17 | INFO | 	user-agent: Mozilla/5.0 (Linux; U; Android 12; ru-ru; Xiaomi 11T Build/SP1A.210812.016) AppleWebKit/537.36 (KHTML, like Gecko) Version/4.0 Chrome/100.0.4896.127 Mobile Safari/537.36 XiaoMi/MiuiBrowser/13.22.1-gn
16:02:17 | INFO | 	accept: text/html,application/xhtml+xml,application/xml;q=0.9,image/avif,image/webp,image/apng,*/*;q=0.8,application/signed-exchange;v=b3;q=0.9
16:02:17 | INFO | 	x-miorigin: app
16:02:17 | INFO | 	sec-fetch-site: none
16:02:17 | INFO | 	sec-fetch-mode: navigate
16:02:17 | INFO | 	sec-fetch-user: ?1
16:02:17 | INFO | 	sec-fetch-dest: document
16:02:17 | INFO | 	accept-encoding: gzip, deflate, br
16:02:17 | INFO | 	accept-language: ru-RU,ru;q=0.9,en-US;q=0.8,en;q=0.7
16:05:47 | INFO | GET http://localhost:5656/?ref=xIfBgAVYuDA-x81kU8kaow&id=513531470&session=7290
16:05:47 | INFO | Request Body: ref=xIfBgAVYuDA-x81kU8kaow&id=513531470&session=7290
16:05:47 | INFO | Headers:
16:05:47 | INFO | 	host: localhost:5656
16:05:47 | INFO | 	connection: close
16:05:47 | INFO | 	upgrade-insecure-requests: 1
16:05:47 | INFO | 	user-agent: Mozilla/5.0 (Linux; U; Android 12; ru-ru; Xiaomi 11T Build/SP1A.210812.016) AppleWebKit/537.36 (KHTML, like Gecko) Version/4.0 Chrome/100.0.4896.127 Mobile Safari/537.36 XiaoMi/MiuiBrowser/13.22.1-gn
16:05:47 | INFO | 	accept: text/html,application/xhtml+xml,application/xml;q=0.9,image/avif,image/webp,image/apng,*/*;q=0.8,application/signed-exchange;v=b3;q=0.9
16:05:47 | INFO | 	x-miorigin: app
16:05:47 | INFO | 	sec-fetch-site: none
16:05:47 | INFO | 	sec-fetch-mode: navigate
16:05:47 | INFO | 	sec-fetch-user: ?1
16:05:47 | INFO | 	sec-fetch-dest: document
16:05:47 | INFO | 	accept-encoding: gzip, deflate, br
16:05:47 | INFO | 	accept-language: ru-RU,ru;q=0.9,en-US;q=0.8,en;q=0.7
16:05:52 | INFO | GET http://localhost:5656/?ref=WzXlC_0CA4izkVpbDDaLdw&id=1781176466&session=7321
16:05:52 | INFO | Request Body: ref=WzXlC_0CA4izkVpbDDaLdw&id=1781176466&session=7321
16:05:52 | INFO | Headers:
16:05:52 | INFO | 	host: localhost:5656
16:05:52 | INFO | 	connection: close
16:05:52 | INFO | 	upgrade-insecure-requests: 1
16:05:52 | INFO | 	accept: text/html,application/xhtml+xml,application/xml;q=0.9,*/*;q=0.8
16:05:52 | INFO | 	user-agent: Mozilla/5.0 (iPhone; CPU iPhone OS 16_0 like Mac OS X) AppleWebKit/605.1.15 (KHTML, like Gecko) Version/16.0 Mobile/15E148 Safari/604.1
16:05:52 | INFO | 	accept-language: ru
16:05:52 | INFO | 	accept-encoding: gzip, deflate
16:07:11 | INFO | GET http://localhost:5656/?ref=_GATVGwcTdnVlpDZLNyYrA&id=513531470&session=7290
16:07:11 | INFO | Request Body: ref=_GATVGwcTdnVlpDZLNyYrA&id=513531470&session=7290
16:07:11 | INFO | Headers:
16:07:11 | INFO | 	host: localhost:5656
16:07:11 | INFO | 	connection: close
16:07:11 | INFO | 	upgrade-insecure-requests: 1
16:07:11 | INFO | 	user-agent: Mozilla/5.0 (Linux; U; Android 12; ru-ru; Xiaomi 11T Build/SP1A.210812.016) AppleWebKit/537.36 (KHTML, like Gecko) Version/4.0 Chrome/100.0.4896.127 Mobile Safari/537.36 XiaoMi/MiuiBrowser/13.22.1-gn
16:07:11 | INFO | 	accept: text/html,application/xhtml+xml,application/xml;q=0.9,image/avif,image/webp,image/apng,*/*;q=0.8,application/signed-exchange;v=b3;q=0.9
16:07:11 | INFO | 	x-miorigin: app
16:07:11 | INFO | 	sec-fetch-site: none
16:07:11 | INFO | 	sec-fetch-mode: navigate
16:07:11 | INFO | 	sec-fetch-user: ?1
16:07:11 | INFO | 	sec-fetch-dest: document
16:07:11 | INFO | 	accept-encoding: gzip, deflate, br
16:07:11 | INFO | 	accept-language: ru-RU,ru;q=0.9,en-US;q=0.8,en;q=0.7
16:10:01 | INFO | GET http://localhost:5656/?ref=5B13CoKJ6L_3VPT6IUXXbA&id=513531470&session=7356
16:10:01 | INFO | Request Body: ref=5B13CoKJ6L_3VPT6IUXXbA&id=513531470&session=7356
16:10:01 | INFO | Headers:
16:10:01 | INFO | 	host: localhost:5656
16:10:01 | INFO | 	connection: close
16:10:01 | INFO | 	upgrade-insecure-requests: 1
16:10:01 | INFO | 	user-agent: Mozilla/5.0 (Linux; U; Android 12; ru-ru; Xiaomi 11T Build/SP1A.210812.016) AppleWebKit/537.36 (KHTML, like Gecko) Version/4.0 Chrome/100.0.4896.127 Mobile Safari/537.36 XiaoMi/MiuiBrowser/13.22.1-gn
16:10:01 | INFO | 	accept: text/html,application/xhtml+xml,application/xml;q=0.9,image/avif,image/webp,image/apng,*/*;q=0.8,application/signed-exchange;v=b3;q=0.9
16:10:01 | INFO | 	x-miorigin: app
16:10:01 | INFO | 	sec-fetch-site: none
16:10:01 | INFO | 	sec-fetch-mode: navigate
16:10:01 | INFO | 	sec-fetch-user: ?1
16:10:01 | INFO | 	sec-fetch-dest: document
16:10:01 | INFO | 	accept-encoding: gzip, deflate, br
16:10:01 | INFO | 	accept-language: ru-RU,ru;q=0.9,en-US;q=0.8,en;q=0.7
16:11:24 | INFO | GET http://localhost:5656/?ref=raung1VmOe0f7xzNqJQ8Cw&id=443910404&session=7361
16:11:24 | INFO | Request Body: ref=raung1VmOe0f7xzNqJQ8Cw&id=443910404&session=7361
16:11:24 | INFO | Headers:
16:11:24 | INFO | 	host: localhost:5656
16:11:24 | INFO | 	connection: close
16:11:24 | INFO | 	accept-language: ru-RU,ru,en-US,en
16:11:24 | INFO | 	upgrade-insecure-requests: 1
16:11:24 | INFO | 	user-agent: Mozilla/5.0 (Linux; Android 12; SAMSUNG SM-G970F) AppleWebKit/537.36 (KHTML, like Gecko) SamsungBrowser/19.0 Chrome/102.0.5005.125 Mobile Safari/537.36
16:11:24 | INFO | 	accept: text/html,application/xhtml+xml,application/xml;q=0.9,image/avif,image/webp,image/apng,*/*;q=0.8,application/signed-exchange;v=b3;q=0.9
16:11:24 | INFO | 	sec-fetch-site: none
16:11:24 | INFO | 	sec-fetch-mode: navigate
16:11:24 | INFO | 	sec-fetch-dest: document
16:11:24 | INFO | 	accept-encoding: gzip, deflate, br
16:12:09 | INFO | GET http://localhost:5656/?ref=VHbZAE5B0285xozL14UWZw&id=443910404&session=7361
16:12:09 | INFO | Request Body: ref=VHbZAE5B0285xozL14UWZw&id=443910404&session=7361
16:12:09 | INFO | Headers:
16:12:09 | INFO | 	host: localhost:5656
16:12:09 | INFO | 	connection: close
16:12:09 | INFO | 	accept-language: ru-RU,ru,en-US,en
16:12:09 | INFO | 	upgrade-insecure-requests: 1
16:12:09 | INFO | 	user-agent: Mozilla/5.0 (Linux; Android 12; SAMSUNG SM-G970F) AppleWebKit/537.36 (KHTML, like Gecko) SamsungBrowser/19.0 Chrome/102.0.5005.125 Mobile Safari/537.36
16:12:09 | INFO | 	accept: text/html,application/xhtml+xml,application/xml;q=0.9,image/avif,image/webp,image/apng,*/*;q=0.8,application/signed-exchange;v=b3;q=0.9
16:12:09 | INFO | 	sec-fetch-site: none
16:12:09 | INFO | 	sec-fetch-mode: navigate
16:12:09 | INFO | 	sec-fetch-dest: document
16:12:09 | INFO | 	accept-encoding: gzip, deflate, br
16:12:21 | INFO | GET http://localhost:5656/?ref=VHbZAE5B0285xozL14UWZw&id=443910404&session=7361
16:12:21 | INFO | Request Body: ref=VHbZAE5B0285xozL14UWZw&id=443910404&session=7361
16:12:21 | INFO | Headers:
16:12:21 | INFO | 	host: localhost:5656
16:12:21 | INFO | 	connection: close
16:12:21 | INFO | 	accept-language: ru-RU,ru,en-US,en
16:12:21 | INFO | 	upgrade-insecure-requests: 1
16:12:21 | INFO | 	user-agent: Mozilla/5.0 (Linux; Android 12; SAMSUNG SM-G970F) AppleWebKit/537.36 (KHTML, like Gecko) SamsungBrowser/19.0 Chrome/102.0.5005.125 Mobile Safari/537.36
16:12:21 | INFO | 	accept: text/html,application/xhtml+xml,application/xml;q=0.9,image/avif,image/webp,image/apng,*/*;q=0.8,application/signed-exchange;v=b3;q=0.9
16:12:21 | INFO | 	sec-fetch-site: none
16:12:21 | INFO | 	sec-fetch-mode: navigate
16:12:21 | INFO | 	sec-fetch-dest: document
16:12:21 | INFO | 	accept-encoding: gzip, deflate, br
16:12:33 | INFO | GET http://localhost:5656/?ref=VHbZAE5B0285xozL14UWZw&id=443910404&session=7361
16:12:33 | INFO | Request Body: ref=VHbZAE5B0285xozL14UWZw&id=443910404&session=7361
16:12:33 | INFO | Headers:
16:12:33 | INFO | 	host: localhost:5656
16:12:33 | INFO | 	connection: close
16:12:33 | INFO | 	cache-control: max-age=0
16:12:33 | INFO | 	accept-language: ru-RU,ru,en-US,en
16:12:33 | INFO | 	upgrade-insecure-requests: 1
16:12:33 | INFO | 	user-agent: Mozilla/5.0 (Linux; Android 12; SAMSUNG SM-G970F) AppleWebKit/537.36 (KHTML, like Gecko) SamsungBrowser/19.0 Chrome/102.0.5005.125 Mobile Safari/537.36
16:12:33 | INFO | 	accept: text/html,application/xhtml+xml,application/xml;q=0.9,image/avif,image/webp,image/apng,*/*;q=0.8,application/signed-exchange;v=b3;q=0.9
16:12:33 | INFO | 	sec-fetch-site: none
16:12:33 | INFO | 	sec-fetch-mode: navigate
16:12:33 | INFO | 	sec-fetch-user: ?1
16:12:33 | INFO | 	sec-fetch-dest: document
16:12:33 | INFO | 	accept-encoding: gzip, deflate, br
16:12:38 | INFO | GET http://localhost:5656/?ref=VHbZAE5B0285xozL14UWZw&id=443910404&session=7361
16:12:38 | INFO | Request Body: ref=VHbZAE5B0285xozL14UWZw&id=443910404&session=7361
16:12:38 | INFO | Headers:
16:12:38 | INFO | 	host: localhost:5656
16:12:38 | INFO | 	connection: close
16:12:38 | INFO | 	accept-language: ru-RU,ru,en-US,en
16:12:38 | INFO | 	upgrade-insecure-requests: 1
16:12:38 | INFO | 	user-agent: Mozilla/5.0 (Linux; Android 12; SAMSUNG SM-G970F) AppleWebKit/537.36 (KHTML, like Gecko) SamsungBrowser/19.0 Chrome/102.0.5005.125 Mobile Safari/537.36
16:12:38 | INFO | 	accept: text/html,application/xhtml+xml,application/xml;q=0.9,image/avif,image/webp,image/apng,*/*;q=0.8,application/signed-exchange;v=b3;q=0.9
16:12:38 | INFO | 	sec-fetch-site: none
16:12:38 | INFO | 	sec-fetch-mode: navigate
16:12:38 | INFO | 	sec-fetch-dest: document
16:12:38 | INFO | 	accept-encoding: gzip, deflate, br
16:13:23 | INFO | GET http://localhost:5656/?ref=od0krRTvaLgmS9cmqhOnZQ&id=443910404&session=7361
16:13:23 | INFO | Request Body: ref=od0krRTvaLgmS9cmqhOnZQ&id=443910404&session=7361
16:13:23 | INFO | Headers:
16:13:23 | INFO | 	host: localhost:5656
16:13:23 | INFO | 	connection: close
16:13:23 | INFO | 	accept-language: ru-RU,ru,en-US,en
16:13:23 | INFO | 	upgrade-insecure-requests: 1
16:13:23 | INFO | 	user-agent: Mozilla/5.0 (Linux; Android 12; SAMSUNG SM-G970F) AppleWebKit/537.36 (KHTML, like Gecko) SamsungBrowser/19.0 Chrome/102.0.5005.125 Mobile Safari/537.36
16:13:23 | INFO | 	accept: text/html,application/xhtml+xml,application/xml;q=0.9,image/avif,image/webp,image/apng,*/*;q=0.8,application/signed-exchange;v=b3;q=0.9
16:13:23 | INFO | 	sec-fetch-site: none
16:13:23 | INFO | 	sec-fetch-mode: navigate
16:13:23 | INFO | 	sec-fetch-dest: document
16:13:23 | INFO | 	accept-encoding: gzip, deflate, br
16:19:30 | INFO | GET http://localhost:5656/?ref=W2tMOj_9jC23_LboAzQ-9g&id=648665909&session=7115
16:19:30 | INFO | Request Body: ref=W2tMOj_9jC23_LboAzQ-9g&id=648665909&session=7115
16:19:30 | INFO | Headers:
16:19:30 | INFO | 	host: localhost:5656
16:19:30 | INFO | 	connection: close
16:19:30 | INFO | 	upgrade-insecure-requests: 1
16:19:30 | INFO | 	user-agent: Mozilla/5.0 (Linux; Android 8.0.0; SM-G950U) AppleWebKit/537.36 (KHTML, like Gecko) Chrome/109.0.0.0 Mobile Safari/537.36
16:19:30 | INFO | 	accept: text/html,application/xhtml+xml,application/xml;q=0.9,image/avif,image/webp,image/apng,*/*;q=0.8,application/signed-exchange;v=b3;q=0.9
16:19:30 | INFO | 	sec-fetch-site: none
16:19:30 | INFO | 	sec-fetch-mode: navigate
16:19:30 | INFO | 	sec-fetch-dest: document
16:19:30 | INFO | 	sec-ch-ua: "Not_A Brand";v="99", "Google Chrome";v="109", "Chromium";v="109"
16:19:30 | INFO | 	sec-ch-ua-mobile: ?1
16:19:30 | INFO | 	sec-ch-ua-platform: "Android"
16:19:30 | INFO | 	referer: android-app://org.telegram.messenger/
16:19:30 | INFO | 	accept-encoding: gzip, deflate, br
16:19:30 | INFO | 	accept-language: ru-RU,ru;q=0.9,en-US;q=0.8,en;q=0.7
16:20:54 | INFO | GET http://localhost:5656/?ref=_CSDceC5kkki4RoqwX4SRA&id=1354396983&session=7389
16:20:54 | INFO | Request Body: ref=_CSDceC5kkki4RoqwX4SRA&id=1354396983&session=7389
16:20:54 | INFO | Headers:
16:20:54 | INFO | 	host: localhost:5656
16:20:54 | INFO | 	connection: close
16:20:54 | INFO | 	upgrade-insecure-requests: 1
16:20:54 | INFO | 	user-agent: Mozilla/5.0 (Linux; Android 10; SM-J600F) AppleWebKit/537.36 (KHTML, like Gecko) Chrome/108.0.0.0 Mobile Safari/537.36
16:20:54 | INFO | 	accept: text/html,application/xhtml+xml,application/xml;q=0.9,image/avif,image/webp,image/apng,*/*;q=0.8,application/signed-exchange;v=b3;q=0.9
16:20:54 | INFO | 	sec-fetch-site: none
16:20:54 | INFO | 	sec-fetch-mode: navigate
16:20:54 | INFO | 	sec-fetch-dest: document
16:20:54 | INFO | 	sec-ch-ua: "Not?A_Brand";v="8", "Chromium";v="108", "Google Chrome";v="108"
16:20:54 | INFO | 	sec-ch-ua-mobile: ?1
16:20:54 | INFO | 	sec-ch-ua-platform: "Android"
16:20:54 | INFO | 	referer: android-app://org.telegram.messenger/
16:20:54 | INFO | 	accept-encoding: gzip, deflate, br
16:20:54 | INFO | 	accept-language: ru-RU,ru;q=0.9,en-US;q=0.8,en;q=0.7
16:21:04 | INFO | GET http://localhost:5656/?ref=Es-LjItJ66Pha8847tXIIw&id=853516179&session=7399
16:21:04 | INFO | Request Body: ref=Es-LjItJ66Pha8847tXIIw&id=853516179&session=7399
16:21:04 | INFO | Headers:
16:21:04 | INFO | 	host: localhost:5656
16:21:04 | INFO | 	connection: close
16:21:04 | INFO | 	accept-language: ru-RU,ru,en-US,en
16:21:04 | INFO | 	upgrade-insecure-requests: 1
16:21:04 | INFO | 	user-agent: Mozilla/5.0 (Linux; Android 13; SAMSUNG SM-A225F) AppleWebKit/537.36 (KHTML, like Gecko) SamsungBrowser/19.0 Chrome/102.0.5005.125 Mobile Safari/537.36
16:21:04 | INFO | 	accept: text/html,application/xhtml+xml,application/xml;q=0.9,image/avif,image/webp,image/apng,*/*;q=0.8,application/signed-exchange;v=b3;q=0.9
16:21:04 | INFO | 	sec-fetch-site: none
16:21:04 | INFO | 	sec-fetch-mode: navigate
16:21:04 | INFO | 	sec-fetch-dest: document
16:21:04 | INFO | 	accept-encoding: gzip, deflate, br
16:21:48 | INFO | GET http://localhost:5656/?ref=WzXlC_0CA4izkVpbDDaLdw&id=648665909&session=7115
16:21:48 | INFO | Request Body: ref=WzXlC_0CA4izkVpbDDaLdw&id=648665909&session=7115
16:21:48 | INFO | Headers:
16:21:48 | INFO | 	host: localhost:5656
16:21:48 | INFO | 	connection: close
16:21:48 | INFO | 	upgrade-insecure-requests: 1
16:21:48 | INFO | 	user-agent: Mozilla/5.0 (Linux; Android 8.0.0; SM-G950U) AppleWebKit/537.36 (KHTML, like Gecko) Chrome/109.0.0.0 Mobile Safari/537.36
16:21:48 | INFO | 	accept: text/html,application/xhtml+xml,application/xml;q=0.9,image/avif,image/webp,image/apng,*/*;q=0.8,application/signed-exchange;v=b3;q=0.9
16:21:48 | INFO | 	sec-fetch-site: none
16:21:48 | INFO | 	sec-fetch-mode: navigate
16:21:48 | INFO | 	sec-fetch-dest: document
16:21:48 | INFO | 	sec-ch-ua: "Not_A Brand";v="99", "Google Chrome";v="109", "Chromium";v="109"
16:21:48 | INFO | 	sec-ch-ua-mobile: ?1
16:21:48 | INFO | 	sec-ch-ua-platform: "Android"
16:21:48 | INFO | 	referer: android-app://org.telegram.messenger/
16:21:48 | INFO | 	accept-encoding: gzip, deflate, br
16:21:48 | INFO | 	accept-language: ru-RU,ru;q=0.9,en-US;q=0.8,en;q=0.7
16:24:25 | INFO | GET http://localhost:5656/?ref=dYZVPnVXSkxf-0ATuRozSg&id=648665909&session=7115
16:24:25 | INFO | Request Body: ref=dYZVPnVXSkxf-0ATuRozSg&id=648665909&session=7115
16:24:25 | INFO | Headers:
16:24:25 | INFO | 	host: localhost:5656
16:24:25 | INFO | 	connection: close
16:24:25 | INFO | 	upgrade-insecure-requests: 1
16:24:25 | INFO | 	user-agent: Mozilla/5.0 (Linux; Android 8.0.0; SM-G950U) AppleWebKit/537.36 (KHTML, like Gecko) Chrome/109.0.0.0 Mobile Safari/537.36
16:24:25 | INFO | 	accept: text/html,application/xhtml+xml,application/xml;q=0.9,image/avif,image/webp,image/apng,*/*;q=0.8,application/signed-exchange;v=b3;q=0.9
16:24:25 | INFO | 	sec-fetch-site: none
16:24:25 | INFO | 	sec-fetch-mode: navigate
16:24:25 | INFO | 	sec-fetch-dest: document
16:24:25 | INFO | 	sec-ch-ua: "Not_A Brand";v="99", "Google Chrome";v="109", "Chromium";v="109"
16:24:25 | INFO | 	sec-ch-ua-mobile: ?1
16:24:25 | INFO | 	sec-ch-ua-platform: "Android"
16:24:25 | INFO | 	referer: android-app://org.telegram.messenger/
16:24:25 | INFO | 	accept-encoding: gzip, deflate, br
16:24:25 | INFO | 	accept-language: ru-RU,ru;q=0.9,en-US;q=0.8,en;q=0.7
16:25:04 | INFO | GET http://localhost:5656/?ref=_VDB5l7iWa07pnPqIFFTfw&id=1062936230&session=6393
16:25:04 | INFO | Request Body: ref=_VDB5l7iWa07pnPqIFFTfw&id=1062936230&session=6393
16:25:04 | INFO | Headers:
16:25:04 | INFO | 	host: localhost:5656
16:25:04 | INFO | 	connection: close
16:25:04 | INFO | 	upgrade-insecure-requests: 1
16:25:04 | INFO | 	accept: text/html,application/xhtml+xml,application/xml;q=0.9,*/*;q=0.8
16:25:04 | INFO | 	user-agent: Mozilla/5.0 (iPhone; CPU iPhone OS 13_6 like Mac OS X) AppleWebKit/605.1.15 (KHTML, like Gecko) Version/13.1.2 Mobile/15E148 Safari/604.1
16:25:04 | INFO | 	accept-language: ru
16:25:04 | INFO | 	accept-encoding: gzip, deflate
16:44:18 | INFO | GET http://localhost:5656/?ref=raung1VmOe0f7xzNqJQ8Cw&id=648665909&session=7432
16:44:18 | INFO | Request Body: ref=raung1VmOe0f7xzNqJQ8Cw&id=648665909&session=7432
16:44:18 | INFO | Headers:
16:44:18 | INFO | 	host: localhost:5656
16:44:18 | INFO | 	connection: close
16:44:18 | INFO | 	upgrade-insecure-requests: 1
16:44:18 | INFO | 	user-agent: Mozilla/5.0 (Linux; Android 8.0.0; SM-G950U) AppleWebKit/537.36 (KHTML, like Gecko) Chrome/109.0.0.0 Mobile Safari/537.36
16:44:18 | INFO | 	accept: text/html,application/xhtml+xml,application/xml;q=0.9,image/avif,image/webp,image/apng,*/*;q=0.8,application/signed-exchange;v=b3;q=0.9
16:44:18 | INFO | 	sec-fetch-site: none
16:44:18 | INFO | 	sec-fetch-mode: navigate
16:44:18 | INFO | 	sec-fetch-dest: document
16:44:18 | INFO | 	sec-ch-ua: "Not_A Brand";v="99", "Google Chrome";v="109", "Chromium";v="109"
16:44:18 | INFO | 	sec-ch-ua-mobile: ?1
16:44:18 | INFO | 	sec-ch-ua-platform: "Android"
16:44:18 | INFO | 	referer: android-app://org.telegram.messenger/
16:44:18 | INFO | 	accept-encoding: gzip, deflate, br
16:44:18 | INFO | 	accept-language: ru-RU,ru;q=0.9,en-US;q=0.8,en;q=0.7
17:13:09 | INFO | GET http://localhost:5656/?ref=U0fLWeiQgbkaw3-lwLkkQg&id=782937746&session=7505
17:13:09 | INFO | Request Body: ref=U0fLWeiQgbkaw3-lwLkkQg&id=782937746&session=7505
17:13:09 | INFO | Headers:
17:13:09 | INFO | 	host: localhost:5656
17:13:09 | INFO | 	connection: close
17:13:09 | INFO | 	upgrade-insecure-requests: 1
17:13:09 | INFO | 	accept: text/html,application/xhtml+xml,application/xml;q=0.9,*/*;q=0.8
17:13:09 | INFO | 	user-agent: Mozilla/5.0 (iPhone; CPU iPhone OS 16_0_3 like Mac OS X) AppleWebKit/605.1.15 (KHTML, like Gecko) Version/16.0 Mobile/15E148 Safari/604.1
17:13:09 | INFO | 	accept-language: ru
17:13:09 | INFO | 	accept-encoding: gzip, deflate
17:18:34 | INFO | GET http://localhost:5656/?ref=r8JXdunBR-nfbAAFSgmc6A&id=713352065&session=7515
17:18:34 | INFO | Request Body: ref=r8JXdunBR-nfbAAFSgmc6A&id=713352065&session=7515
17:18:34 | INFO | Headers:
17:18:34 | INFO | 	host: localhost:5656
17:18:34 | INFO | 	connection: close
17:18:34 | INFO | 	upgrade-insecure-requests: 1
17:18:34 | INFO | 	user-agent: Mozilla/5.0 (Linux; Android 12; vivo 1907; wv) AppleWebKit/537.36 (KHTML, like Gecko) Chrome/62.0.3202.84 Mobile Safari/537.36 VivoBrowser/7.12.3.4
17:18:34 | INFO | 	accept: text/html,application/xhtml+xml,application/xml;q=0.9,image/webp,image/apng,*/*;q=0.8
17:18:34 | INFO | 	accept-encoding: gzip, deflate, br
17:18:34 | INFO | 	accept-language: ru-RU,en-US;q=0.9
17:25:59 | INFO | GET http://localhost:5656/?ref=fcvYgkQdaCAoUCe9YrXL5g&id=957457386&session=7524
17:25:59 | INFO | Request Body: ref=fcvYgkQdaCAoUCe9YrXL5g&id=957457386&session=7524
17:25:59 | INFO | Headers:
17:25:59 | INFO | 	host: localhost:5656
17:25:59 | INFO | 	connection: close
17:25:59 | INFO | 	upgrade-insecure-requests: 1
17:25:59 | INFO | 	user-agent: Mozilla/5.0 (Linux; Android 10; YAL-L41) AppleWebKit/537.36 (KHTML, like Gecko) Chrome/108.0.0.0 Mobile Safari/537.36
17:25:59 | INFO | 	accept: text/html,application/xhtml+xml,application/xml;q=0.9,image/avif,image/webp,image/apng,*/*;q=0.8,application/signed-exchange;v=b3;q=0.9
17:25:59 | INFO | 	sec-fetch-site: none
17:25:59 | INFO | 	sec-fetch-mode: navigate
17:25:59 | INFO | 	sec-fetch-dest: document
17:25:59 | INFO | 	sec-ch-ua: "Not?A_Brand";v="8", "Chromium";v="108", "Google Chrome";v="108"
17:25:59 | INFO | 	sec-ch-ua-mobile: ?1
17:25:59 | INFO | 	sec-ch-ua-platform: "Android"
17:25:59 | INFO | 	referer: android-app://org.telegram.messenger/
17:25:59 | INFO | 	accept-encoding: gzip, deflate, br
17:25:59 | INFO | 	accept-language: ru-RU,ru;q=0.9,en-US;q=0.8,en;q=0.7
17:26:24 | INFO | GET http://localhost:5656/?ref=fcvYgkQdaCAoUCe9YrXL5g&id=957457386&session=7524
17:26:24 | INFO | Request Body: ref=fcvYgkQdaCAoUCe9YrXL5g&id=957457386&session=7524
17:26:24 | INFO | Headers:
17:26:24 | INFO | 	host: localhost:5656
17:26:24 | INFO | 	connection: close
17:26:24 | INFO | 	upgrade-insecure-requests: 1
17:26:24 | INFO | 	user-agent: Mozilla/5.0 (Linux; Android 10; YAL-L41) AppleWebKit/537.36 (KHTML, like Gecko) Chrome/108.0.0.0 Mobile Safari/537.36
17:26:24 | INFO | 	accept: text/html,application/xhtml+xml,application/xml;q=0.9,image/avif,image/webp,image/apng,*/*;q=0.8,application/signed-exchange;v=b3;q=0.9
17:26:24 | INFO | 	sec-fetch-site: none
17:26:24 | INFO | 	sec-fetch-mode: navigate
17:26:24 | INFO | 	sec-fetch-dest: document
17:26:24 | INFO | 	sec-ch-ua: "Not?A_Brand";v="8", "Chromium";v="108", "Google Chrome";v="108"
17:26:24 | INFO | 	sec-ch-ua-mobile: ?1
17:26:24 | INFO | 	sec-ch-ua-platform: "Android"
17:26:24 | INFO | 	referer: android-app://org.telegram.messenger/
17:26:24 | INFO | 	accept-encoding: gzip, deflate, br
17:26:24 | INFO | 	accept-language: ru-RU,ru;q=0.9,en-US;q=0.8,en;q=0.7
17:28:17 | INFO | GET http://localhost:5656/?ref=7InY5fTdTa8MDGWiatE_AQ&id=957457386&session=7524
17:28:17 | INFO | Request Body: ref=7InY5fTdTa8MDGWiatE_AQ&id=957457386&session=7524
17:28:17 | INFO | Headers:
17:28:17 | INFO | 	host: localhost:5656
17:28:17 | INFO | 	connection: close
17:28:17 | INFO | 	upgrade-insecure-requests: 1
17:28:17 | INFO | 	user-agent: Mozilla/5.0 (Linux; Android 10; YAL-L41) AppleWebKit/537.36 (KHTML, like Gecko) Chrome/108.0.0.0 Mobile Safari/537.36
17:28:17 | INFO | 	accept: text/html,application/xhtml+xml,application/xml;q=0.9,image/avif,image/webp,image/apng,*/*;q=0.8,application/signed-exchange;v=b3;q=0.9
17:28:17 | INFO | 	sec-fetch-site: none
17:28:17 | INFO | 	sec-fetch-mode: navigate
17:28:17 | INFO | 	sec-fetch-dest: document
17:28:17 | INFO | 	sec-ch-ua: "Not?A_Brand";v="8", "Chromium";v="108", "Google Chrome";v="108"
17:28:17 | INFO | 	sec-ch-ua-mobile: ?1
17:28:17 | INFO | 	sec-ch-ua-platform: "Android"
17:28:17 | INFO | 	referer: android-app://org.telegram.messenger/
17:28:17 | INFO | 	accept-encoding: gzip, deflate, br
17:28:17 | INFO | 	accept-language: ru-RU,ru;q=0.9,en-US;q=0.8,en;q=0.7
17:51:53 | INFO | GET http://localhost:5656/?ref=AvkbIDGoQiK0H7CemaVBuQ&id=359078300&session=7571
17:51:53 | INFO | Request Body: ref=AvkbIDGoQiK0H7CemaVBuQ&id=359078300&session=7571
17:51:53 | INFO | Headers:
17:51:53 | INFO | 	host: localhost:5656
17:51:53 | INFO | 	connection: close
17:51:53 | INFO | 	upgrade-insecure-requests: 1
17:51:53 | INFO | 	accept: text/html,application/xhtml+xml,application/xml;q=0.9,*/*;q=0.8
17:51:53 | INFO | 	user-agent: Mozilla/5.0 (iPhone; CPU iPhone OS 16_1_1 like Mac OS X) AppleWebKit/605.1.15 (KHTML, like Gecko) Version/16.1 Mobile/15E148 Safari/604.1
17:51:53 | INFO | 	accept-language: ru
17:51:53 | INFO | 	accept-encoding: gzip, deflate
18:01:25 | INFO | GET http://localhost:5656/
18:01:25 | INFO | Request Body: 
18:01:25 | INFO | Headers:
18:01:25 | INFO | 	host: localhost:5656
18:01:25 | INFO | 	connection: close
18:01:25 | INFO | 	upgrade-insecure-requests: 1
18:01:25 | INFO | 	user-agent: Mozilla/5.0 (compatible; YandexMetrika/2.0; +http://yandex.com/bots)
18:01:25 | INFO | 	accept: text/html,application/xhtml+xml,application/xml;q=0.9,image/avif,image/webp,image/apng,*/*;q=0.8,application/signed-exchange;v=b3;q=0.9
18:01:25 | INFO | 	sec-fetch-site: none
18:01:25 | INFO | 	sec-fetch-mode: navigate
18:01:25 | INFO | 	sec-fetch-user: ?1
18:01:25 | INFO | 	sec-fetch-dest: document
18:01:25 | INFO | 	accept-encoding: gzip, deflate, br
18:01:25 | INFO | 	accept-language: en-US
18:09:10 | INFO | GET http://localhost:5656/?ref=W2tMOj_9jC23_LboAzQ-9g&id=947002922&session=7580
18:09:10 | INFO | Request Body: ref=W2tMOj_9jC23_LboAzQ-9g&id=947002922&session=7580
18:09:10 | INFO | Headers:
18:09:10 | INFO | 	host: localhost:5656
18:09:10 | INFO | 	connection: close
18:09:10 | INFO | 	upgrade-insecure-requests: 1
18:09:10 | INFO | 	accept: text/html,application/xhtml+xml,application/xml;q=0.9,*/*;q=0.8
18:09:10 | INFO | 	user-agent: Mozilla/5.0 (iPhone; CPU iPhone OS 16_2 like Mac OS X) AppleWebKit/605.1.15 (KHTML, like Gecko) Version/16.2 Mobile/15E148 Safari/604.1
18:09:10 | INFO | 	accept-language: ru
18:09:10 | INFO | 	accept-encoding: gzip, deflate
18:18:45 | INFO | GET http://localhost:5656/?ref=_GATVGwcTdnVlpDZLNyYrA&id=5129787362&session=7599
18:18:45 | INFO | Request Body: ref=_GATVGwcTdnVlpDZLNyYrA&id=5129787362&session=7599
18:18:45 | INFO | Headers:
18:18:45 | INFO | 	host: localhost:5656
18:18:45 | INFO | 	connection: close
18:18:45 | INFO | 	upgrade-insecure-requests: 1
18:18:45 | INFO | 	user-agent: Mozilla/5.0 (Linux; Android 10; MGA-LX9N; HMSCore 6.9.0.302) AppleWebKit/537.36 (KHTML, like Gecko) Chrome/92.0.4515.105 HuaweiBrowser/12.1.3.304 Mobile Safari/537.36
18:18:45 | INFO | 	accept: text/html,application/xhtml+xml,application/xml;q=0.9,image/webp,image/apng,*/*;q=0.8,application/signed-exchange;v=b3;q=0.9
18:18:45 | INFO | 	sec-fetch-site: none
18:18:45 | INFO | 	sec-fetch-mode: navigate
18:18:45 | INFO | 	sec-fetch-user: ?1
18:18:45 | INFO | 	sec-fetch-dest: document
18:18:45 | INFO | 	sec-ch-ua: "Chromium";v="92", " Not A;Brand";v="99", "HuaweiBrowser";v="92"
18:18:45 | INFO | 	sec-ch-ua-mobile: ?1
18:18:45 | INFO | 	accept-encoding: gzip, deflate, br
18:18:45 | INFO | 	accept-language: ru-RU,ru;q=0.9,en-US;q=0.8,en;q=0.7
18:30:12 | INFO | GET http://localhost:5656/?ref=dYZVPnVXSkxf-0ATuRozSg&id=763461672&session=7624
18:30:12 | INFO | Request Body: ref=dYZVPnVXSkxf-0ATuRozSg&id=763461672&session=7624
18:30:12 | INFO | Headers:
18:30:12 | INFO | 	host: localhost:5656
18:30:12 | INFO | 	connection: close
18:30:12 | INFO | 	upgrade-insecure-requests: 1
18:30:12 | INFO | 	accept: text/html,application/xhtml+xml,application/xml;q=0.9,*/*;q=0.8
18:30:12 | INFO | 	user-agent: Mozilla/5.0 (iPhone; CPU iPhone OS 16_1_1 like Mac OS X) AppleWebKit/605.1.15 (KHTML, like Gecko) Version/16.1 Mobile/15E148 Safari/604.1
18:30:12 | INFO | 	accept-language: ru
18:30:12 | INFO | 	accept-encoding: gzip, deflate
18:31:51 | INFO | GET http://localhost:5656/
18:31:51 | INFO | Request Body: 
18:31:51 | INFO | Headers:
18:31:51 | INFO | 	host: localhost:5656
18:31:51 | INFO | 	connection: close
18:31:51 | INFO | 	cache-control: no-cache
18:31:52 | INFO | 	pragma: no-cache
18:31:52 | INFO | 	accept: */*
18:31:52 | INFO | 	accept-encoding: gzip, deflate
18:31:52 | INFO | 	from: bingbot(at)microsoft.com
18:31:52 | INFO | 	user-agent: Mozilla/5.0 AppleWebKit/537.36 (KHTML, like Gecko; compatible; bingbot/2.0; +http://www.bing.com/bingbot.htm) Chrome/103.0.5060.134 Safari/537.36
18:33:18 | INFO | GET http://localhost:5656/?ref=Yt77Lhf_om2m7mQYBZ-BYw&id=472584206&session=7631
18:33:18 | INFO | Request Body: ref=Yt77Lhf_om2m7mQYBZ-BYw&id=472584206&session=7631
18:33:18 | INFO | Headers:
18:33:18 | INFO | 	host: localhost:5656
18:33:18 | INFO | 	connection: close
18:33:18 | INFO | 	upgrade-insecure-requests: 1
18:33:18 | INFO | 	user-agent: Mozilla/5.0 (Linux; arm_64; Android 12; SM-M215F) AppleWebKit/537.36 (KHTML, like Gecko) Chrome/106.0.0.0 YaBrowser/22.11.7.42.00 SA/3 Mobile Safari/537.36
18:33:18 | INFO | 	accept: text/html,application/xhtml+xml,application/xml;q=0.9,image/avif,image/webp,image/apng,*/*;q=0.8,application/signed-exchange;v=b3;q=0.9
18:33:18 | INFO | 	sec-fetch-site: none
18:33:18 | INFO | 	sec-fetch-mode: navigate
18:33:18 | INFO | 	sec-fetch-user: ?1
18:33:18 | INFO | 	sec-fetch-dest: document
18:33:18 | INFO | 	sec-ch-ua: "Chromium";v="106", "Yandex";v="22", "Not;A=Brand";v="99"
18:33:18 | INFO | 	sec-ch-ua-mobile: ?1
18:33:18 | INFO | 	sec-ch-ua-platform: "Android"
18:33:18 | INFO | 	accept-encoding: gzip, deflate, br, sdch
18:33:18 | INFO | 	accept-language: ru-RU,ru;q=0.9,en-US;q=0.8,en;q=0.7
18:33:57 | INFO | GET http://localhost:5656/?ref=WzXlC_0CA4izkVpbDDaLdw&id=950775661&session=7639
18:33:57 | INFO | Request Body: ref=WzXlC_0CA4izkVpbDDaLdw&id=950775661&session=7639
18:33:57 | INFO | Headers:
18:33:57 | INFO | 	host: localhost:5656
18:33:57 | INFO | 	connection: close
18:33:57 | INFO | 	upgrade-insecure-requests: 1
18:33:57 | INFO | 	user-agent: Mozilla/5.0 (Linux; Android 11; SM-A505FM) AppleWebKit/537.36 (KHTML, like Gecko) Chrome/109.0.0.0 Mobile Safari/537.36
18:33:57 | INFO | 	accept: text/html,application/xhtml+xml,application/xml;q=0.9,image/avif,image/webp,image/apng,*/*;q=0.8,application/signed-exchange;v=b3;q=0.9
18:33:57 | INFO | 	sec-fetch-site: cross-site
18:33:57 | INFO | 	sec-fetch-mode: navigate
18:33:57 | INFO | 	sec-fetch-dest: document
18:33:57 | INFO | 	sec-ch-ua: "Not_A Brand";v="99", "Google Chrome";v="109", "Chromium";v="109"
18:33:57 | INFO | 	sec-ch-ua-mobile: ?1
18:33:57 | INFO | 	sec-ch-ua-platform: "Android"
18:33:57 | INFO | 	accept-encoding: gzip, deflate, br
18:33:57 | INFO | 	accept-language: ru-RU,ru;q=0.9,en-US;q=0.8,en;q=0.7
18:36:48 | INFO | GET http://localhost:5656/?ref=0xtlqesoBx7uzXUW-Ghl7A&id=238050624&session=7642
18:36:48 | INFO | Request Body: ref=0xtlqesoBx7uzXUW-Ghl7A&id=238050624&session=7642
18:36:48 | INFO | Headers:
18:36:48 | INFO | 	host: localhost:5656
18:36:48 | INFO | 	connection: close
18:36:48 | INFO | 	upgrade-insecure-requests: 1
18:36:48 | INFO | 	accept: text/html,application/xhtml+xml,application/xml;q=0.9,*/*;q=0.8
18:36:48 | INFO | 	user-agent: Mozilla/5.0 (iPhone; CPU iPhone OS 15_7_1 like Mac OS X) AppleWebKit/605.1.15 (KHTML, like Gecko) Version/15.6.3 Mobile/15E148 Safari/604.1
18:36:48 | INFO | 	accept-language: ru
18:36:48 | INFO | 	accept-encoding: gzip, deflate
18:57:58 | INFO | GET http://localhost:5656/?ref=_CSDceC5kkki4RoqwX4SRA&id=1260228524&session=7683
18:57:58 | INFO | Request Body: ref=_CSDceC5kkki4RoqwX4SRA&id=1260228524&session=7683
18:57:58 | INFO | Headers:
18:57:58 | INFO | 	host: localhost:5656
18:57:58 | INFO | 	connection: close
18:57:58 | INFO | 	upgrade-insecure-requests: 1
18:57:58 | INFO | 	user-agent: Mozilla/5.0 (Linux; arm_64; Android 12; 22041216G) AppleWebKit/537.36 (KHTML, like Gecko) Chrome/108.0.0.0 YaBrowser/23.1.0.330.00 SA/3 Mobile Safari/537.36
18:57:58 | INFO | 	accept: text/html,application/xhtml+xml,application/xml;q=0.9,image/avif,image/webp,image/apng,*/*;q=0.8,application/signed-exchange;v=b3;q=0.9
18:57:58 | INFO | 	sec-fetch-site: none
18:57:58 | INFO | 	sec-fetch-mode: navigate
18:57:58 | INFO | 	sec-fetch-user: ?1
18:57:58 | INFO | 	sec-fetch-dest: document
18:57:58 | INFO | 	sec-ch-ua: "Not?A_Brand";v="8", "Chromium";v="108", "Yandex";v="23"
18:57:58 | INFO | 	sec-ch-ua-mobile: ?1
18:57:58 | INFO | 	sec-ch-ua-platform: "Android"
18:57:58 | INFO | 	accept-encoding: gzip, deflate, br, sdch
18:57:58 | INFO | 	accept-language: ru-RU,ru;q=0.9,en-US;q=0.8,en;q=0.7
19:04:51 | INFO | GET http://localhost:5656/?ref=_GATVGwcTdnVlpDZLNyYrA&id=747378562&session=7703
19:04:51 | INFO | Request Body: ref=_GATVGwcTdnVlpDZLNyYrA&id=747378562&session=7703
19:04:51 | INFO | Headers:
19:04:51 | INFO | 	host: localhost:5656
19:04:51 | INFO | 	connection: close
19:04:51 | INFO | 	upgrade-insecure-requests: 1
19:04:51 | INFO | 	accept: text/html,application/xhtml+xml,application/xml;q=0.9,*/*;q=0.8
19:04:51 | INFO | 	user-agent: Mozilla/5.0 (iPhone; CPU iPhone OS 16_1_1 like Mac OS X) AppleWebKit/605.1.15 (KHTML, like Gecko) Version/16.1 Mobile/15E148 Safari/604.1
19:04:51 | INFO | 	accept-language: ru
19:04:51 | INFO | 	accept-encoding: gzip, deflate
19:34:02 | INFO | GET http://localhost:5656/?ref=5B13CoKJ6L_3VPT6IUXXbA&id=1138525426&session=7747
19:34:02 | INFO | Request Body: ref=5B13CoKJ6L_3VPT6IUXXbA&id=1138525426&session=7747
19:34:02 | INFO | Headers:
19:34:02 | INFO | 	host: localhost:5656
19:34:02 | INFO | 	connection: close
19:34:02 | INFO | 	save-data: on
19:34:02 | INFO | 	upgrade-insecure-requests: 1
19:34:02 | INFO | 	user-agent: Mozilla/5.0 (Linux; Android 10; JNY-LX1) AppleWebKit/537.36 (KHTML, like Gecko) Chrome/91.0.4472.88 Mobile Safari/537.36
19:34:02 | INFO | 	accept: text/html,application/xhtml+xml,application/xml;q=0.9,image/avif,image/webp,image/apng,*/*;q=0.8,application/signed-exchange;v=b3;q=0.9
19:34:02 | INFO | 	sec-fetch-site: none
19:34:02 | INFO | 	sec-fetch-mode: navigate
19:34:02 | INFO | 	sec-fetch-dest: document
19:34:02 | INFO | 	sec-ch-ua: " Not;A Brand";v="99", "Google Chrome";v="91", "Chromium";v="91"
19:34:02 | INFO | 	sec-ch-ua-mobile: ?1
19:34:02 | INFO | 	referer: android-app://org.telegram.messenger/
19:34:02 | INFO | 	accept-encoding: gzip, deflate, br
19:34:02 | INFO | 	accept-language: ru-RU,ru;q=0.9,en-US;q=0.8,en;q=0.7,bs;q=0.6,hu;q=0.5
20:22:27 | INFO | GET http://localhost:5656/?ref=mzZKS9DqoTgNKdYj2cLGNQ&id=406520941&session=7663
20:22:27 | INFO | Request Body: ref=mzZKS9DqoTgNKdYj2cLGNQ&id=406520941&session=7663
20:22:27 | INFO | Headers:
20:22:27 | INFO | 	host: localhost:5656
20:22:27 | INFO | 	connection: close
20:22:27 | INFO | 	upgrade-insecure-requests: 1
20:22:27 | INFO | 	accept: text/html,application/xhtml+xml,application/xml;q=0.9,*/*;q=0.8
20:22:27 | INFO | 	user-agent: Mozilla/5.0 (iPhone; CPU iPhone OS 16_1_1 like Mac OS X) AppleWebKit/605.1.15 (KHTML, like Gecko) Version/16.1 Mobile/15E148 Safari/604.1
20:22:27 | INFO | 	accept-language: ru
20:22:27 | INFO | 	accept-encoding: gzip, deflate
20:22:46 | INFO | GET http://localhost:5656/?ref=mzZKS9DqoTgNKdYj2cLGNQ&id=406520941&session=7663
20:22:46 | INFO | Request Body: ref=mzZKS9DqoTgNKdYj2cLGNQ&id=406520941&session=7663
20:22:46 | INFO | Headers:
20:22:46 | INFO | 	host: localhost:5656
20:22:46 | INFO | 	connection: close
20:22:46 | INFO | 	upgrade-insecure-requests: 1
20:22:46 | INFO | 	accept: text/html,application/xhtml+xml,application/xml;q=0.9,*/*;q=0.8
20:22:46 | INFO | 	user-agent: Mozilla/5.0 (iPhone; CPU iPhone OS 16_1_1 like Mac OS X) AppleWebKit/605.1.15 (KHTML, like Gecko) Version/16.1 Mobile/15E148 Safari/604.1
20:22:46 | INFO | 	accept-language: ru
20:22:46 | INFO | 	accept-encoding: gzip, deflate
20:33:16 | INFO | GET http://localhost:5656/?ref=zNQgMBAt_s2MXXuMpv_fSA&id=393961994&session=7790
20:33:16 | INFO | Request Body: ref=zNQgMBAt_s2MXXuMpv_fSA&id=393961994&session=7790
20:33:16 | INFO | Headers:
20:33:16 | INFO | 	host: localhost:5656
20:33:16 | INFO | 	connection: close
20:33:16 | INFO | 	upgrade-insecure-requests: 1
20:33:16 | INFO | 	accept: text/html,application/xhtml+xml,application/xml;q=0.9,*/*;q=0.8
20:33:16 | INFO | 	user-agent: Mozilla/5.0 (iPhone; CPU iPhone OS 15_3_1 like Mac OS X) AppleWebKit/605.1.15 (KHTML, like Gecko) Version/15.3 Mobile/15E148 Safari/604.1
20:33:16 | INFO | 	accept-language: ru
20:33:16 | INFO | 	accept-encoding: gzip, deflate
20:33:56 | INFO | GET http://localhost:5656/?ref=_CSDceC5kkki4RoqwX4SRA&id=161089377&session=7797
20:33:56 | INFO | Request Body: ref=_CSDceC5kkki4RoqwX4SRA&id=161089377&session=7797
20:33:56 | INFO | Headers:
20:33:56 | INFO | 	host: localhost:5656
20:33:56 | INFO | 	connection: close
20:33:56 | INFO | 	upgrade-insecure-requests: 1
20:33:56 | INFO | 	accept: text/html,application/xhtml+xml,application/xml;q=0.9,*/*;q=0.8
20:33:56 | INFO | 	user-agent: Mozilla/5.0 (iPhone; CPU iPhone OS 16_1_1 like Mac OS X) AppleWebKit/605.1.15 (KHTML, like Gecko) Version/16.1 Mobile/15E148 Safari/604.1
20:33:56 | INFO | 	accept-language: ru
20:33:56 | INFO | 	accept-encoding: gzip, deflate
20:34:13 | INFO | GET http://localhost:5656/?ref=r8JXdunBR-nfbAAFSgmc6A&id=837522841&session=7798
20:34:13 | INFO | Request Body: ref=r8JXdunBR-nfbAAFSgmc6A&id=837522841&session=7798
20:34:13 | INFO | Headers:
20:34:13 | INFO | 	host: localhost:5656
20:34:13 | INFO | 	connection: close
20:34:13 | INFO | 	upgrade-insecure-requests: 1
20:34:13 | INFO | 	accept: text/html,application/xhtml+xml,application/xml;q=0.9,*/*;q=0.8
20:34:13 | INFO | 	user-agent: Mozilla/5.0 (iPhone; CPU iPhone OS 16_0_2 like Mac OS X) AppleWebKit/605.1.15 (KHTML, like Gecko) Version/16.0 Mobile/15E148 Safari/604.1
20:34:13 | INFO | 	accept-language: ru
20:34:13 | INFO | 	accept-encoding: gzip, deflate
20:34:17 | INFO | GET http://localhost:5656/?ref=r8JXdunBR-nfbAAFSgmc6A&id=837522841&session=7798
20:34:17 | INFO | Request Body: ref=r8JXdunBR-nfbAAFSgmc6A&id=837522841&session=7798
20:34:17 | INFO | Headers:
20:34:17 | INFO | 	host: localhost:5656
20:34:17 | INFO | 	connection: close
20:34:17 | INFO | 	accept: text/html,application/xhtml+xml,application/xml;q=0.9,*/*;q=0.8
20:34:17 | INFO | 	accept-language: ru
20:34:17 | INFO | 	accept-encoding: gzip, deflate, br
20:34:17 | INFO | 	user-agent: Mozilla/5.0 (Macintosh; Intel Mac OS X 10_11_1) AppleWebKit/601.2.4 (KHTML, like Gecko) Version/9.0.1 Safari/601.2.4 facebookexternalhit/1.1 Facebot Twitterbot/1.0
20:35:45 | INFO | GET http://localhost:5656/?ref=xIfBgAVYuDA-x81kU8kaow&id=161089377&session=7797
20:35:45 | INFO | Request Body: ref=xIfBgAVYuDA-x81kU8kaow&id=161089377&session=7797
20:35:45 | INFO | Headers:
20:35:45 | INFO | 	host: localhost:5656
20:35:45 | INFO | 	connection: close
20:35:45 | INFO | 	upgrade-insecure-requests: 1
20:35:45 | INFO | 	accept: text/html,application/xhtml+xml,application/xml;q=0.9,*/*;q=0.8
20:35:45 | INFO | 	user-agent: Mozilla/5.0 (iPhone; CPU iPhone OS 16_1_1 like Mac OS X) AppleWebKit/605.1.15 (KHTML, like Gecko) Version/16.1 Mobile/15E148 Safari/604.1
20:35:45 | INFO | 	accept-language: ru
20:35:45 | INFO | 	accept-encoding: gzip, deflate
20:36:28 | INFO | GET http://localhost:5656/?ref=_GATVGwcTdnVlpDZLNyYrA&id=837522841&session=7801
20:36:28 | INFO | Request Body: ref=_GATVGwcTdnVlpDZLNyYrA&id=837522841&session=7801
20:36:28 | INFO | Headers:
20:36:28 | INFO | 	host: localhost:5656
20:36:28 | INFO | 	connection: close
20:36:28 | INFO | 	upgrade-insecure-requests: 1
20:36:28 | INFO | 	accept: text/html,application/xhtml+xml,application/xml;q=0.9,*/*;q=0.8
20:36:28 | INFO | 	user-agent: Mozilla/5.0 (iPhone; CPU iPhone OS 16_0_2 like Mac OS X) AppleWebKit/605.1.15 (KHTML, like Gecko) Version/16.0 Mobile/15E148 Safari/604.1
20:36:28 | INFO | 	accept-language: ru
20:36:28 | INFO | 	accept-encoding: gzip, deflate
20:44:49 | INFO | GET http://localhost:5656/?ref=j5HUWB-PiwhsymNVF5GI9Q&id=1725704052&session=7759
20:44:49 | INFO | Request Body: ref=j5HUWB-PiwhsymNVF5GI9Q&id=1725704052&session=7759
20:44:49 | INFO | Headers:
20:44:49 | INFO | 	host: localhost:5656
20:44:49 | INFO | 	connection: close
20:44:49 | INFO | 	upgrade-insecure-requests: 1
20:44:49 | INFO | 	accept: text/html,application/xhtml+xml,application/xml;q=0.9,*/*;q=0.8
20:44:49 | INFO | 	user-agent: Mozilla/5.0 (iPhone; CPU iPhone OS 15_3 like Mac OS X) AppleWebKit/605.1.15 (KHTML, like Gecko) Version/15.3 Mobile/15E148 Safari/604.1
20:44:49 | INFO | 	accept-language: ru
20:44:49 | INFO | 	accept-encoding: gzip, deflate
20:53:23 | INFO | GET http://localhost:5656/
20:53:23 | INFO | Request Body: 
20:53:23 | INFO | Headers:
20:53:23 | INFO | 	host: localhost:5656
20:53:23 | INFO | 	connection: close
20:53:23 | INFO | 	accept: */*
20:53:23 | INFO | 	from: googlebot(at)googlebot.com
20:53:23 | INFO | 	user-agent: Mozilla/5.0 (compatible; Googlebot/2.1; +http://www.google.com/bot.html)
20:53:23 | INFO | 	accept-encoding: gzip, deflate, br
20:53:23 | INFO | GET http://localhost:5656/
20:53:23 | INFO | Request Body: 
20:53:23 | INFO | Headers:
20:53:23 | INFO | 	host: localhost:5656
20:53:23 | INFO | 	connection: close
20:53:23 | INFO | 	accept: */*
20:53:23 | INFO | 	from: googlebot(at)googlebot.com
20:53:23 | INFO | 	user-agent: Mozilla/5.0 (Linux; Android 6.0.1; Nexus 5X Build/MMB29P) AppleWebKit/537.36 (KHTML, like Gecko) Chrome/99.0.4844.84 Mobile Safari/537.36 (compatible; Googlebot/2.1; +http://www.google.com/bot.html)
20:53:23 | INFO | 	accept-encoding: gzip, deflate, br
21:55:09 | INFO | GET http://localhost:5656/?ref=QKHR_uYHLov9gscYokefuA&id=493267283&session=7850
21:55:09 | INFO | Request Body: ref=QKHR_uYHLov9gscYokefuA&id=493267283&session=7850
21:55:09 | INFO | Headers:
21:55:09 | INFO | 	host: localhost:5656
21:55:09 | INFO | 	connection: close
21:55:09 | INFO | 	upgrade-insecure-requests: 1
21:55:09 | INFO | 	accept: text/html,application/xhtml+xml,application/xml;q=0.9,*/*;q=0.8
21:55:09 | INFO | 	user-agent: Mozilla/5.0 (iPhone; CPU iPhone OS 15_7_1 like Mac OS X) AppleWebKit/605.1.15 (KHTML, like Gecko) Version/15.6.3 Mobile/15E148 Safari/604.1
21:55:09 | INFO | 	accept-language: ru
21:55:09 | INFO | 	accept-encoding: gzip, deflate
22:06:41 | INFO | GET http://localhost:5656/?ref=xIfBgAVYuDA-x81kU8kaow&id=988382397&session=7854
22:06:41 | INFO | Request Body: ref=xIfBgAVYuDA-x81kU8kaow&id=988382397&session=7854
22:06:41 | INFO | Headers:
22:06:41 | INFO | 	host: localhost:5656
22:06:41 | INFO | 	connection: close
22:06:41 | INFO | 	upgrade-insecure-requests: 1
22:06:41 | INFO | 	accept: text/html,application/xhtml+xml,application/xml;q=0.9,*/*;q=0.8
22:06:41 | INFO | 	user-agent: Mozilla/5.0 (iPhone; CPU iPhone OS 16_1_1 like Mac OS X) AppleWebKit/605.1.15 (KHTML, like Gecko) Version/16.1 Mobile/15E148 Safari/604.1
22:06:41 | INFO | 	accept-language: ru
22:06:41 | INFO | 	accept-encoding: gzip, deflate
22:41:59 | INFO | GET http://localhost:5656/?ref=L-bY1AYps_n_8h_bbK_iIQ&id=731100640&session=7871
22:41:59 | INFO | Request Body: ref=L-bY1AYps_n_8h_bbK_iIQ&id=731100640&session=7871
22:41:59 | INFO | Headers:
22:41:59 | INFO | 	host: localhost:5656
22:41:59 | INFO | 	connection: close
22:41:59 | INFO | 	upgrade-insecure-requests: 1
22:41:59 | INFO | 	accept: text/html,application/xhtml+xml,application/xml;q=0.9,*/*;q=0.8
22:41:59 | INFO | 	user-agent: Mozilla/5.0 (iPhone; CPU iPhone OS 16_0 like Mac OS X) AppleWebKit/605.1.15 (KHTML, like Gecko) Version/16.0 Mobile/15E148 Safari/604.1
22:41:59 | INFO | 	accept-language: ru
22:41:59 | INFO | 	accept-encoding: gzip, deflate
22:43:05 | INFO | GET http://localhost:5656/?ref=L-bY1AYps_n_8h_bbK_iIQ&id=731100640&session=7871
22:43:05 | INFO | Request Body: ref=L-bY1AYps_n_8h_bbK_iIQ&id=731100640&session=7871
22:43:05 | INFO | Headers:
22:43:05 | INFO | 	host: localhost:5656
22:43:05 | INFO | 	connection: close
22:43:05 | INFO | 	accept: text/html,application/xhtml+xml,application/xml;q=0.9,*/*;q=0.8
22:43:05 | INFO | 	accept-language: ru
22:43:05 | INFO | 	accept-encoding: gzip, deflate, br
22:43:05 | INFO | 	user-agent: Mozilla/5.0 (iPhone; CPU iPhone OS 16_0 like Mac OS X) AppleWebKit/605.1.15 (KHTML, like Gecko) Version/16.0 Mobile/15E148 Safari/604.1
22:50:51 | INFO | GET http://localhost:5656/?ref=wXQ3uj3pDkqGgtYj34og7A&id=731100640&session=7871
22:50:51 | INFO | Request Body: ref=wXQ3uj3pDkqGgtYj34og7A&id=731100640&session=7871
22:50:51 | INFO | Headers:
22:50:51 | INFO | 	host: localhost:5656
22:50:51 | INFO | 	connection: close
22:50:51 | INFO | 	upgrade-insecure-requests: 1
22:50:51 | INFO | 	accept: text/html,application/xhtml+xml,application/xml;q=0.9,*/*;q=0.8
22:50:51 | INFO | 	user-agent: Mozilla/5.0 (iPhone; CPU iPhone OS 16_0 like Mac OS X) AppleWebKit/605.1.15 (KHTML, like Gecko) Version/16.0 Mobile/15E148 Safari/604.1
22:50:51 | INFO | 	accept-language: ru
22:50:51 | INFO | 	accept-encoding: gzip, deflate
