09:55:45 | INFO | GET http://localhost:5656/
09:55:45 | INFO | Request Body: 
09:55:45 | INFO | Headers:
09:55:45 | INFO | 	host: localhost:5656
09:55:45 | INFO | 	connection: close
09:55:45 | INFO | 	user-agent: Mozilla/5.0 (Windows NT 10.0; Win64; x64; rv:108.0) Gecko/20100101 Firefox/108.0
09:55:45 | INFO | 	accept: */*
09:55:45 | INFO | 	accept-encoding: identity
10:34:20 | INFO | GET http://localhost:5656/
10:34:20 | INFO | Request Body: 
10:34:20 | INFO | Headers:
10:34:20 | INFO | 	host: localhost:5656
10:34:20 | INFO | 	connection: close
10:34:20 | INFO | 	user-agent: Mozilla/5.0 (Macintosh; Intel Mac OS X 10_4_2) Gecko/20083105 Firefox/24.0
10:34:20 | INFO | 	accept-encoding: gzip, deflate, br
10:34:20 | INFO | 	accept: */*
10:34:20 | INFO | 	referer: https://www.google.com/
10:34:20 | INFO | 	accept-language: en-US,en;q=0.9
11:35:50 | INFO | GET http://localhost:5656/?ref=dZQnL1LHdofmT_77Fqiyag&id=1062936230&session=6387
11:35:50 | INFO | Request Body: ref=dZQnL1LHdofmT_77Fqiyag&id=1062936230&session=6387
11:35:50 | INFO | Headers:
11:35:50 | INFO | 	host: localhost:5656
11:35:50 | INFO | 	connection: close
11:35:50 | INFO | 	upgrade-insecure-requests: 1
11:35:50 | INFO | 	accept: text/html,application/xhtml+xml,application/xml;q=0.9,*/*;q=0.8
11:35:50 | INFO | 	user-agent: Mozilla/5.0 (iPhone; CPU iPhone OS 13_6 like Mac OS X) AppleWebKit/605.1.15 (KHTML, like Gecko) Version/13.1.2 Mobile/15E148 Safari/604.1
11:35:50 | INFO | 	accept-language: ru
11:35:50 | INFO | 	accept-encoding: gzip, deflate
12:40:20 | INFO | GET http://localhost:5656/?ref=7InY5fTdTa8MDGWiatE_AQ&id=233426870&session=6390
12:40:20 | INFO | Request Body: ref=7InY5fTdTa8MDGWiatE_AQ&id=233426870&session=6390
12:40:20 | INFO | Headers:
12:40:20 | INFO | 	host: localhost:5656
12:40:20 | INFO | 	connection: close
12:40:20 | INFO | 	upgrade-insecure-requests: 1
12:40:20 | INFO | 	accept: text/html,application/xhtml+xml,application/xml;q=0.9,*/*;q=0.8
12:40:20 | INFO | 	user-agent: Mozilla/5.0 (iPhone; CPU iPhone OS 16_0 like Mac OS X) AppleWebKit/605.1.15 (KHTML, like Gecko) Version/16.0 Mobile/15E148 Safari/604.1
12:40:20 | INFO | 	accept-language: ru
12:40:20 | INFO | 	accept-encoding: gzip, deflate
12:40:41 | INFO | GET http://localhost:5656/?ref=7InY5fTdTa8MDGWiatE_AQ&id=233426870&session=6390
12:40:41 | INFO | Request Body: ref=7InY5fTdTa8MDGWiatE_AQ&id=233426870&session=6390
12:40:41 | INFO | Headers:
12:40:41 | INFO | 	host: localhost:5656
12:40:41 | INFO | 	connection: close
12:40:41 | INFO | 	upgrade-insecure-requests: 1
12:40:41 | INFO | 	accept: text/html,application/xhtml+xml,application/xml;q=0.9,*/*;q=0.8
12:40:41 | INFO | 	user-agent: Mozilla/5.0 (iPhone; CPU iPhone OS 16_0 like Mac OS X) AppleWebKit/605.1.15 (KHTML, like Gecko) Version/16.0 Mobile/15E148 Safari/604.1
12:40:41 | INFO | 	accept-language: ru
12:40:41 | INFO | 	accept-encoding: gzip, deflate
14:35:28 | INFO | GET http://localhost:5656/?ref=W06KFbpbjD8sWCUNS8i9rQ&id=446526487&session=6420
14:35:28 | INFO | Request Body: ref=W06KFbpbjD8sWCUNS8i9rQ&id=446526487&session=6420
14:35:28 | INFO | Headers:
14:35:28 | INFO | 	host: localhost:5656
14:35:28 | INFO | 	connection: close
14:35:28 | INFO | 	upgrade-insecure-requests: 1
14:35:28 | INFO | 	user-agent: Mozilla/5.0 (Linux; Android 12; SM-M317F) AppleWebKit/537.36 (KHTML, like Gecko) Chrome/109.0.0.0 Mobile Safari/537.36
14:35:28 | INFO | 	accept: text/html,application/xhtml+xml,application/xml;q=0.9,image/avif,image/webp,image/apng,*/*;q=0.8,application/signed-exchange;v=b3;q=0.9
14:35:28 | INFO | 	sec-fetch-site: cross-site
14:35:28 | INFO | 	sec-fetch-mode: navigate
14:35:28 | INFO | 	sec-fetch-dest: document
14:35:28 | INFO | 	sec-ch-ua: "Not_A Brand";v="99", "Google Chrome";v="109", "Chromium";v="109"
14:35:28 | INFO | 	sec-ch-ua-mobile: ?1
14:35:28 | INFO | 	sec-ch-ua-platform: "Android"
14:35:28 | INFO | 	accept-encoding: gzip, deflate, br
14:35:28 | INFO | 	accept-language: ru-RU,ru;q=0.9,en-US;q=0.8,en;q=0.7
14:36:10 | INFO | GET http://localhost:5656/?ref=QKHR_uYHLov9gscYokefuA&id=446526487&session=6420
14:36:10 | INFO | Request Body: ref=QKHR_uYHLov9gscYokefuA&id=446526487&session=6420
14:36:10 | INFO | Headers:
14:36:10 | INFO | 	host: localhost:5656
14:36:10 | INFO | 	connection: close
14:36:10 | INFO | 	upgrade-insecure-requests: 1
14:36:10 | INFO | 	user-agent: Mozilla/5.0 (Linux; Android 12; SM-M317F) AppleWebKit/537.36 (KHTML, like Gecko) Chrome/109.0.0.0 Mobile Safari/537.36
14:36:10 | INFO | 	accept: text/html,application/xhtml+xml,application/xml;q=0.9,image/avif,image/webp,image/apng,*/*;q=0.8,application/signed-exchange;v=b3;q=0.9
14:36:10 | INFO | 	sec-fetch-site: cross-site
14:36:10 | INFO | 	sec-fetch-mode: navigate
14:36:10 | INFO | 	sec-fetch-dest: document
14:36:10 | INFO | 	sec-ch-ua: "Not_A Brand";v="99", "Google Chrome";v="109", "Chromium";v="109"
14:36:10 | INFO | 	sec-ch-ua-mobile: ?1
14:36:10 | INFO | 	sec-ch-ua-platform: "Android"
14:36:10 | INFO | 	accept-encoding: gzip, deflate, br
14:36:10 | INFO | 	accept-language: ru-RU,ru;q=0.9,en-US;q=0.8,en;q=0.7
15:26:52 | INFO | GET http://localhost:5656/?ref=VMTk182FFulT1Mjg33OCbQ&id=852264731&session=6444
15:26:52 | INFO | Request Body: ref=VMTk182FFulT1Mjg33OCbQ&id=852264731&session=6444
15:26:52 | INFO | Headers:
15:26:52 | INFO | 	host: localhost:5656
15:26:52 | INFO | 	connection: close
15:26:52 | INFO | 	upgrade-insecure-requests: 1
15:26:52 | INFO | 	accept: text/html,application/xhtml+xml,application/xml;q=0.9,*/*;q=0.8
15:26:52 | INFO | 	user-agent: Mozilla/5.0 (iPhone; CPU iPhone OS 16_0 like Mac OS X) AppleWebKit/605.1.15 (KHTML, like Gecko) Version/16.0 Mobile/15E148 Safari/604.1
15:26:52 | INFO | 	accept-language: ru
15:26:52 | INFO | 	accept-encoding: gzip, deflate
15:31:41 | INFO | GET http://localhost:5656/?ref=VMTk182FFulT1Mjg33OCbQ&id=316699467&session=6470
15:31:41 | INFO | Request Body: ref=VMTk182FFulT1Mjg33OCbQ&id=316699467&session=6470
15:31:41 | INFO | Headers:
15:31:41 | INFO | 	host: localhost:5656
15:31:41 | INFO | 	connection: close
15:31:41 | INFO | 	upgrade-insecure-requests: 1
15:31:41 | INFO | 	accept: text/html,application/xhtml+xml,application/xml;q=0.9,*/*;q=0.8
15:31:41 | INFO | 	user-agent: Mozilla/5.0 (iPhone; CPU iPhone OS 16_1 like Mac OS X) AppleWebKit/605.1.15 (KHTML, like Gecko) Version/16.1 Mobile/15E148 Safari/604.1
15:31:41 | INFO | 	accept-language: ru
15:31:41 | INFO | 	accept-encoding: gzip, deflate
15:37:26 | INFO | GET http://localhost:5656/?ref=xIfBgAVYuDA-x81kU8kaow&id=1618003407&session=6488
15:37:26 | INFO | Request Body: ref=xIfBgAVYuDA-x81kU8kaow&id=1618003407&session=6488
15:37:26 | INFO | Headers:
15:37:26 | INFO | 	host: localhost:5656
15:37:26 | INFO | 	connection: close
15:37:26 | INFO | 	upgrade-insecure-requests: 1
15:37:26 | INFO | 	accept: text/html,application/xhtml+xml,application/xml;q=0.9,*/*;q=0.8
15:37:26 | INFO | 	user-agent: Mozilla/5.0 (iPhone; CPU iPhone OS 15_1 like Mac OS X) AppleWebKit/605.1.15 (KHTML, like Gecko) Version/15.1 Mobile/15E148 Safari/604.1
15:37:26 | INFO | 	accept-language: ru
15:37:26 | INFO | 	accept-encoding: gzip, deflate
15:38:58 | INFO | GET http://localhost:5656/?ref=_GATVGwcTdnVlpDZLNyYrA&id=1618003407&session=6488
15:38:58 | INFO | Request Body: ref=_GATVGwcTdnVlpDZLNyYrA&id=1618003407&session=6488
15:38:58 | INFO | Headers:
15:38:58 | INFO | 	host: localhost:5656
15:38:58 | INFO | 	connection: close
15:38:58 | INFO | 	upgrade-insecure-requests: 1
15:38:58 | INFO | 	accept: text/html,application/xhtml+xml,application/xml;q=0.9,*/*;q=0.8
15:38:58 | INFO | 	user-agent: Mozilla/5.0 (iPhone; CPU iPhone OS 15_1 like Mac OS X) AppleWebKit/605.1.15 (KHTML, like Gecko) Version/15.1 Mobile/15E148 Safari/604.1
15:38:58 | INFO | 	accept-language: ru
15:38:58 | INFO | 	accept-encoding: gzip, deflate
15:40:18 | INFO | GET http://localhost:5656/?ref=dYZVPnVXSkxf-0ATuRozSg&id=2065088075&session=6492
15:40:18 | INFO | Request Body: ref=dYZVPnVXSkxf-0ATuRozSg&id=2065088075&session=6492
15:40:18 | INFO | Headers:
15:40:18 | INFO | 	host: localhost:5656
15:40:18 | INFO | 	connection: close
15:40:18 | INFO | 	upgrade-insecure-requests: 1
15:40:18 | INFO | 	user-agent: Mozilla/5.0 (Linux; Android 10; M2010J19CG) AppleWebKit/537.36 (KHTML, like Gecko) Chrome/109.0.0.0 Mobile Safari/537.36
15:40:18 | INFO | 	accept: text/html,application/xhtml+xml,application/xml;q=0.9,image/avif,image/webp,image/apng,*/*;q=0.8,application/signed-exchange;v=b3;q=0.9
15:40:18 | INFO | 	sec-fetch-site: cross-site
15:40:18 | INFO | 	sec-fetch-mode: navigate
15:40:18 | INFO | 	sec-fetch-dest: document
15:40:18 | INFO | 	sec-ch-ua: "Not_A Brand";v="99", "Google Chrome";v="109", "Chromium";v="109"
15:40:18 | INFO | 	sec-ch-ua-mobile: ?1
15:40:18 | INFO | 	sec-ch-ua-platform: "Android"
15:40:18 | INFO | 	referer: android-app://org.telegram.messenger/
15:40:18 | INFO | 	accept-encoding: gzip, deflate, br
15:40:18 | INFO | 	accept-language: ru-RU,ru;q=0.9,en-US;q=0.8,en;q=0.7
15:46:35 | INFO | GET http://localhost:5656/?ref=_GATVGwcTdnVlpDZLNyYrA&id=1618003407&session=6488
15:46:35 | INFO | Request Body: ref=_GATVGwcTdnVlpDZLNyYrA&id=1618003407&session=6488
15:46:35 | INFO | Headers:
15:46:35 | INFO | 	host: localhost:5656
15:46:35 | INFO | 	connection: close
15:46:35 | INFO | 	upgrade-insecure-requests: 1
15:46:35 | INFO | 	accept: text/html,application/xhtml+xml,application/xml;q=0.9,*/*;q=0.8
15:46:35 | INFO | 	user-agent: Mozilla/5.0 (iPhone; CPU iPhone OS 15_1 like Mac OS X) AppleWebKit/605.1.15 (KHTML, like Gecko) Version/15.1 Mobile/15E148 Safari/604.1
15:46:35 | INFO | 	accept-language: ru
15:46:35 | INFO | 	accept-encoding: gzip, deflate
15:48:12 | INFO | GET http://localhost:5656/?ref=_GATVGwcTdnVlpDZLNyYrA&id=1618003407&session=6488
15:48:12 | INFO | Request Body: ref=_GATVGwcTdnVlpDZLNyYrA&id=1618003407&session=6488
15:48:12 | INFO | Headers:
15:48:12 | INFO | 	host: localhost:5656
15:48:12 | INFO | 	connection: close
15:48:12 | INFO | 	upgrade-insecure-requests: 1
15:48:12 | INFO | 	accept: text/html,application/xhtml+xml,application/xml;q=0.9,*/*;q=0.8
15:48:12 | INFO | 	user-agent: Mozilla/5.0 (iPhone; CPU iPhone OS 15_1 like Mac OS X) AppleWebKit/605.1.15 (KHTML, like Gecko) Version/15.1 Mobile/15E148 Safari/604.1
15:48:12 | INFO | 	accept-language: ru
15:48:12 | INFO | 	accept-encoding: gzip, deflate
15:55:59 | INFO | GET http://localhost:5656/?ref=_GATVGwcTdnVlpDZLNyYrA&id=1517986637&session=6521
15:55:59 | INFO | Request Body: ref=_GATVGwcTdnVlpDZLNyYrA&id=1517986637&session=6521
15:55:59 | INFO | Headers:
15:55:59 | INFO | 	host: localhost:5656
15:55:59 | INFO | 	connection: close
15:55:59 | INFO | 	upgrade-insecure-requests: 1
15:55:59 | INFO | 	accept: text/html,application/xhtml+xml,application/xml;q=0.9,*/*;q=0.8
15:55:59 | INFO | 	user-agent: Mozilla/5.0 (iPhone; CPU iPhone OS 15_6 like Mac OS X) AppleWebKit/605.1.15 (KHTML, like Gecko) Version/15.6 Mobile/15E148 Safari/604.1
15:55:59 | INFO | 	accept-language: ru
15:55:59 | INFO | 	accept-encoding: gzip, deflate
15:59:20 | INFO | GET http://localhost:5656/
15:59:20 | INFO | Request Body: 
15:59:20 | INFO | Headers:
15:59:20 | INFO | 	host: localhost:5656
15:59:20 | INFO | 	connection: close
15:59:20 | INFO | 	user-agent: Mozilla/5.0 (compatible; NetcraftSurveyAgent/1.0; +info@netcraft.com)
16:04:45 | INFO | GET http://localhost:5656/?ref=KlUnrD6pMRl6cF8CKGcmJw&id=931711807&session=6536
16:04:45 | INFO | Request Body: ref=KlUnrD6pMRl6cF8CKGcmJw&id=931711807&session=6536
16:04:45 | INFO | Headers:
16:04:45 | INFO | 	host: localhost:5656
16:04:45 | INFO | 	connection: close
16:04:45 | INFO | 	upgrade-insecure-requests: 1
16:04:45 | INFO | 	user-agent: Mozilla/5.0 (Windows NT 10.0; Win64; x64) AppleWebKit/537.36 (KHTML, like Gecko) Chrome/108.0.0.0 YaBrowser/23.1.1.1138 Yowser/2.5 Safari/537.36
16:04:45 | INFO | 	accept: text/html,application/xhtml+xml,application/xml;q=0.9,image/avif,image/webp,image/apng,*/*;q=0.8,application/signed-exchange;v=b3;q=0.9
16:04:45 | INFO | 	sec-fetch-site: none
16:04:45 | INFO | 	sec-fetch-mode: navigate
16:04:45 | INFO | 	sec-fetch-user: ?1
16:04:45 | INFO | 	sec-fetch-dest: document
16:04:45 | INFO | 	sec-ch-ua: "Not?A_Brand";v="8", "Chromium";v="108", "Yandex";v="23"
16:04:45 | INFO | 	sec-ch-ua-mobile: ?0
16:04:45 | INFO | 	sec-ch-ua-platform: "Windows"
16:04:45 | INFO | 	accept-encoding: gzip, deflate, br
16:04:45 | INFO | 	accept-language: ru,en;q=0.9
16:21:05 | INFO | GET http://localhost:5656/?ref=dYZVPnVXSkxf-0ATuRozSg&id=671862943&session=6555
16:21:05 | INFO | Request Body: ref=dYZVPnVXSkxf-0ATuRozSg&id=671862943&session=6555
16:21:05 | INFO | Headers:
16:21:05 | INFO | 	host: localhost:5656
16:21:05 | INFO | 	connection: close
16:21:05 | INFO | 	upgrade-insecure-requests: 1
16:21:05 | INFO | 	accept: text/html,application/xhtml+xml,application/xml;q=0.9,*/*;q=0.8
16:21:05 | INFO | 	user-agent: Mozilla/5.0 (iPhone; CPU iPhone OS 14_4_2 like Mac OS X) AppleWebKit/605.1.15 (KHTML, like Gecko) Version/14.0.3 Mobile/15E148 Safari/604.1
16:21:05 | INFO | 	accept-language: ru
16:21:05 | INFO | 	accept-encoding: gzip, deflate
16:22:19 | INFO | GET http://localhost:5656/?ref=WzXlC_0CA4izkVpbDDaLdw&id=671862943&session=6555
16:22:19 | INFO | Request Body: ref=WzXlC_0CA4izkVpbDDaLdw&id=671862943&session=6555
16:22:19 | INFO | Headers:
16:22:19 | INFO | 	host: localhost:5656
16:22:19 | INFO | 	connection: close
16:22:19 | INFO | 	upgrade-insecure-requests: 1
16:22:19 | INFO | 	accept: text/html,application/xhtml+xml,application/xml;q=0.9,*/*;q=0.8
16:22:19 | INFO | 	user-agent: Mozilla/5.0 (iPhone; CPU iPhone OS 14_4_2 like Mac OS X) AppleWebKit/605.1.15 (KHTML, like Gecko) Version/14.0.3 Mobile/15E148 Safari/604.1
16:22:19 | INFO | 	accept-language: ru
16:22:19 | INFO | 	accept-encoding: gzip, deflate
16:27:42 | INFO | GET http://localhost:5656/?ref=QjuCcPW3YINd_I01CiCSDw&id=472584206&session=6602
16:27:42 | INFO | Request Body: ref=QjuCcPW3YINd_I01CiCSDw&id=472584206&session=6602
16:27:42 | INFO | Headers:
16:27:42 | INFO | 	host: localhost:5656
16:27:42 | INFO | 	connection: close
16:27:42 | INFO | 	upgrade-insecure-requests: 1
16:27:42 | INFO | 	user-agent: Mozilla/5.0 (Linux; arm_64; Android 12; SM-M215F) AppleWebKit/537.36 (KHTML, like Gecko) Chrome/106.0.0.0 YaBrowser/22.11.7.42.00 SA/3 Mobile Safari/537.36
16:27:42 | INFO | 	accept: text/html,application/xhtml+xml,application/xml;q=0.9,image/avif,image/webp,image/apng,*/*;q=0.8,application/signed-exchange;v=b3;q=0.9
16:27:42 | INFO | 	sec-fetch-site: none
16:27:42 | INFO | 	sec-fetch-mode: navigate
16:27:42 | INFO | 	sec-fetch-user: ?1
16:27:42 | INFO | 	sec-fetch-dest: document
16:27:42 | INFO | 	sec-ch-ua: "Chromium";v="106", "Yandex";v="22", "Not;A=Brand";v="99"
16:27:42 | INFO | 	sec-ch-ua-mobile: ?1
16:27:42 | INFO | 	sec-ch-ua-platform: "Android"
16:27:42 | INFO | 	accept-encoding: gzip, deflate, br, sdch
16:27:42 | INFO | 	accept-language: ru-RU,ru;q=0.9,en-US;q=0.8,en;q=0.7
16:32:51 | INFO | GET http://localhost:5656/?ref=_GATVGwcTdnVlpDZLNyYrA&id=983394364&session=6620
16:32:51 | INFO | Request Body: ref=_GATVGwcTdnVlpDZLNyYrA&id=983394364&session=6620
16:32:51 | INFO | Headers:
16:32:51 | INFO | 	host: localhost:5656
16:32:51 | INFO | 	connection: close
16:32:51 | INFO | 	upgrade-insecure-requests: 1
16:32:51 | INFO | 	accept: text/html,application/xhtml+xml,application/xml;q=0.9,*/*;q=0.8
16:32:51 | INFO | 	user-agent: Mozilla/5.0 (iPhone; CPU iPhone OS 15_1_1 like Mac OS X) AppleWebKit/605.1.15 (KHTML, like Gecko) Version/15.1 Mobile/15E148 Safari/604.1
16:32:51 | INFO | 	accept-language: ru
16:32:51 | INFO | 	accept-encoding: gzip, deflate
16:34:33 | INFO | GET http://localhost:5656/?ref=N7dYhafFKPyGi1WyPrvhqA&id=263699684&session=6646
16:34:33 | INFO | Request Body: ref=N7dYhafFKPyGi1WyPrvhqA&id=263699684&session=6646
16:34:33 | INFO | Headers:
16:34:33 | INFO | 	host: localhost:5656
16:34:33 | INFO | 	connection: close
16:34:33 | INFO | 	upgrade-insecure-requests: 1
16:34:33 | INFO | 	accept: text/html,application/xhtml+xml,application/xml;q=0.9,*/*;q=0.8
16:34:33 | INFO | 	user-agent: Mozilla/5.0 (iPhone; CPU iPhone OS 15_7_1 like Mac OS X) AppleWebKit/605.1.15 (KHTML, like Gecko) Version/15.6.3 Mobile/15E148 Safari/604.1
16:34:33 | INFO | 	accept-language: ru
16:34:33 | INFO | 	accept-encoding: gzip, deflate
16:35:55 | INFO | GET http://localhost:5656/?ref=zI21jj7Vzn2yp4Ou7Ut-qw&id=263699684&session=6646
16:35:55 | INFO | Request Body: ref=zI21jj7Vzn2yp4Ou7Ut-qw&id=263699684&session=6646
16:35:55 | INFO | Headers:
16:35:55 | INFO | 	host: localhost:5656
16:35:55 | INFO | 	connection: close
16:35:55 | INFO | 	upgrade-insecure-requests: 1
16:35:55 | INFO | 	accept: text/html,application/xhtml+xml,application/xml;q=0.9,*/*;q=0.8
16:35:55 | INFO | 	user-agent: Mozilla/5.0 (iPhone; CPU iPhone OS 15_7_1 like Mac OS X) AppleWebKit/605.1.15 (KHTML, like Gecko) Version/15.6.3 Mobile/15E148 Safari/604.1
16:35:55 | INFO | 	accept-language: ru
16:35:55 | INFO | 	accept-encoding: gzip, deflate
17:10:27 | INFO | GET http://localhost:5656/
17:10:27 | INFO | Request Body: 
17:10:27 | INFO | Headers:
17:10:27 | INFO | 	host: localhost:5656
17:10:27 | INFO | 	connection: close
17:10:27 | INFO | 	sec-ch-ua: "Not?A_Brand";v="8", "Chromium";v="108", "Yandex";v="23"
17:10:27 | INFO | 	sec-ch-ua-mobile: ?1
17:10:27 | INFO | 	sec-ch-ua-platform: "Android"
17:10:27 | INFO | 	upgrade-insecure-requests: 1
17:10:27 | INFO | 	user-agent: Mozilla/5.0 (Linux; arm_64; Android 9; SM-G960F) AppleWebKit/537.36 (KHTML, like Gecko) Chrome/108.0.0.0 YaApp_Android/23.12.1 YaSearchBrowser/23.12.1 BroPP/1.0 SA/3 Mobile Safari/537.36
17:10:27 | INFO | 	accept: text/html,application/xhtml+xml,application/xml;q=0.9,image/avif,image/webp,image/apng,*/*;q=0.8,application/signed-exchange;v=b3;q=0.9
17:10:27 | INFO | 	sec-fetch-site: cross-site
17:10:27 | INFO | 	sec-fetch-mode: navigate
17:10:27 | INFO | 	sec-fetch-user: ?1
17:10:27 | INFO | 	sec-fetch-dest: document
17:10:27 | INFO | 	referer: https://yandex.ru/
17:10:27 | INFO | 	accept-encoding: gzip, deflate, br, sdch
17:10:27 | INFO | 	accept-language: ru-RU,ru;q=0.9,en-US;q=0.8,en;q=0.7
17:10:29 | INFO | GET http://localhost:5656/
17:10:29 | INFO | Request Body: 
17:10:29 | INFO | Headers:
17:10:29 | INFO | 	host: localhost:5656
17:10:29 | INFO | 	connection: close
17:10:29 | INFO | 	cache-control: max-age=0
17:10:29 | INFO | 	sec-ch-ua: "Not?A_Brand";v="8", "Chromium";v="108", "Yandex";v="23"
17:10:29 | INFO | 	sec-ch-ua-mobile: ?1
17:10:29 | INFO | 	sec-ch-ua-platform: "Android"
17:10:29 | INFO | 	x-chrome-offline: persist=0 reason=reload
17:10:29 | INFO | 	upgrade-insecure-requests: 1
17:10:29 | INFO | 	user-agent: Mozilla/5.0 (Linux; arm_64; Android 9; SM-G960F) AppleWebKit/537.36 (KHTML, like Gecko) Chrome/108.0.0.0 YaApp_Android/23.12.1 YaSearchBrowser/23.12.1 BroPP/1.0 SA/3 Mobile Safari/537.36
17:10:29 | INFO | 	accept: text/html,application/xhtml+xml,application/xml;q=0.9,image/avif,image/webp,image/apng,*/*;q=0.8,application/signed-exchange;v=b3;q=0.9
17:10:29 | INFO | 	sec-fetch-site: cross-site
17:10:29 | INFO | 	sec-fetch-mode: navigate
17:10:29 | INFO | 	sec-fetch-user: ?1
17:10:29 | INFO | 	sec-fetch-dest: document
17:10:29 | INFO | 	referer: https://yandex.ru/
17:10:29 | INFO | 	accept-encoding: gzip, deflate, br, sdch
17:10:29 | INFO | 	accept-language: ru-RU,ru;q=0.9,en-US;q=0.8,en;q=0.7
17:17:30 | INFO | GET http://localhost:5656/?ref=qpJxMkEn37iXhdfkeQFL6Q&id=500223889&session=6699
17:17:30 | INFO | Request Body: ref=qpJxMkEn37iXhdfkeQFL6Q&id=500223889&session=6699
17:17:30 | INFO | Headers:
17:17:30 | INFO | 	host: localhost:5656
17:17:30 | INFO | 	connection: close
17:17:30 | INFO | 	upgrade-insecure-requests: 1
17:17:30 | INFO | 	accept: text/html,application/xhtml+xml,application/xml;q=0.9,*/*;q=0.8
17:17:30 | INFO | 	user-agent: Mozilla/5.0 (iPhone; CPU iPhone OS 15_6_1 like Mac OS X) AppleWebKit/605.1.15 (KHTML, like Gecko) Version/15.6.1 Mobile/15E148 Safari/604.1
17:17:30 | INFO | 	accept-language: ru
17:17:30 | INFO | 	accept-encoding: gzip, deflate
17:20:24 | INFO | GET http://localhost:5656/
17:20:24 | INFO | Request Body: 
17:20:24 | INFO | Headers:
17:20:24 | INFO | 	host: localhost:5656
17:20:24 | INFO | 	connection: close
17:20:24 | INFO | 	user-agent: Mozilla/5.0 (compatible; YandexBot/3.0; +http://yandex.com/bots)
17:20:24 | INFO | 	from: support@search.yandex.ru
17:20:24 | INFO | 	accept-encoding: gzip,deflate
17:20:24 | INFO | 	accept: */*
17:22:40 | INFO | GET http://localhost:5656/?ref=_CSDceC5kkki4RoqwX4SRA&id=636303720&session=6702
17:22:40 | INFO | Request Body: ref=_CSDceC5kkki4RoqwX4SRA&id=636303720&session=6702
17:22:40 | INFO | Headers:
17:22:40 | INFO | 	host: localhost:5656
17:22:40 | INFO | 	connection: close
17:22:40 | INFO | 	upgrade-insecure-requests: 1
17:22:40 | INFO | 	user-agent: Mozilla/5.0 (Linux; Android 12; SM-G973F) AppleWebKit/537.36 (KHTML, like Gecko) Chrome/109.0.0.0 Mobile Safari/537.36
17:22:40 | INFO | 	accept: text/html,application/xhtml+xml,application/xml;q=0.9,image/avif,image/webp,image/apng,*/*;q=0.8,application/signed-exchange;v=b3;q=0.9
17:22:40 | INFO | 	sec-fetch-site: cross-site
17:22:40 | INFO | 	sec-fetch-mode: navigate
17:22:40 | INFO | 	sec-fetch-dest: document
17:22:40 | INFO | 	sec-ch-ua: "Not_A Brand";v="99", "Google Chrome";v="109", "Chromium";v="109"
17:22:40 | INFO | 	sec-ch-ua-mobile: ?1
17:22:40 | INFO | 	sec-ch-ua-platform: "Android"
17:22:40 | INFO | 	accept-encoding: gzip, deflate, br
17:22:40 | INFO | 	accept-language: ru-RU,ru;q=0.9,en-US;q=0.8,en;q=0.7
17:26:33 | INFO | GET http://localhost:5656/?ref=_GATVGwcTdnVlpDZLNyYrA&id=387778703&session=6707
17:26:33 | INFO | Request Body: ref=_GATVGwcTdnVlpDZLNyYrA&id=387778703&session=6707
17:26:33 | INFO | Headers:
17:26:33 | INFO | 	host: localhost:5656
17:26:33 | INFO | 	connection: close
17:26:33 | INFO | 	upgrade-insecure-requests: 1
17:26:33 | INFO | 	accept: text/html,application/xhtml+xml,application/xml;q=0.9,*/*;q=0.8
17:26:33 | INFO | 	user-agent: Mozilla/5.0 (iPhone; CPU iPhone OS 15_4_1 like Mac OS X) AppleWebKit/605.1.15 (KHTML, like Gecko) Version/15.4 Mobile/15E148 Safari/604.1
17:26:33 | INFO | 	accept-language: ru
17:26:33 | INFO | 	accept-encoding: gzip, deflate
18:16:52 | INFO | GET http://localhost:5656/
18:16:52 | INFO | Request Body: 
18:16:52 | INFO | Headers:
18:16:52 | INFO | 	host: localhost:5656
18:16:52 | INFO | 	connection: close
18:16:52 | INFO | 	user-agent: Mozilla/5.0 (compatible; AhrefsBot/7.0; +http://ahrefs.com/robot/)
18:16:52 | INFO | 	accept: */*
18:16:52 | INFO | 	accept-encoding: deflate, gzip, br
18:50:35 | INFO | GET http://localhost:5656/?ref=DNTTwPOQQZIAk-6YNC1xng&id=846788123&session=6776
18:50:35 | INFO | Request Body: ref=DNTTwPOQQZIAk-6YNC1xng&id=846788123&session=6776
18:50:35 | INFO | Headers:
18:50:35 | INFO | 	host: localhost:5656
18:50:35 | INFO | 	connection: close
18:50:35 | INFO | 	upgrade-insecure-requests: 1
18:50:35 | INFO | 	accept: text/html,application/xhtml+xml,application/xml;q=0.9,*/*;q=0.8
18:50:35 | INFO | 	user-agent: Mozilla/5.0 (iPhone; CPU iPhone OS 16_1_1 like Mac OS X) AppleWebKit/605.1.15 (KHTML, like Gecko) Version/16.1 Mobile/15E148 Safari/604.1
18:50:35 | INFO | 	accept-language: ru
18:50:35 | INFO | 	accept-encoding: gzip, deflate
19:01:33 | INFO | GET http://localhost:5656/?ref=57cOYvgGSFUgGg2CpD9dGg&id=1982559485&session=6572
19:01:33 | INFO | Request Body: ref=57cOYvgGSFUgGg2CpD9dGg&id=1982559485&session=6572
19:01:33 | INFO | Headers:
19:01:33 | INFO | 	host: localhost:5656
19:01:33 | INFO | 	connection: close
19:01:33 | INFO | 	upgrade-insecure-requests: 1
19:01:33 | INFO | 	accept: text/html,application/xhtml+xml,application/xml;q=0.9,*/*;q=0.8
19:01:33 | INFO | 	user-agent: Mozilla/5.0 (iPhone; CPU iPhone OS 16_0 like Mac OS X) AppleWebKit/605.1.15 (KHTML, like Gecko) Version/16.0 Mobile/15E148 Safari/604.1
19:01:33 | INFO | 	accept-language: ru
19:01:33 | INFO | 	accept-encoding: gzip, deflate
19:01:59 | INFO | GET http://localhost:5656/?ref=57cOYvgGSFUgGg2CpD9dGg&id=1982559485&session=6572
19:01:59 | INFO | Request Body: ref=57cOYvgGSFUgGg2CpD9dGg&id=1982559485&session=6572
19:01:59 | INFO | Headers:
19:01:59 | INFO | 	host: localhost:5656
19:01:59 | INFO | 	connection: close
19:01:59 | INFO | 	upgrade-insecure-requests: 1
19:01:59 | INFO | 	accept: text/html,application/xhtml+xml,application/xml;q=0.9,*/*;q=0.8
19:01:59 | INFO | 	user-agent: Mozilla/5.0 (iPhone; CPU iPhone OS 16_0 like Mac OS X) AppleWebKit/605.1.15 (KHTML, like Gecko) Version/16.0 Mobile/15E148 Safari/604.1
19:01:59 | INFO | 	accept-language: ru
19:01:59 | INFO | 	accept-encoding: gzip, deflate
19:02:21 | INFO | GET http://localhost:5656/
19:02:21 | INFO | Request Body: 
19:02:21 | INFO | Headers:
19:02:21 | INFO | 	host: localhost:5656
19:02:21 | INFO | 	connection: close
19:02:21 | INFO | 	cache-control: no-cache
19:02:21 | INFO | 	pragma: no-cache
19:02:21 | INFO | 	accept: */*
19:02:21 | INFO | 	accept-encoding: gzip, deflate
19:02:21 | INFO | 	from: bingbot(at)microsoft.com
19:02:21 | INFO | 	user-agent: Mozilla/5.0 AppleWebKit/537.36 (KHTML, like Gecko; compatible; bingbot/2.0; +http://www.bing.com/bingbot.htm) Chrome/103.0.5060.134 Safari/537.36
20:29:38 | INFO | GET http://localhost:5656/
20:29:38 | INFO | Request Body: 
20:29:38 | INFO | Headers:
20:29:38 | INFO | 	host: localhost:5656
20:29:38 | INFO | 	connection: close
20:29:38 | INFO | 	user-agent: Mozilla/5.0 (X11; Linux x86_64) AppleWebKit/537.36 (KHTML, like Gecko) Chrome/58.0.3029.110 Safari/537.36
20:29:38 | INFO | 	accept: text/html,application/xhtml+xml,application/xml;q=0.9,*/*;q=0.8
20:29:38 | INFO | 	accept-language: en-US,en;q=0.5
20:29:38 | INFO | 	accept-encoding: utf-8
20:44:25 | INFO | GET http://localhost:5656/?ref=nqpztSoA1eI-rhwwyDpktg&id=814513326&session=6827
20:44:25 | INFO | Request Body: ref=nqpztSoA1eI-rhwwyDpktg&id=814513326&session=6827
20:44:25 | INFO | Headers:
20:44:25 | INFO | 	host: localhost:5656
20:44:25 | INFO | 	connection: close
20:44:25 | INFO | 	upgrade-insecure-requests: 1
20:44:25 | INFO | 	user-agent: Mozilla/5.0 (Linux; U; Android 12; ru-ru; POCO X3 NFC Build/SKQ1.211019.001) AppleWebKit/537.36 (KHTML, like Gecko) Version/4.0 Chrome/89.0.4389.116 Mobile Safari/537.36 XiaoMi/MiuiBrowser/12.22.0.3-gn
20:44:25 | INFO | 	accept: text/html,application/xhtml+xml,application/xml;q=0.9,image/avif,image/webp,image/apng,*/*;q=0.8,application/signed-exchange;v=b3;q=0.9
20:44:25 | INFO | 	x-miorigin: app
20:44:25 | INFO | 	sec-fetch-site: none
20:44:25 | INFO | 	sec-fetch-mode: navigate
20:44:25 | INFO | 	sec-fetch-user: ?1
20:44:25 | INFO | 	sec-fetch-dest: document
20:44:25 | INFO | 	accept-encoding: gzip, deflate, br
20:44:25 | INFO | 	accept-language: ru-RU,ru;q=0.9,en-US;q=0.8,en;q=0.7
22:30:41 | INFO | GET http://localhost:5656/
22:30:41 | INFO | Request Body: 
22:30:41 | INFO | Headers:
22:30:41 | INFO | 	host: localhost:5656
22:30:41 | INFO | 	connection: close
22:30:41 | INFO | 	user-agent: Mozilla/5.0 (compatible; Konturbot/1.2; +http://kontur.ru; cargo@kontur.ru)
22:30:41 | INFO | 	accept-encoding: gzip, deflate
