02:17:07 | INFO | GET http://localhost:5656/
02:17:07 | INFO | Request Body: 
02:17:07 | INFO | Headers:
02:17:07 | INFO | 	host: localhost:5656
02:17:07 | INFO | 	connection: close
02:17:07 | INFO | 	cache-control: no-cache
02:17:07 | INFO | 	pragma: no-cache
02:17:07 | INFO | 	accept: */*
02:17:07 | INFO | 	accept-encoding: gzip, deflate
02:17:07 | INFO | 	from: bingbot(at)microsoft.com
02:17:07 | INFO | 	user-agent: Mozilla/5.0 AppleWebKit/537.36 (KHTML, like Gecko; compatible; bingbot/2.0; +http://www.bing.com/bingbot.htm) Chrome/103.0.5060.134 Safari/537.36
03:46:12 | INFO | GET http://localhost:5656/
03:46:12 | INFO | Request Body: 
03:46:12 | INFO | Headers:
03:46:12 | INFO | 	host: localhost:5656
03:46:12 | INFO | 	connection: close
03:46:12 | INFO | 	accept: text/html,application/xhtml+xml,application/xml;q=0.9,image/webp,*/*;q=0.8
03:46:12 | INFO | 	user-agent: Mozilla/5.0 (Windows NT 10.0; Win64; x64) AppleWebKit/537.36 (KHTML, like Gecko) Chrome/90.0.4430.72 Safari/537.36 Edg/90.0.818.42
03:46:12 | INFO | 	referer: https://noboringdate.ru/
10:26:19 | INFO | GET http://localhost:5656/?ref=KlUnrD6pMRl6cF8CKGcmJw&id=462825275&session=10700
10:26:19 | INFO | Request Body: ref=KlUnrD6pMRl6cF8CKGcmJw&id=462825275&session=10700
10:26:19 | INFO | Headers:
10:26:19 | INFO | 	host: localhost:5656
10:26:19 | INFO | 	connection: close
10:26:19 | INFO | 	accept: text/html,application/xhtml+xml,application/xml;q=0.9,*/*;q=0.8
10:26:19 | INFO | 	accept-language: ru
10:26:19 | INFO | 	accept-encoding: gzip, deflate, br
10:26:19 | INFO | 	user-agent: Mozilla/5.0 (iPhone; CPU iPhone OS 15_3_1 like Mac OS X) AppleWebKit/605.1.15 (KHTML, like Gecko) Version/15.3 Mobile/15E148 Safari/604.1
11:09:34 | INFO | GET http://localhost:5656/?ref=U0fLWeiQgbkaw3-lwLkkQg&id=233426870&session=10706
11:09:34 | INFO | Request Body: ref=U0fLWeiQgbkaw3-lwLkkQg&id=233426870&session=10706
11:09:34 | INFO | Headers:
11:09:34 | INFO | 	host: localhost:5656
11:09:34 | INFO | 	connection: close
11:09:34 | INFO | 	accept: text/html,application/xhtml+xml,application/xml;q=0.9,*/*;q=0.8
11:09:34 | INFO | 	accept-language: ru
11:09:34 | INFO | 	accept-encoding: gzip, deflate, br
11:09:34 | INFO | 	user-agent: Mozilla/5.0 (iPhone; CPU iPhone OS 16_0 like Mac OS X) AppleWebKit/605.1.15 (KHTML, like Gecko) Version/16.0 Mobile/15E148 Safari/604.1
11:10:09 | INFO | GET http://localhost:5656/?ref=7InY5fTdTa8MDGWiatE_AQ&id=233426870&session=10706
11:10:09 | INFO | Request Body: ref=7InY5fTdTa8MDGWiatE_AQ&id=233426870&session=10706
11:10:09 | INFO | Headers:
11:10:09 | INFO | 	host: localhost:5656
11:10:09 | INFO | 	connection: close
11:10:09 | INFO | 	accept: text/html,application/xhtml+xml,application/xml;q=0.9,*/*;q=0.8
11:10:09 | INFO | 	accept-language: ru
11:10:09 | INFO | 	accept-encoding: gzip, deflate, br
11:10:09 | INFO | 	user-agent: Mozilla/5.0 (iPhone; CPU iPhone OS 16_0 like Mac OS X) AppleWebKit/605.1.15 (KHTML, like Gecko) Version/16.0 Mobile/15E148 Safari/604.1
11:11:51 | INFO | GET http://localhost:5656/?ref=fcvYgkQdaCAoUCe9YrXL5g&id=233426870&session=10706
11:11:51 | INFO | Request Body: ref=fcvYgkQdaCAoUCe9YrXL5g&id=233426870&session=10706
11:11:51 | INFO | Headers:
11:11:51 | INFO | 	host: localhost:5656
11:11:51 | INFO | 	connection: close
11:11:51 | INFO | 	accept: text/html,application/xhtml+xml,application/xml;q=0.9,*/*;q=0.8
11:11:51 | INFO | 	accept-language: ru
11:11:51 | INFO | 	accept-encoding: gzip, deflate, br
11:11:51 | INFO | 	user-agent: Mozilla/5.0 (iPhone; CPU iPhone OS 16_0 like Mac OS X) AppleWebKit/605.1.15 (KHTML, like Gecko) Version/16.0 Mobile/15E148 Safari/604.1
14:47:16 | INFO | GET http://localhost:5656/
14:47:16 | INFO | Request Body: 
14:47:16 | INFO | Headers:
14:47:16 | INFO | 	host: localhost:5656
14:47:16 | INFO | 	connection: close
14:47:16 | INFO | 	cache-control: no-cache
14:47:16 | INFO | 	pragma: no-cache
14:47:16 | INFO | 	accept: */*
14:47:16 | INFO | 	accept-encoding: gzip, deflate
14:47:16 | INFO | 	from: bingbot(at)microsoft.com
14:47:16 | INFO | 	user-agent: Mozilla/5.0 AppleWebKit/537.36 (KHTML, like Gecko; compatible; bingbot/2.0; +http://www.bing.com/bingbot.htm) Chrome/103.0.5060.134 Safari/537.36
21:17:26 | INFO | GET http://localhost:5656/
21:17:26 | INFO | Request Body: 
21:17:26 | INFO | Headers:
21:17:26 | INFO | 	host: localhost:5656
21:17:26 | INFO | 	connection: close
21:17:26 | INFO | 	user-agent: Mozilla/5.0 (compatible; AhrefsBot/7.0; +http://ahrefs.com/robot/)
21:17:26 | INFO | 	accept: */*
21:17:26 | INFO | 	accept-encoding: deflate, gzip, br
22:14:31 | INFO | GET http://localhost:5656/
22:14:31 | INFO | Request Body: 
22:14:31 | INFO | Headers:
22:14:31 | INFO | 	host: localhost:5656
22:14:31 | INFO | 	connection: close
22:14:31 | INFO | 	accept: text/html,application/xhtml+xml,application/xml;q=0.9,image/webp,*/*;q=0.8
22:14:31 | INFO | 	user-agent: Mozilla/5.0 (Windows NT 6.1; WOW64) AppleWebKit/537.36 (KHTML, like Gecko) Chrome/90.0.4430.72 Safari/537.36
22:14:31 | INFO | 	referer: https://noboringdate.ru/
23:03:30 | INFO | GET http://localhost:5656/
23:03:30 | INFO | Request Body: 
23:03:30 | INFO | Headers:
23:03:30 | INFO | 	host: localhost:5656
23:03:30 | INFO | 	connection: close
23:03:30 | INFO | 	accept: */*
23:03:30 | INFO | 	accept-encoding: gzip,deflate
23:03:30 | INFO | 	user-agent: Mozilla/5.0 (compatible; YandexBot/3.0; +http://yandex.com/bots) AppleWebKit/537.36 (KHTML, like Gecko) Chrome/81.0.4044.268
23:03:30 | INFO | 	from: support@search.yandex.ru
