00:16:53 | INFO | GET http://localhost:5656/
00:16:53 | INFO | Request Body: 
00:16:53 | INFO | Headers:
00:16:53 | INFO | 	host: localhost:5656
00:16:53 | INFO | 	connection: close
00:16:53 | INFO | 	cache-control: no-cache
00:16:53 | INFO | 	pragma: no-cache
00:16:53 | INFO | 	accept: */*
00:16:53 | INFO | 	accept-encoding: gzip, deflate
00:16:53 | INFO | 	from: bingbot(at)microsoft.com
00:16:53 | INFO | 	user-agent: Mozilla/5.0 AppleWebKit/537.36 (KHTML, like Gecko; compatible; bingbot/2.0; +http://www.bing.com/bingbot.htm) Chrome/103.0.5060.134 Safari/537.36
00:27:35 | INFO | GET http://localhost:5656/
00:27:35 | INFO | Request Body: 
00:27:35 | INFO | Headers:
00:27:35 | INFO | 	host: localhost:5656
00:27:35 | INFO | 	connection: close
00:27:35 | INFO | 	user-agent: Mozilla/5.0 (Windows NT 10.0; Win64; x64) AppleWebKit/537.36 (KHTML, like Gecko) Chrome/71.0.3578.98 Safari/537.36
00:27:35 | INFO | 	accept-encoding: gzip
01:26:56 | INFO | GET http://localhost:5656/
01:26:56 | INFO | Request Body: 
01:26:56 | INFO | Headers:
01:26:56 | INFO | 	host: localhost:5656
01:26:56 | INFO | 	connection: close
01:26:56 | INFO | 	user-agent: Mozilla/5.0 (Windows NT 10.0; Win64; x64) AppleWebKit/537.36 (KHTML, like Gecko) Chrome/71.0.3578.98 Safari/537.36
01:26:56 | INFO | 	accept-encoding: gzip
02:27:16 | INFO | GET http://localhost:5656/
02:27:16 | INFO | Request Body: 
02:27:16 | INFO | Headers:
02:27:16 | INFO | 	host: localhost:5656
02:27:16 | INFO | 	connection: close
02:27:16 | INFO | 	user-agent: Mozilla/5.0 (Windows NT 10.0; Win64; x64) AppleWebKit/537.36 (KHTML, like Gecko) Chrome/71.0.3578.98 Safari/537.36
02:27:16 | INFO | 	accept-encoding: gzip
07:16:45 | INFO | GET http://localhost:5656/?ref=od0krRTvaLgmS9cmqhOnZQ&id=1652176062&session=9378
07:16:45 | INFO | Request Body: ref=od0krRTvaLgmS9cmqhOnZQ&id=1652176062&session=9378
07:16:45 | INFO | Headers:
07:16:45 | INFO | 	host: localhost:5656
07:16:45 | INFO | 	connection: close
07:16:45 | INFO | 	accept-language: ru-RU,ru,en-US,en
07:16:45 | INFO | 	dnt: 1
07:16:45 | INFO | 	upgrade-insecure-requests: 1
07:16:45 | INFO | 	user-agent: Mozilla/5.0 (Linux; Android 12; SAMSUNG SM-M315F) AppleWebKit/537.36 (KHTML, like Gecko) SamsungBrowser/19.0 Chrome/102.0.5005.125 Mobile Safari/537.36
07:16:45 | INFO | 	accept: text/html,application/xhtml+xml,application/xml;q=0.9,image/avif,image/webp,image/apng,*/*;q=0.8,application/signed-exchange;v=b3;q=0.9
07:16:45 | INFO | 	sec-fetch-site: none
07:16:45 | INFO | 	sec-fetch-mode: navigate
07:16:45 | INFO | 	sec-fetch-dest: document
07:16:45 | INFO | 	accept-encoding: gzip, deflate, br
09:10:00 | INFO | GET http://localhost:5656/?ref=20JXLmMgEIvqKjRHIVGUGA&id=1195586478&session=9410
09:10:00 | INFO | Request Body: ref=20JXLmMgEIvqKjRHIVGUGA&id=1195586478&session=9410
09:10:00 | INFO | Headers:
09:10:00 | INFO | 	host: localhost:5656
09:10:00 | INFO | 	connection: close
09:10:00 | INFO | 	upgrade-insecure-requests: 1
09:10:00 | INFO | 	user-agent: Mozilla/5.0 (Linux; U; Android 11; ru-ru; Redmi Note 10S Build/RP1A.200720.011) AppleWebKit/537.36 (KHTML, like Gecko) Version/4.0 Chrome/100.0.4896.127 Mobile Safari/537.36 XiaoMi/MiuiBrowser/13.22.1-gn
09:10:00 | INFO | 	accept: text/html,application/xhtml+xml,application/xml;q=0.9,image/avif,image/webp,image/apng,*/*;q=0.8,application/signed-exchange;v=b3;q=0.9
09:10:00 | INFO | 	x-miorigin: app
09:10:00 | INFO | 	sec-fetch-site: none
09:10:00 | INFO | 	sec-fetch-mode: navigate
09:10:00 | INFO | 	sec-fetch-user: ?1
09:10:00 | INFO | 	sec-fetch-dest: document
09:10:00 | INFO | 	accept-encoding: gzip, deflate, br
09:10:00 | INFO | 	accept-language: ru-RU,ru;q=0.9,en-US;q=0.8,en;q=0.7
09:27:05 | INFO | GET http://localhost:5656/?ref=WzXlC_0CA4izkVpbDDaLdw&id=840442559&session=9419
09:27:05 | INFO | Request Body: ref=WzXlC_0CA4izkVpbDDaLdw&id=840442559&session=9419
09:27:05 | INFO | Headers:
09:27:05 | INFO | 	host: localhost:5656
09:27:05 | INFO | 	connection: close
09:27:05 | INFO | 	accept: text/html,application/xhtml+xml,application/xml;q=0.9,*/*;q=0.8
09:27:05 | INFO | 	accept-language: ru
09:27:05 | INFO | 	accept-encoding: gzip, deflate, br
09:27:05 | INFO | 	user-agent: Mozilla/5.0 (iPhone; CPU iPhone OS 15_3_1 like Mac OS X) AppleWebKit/605.1.15 (KHTML, like Gecko) Version/15.3 Mobile/15E148 Safari/604.1
10:59:30 | INFO | GET http://localhost:5656/?ref=bZKsdO1wYOBznEuHXdXZpw&id=883494459&session=9439
10:59:30 | INFO | Request Body: ref=bZKsdO1wYOBznEuHXdXZpw&id=883494459&session=9439
10:59:30 | INFO | Headers:
10:59:30 | INFO | 	host: localhost:5656
10:59:30 | INFO | 	connection: close
10:59:30 | INFO | 	accept: text/html,application/xhtml+xml,application/xml;q=0.9,*/*;q=0.8
10:59:30 | INFO | 	accept-language: ru
10:59:30 | INFO | 	accept-encoding: gzip, deflate, br
10:59:30 | INFO | 	user-agent: Mozilla/5.0 (iPhone; CPU iPhone OS 15_7_2 like Mac OS X) AppleWebKit/605.1.15 (KHTML, like Gecko) Version/15.6.4 Mobile/15E148 Safari/604.1
11:09:26 | INFO | GET http://localhost:5656/?ref=CkG04yTmaaRcN-ZG9QObiw&id=5273160295&session=9443
11:09:26 | INFO | Request Body: ref=CkG04yTmaaRcN-ZG9QObiw&id=5273160295&session=9443
11:09:26 | INFO | Headers:
11:09:26 | INFO | 	host: localhost:5656
11:09:26 | INFO | 	connection: close
11:09:26 | INFO | 	accept: text/html,application/xhtml+xml,application/xml;q=0.9,*/*;q=0.8
11:09:26 | INFO | 	accept-language: ru
11:09:26 | INFO | 	accept-encoding: gzip, deflate, br
11:09:26 | INFO | 	user-agent: Mozilla/5.0 (iPhone; CPU iPhone OS 15_7_3 like Mac OS X) AppleWebKit/605.1.15 (KHTML, like Gecko) Version/15.6.4 Mobile/15E148 Safari/604.1
11:11:20 | INFO | GET http://localhost:5656/?ref=eJaJXhvuguAZ3mPoqz0Q7A&id=5273160295&session=9443
11:11:20 | INFO | Request Body: ref=eJaJXhvuguAZ3mPoqz0Q7A&id=5273160295&session=9443
11:11:20 | INFO | Headers:
11:11:20 | INFO | 	host: localhost:5656
11:11:20 | INFO | 	connection: close
11:11:20 | INFO | 	accept: text/html,application/xhtml+xml,application/xml;q=0.9,*/*;q=0.8
11:11:20 | INFO | 	accept-language: ru
11:11:20 | INFO | 	accept-encoding: gzip, deflate, br
11:11:20 | INFO | 	user-agent: Mozilla/5.0 (iPhone; CPU iPhone OS 15_7_3 like Mac OS X) AppleWebKit/605.1.15 (KHTML, like Gecko) Version/15.6.4 Mobile/15E148 Safari/604.1
11:11:46 | INFO | GET http://localhost:5656/
11:11:46 | INFO | Request Body: 
11:11:46 | INFO | Headers:
11:11:46 | INFO | 	host: localhost:5656
11:11:46 | INFO | 	connection: close
11:11:46 | INFO | 	user-agent: Mozilla/5.0 (Windows NT 10.0; Win64; x64) AppleWebKit/537.36 (KHTML, like Gecko) Chrome/88.0.4240.193 Safari/537.36
11:11:46 | INFO | 	accept-language: en-US,en;q=0.5
11:11:46 | INFO | 	accept: text/html,application/xhtml+xml,application/xml;q=0.9,*/*;q=0.8
11:11:46 | INFO | GET http://localhost:5656/
11:11:46 | INFO | Request Body: 
11:11:46 | INFO | Headers:
11:11:46 | INFO | 	host: localhost:5656
11:11:46 | INFO | 	connection: close
11:11:46 | INFO | 	user-agent: Mozilla/5.0 (Windows NT 10.0; Win64; x64) AppleWebKit/537.36 (KHTML, like Gecko) Chrome/88.0.4240.193 Safari/537.36
11:11:46 | INFO | 	accept-language: en-US,en;q=0.5
11:11:46 | INFO | 	accept: text/html,application/xhtml+xml,application/xml;q=0.9,*/*;q=0.8
11:23:15 | INFO | GET http://localhost:5656/?ref=dgP9SRLkkbZPBlMxhHbJTA&id=5273160295&session=9443
11:23:15 | INFO | Request Body: ref=dgP9SRLkkbZPBlMxhHbJTA&id=5273160295&session=9443
11:23:15 | INFO | Headers:
11:23:15 | INFO | 	host: localhost:5656
11:23:15 | INFO | 	connection: close
11:23:15 | INFO | 	accept: text/html,application/xhtml+xml,application/xml;q=0.9,*/*;q=0.8
11:23:15 | INFO | 	accept-language: ru
11:23:15 | INFO | 	accept-encoding: gzip, deflate, br
11:23:15 | INFO | 	user-agent: Mozilla/5.0 (iPhone; CPU iPhone OS 15_7_3 like Mac OS X) AppleWebKit/605.1.15 (KHTML, like Gecko) Version/15.6.4 Mobile/15E148 Safari/604.1
12:20:30 | INFO | GET http://localhost:5656/?ref=bZKsdO1wYOBznEuHXdXZpw&id=850894496&session=9464
12:20:30 | INFO | Request Body: ref=bZKsdO1wYOBznEuHXdXZpw&id=850894496&session=9464
12:20:30 | INFO | Headers:
12:20:30 | INFO | 	host: localhost:5656
12:20:30 | INFO | 	connection: close
12:20:30 | INFO | 	accept: text/html,application/xhtml+xml,application/xml;q=0.9,*/*;q=0.8
12:20:30 | INFO | 	accept-language: ru
12:20:30 | INFO | 	accept-encoding: gzip, deflate, br
12:20:30 | INFO | 	user-agent: Mozilla/5.0 (iPhone; CPU iPhone OS 16_0 like Mac OS X) AppleWebKit/605.1.15 (KHTML, like Gecko) Version/16.0 Mobile/15E148 Safari/604.1
12:27:26 | INFO | GET http://localhost:5656/?ref=MJ78zyFMaaCmVEcatkXWdg&id=850894496&session=9474
12:27:26 | INFO | Request Body: ref=MJ78zyFMaaCmVEcatkXWdg&id=850894496&session=9474
12:27:26 | INFO | Headers:
12:27:26 | INFO | 	host: localhost:5656
12:27:26 | INFO | 	connection: close
12:27:26 | INFO | 	accept: text/html,application/xhtml+xml,application/xml;q=0.9,*/*;q=0.8
12:27:26 | INFO | 	accept-language: ru
12:27:26 | INFO | 	accept-encoding: gzip, deflate, br
12:27:26 | INFO | 	user-agent: Mozilla/5.0 (iPhone; CPU iPhone OS 16_0 like Mac OS X) AppleWebKit/605.1.15 (KHTML, like Gecko) Version/16.0 Mobile/15E148 Safari/604.1
12:37:49 | INFO | GET http://localhost:5656/?ref=WzXlC_0CA4izkVpbDDaLdw&id=1330144402&session=9481
12:37:49 | INFO | Request Body: ref=WzXlC_0CA4izkVpbDDaLdw&id=1330144402&session=9481
12:37:49 | INFO | Headers:
12:37:49 | INFO | 	host: localhost:5656
12:37:49 | INFO | 	connection: close
12:37:49 | INFO | 	accept: text/html,application/xhtml+xml,application/xml;q=0.9,*/*;q=0.8
12:37:49 | INFO | 	accept-language: ru
12:37:49 | INFO | 	accept-encoding: gzip, deflate, br
12:37:49 | INFO | 	user-agent: Mozilla/5.0 (iPhone; CPU iPhone OS 15_6_1 like Mac OS X) AppleWebKit/605.1.15 (KHTML, like Gecko) Version/15.6.1 Mobile/15E148 Safari/604.1
13:07:35 | INFO | GET http://localhost:5656/?ref=Yt77Lhf_om2m7mQYBZ-BYw&id=1009141536&session=8799
13:07:35 | INFO | Request Body: ref=Yt77Lhf_om2m7mQYBZ-BYw&id=1009141536&session=8799
13:07:35 | INFO | Headers:
13:07:35 | INFO | 	host: localhost:5656
13:07:35 | INFO | 	connection: close
13:07:35 | INFO | 	accept: text/html,application/xhtml+xml,application/xml;q=0.9,*/*;q=0.8
13:07:35 | INFO | 	accept-language: ru
13:07:35 | INFO | 	accept-encoding: gzip, deflate, br
13:07:35 | INFO | 	user-agent: Mozilla/5.0 (iPhone; CPU iPhone OS 14_8_1 like Mac OS X) AppleWebKit/605.1.15 (KHTML, like Gecko) Version/14.1.2 Mobile/15E148 Safari/604.1
13:09:04 | INFO | GET http://localhost:5656/?ref=Yt77Lhf_om2m7mQYBZ-BYw&id=1009141536&session=8799
13:09:04 | INFO | Request Body: ref=Yt77Lhf_om2m7mQYBZ-BYw&id=1009141536&session=8799
13:09:04 | INFO | Headers:
13:09:04 | INFO | 	host: localhost:5656
13:09:04 | INFO | 	connection: close
13:09:04 | INFO | 	accept: text/html,application/xhtml+xml,application/xml;q=0.9,*/*;q=0.8
13:09:04 | INFO | 	accept-language: ru
13:09:04 | INFO | 	accept-encoding: gzip, deflate, br
13:09:04 | INFO | 	user-agent: Mozilla/5.0 (iPhone; CPU iPhone OS 14_8_1 like Mac OS X) AppleWebKit/605.1.15 (KHTML, like Gecko) Version/14.1.2 Mobile/15E148 Safari/604.1
13:42:16 | INFO | GET http://localhost:5656/
13:42:16 | INFO | Request Body: 
13:42:16 | INFO | Headers:
13:42:16 | INFO | 	host: localhost:5656
13:42:16 | INFO | 	connection: close
13:42:16 | INFO | 	user-agent: Mozilla/5.0 (compatible; YandexBot/3.0; +http://yandex.com/bots)
13:42:16 | INFO | 	from: support@search.yandex.ru
13:42:16 | INFO | 	accept-encoding: gzip,deflate
13:42:16 | INFO | 	accept-language: ru, uk;q=0.8, be;q=0.8, en;q=0.7, *;q=0.01
13:42:16 | INFO | 	accept: */*
14:28:02 | INFO | GET http://localhost:5656/
14:28:02 | INFO | Request Body: 
14:28:02 | INFO | Headers:
14:28:02 | INFO | 	host: localhost:5656
14:28:02 | INFO | 	connection: close
14:28:02 | INFO | 	cache-control: no-cache
14:28:02 | INFO | 	pragma: no-cache
14:28:02 | INFO | 	accept: */*
14:28:02 | INFO | 	accept-encoding: gzip, deflate
14:28:02 | INFO | 	from: bingbot(at)microsoft.com
14:28:02 | INFO | 	user-agent: Mozilla/5.0 AppleWebKit/537.36 (KHTML, like Gecko; compatible; bingbot/2.0; +http://www.bing.com/bingbot.htm) Chrome/103.0.5060.134 Safari/537.36
14:42:10 | INFO | GET http://localhost:5656/
14:42:10 | INFO | Request Body: 
14:42:10 | INFO | Headers:
14:42:10 | INFO | 	host: localhost:5656
14:42:10 | INFO | 	connection: close
14:42:10 | INFO | 	user-agent: Mozilla/5.0 (compatible; YandexBot/3.0; +http://yandex.com/bots)
14:42:10 | INFO | 	from: support@search.yandex.ru
14:42:10 | INFO | 	accept-encoding: gzip,deflate
14:42:10 | INFO | 	accept-language: ru, uk;q=0.8, be;q=0.8, en;q=0.7, *;q=0.01
14:42:10 | INFO | 	accept: */*
15:44:49 | INFO | GET http://localhost:5656/
15:44:49 | INFO | Request Body: 
15:44:49 | INFO | Headers:
15:44:49 | INFO | 	host: localhost:5656
15:44:49 | INFO | 	connection: close
15:44:49 | INFO | 	user-agent: Mozilla/5.0 (compatible; YandexBot/3.0; +http://yandex.com/bots)
15:44:49 | INFO | 	from: support@search.yandex.ru
15:44:49 | INFO | 	accept-encoding: gzip,deflate
15:44:49 | INFO | 	accept-language: ru, uk;q=0.8, be;q=0.8, en;q=0.7, *;q=0.01
15:44:49 | INFO | 	accept: */*
16:46:49 | INFO | GET http://localhost:5656/?ref=OXauY5ZFxgxsqqDLoa37nw&id=1609772811&session=9537
16:46:49 | INFO | Request Body: ref=OXauY5ZFxgxsqqDLoa37nw&id=1609772811&session=9537
16:46:49 | INFO | Headers:
16:46:49 | INFO | 	host: localhost:5656
16:46:49 | INFO | 	connection: close
16:46:49 | INFO | 	accept: text/html,application/xhtml+xml,application/xml;q=0.9,*/*;q=0.8
16:46:49 | INFO | 	accept-language: ru
16:46:49 | INFO | 	accept-encoding: gzip, deflate, br
16:46:49 | INFO | 	user-agent: Mozilla/5.0 (iPhone; CPU iPhone OS 16_0 like Mac OS X) AppleWebKit/605.1.15 (KHTML, like Gecko) Version/16.0 Mobile/15E148 Safari/604.1
16:46:49 | INFO | GET http://localhost:5656/?ref=OXauY5ZFxgxsqqDLoa37nw&id=1609772811&session=9537
16:46:49 | INFO | Request Body: ref=OXauY5ZFxgxsqqDLoa37nw&id=1609772811&session=9537
16:46:49 | INFO | Headers:
16:46:49 | INFO | 	host: localhost:5656
16:46:49 | INFO | 	connection: close
16:46:49 | INFO | 	accept: text/html,application/xhtml+xml,application/xml;q=0.9,*/*;q=0.8
16:46:49 | INFO | 	accept-language: ru
16:46:49 | INFO | 	accept-encoding: gzip, deflate, br
16:46:49 | INFO | 	user-agent: Mozilla/5.0 (iPhone; CPU iPhone OS 16_0 like Mac OS X) AppleWebKit/605.1.15 (KHTML, like Gecko) Version/16.0 Mobile/15E148 Safari/604.1
17:32:43 | INFO | GET http://localhost:5656/?ref=WzXlC_0CA4izkVpbDDaLdw&id=623468480&session=8586
17:32:43 | INFO | Request Body: ref=WzXlC_0CA4izkVpbDDaLdw&id=623468480&session=8586
17:32:43 | INFO | Headers:
17:32:43 | INFO | 	host: localhost:5656
17:32:43 | INFO | 	connection: close
17:32:43 | INFO | 	sec-ch-ua: "Not?A_Brand";v="8", "Chromium";v="108", "Google Chrome";v="108"
17:32:43 | INFO | 	sec-ch-ua-mobile: ?0
17:32:43 | INFO | 	sec-ch-ua-platform: "macOS"
17:32:43 | INFO | 	upgrade-insecure-requests: 1
17:32:43 | INFO | 	user-agent: Mozilla/5.0 (Macintosh; Intel Mac OS X 10_15_7) AppleWebKit/537.36 (KHTML, like Gecko) Chrome/108.0.0.0 Safari/537.36
17:32:43 | INFO | 	accept: text/html,application/xhtml+xml,application/xml;q=0.9,image/avif,image/webp,image/apng,*/*;q=0.8,application/signed-exchange;v=b3;q=0.9
17:32:43 | INFO | 	sec-fetch-site: none
17:32:43 | INFO | 	sec-fetch-mode: navigate
17:32:43 | INFO | 	sec-fetch-user: ?1
17:32:43 | INFO | 	sec-fetch-dest: document
17:32:43 | INFO | 	accept-encoding: gzip, deflate, br
17:32:43 | INFO | 	accept-language: ru-RU,ru;q=0.9,en-US;q=0.8,en;q=0.7
20:22:04 | INFO | GET http://localhost:5656/?ref=W2tMOj_9jC23_LboAzQ-9g&id=6215592796&session=9595
20:22:04 | INFO | Request Body: ref=W2tMOj_9jC23_LboAzQ-9g&id=6215592796&session=9595
20:22:04 | INFO | Headers:
20:22:04 | INFO | 	host: localhost:5656
20:22:04 | INFO | 	connection: close
20:22:04 | INFO | 	sec-ch-ua: "Not?A_Brand";v="8", "Chromium";v="108", "Yandex";v="23"
20:22:04 | INFO | 	sec-ch-ua-mobile: ?1
20:22:04 | INFO | 	sec-ch-ua-platform: "Android"
20:22:04 | INFO | 	upgrade-insecure-requests: 1
20:22:04 | INFO | 	user-agent: Mozilla/5.0 (Linux; arm_64; Android 13; V2201) AppleWebKit/537.36 (KHTML, like Gecko) Chrome/108.0.0.0 YaBrowser/23.1.3.87.00 SA/3 Mobile Safari/537.36
20:22:04 | INFO | 	accept: text/html,application/xhtml+xml,application/xml;q=0.9,image/avif,image/webp,image/apng,*/*;q=0.8,application/signed-exchange;v=b3;q=0.9
20:22:04 | INFO | 	sec-fetch-site: none
20:22:04 | INFO | 	sec-fetch-mode: navigate
20:22:04 | INFO | 	sec-fetch-user: ?1
20:22:04 | INFO | 	sec-fetch-dest: document
20:22:04 | INFO | 	accept-encoding: gzip, deflate, br, sdch
20:22:04 | INFO | 	accept-language: ru-RU,ru;q=0.9,en-US;q=0.8,en;q=0.7
21:38:55 | INFO | GET http://localhost:5656/
21:38:55 | INFO | Request Body: 
21:38:55 | INFO | Headers:
21:38:55 | INFO | 	host: localhost:5656
21:38:55 | INFO | 	connection: close
21:38:55 | INFO | 	user-agent: Mozilla/5.0 (compatible; Googlebot/2.1; +http://www.google.com/bot.html)
22:10:21 | INFO | GET http://localhost:5656/
22:10:21 | INFO | Request Body: 
22:10:21 | INFO | Headers:
22:10:21 | INFO | 	host: localhost:5656
22:10:21 | INFO | 	connection: close
22:10:21 | INFO | 	user-agent: Mozilla/5.0 (compatible; AhrefsBot/7.0; +http://ahrefs.com/robot/)
22:10:21 | INFO | 	accept: */*
22:10:21 | INFO | 	accept-encoding: deflate, gzip, br
22:47:24 | INFO | GET http://localhost:5656/
22:47:24 | INFO | Request Body: 
22:47:24 | INFO | Headers:
22:47:24 | INFO | 	host: localhost:5656
22:47:24 | INFO | 	connection: close
22:47:24 | INFO | 	user-agent: Mozilla/5.0 (X11; Linux x86_64) AppleWebKit/537.36 (KHTML, like Gecko) Chrome/105.0.0.0 Safari/537.36
22:47:24 | INFO | 	accept: */*
22:47:24 | INFO | 	accept-encoding: gzip
22:47:24 | INFO | 	referer: http://noboringdate.ru
